3.3739 	EXP 	Created window1 = Window(allowGUI=True, allowStencil=False, args=UNKNOWN, autoLog=True, bitsMode=UNKNOWN, blendMode='avg', color=array([0., 0., 0.]), colorSpace='rgb', fullscr=<method-wrapper '__getattribute__' of attributeSetter object at 0x141084F0>, gamma=None, kwargs=UNKNOWN, lms=UNKNOWN, monitor=<psychopy.monitors.calibTools.Monitor object at 0x165C2670>, multiSample=False, name='window1', numSamples=2, pos=[60.0, -60.0], screen=0, size=array([1800, 1200]), stereo=False, units='height', useFBO=True, useRetina=False, viewOri=0.0, viewPos=None, viewScale=None, waitBlanking=True, winType='pyglet')
3.3739 	EXP 	window1: recordFrameIntervals = False
3.5401 	EXP 	window1: recordFrameIntervals = True
3.7228 	EXP 	window1: recordFrameIntervals = False
3.8380 	EXP 	Created instrText = TextStim(__class__=<class 'psychopy.visual.text.TextStim'>, alignHoriz='center', alignVert='center', antialias=True, autoLog=True, bold=False, color='white', colorSpace='named', contrast=1.0, depth=0.0, flipHoriz=False, flipVert=False, font='Arial', fontFiles=[], height=0.05, italic=False, languageStyle='LTR', name='instrText', opacity=1.0, ori=0, pos=array([0., 0.]), rgb=array([255., 255., 255.]), text=str(...), units='height', win=Window(...), wrapWidth=1.5)
3.8758 	EXP 	Created blank = TextStim(__class__=<class 'psychopy.visual.text.TextStim'>, alignHoriz='center', alignVert='center', antialias=True, autoLog=True, bold=False, color='white', colorSpace='named', contrast=1.0, depth=0.0, flipHoriz=False, flipVert=False, font='Arial', fontFiles=[], height=0.2, italic=False, languageStyle='LTR', name='blank', opacity=1.0, ori=0, pos=array([0., 0.]), rgb=array([255., 255., 255.]), text='+', units='height', win=Window(...), wrapWidth=1)
3.8793 	EXP 	Created blk1 = Rect(__class__=<class 'psychopy.visual.rect.Rect'>, autoDraw=False, autoLog=True, closeShape=True, color=method-wrapper(...), colorSpace=None, contrast=1.0, depth=0.0, fillColor=array([1., 1., 1.]), fillColorSpace='rgb', fillRGB=array([1., 1., 1.]), interpolate=True, lineColor=array([1., 1., 1.]), lineColorSpace='rgb', lineRGB=array([1., 1., 1.]), lineWidth=1, name='blk1', opacity=1.0, ori=array(0.), pos=array([0., 0.]), size=array([1., 1.]), units='height', vertices=ndarray(...), win=Window(...))
3.8803 	EXP 	Created blk2 = Rect(__class__=<class 'psychopy.visual.rect.Rect'>, autoDraw=False, autoLog=True, closeShape=True, color=method-wrapper(...), colorSpace=None, contrast=1.0, depth=-1.0, fillColor=array([1., 1., 1.]), fillColorSpace='rgb', fillRGB=array([1., 1., 1.]), interpolate=True, lineColor=array([1., 1., 1.]), lineColorSpace='rgb', lineRGB=array([1., 1., 1.]), lineWidth=1, name='blk2', opacity=1.0, ori=array(0.), pos=array([0., 0.]), size=array([1., 1.]), units='height', vertices=ndarray(...), win=Window(...))
3.8813 	EXP 	Created blk3 = Rect(__class__=<class 'psychopy.visual.rect.Rect'>, autoDraw=False, autoLog=True, closeShape=True, color=method-wrapper(...), colorSpace=None, contrast=1.0, depth=-2.0, fillColor=array([1., 1., 1.]), fillColorSpace='rgb', fillRGB=array([1., 1., 1.]), interpolate=True, lineColor=array([1., 1., 1.]), lineColorSpace='rgb', lineRGB=array([1., 1., 1.]), lineWidth=1, name='blk3', opacity=1.0, ori=array(0.), pos=array([0., 0.]), size=array([1., 1.]), units='height', vertices=ndarray(...), win=Window(...))
3.8824 	EXP 	Created blk4 = Rect(__class__=<class 'psychopy.visual.rect.Rect'>, autoDraw=False, autoLog=True, closeShape=True, color=method-wrapper(...), colorSpace=None, contrast=1.0, depth=-3.0, fillColor=array([1., 1., 1.]), fillColorSpace='rgb', fillRGB=array([1., 1., 1.]), interpolate=True, lineColor=array([1., 1., 1.]), lineColorSpace='rgb', lineRGB=array([1., 1., 1.]), lineWidth=1, name='blk4', opacity=1.0, ori=array(0.), pos=array([0., 0.]), size=array([1., 1.]), units='height', vertices=ndarray(...), win=Window(...))
3.8834 	EXP 	Created blk5 = Rect(__class__=<class 'psychopy.visual.rect.Rect'>, autoDraw=False, autoLog=True, closeShape=True, color=method-wrapper(...), colorSpace=None, contrast=1.0, depth=-4.0, fillColor=array([1., 1., 1.]), fillColorSpace='rgb', fillRGB=array([1., 1., 1.]), interpolate=True, lineColor=array([1., 1., 1.]), lineColorSpace='rgb', lineRGB=array([1., 1., 1.]), lineWidth=1, name='blk5', opacity=1.0, ori=array(0.), pos=array([0., 0.]), size=array([1., 1.]), units='height', vertices=ndarray(...), win=Window(...))
3.9234 	EXP 	Created thanksText = TextStim(__class__=<class 'psychopy.visual.text.TextStim'>, alignHoriz='center', alignVert='center', antialias=True, autoLog=True, bold=False, color='white', colorSpace='named', contrast=1.0, depth=0.0, flipHoriz=False, flipVert=False, font='Arial', fontFiles=[], height=0.07, italic=False, languageStyle='LTR', name='thanksText', opacity=1.0, ori=0, pos=array([0., 0.]), rgb=array([255., 255., 255.]), text='Great! Thanks for your help!\n\nAll done!', units='height', win=Window(...), wrapWidth=1)
3.9307 	EXP 	instrText: autoDraw = True
4.6074 	DATA 	Mouse: Left button down, pos=(863,644)
4.7244 	DATA 	Mouse:  Left button up, pos=(863,644)
6.2587 	DATA 	Keypress: escape
6.2778 	EXP 	Imported conditions.xlsx as conditions, 1 conditions, 2 params
6.2781 	EXP 	Created sequence: random, trialTypes=1, nReps=5, seed=None
6.2784 	EXP 	New trial (rep=0, index=0): OrderedDict([('sequence', ['blk1', 'blk2', 'blk3', 'blk4', 'blk5']), ('blockDuration', 0.5)])
6.3179 	EXP 	window1: mouseVisible = True
4.2047 	EXP 	Created window1 = Window(allowGUI=False, allowStencil=False, args=UNKNOWN, autoLog=True, bitsMode=UNKNOWN, blendMode='avg', color=array([0., 0., 0.]), colorSpace='rgb', fullscr=<method-wrapper '__getattribute__' of attributeSetter object at 0x13F684F0>, gamma=None, kwargs=UNKNOWN, lms=UNKNOWN, monitor=<psychopy.monitors.calibTools.Monitor object at 0x16421670>, multiSample=False, name='window1', numSamples=2, pos=[0.0, 0.0], screen=0, size=array([1920, 1080]), stereo=False, units='height', useFBO=True, useRetina=False, viewOri=0.0, viewPos=None, viewScale=None, waitBlanking=True, winType='pyglet')
4.2048 	EXP 	window1: recordFrameIntervals = False
4.3710 	EXP 	window1: recordFrameIntervals = True
4.5544 	EXP 	window1: recordFrameIntervals = False
4.6759 	EXP 	Created instrText = TextStim(__class__=<class 'psychopy.visual.text.TextStim'>, alignHoriz='center', alignVert='center', antialias=True, autoLog=True, bold=False, color='white', colorSpace='named', contrast=1.0, depth=0.0, flipHoriz=False, flipVert=False, font='Arial', fontFiles=[], height=0.05, italic=False, languageStyle='LTR', name='instrText', opacity=1.0, ori=0, pos=array([0., 0.]), rgb=array([255., 255., 255.]), text=str(...), units='height', win=Window(...), wrapWidth=1.5)
4.6935 	EXP 	Created blank = TextStim(__class__=<class 'psychopy.visual.text.TextStim'>, alignHoriz='center', alignVert='center', antialias=True, autoLog=True, bold=False, color='white', colorSpace='named', contrast=1.0, depth=0.0, flipHoriz=False, flipVert=False, font='Arial', fontFiles=[], height=0.2, italic=False, languageStyle='LTR', name='blank', opacity=1.0, ori=0, pos=array([0., 0.]), rgb=array([255., 255., 255.]), text='+', units='height', win=Window(...), wrapWidth=1)
4.6969 	EXP 	Created blk1 = Rect(__class__=<class 'psychopy.visual.rect.Rect'>, autoDraw=False, autoLog=True, closeShape=True, color=method-wrapper(...), colorSpace=None, contrast=1.0, depth=0.0, fillColor=array([1., 1., 1.]), fillColorSpace='rgb', fillRGB=array([1., 1., 1.]), interpolate=True, lineColor=array([1., 1., 1.]), lineColorSpace='rgb', lineRGB=array([1., 1., 1.]), lineWidth=1, name='blk1', opacity=1.0, ori=array(0.), pos=array([0., 0.]), size=array([1., 1.]), units='height', vertices=ndarray(...), win=Window(...))
4.6979 	EXP 	Created blk2 = Rect(__class__=<class 'psychopy.visual.rect.Rect'>, autoDraw=False, autoLog=True, closeShape=True, color=method-wrapper(...), colorSpace=None, contrast=1.0, depth=-1.0, fillColor=array([1., 1., 1.]), fillColorSpace='rgb', fillRGB=array([1., 1., 1.]), interpolate=True, lineColor=array([1., 1., 1.]), lineColorSpace='rgb', lineRGB=array([1., 1., 1.]), lineWidth=1, name='blk2', opacity=1.0, ori=array(0.), pos=array([0., 0.]), size=array([1., 1.]), units='height', vertices=ndarray(...), win=Window(...))
4.6989 	EXP 	Created blk3 = Rect(__class__=<class 'psychopy.visual.rect.Rect'>, autoDraw=False, autoLog=True, closeShape=True, color=method-wrapper(...), colorSpace=None, contrast=1.0, depth=-2.0, fillColor=array([1., 1., 1.]), fillColorSpace='rgb', fillRGB=array([1., 1., 1.]), interpolate=True, lineColor=array([1., 1., 1.]), lineColorSpace='rgb', lineRGB=array([1., 1., 1.]), lineWidth=1, name='blk3', opacity=1.0, ori=array(0.), pos=array([0., 0.]), size=array([1., 1.]), units='height', vertices=ndarray(...), win=Window(...))
4.6999 	EXP 	Created blk4 = Rect(__class__=<class 'psychopy.visual.rect.Rect'>, autoDraw=False, autoLog=True, closeShape=True, color=method-wrapper(...), colorSpace=None, contrast=1.0, depth=-3.0, fillColor=array([1., 1., 1.]), fillColorSpace='rgb', fillRGB=array([1., 1., 1.]), interpolate=True, lineColor=array([1., 1., 1.]), lineColorSpace='rgb', lineRGB=array([1., 1., 1.]), lineWidth=1, name='blk4', opacity=1.0, ori=array(0.), pos=array([0., 0.]), size=array([1., 1.]), units='height', vertices=ndarray(...), win=Window(...))
4.7008 	EXP 	Created blk5 = Rect(__class__=<class 'psychopy.visual.rect.Rect'>, autoDraw=False, autoLog=True, closeShape=True, color=method-wrapper(...), colorSpace=None, contrast=1.0, depth=-4.0, fillColor=array([1., 1., 1.]), fillColorSpace='rgb', fillRGB=array([1., 1., 1.]), interpolate=True, lineColor=array([1., 1., 1.]), lineColorSpace='rgb', lineRGB=array([1., 1., 1.]), lineWidth=1, name='blk5', opacity=1.0, ori=array(0.), pos=array([0., 0.]), size=array([1., 1.]), units='height', vertices=ndarray(...), win=Window(...))
4.7325 	EXP 	Created thanksText = TextStim(__class__=<class 'psychopy.visual.text.TextStim'>, alignHoriz='center', alignVert='center', antialias=True, autoLog=True, bold=False, color='white', colorSpace='named', contrast=1.0, depth=0.0, flipHoriz=False, flipVert=False, font='Arial', fontFiles=[], height=0.07, italic=False, languageStyle='LTR', name='thanksText', opacity=1.0, ori=0, pos=array([0., 0.]), rgb=array([255., 255., 255.]), text='Great! Thanks for your help!\n\nAll done!', units='height', win=Window(...), wrapWidth=1)
4.7393 	EXP 	instrText: autoDraw = True
5.1886 	DATA 	Mouse: Left button down, pos=(926,522)
5.3054 	DATA 	Mouse:  Left button up, pos=(926,522)
6.0739 	DATA 	Keypress: lctrl
6.0742 	DATA 	Keypress: ralt
6.0964 	EXP 	Imported conditions.xlsx as conditions, 1 conditions, 2 params
6.0967 	EXP 	Created sequence: random, trialTypes=1, nReps=5, seed=None
6.0970 	EXP 	New trial (rep=0, index=0): OrderedDict([('sequence', ['blk1', 'blk2', 'blk3', 'blk4', 'blk5']), ('blockDuration', 0.5)])
6.0975 	DATA 	Keypress: space
6.1022 	EXP 	instrText: autoDraw = False
6.1022 	EXP 	blank: autoDraw = True
6.6064 	EXP 	blank: autoDraw = False
6.6064 	EXP 	blk1: pos = array([-0.00064103,  0.33970423])
6.6064 	EXP 	blk1: fillColor = 'white'
6.6064 	EXP 	blk1: lineColor = 'white'
6.6064 	EXP 	blk1: color = 'white'
6.6064 	EXP 	blk2: pos = array([ 0.22182034, -0.09752653])
6.6064 	EXP 	blk2: fillColor = 'white'
6.6064 	EXP 	blk2: lineColor = 'white'
6.6064 	EXP 	blk2: color = 'white'
6.6064 	EXP 	blk3: pos = array([0.36685058, 0.21444373])
6.6064 	EXP 	blk3: fillColor = 'white'
6.6064 	EXP 	blk3: lineColor = 'white'
6.6064 	EXP 	blk3: color = 'white'
6.6064 	EXP 	blk4: pos = array([ 0.11701527, -0.19379302])
6.6064 	EXP 	blk4: fillColor = 'white'
6.6064 	EXP 	blk4: lineColor = 'white'
6.6064 	EXP 	blk4: color = 'white'
6.6064 	EXP 	blk5: pos = array([-0.30129216,  0.05066939])
6.6064 	EXP 	blk5: fillColor = 'white'
6.6064 	EXP 	blk5: lineColor = 'white'
6.6064 	EXP 	blk5: color = 'white'
6.6064 	EXP 	blk1: autoDraw = True
6.6064 	EXP 	blk2: autoDraw = True
6.6064 	EXP 	blk3: autoDraw = True
6.6064 	EXP 	blk4: autoDraw = True
6.6064 	EXP 	blk5: autoDraw = True
7.1067 	EXP 	blk1: fillColor = 'red'
7.1067 	EXP 	blk1: lineColor = 'red'
7.1067 	EXP 	blk1: color = 'red'
7.6075 	EXP 	blk1: fillColor = 'white'
7.6075 	EXP 	blk1: lineColor = 'white'
7.6075 	EXP 	blk1: color = 'white'
7.6075 	EXP 	blk2: fillColor = 'red'
7.6075 	EXP 	blk2: lineColor = 'red'
7.6075 	EXP 	blk2: color = 'red'
8.1078 	EXP 	blk2: fillColor = 'white'
8.1078 	EXP 	blk2: lineColor = 'white'
8.1078 	EXP 	blk2: color = 'white'
8.1078 	EXP 	blk3: fillColor = 'red'
8.1078 	EXP 	blk3: lineColor = 'red'
8.1078 	EXP 	blk3: color = 'red'
8.6084 	EXP 	blk3: fillColor = 'white'
8.6084 	EXP 	blk3: lineColor = 'white'
8.6084 	EXP 	blk3: color = 'white'
8.6084 	EXP 	blk4: fillColor = 'red'
8.6084 	EXP 	blk4: lineColor = 'red'
8.6084 	EXP 	blk4: color = 'red'
9.1087 	EXP 	blk4: fillColor = 'white'
9.1087 	EXP 	blk4: lineColor = 'white'
9.1087 	EXP 	blk4: color = 'white'
9.1087 	EXP 	blk5: fillColor = 'red'
9.1087 	EXP 	blk5: lineColor = 'red'
9.1087 	EXP 	blk5: color = 'red'
9.6094 	EXP 	blk5: fillColor = 'white'
9.6094 	EXP 	blk5: lineColor = 'white'
9.6094 	EXP 	blk5: color = 'white'
9.9099 	DATA 	Mouse: Left button down, pos=(965,881)
10.0112 	DATA 	Mouse:  Left button up, pos=(965,881)
10.4606 	DATA 	Mouse: Left button down, pos=(1201,437)
10.5444 	DATA 	Mouse:  Left button up, pos=(1201,437)
10.8109 	DATA 	Mouse: Left button down, pos=(1091,317)
10.9276 	DATA 	Mouse:  Left button up, pos=(1081,321)
11.2950 	DATA 	Mouse: Left button down, pos=(636,583)
11.3949 	DATA 	Mouse:  Left button up, pos=(642,585)
11.8120 	DATA 	Mouse: Left button down, pos=(1415,773)
11.8954 	DATA 	Mouse:  Left button up, pos=(1410,771)
12.1956 	DATA 	Mouse: Left button down, pos=(1392,771)
12.2957 	DATA 	Mouse:  Left button up, pos=(1392,771)
12.8465 	DATA 	Mouse: Left button down, pos=(1185,636)
12.9635 	DATA 	Mouse:  Left button up, pos=(1195,618)
13.2466 	DATA 	Mouse: Left button down, pos=(1220,400)
13.3468 	DATA 	Mouse:  Left button up, pos=(1220,400)
13.4144 	DATA 	Mouse: Left button down, pos=(1220,400)
13.5137 	DATA 	Mouse:  Left button up, pos=(1220,401)
13.5971 	DATA 	Mouse: Left button down, pos=(1219,402)
13.7139 	DATA 	Mouse:  Left button up, pos=(1219,402)
16.3164 	DATA 	Keypress: escape
16.3543 	EXP 	window1: mouseVisible = True
