3.4086 	EXP 	Created window1 = Window(allowGUI=True, allowStencil=False, args=UNKNOWN, autoLog=True, bitsMode=UNKNOWN, blendMode='avg', color=array([0., 0., 0.]), colorSpace='rgb', fullscr=<method-wrapper '__getattribute__' of attributeSetter object at 0x140E84F0>, gamma=None, kwargs=UNKNOWN, lms=UNKNOWN, monitor=<psychopy.monitors.calibTools.Monitor object at 0x157A1650>, multiSample=False, name='window1', numSamples=2, pos=[60.0, -60.0], screen=0, size=array([1800, 1200]), stereo=False, units='height', useFBO=True, useRetina=False, viewOri=0.0, viewPos=None, viewScale=None, waitBlanking=True, winType='pyglet')
3.4086 	EXP 	window1: recordFrameIntervals = False
3.5757 	EXP 	window1: recordFrameIntervals = True
3.7585 	EXP 	window1: recordFrameIntervals = False
3.8881 	EXP 	Created instrText = TextStim(__class__=<class 'psychopy.visual.text.TextStim'>, alignHoriz='center', alignVert='center', antialias=True, autoLog=True, bold=False, color='white', colorSpace='named', contrast=1.0, depth=0.0, flipHoriz=False, flipVert=False, font='Arial', fontFiles=[], height=0.05, italic=False, languageStyle='LTR', name='instrText', opacity=1.0, ori=0, pos=array([0., 0.]), rgb=array([255., 255., 255.]), text=str(...), units='height', win=Window(...), wrapWidth=1.5)
3.9349 	EXP 	Created blank = TextStim(__class__=<class 'psychopy.visual.text.TextStim'>, alignHoriz='center', alignVert='center', antialias=True, autoLog=True, bold=False, color='white', colorSpace='named', contrast=1.0, depth=0.0, flipHoriz=False, flipVert=False, font='Arial', fontFiles=[], height=0.2, italic=False, languageStyle='LTR', name='blank', opacity=1.0, ori=0, pos=array([0., 0.]), rgb=array([255., 255., 255.]), text='+', units='height', win=Window(...), wrapWidth=1)
3.9391 	EXP 	Created blk1 = Rect(__class__=<class 'psychopy.visual.rect.Rect'>, autoDraw=False, autoLog=True, closeShape=True, color=method-wrapper(...), colorSpace=None, contrast=1.0, depth=0.0, fillColor=array([1., 1., 1.]), fillColorSpace='rgb', fillRGB=array([1., 1., 1.]), interpolate=True, lineColor=array([1., 1., 1.]), lineColorSpace='rgb', lineRGB=array([1., 1., 1.]), lineWidth=1, name='blk1', opacity=1.0, ori=array(0.), pos=array([0., 0.]), size=array([1., 1.]), units='height', vertices=ndarray(...), win=Window(...))
3.9401 	EXP 	Created blk2 = Rect(__class__=<class 'psychopy.visual.rect.Rect'>, autoDraw=False, autoLog=True, closeShape=True, color=method-wrapper(...), colorSpace=None, contrast=1.0, depth=-1.0, fillColor=array([1., 1., 1.]), fillColorSpace='rgb', fillRGB=array([1., 1., 1.]), interpolate=True, lineColor=array([1., 1., 1.]), lineColorSpace='rgb', lineRGB=array([1., 1., 1.]), lineWidth=1, name='blk2', opacity=1.0, ori=array(0.), pos=array([0., 0.]), size=array([1., 1.]), units='height', vertices=ndarray(...), win=Window(...))
3.9411 	EXP 	Created blk3 = Rect(__class__=<class 'psychopy.visual.rect.Rect'>, autoDraw=False, autoLog=True, closeShape=True, color=method-wrapper(...), colorSpace=None, contrast=1.0, depth=-2.0, fillColor=array([1., 1., 1.]), fillColorSpace='rgb', fillRGB=array([1., 1., 1.]), interpolate=True, lineColor=array([1., 1., 1.]), lineColorSpace='rgb', lineRGB=array([1., 1., 1.]), lineWidth=1, name='blk3', opacity=1.0, ori=array(0.), pos=array([0., 0.]), size=array([1., 1.]), units='height', vertices=ndarray(...), win=Window(...))
3.9422 	EXP 	Created blk4 = Rect(__class__=<class 'psychopy.visual.rect.Rect'>, autoDraw=False, autoLog=True, closeShape=True, color=method-wrapper(...), colorSpace=None, contrast=1.0, depth=-3.0, fillColor=array([1., 1., 1.]), fillColorSpace='rgb', fillRGB=array([1., 1., 1.]), interpolate=True, lineColor=array([1., 1., 1.]), lineColorSpace='rgb', lineRGB=array([1., 1., 1.]), lineWidth=1, name='blk4', opacity=1.0, ori=array(0.), pos=array([0., 0.]), size=array([1., 1.]), units='height', vertices=ndarray(...), win=Window(...))
3.9432 	EXP 	Created blk5 = Rect(__class__=<class 'psychopy.visual.rect.Rect'>, autoDraw=False, autoLog=True, closeShape=True, color=method-wrapper(...), colorSpace=None, contrast=1.0, depth=-4.0, fillColor=array([1., 1., 1.]), fillColorSpace='rgb', fillRGB=array([1., 1., 1.]), interpolate=True, lineColor=array([1., 1., 1.]), lineColorSpace='rgb', lineRGB=array([1., 1., 1.]), lineWidth=1, name='blk5', opacity=1.0, ori=array(0.), pos=array([0., 0.]), size=array([1., 1.]), units='height', vertices=ndarray(...), win=Window(...))
3.9800 	EXP 	Created thanksText = TextStim(__class__=<class 'psychopy.visual.text.TextStim'>, alignHoriz='center', alignVert='center', antialias=True, autoLog=True, bold=False, color='white', colorSpace='named', contrast=1.0, depth=0.0, flipHoriz=False, flipVert=False, font='Arial', fontFiles=[], height=0.07, italic=False, languageStyle='LTR', name='thanksText', opacity=1.0, ori=0, pos=array([0., 0.]), rgb=array([255., 255., 255.]), text='Great! Thanks for your help!\n\nAll done!', units='height', win=Window(...), wrapWidth=1)
3.9873 	EXP 	instrText: autoDraw = True
5.6104 	DATA 	Keypress: space
5.6305 	EXP 	Imported conditions.xlsx as conditions, 1 conditions, 2 params
5.6308 	EXP 	Created sequence: random, trialTypes=1, nReps=5, seed=None
5.6310 	EXP 	New trial (rep=0, index=0): OrderedDict([('sequence', ['blk1', 'blk2', 'blk3', 'blk4', 'blk5']), ('blockDuration', 0.5)])
5.6360 	EXP 	instrText: autoDraw = False
5.6360 	EXP 	blank: autoDraw = True
6.1273 	EXP 	blank: autoDraw = False
6.1273 	EXP 	blk1: pos = array([0.15360288, 0.22078928])
6.1273 	EXP 	blk1: fillColor = 'white'
6.1273 	EXP 	blk1: lineColor = 'white'
6.1273 	EXP 	blk1: color = 'white'
6.1273 	EXP 	blk2: pos = array([-0.0051553 ,  0.34688436])
6.1273 	EXP 	blk2: fillColor = 'white'
6.1273 	EXP 	blk2: lineColor = 'white'
6.1273 	EXP 	blk2: color = 'white'
6.1273 	EXP 	blk3: pos = array([0.0175043 , 0.11163872])
6.1273 	EXP 	blk3: fillColor = 'white'
6.1273 	EXP 	blk3: lineColor = 'white'
6.1273 	EXP 	blk3: color = 'white'
6.1273 	EXP 	blk4: pos = array([0.35125615, 0.35847741])
6.1273 	EXP 	blk4: fillColor = 'white'
6.1273 	EXP 	blk4: lineColor = 'white'
6.1273 	EXP 	blk4: color = 'white'
6.1273 	EXP 	blk5: pos = array([ 0.37358227, -0.22623848])
6.1273 	EXP 	blk5: fillColor = 'white'
6.1273 	EXP 	blk5: lineColor = 'white'
6.1273 	EXP 	blk5: color = 'white'
6.1273 	EXP 	blk1: autoDraw = True
6.1273 	EXP 	blk2: autoDraw = True
6.1273 	EXP 	blk3: autoDraw = True
6.1273 	EXP 	blk4: autoDraw = True
6.1273 	EXP 	blk5: autoDraw = True
6.6277 	EXP 	blk1: fillColor = 'red'
6.6277 	EXP 	blk1: lineColor = 'red'
6.6277 	EXP 	blk1: color = 'red'
7.1283 	EXP 	blk1: fillColor = 'white'
7.1283 	EXP 	blk1: lineColor = 'white'
7.1283 	EXP 	blk1: color = 'white'
7.1283 	EXP 	blk2: fillColor = 'red'
7.1283 	EXP 	blk2: lineColor = 'red'
7.1283 	EXP 	blk2: color = 'red'
7.6286 	EXP 	blk2: fillColor = 'white'
7.6286 	EXP 	blk2: lineColor = 'white'
7.6286 	EXP 	blk2: color = 'white'
7.6286 	EXP 	blk3: fillColor = 'red'
7.6286 	EXP 	blk3: lineColor = 'red'
7.6286 	EXP 	blk3: color = 'red'
8.1293 	EXP 	blk3: fillColor = 'white'
8.1293 	EXP 	blk3: lineColor = 'white'
8.1293 	EXP 	blk3: color = 'white'
8.1293 	EXP 	blk4: fillColor = 'red'
8.1293 	EXP 	blk4: lineColor = 'red'
8.1293 	EXP 	blk4: color = 'red'
8.6298 	EXP 	blk4: fillColor = 'white'
8.6298 	EXP 	blk4: lineColor = 'white'
8.6298 	EXP 	blk4: color = 'white'
8.6298 	EXP 	blk5: fillColor = 'red'
8.6298 	EXP 	blk5: lineColor = 'red'
8.6298 	EXP 	blk5: color = 'red'
9.1302 	EXP 	blk5: fillColor = 'white'
9.1302 	EXP 	blk5: lineColor = 'white'
9.1302 	EXP 	blk5: color = 'white'
9.5813 	DATA 	Mouse: Left button down, pos=(1080,859)
9.6648 	DATA 	Mouse:  Left button up, pos=(1080,859)
10.0479 	DATA 	Mouse: Left button down, pos=(898,1024)
10.1499 	DATA 	Mouse:  Left button up, pos=(899,1022)
10.4652 	DATA 	Mouse: Left button down, pos=(929,731)
10.5654 	DATA 	Mouse:  Left button up, pos=(944,743)
10.9825 	DATA 	Mouse: Left button down, pos=(1310,1016)
11.0826 	DATA 	Mouse:  Left button up, pos=(1312,980)
11.5163 	DATA 	Mouse: Left button down, pos=(1333,349)
11.6333 	DATA 	Mouse:  Left button up, pos=(1333,349)
12.8011 	DATA 	Mouse: Left button down, pos=(1325,339)
12.9679 	DATA 	Mouse:  Left button up, pos=(1325,338)
14.4192 	DATA 	Keypress: escape
14.4584 	EXP 	window1: mouseVisible = True
