3.7118 	EXP 	Created window1 = Window(allowGUI=False, allowStencil=False, args=UNKNOWN, autoLog=True, bitsMode=UNKNOWN, blendMode='avg', color=array([0., 0., 0.]), colorSpace='rgb', fullscr=<method-wrapper '__getattribute__' of attributeSetter object at 0x140E84D0>, gamma=None, kwargs=UNKNOWN, lms=UNKNOWN, monitor=<psychopy.monitors.calibTools.Monitor object at 0x165A1630>, multiSample=False, name='window1', numSamples=2, pos=[0.0, 0.0], screen=0, size=array([1920, 1080]), stereo=False, units='height', useFBO=True, useRetina=False, viewOri=0.0, viewPos=None, viewScale=None, waitBlanking=True, winType='pyglet')
3.7118 	EXP 	window1: recordFrameIntervals = False
3.8783 	EXP 	window1: recordFrameIntervals = True
4.0618 	EXP 	window1: recordFrameIntervals = False
4.1715 	EXP 	Created instrText = TextStim(__class__=<class 'psychopy.visual.text.TextStim'>, alignHoriz='center', alignVert='center', antialias=True, autoLog=True, bold=False, color='white', colorSpace='named', contrast=1.0, depth=0.0, flipHoriz=False, flipVert=False, font='Arial', fontFiles=[], height=0.05, italic=False, languageStyle='LTR', name='instrText', opacity=1.0, ori=0, pos=array([0., 0.]), rgb=array([255., 255., 255.]), text=str(...), units='height', win=Window(...), wrapWidth=1.5)
4.1891 	EXP 	Created blank = TextStim(__class__=<class 'psychopy.visual.text.TextStim'>, alignHoriz='center', alignVert='center', antialias=True, autoLog=True, bold=False, color='white', colorSpace='named', contrast=1.0, depth=0.0, flipHoriz=False, flipVert=False, font='Arial', fontFiles=[], height=0.2, italic=False, languageStyle='LTR', name='blank', opacity=1.0, ori=0, pos=array([0., 0.]), rgb=array([255., 255., 255.]), text='+', units='height', win=Window(...), wrapWidth=1)
4.1925 	EXP 	Created blk1 = Rect(__class__=<class 'psychopy.visual.rect.Rect'>, autoDraw=False, autoLog=True, closeShape=True, color=method-wrapper(...), colorSpace=None, contrast=1.0, depth=0.0, fillColor=array([1., 1., 1.]), fillColorSpace='rgb', fillRGB=array([1., 1., 1.]), interpolate=True, lineColor=array([1., 1., 1.]), lineColorSpace='rgb', lineRGB=array([1., 1., 1.]), lineWidth=1, name='blk1', opacity=1.0, ori=array(0.), pos=array([0., 0.]), size=array([1., 1.]), units='height', vertices=ndarray(...), win=Window(...))
4.1935 	EXP 	Created blk2 = Rect(__class__=<class 'psychopy.visual.rect.Rect'>, autoDraw=False, autoLog=True, closeShape=True, color=method-wrapper(...), colorSpace=None, contrast=1.0, depth=-1.0, fillColor=array([1., 1., 1.]), fillColorSpace='rgb', fillRGB=array([1., 1., 1.]), interpolate=True, lineColor=array([1., 1., 1.]), lineColorSpace='rgb', lineRGB=array([1., 1., 1.]), lineWidth=1, name='blk2', opacity=1.0, ori=array(0.), pos=array([0., 0.]), size=array([1., 1.]), units='height', vertices=ndarray(...), win=Window(...))
4.1946 	EXP 	Created blk3 = Rect(__class__=<class 'psychopy.visual.rect.Rect'>, autoDraw=False, autoLog=True, closeShape=True, color=method-wrapper(...), colorSpace=None, contrast=1.0, depth=-2.0, fillColor=array([1., 1., 1.]), fillColorSpace='rgb', fillRGB=array([1., 1., 1.]), interpolate=True, lineColor=array([1., 1., 1.]), lineColorSpace='rgb', lineRGB=array([1., 1., 1.]), lineWidth=1, name='blk3', opacity=1.0, ori=array(0.), pos=array([0., 0.]), size=array([1., 1.]), units='height', vertices=ndarray(...), win=Window(...))
4.1956 	EXP 	Created blk4 = Rect(__class__=<class 'psychopy.visual.rect.Rect'>, autoDraw=False, autoLog=True, closeShape=True, color=method-wrapper(...), colorSpace=None, contrast=1.0, depth=-3.0, fillColor=array([1., 1., 1.]), fillColorSpace='rgb', fillRGB=array([1., 1., 1.]), interpolate=True, lineColor=array([1., 1., 1.]), lineColorSpace='rgb', lineRGB=array([1., 1., 1.]), lineWidth=1, name='blk4', opacity=1.0, ori=array(0.), pos=array([0., 0.]), size=array([1., 1.]), units='height', vertices=ndarray(...), win=Window(...))
4.1965 	EXP 	Created blk5 = Rect(__class__=<class 'psychopy.visual.rect.Rect'>, autoDraw=False, autoLog=True, closeShape=True, color=method-wrapper(...), colorSpace=None, contrast=1.0, depth=-4.0, fillColor=array([1., 1., 1.]), fillColorSpace='rgb', fillRGB=array([1., 1., 1.]), interpolate=True, lineColor=array([1., 1., 1.]), lineColorSpace='rgb', lineRGB=array([1., 1., 1.]), lineWidth=1, name='blk5', opacity=1.0, ori=array(0.), pos=array([0., 0.]), size=array([1., 1.]), units='height', vertices=ndarray(...), win=Window(...))
4.2270 	EXP 	Created thanksText = TextStim(__class__=<class 'psychopy.visual.text.TextStim'>, alignHoriz='center', alignVert='center', antialias=True, autoLog=True, bold=False, color='white', colorSpace='named', contrast=1.0, depth=0.0, flipHoriz=False, flipVert=False, font='Arial', fontFiles=[], height=0.07, italic=False, languageStyle='LTR', name='thanksText', opacity=1.0, ori=0, pos=array([0., 0.]), rgb=array([255., 255., 255.]), text='Great! Thanks for your help!\n\nAll done!', units='height', win=Window(...), wrapWidth=1)
4.2336 	EXP 	instrText: autoDraw = True
4.7794 	DATA 	Mouse: Left button down, pos=(847,346)
4.9294 	DATA 	Mouse:  Left button up, pos=(847,346)
5.6971 	DATA 	Keypress: return
5.7187 	EXP 	Imported conditions.xlsx as conditions, 1 conditions, 2 params
5.7190 	EXP 	Created sequence: random, trialTypes=1, nReps=5, seed=None
5.7192 	EXP 	New trial (rep=0, index=0): OrderedDict([('sequence', ['blk1', 'blk2', 'blk3', 'blk4', 'blk5']), ('blockDuration', 0.5)])
5.7238 	EXP 	instrText: autoDraw = False
5.7238 	EXP 	blank: autoDraw = True
6.2303 	EXP 	blank: autoDraw = False
6.2303 	EXP 	blk1: pos = array([0.33070333, 0.30675392])
6.2303 	EXP 	blk1: fillColor = 'white'
6.2303 	EXP 	blk1: lineColor = 'white'
6.2303 	EXP 	blk1: color = 'white'
6.2303 	EXP 	blk2: pos = array([ 0.15826051, -0.15195917])
6.2303 	EXP 	blk2: fillColor = 'white'
6.2303 	EXP 	blk2: lineColor = 'white'
6.2303 	EXP 	blk2: color = 'white'
6.2303 	EXP 	blk3: pos = array([ 0.26101772, -0.34082644])
6.2303 	EXP 	blk3: fillColor = 'white'
6.2303 	EXP 	blk3: lineColor = 'white'
6.2303 	EXP 	blk3: color = 'white'
6.2303 	EXP 	blk4: pos = array([-0.37930029, -0.09226334])
6.2303 	EXP 	blk4: fillColor = 'white'
6.2303 	EXP 	blk4: lineColor = 'white'
6.2303 	EXP 	blk4: color = 'white'
6.2303 	EXP 	blk5: pos = array([-0.24914233,  0.17902222])
6.2303 	EXP 	blk5: fillColor = 'white'
6.2303 	EXP 	blk5: lineColor = 'white'
6.2303 	EXP 	blk5: color = 'white'
6.2303 	EXP 	blk1: autoDraw = True
6.2303 	EXP 	blk2: autoDraw = True
6.2303 	EXP 	blk3: autoDraw = True
6.2303 	EXP 	blk4: autoDraw = True
6.2303 	EXP 	blk5: autoDraw = True
6.7310 	EXP 	blk1: fillColor = 'red'
6.7310 	EXP 	blk1: lineColor = 'red'
6.7310 	EXP 	blk1: color = 'red'
7.2312 	EXP 	blk1: fillColor = 'white'
7.2312 	EXP 	blk1: lineColor = 'white'
7.2312 	EXP 	blk1: color = 'white'
7.2312 	EXP 	blk2: fillColor = 'red'
7.2312 	EXP 	blk2: lineColor = 'red'
7.2312 	EXP 	blk2: color = 'red'
7.7317 	EXP 	blk2: fillColor = 'white'
7.7317 	EXP 	blk2: lineColor = 'white'
7.7317 	EXP 	blk2: color = 'white'
7.7317 	EXP 	blk3: fillColor = 'red'
7.7317 	EXP 	blk3: lineColor = 'red'
7.7317 	EXP 	blk3: color = 'red'
8.2324 	EXP 	blk3: fillColor = 'white'
8.2324 	EXP 	blk3: lineColor = 'white'
8.2324 	EXP 	blk3: color = 'white'
8.2324 	EXP 	blk4: fillColor = 'red'
8.2324 	EXP 	blk4: lineColor = 'red'
8.2324 	EXP 	blk4: color = 'red'
8.7328 	EXP 	blk4: fillColor = 'white'
8.7328 	EXP 	blk4: lineColor = 'white'
8.7328 	EXP 	blk4: color = 'white'
8.7328 	EXP 	blk5: fillColor = 'red'
8.7328 	EXP 	blk5: lineColor = 'red'
8.7328 	EXP 	blk5: color = 'red'
9.2333 	EXP 	blk5: fillColor = 'white'
9.2333 	EXP 	blk5: lineColor = 'white'
9.2333 	EXP 	blk5: color = 'white'
9.5341 	DATA 	Mouse: Left button down, pos=(1334,859)
9.5504 	EXP 	blk1: fillColor = 'darkgrey'
9.5504 	EXP 	blk1: lineColor = 'darkgrey'
9.5504 	EXP 	blk1: color = 'darkgrey'
9.5669 	EXP 	blk1: fillColor = 'darkgrey'
9.5669 	EXP 	blk1: lineColor = 'darkgrey'
9.5669 	EXP 	blk1: color = 'darkgrey'
9.5837 	EXP 	blk1: fillColor = 'darkgrey'
9.5837 	EXP 	blk1: lineColor = 'darkgrey'
9.5837 	EXP 	blk1: color = 'darkgrey'
9.6004 	EXP 	blk1: fillColor = 'darkgrey'
9.6004 	EXP 	blk1: lineColor = 'darkgrey'
9.6004 	EXP 	blk1: color = 'darkgrey'
9.6172 	EXP 	blk1: fillColor = 'darkgrey'
9.6172 	EXP 	blk1: lineColor = 'darkgrey'
9.6172 	EXP 	blk1: color = 'darkgrey'
9.6177 	DATA 	Mouse:  Left button up, pos=(1334,859)
9.6337 	EXP 	blk1: fillColor = 'darkgrey'
9.6337 	EXP 	blk1: lineColor = 'darkgrey'
9.6337 	EXP 	blk1: color = 'darkgrey'
9.6503 	EXP 	blk1: fillColor = 'darkgrey'
9.6503 	EXP 	blk1: lineColor = 'darkgrey'
9.6503 	EXP 	blk1: color = 'darkgrey'
9.6671 	EXP 	blk1: fillColor = 'darkgrey'
9.6671 	EXP 	blk1: lineColor = 'darkgrey'
9.6671 	EXP 	blk1: color = 'darkgrey'
9.6838 	EXP 	blk1: fillColor = 'darkgrey'
9.6838 	EXP 	blk1: lineColor = 'darkgrey'
9.6838 	EXP 	blk1: color = 'darkgrey'
9.7005 	EXP 	blk1: fillColor = 'darkgrey'
9.7005 	EXP 	blk1: lineColor = 'darkgrey'
9.7005 	EXP 	blk1: color = 'darkgrey'
9.7173 	EXP 	blk1: fillColor = 'darkgrey'
9.7173 	EXP 	blk1: lineColor = 'darkgrey'
9.7173 	EXP 	blk1: color = 'darkgrey'
9.7337 	EXP 	blk1: fillColor = 'darkgrey'
9.7337 	EXP 	blk1: lineColor = 'darkgrey'
9.7337 	EXP 	blk1: color = 'darkgrey'
9.7505 	EXP 	blk1: fillColor = 'darkgrey'
9.7505 	EXP 	blk1: lineColor = 'darkgrey'
9.7505 	EXP 	blk1: color = 'darkgrey'
9.7511 	DATA 	Mouse: Left button down, pos=(1334,859)
9.7672 	EXP 	blk1: fillColor = 'darkgrey'
9.7672 	EXP 	blk1: lineColor = 'darkgrey'
9.7672 	EXP 	blk1: color = 'darkgrey'
9.7672 	EXP 	blk1: fillColor = 'darkgrey'
9.7672 	EXP 	blk1: lineColor = 'darkgrey'
9.7672 	EXP 	blk1: color = 'darkgrey'
9.7840 	EXP 	blk1: fillColor = 'darkgrey'
9.7840 	EXP 	blk1: lineColor = 'darkgrey'
9.7840 	EXP 	blk1: color = 'darkgrey'
9.7840 	EXP 	blk1: fillColor = 'darkgrey'
9.7840 	EXP 	blk1: lineColor = 'darkgrey'
9.7840 	EXP 	blk1: color = 'darkgrey'
9.8005 	EXP 	blk1: fillColor = 'darkgrey'
9.8005 	EXP 	blk1: lineColor = 'darkgrey'
9.8005 	EXP 	blk1: color = 'darkgrey'
9.8005 	EXP 	blk1: fillColor = 'darkgrey'
9.8005 	EXP 	blk1: lineColor = 'darkgrey'
9.8005 	EXP 	blk1: color = 'darkgrey'
9.8174 	EXP 	blk1: fillColor = 'darkgrey'
9.8174 	EXP 	blk1: lineColor = 'darkgrey'
9.8174 	EXP 	blk1: color = 'darkgrey'
9.8174 	EXP 	blk1: fillColor = 'darkgrey'
9.8174 	EXP 	blk1: lineColor = 'darkgrey'
9.8174 	EXP 	blk1: color = 'darkgrey'
9.8342 	EXP 	blk1: fillColor = 'darkgrey'
9.8342 	EXP 	blk1: lineColor = 'darkgrey'
9.8342 	EXP 	blk1: color = 'darkgrey'
9.8342 	EXP 	blk1: fillColor = 'darkgrey'
9.8342 	EXP 	blk1: lineColor = 'darkgrey'
9.8342 	EXP 	blk1: color = 'darkgrey'
9.8505 	EXP 	blk1: fillColor = 'darkgrey'
9.8505 	EXP 	blk1: lineColor = 'darkgrey'
9.8505 	EXP 	blk1: color = 'darkgrey'
9.8505 	EXP 	blk1: fillColor = 'darkgrey'
9.8505 	EXP 	blk1: lineColor = 'darkgrey'
9.8505 	EXP 	blk1: color = 'darkgrey'
9.8673 	EXP 	blk1: fillColor = 'darkgrey'
9.8673 	EXP 	blk1: lineColor = 'darkgrey'
9.8673 	EXP 	blk1: color = 'darkgrey'
9.8673 	EXP 	blk1: fillColor = 'darkgrey'
9.8673 	EXP 	blk1: lineColor = 'darkgrey'
9.8673 	EXP 	blk1: color = 'darkgrey'
9.8679 	DATA 	Mouse:  Left button up, pos=(1334,859)
9.8840 	EXP 	blk1: fillColor = 'darkgrey'
9.8840 	EXP 	blk1: lineColor = 'darkgrey'
9.8840 	EXP 	blk1: color = 'darkgrey'
9.8840 	EXP 	blk1: fillColor = 'darkgrey'
9.8840 	EXP 	blk1: lineColor = 'darkgrey'
9.8840 	EXP 	blk1: color = 'darkgrey'
9.9006 	EXP 	blk1: fillColor = 'darkgrey'
9.9006 	EXP 	blk1: lineColor = 'darkgrey'
9.9006 	EXP 	blk1: color = 'darkgrey'
9.9006 	EXP 	blk1: fillColor = 'darkgrey'
9.9006 	EXP 	blk1: lineColor = 'darkgrey'
9.9006 	EXP 	blk1: color = 'darkgrey'
9.9173 	EXP 	blk1: fillColor = 'darkgrey'
9.9173 	EXP 	blk1: lineColor = 'darkgrey'
9.9173 	EXP 	blk1: color = 'darkgrey'
9.9173 	EXP 	blk1: fillColor = 'darkgrey'
9.9173 	EXP 	blk1: lineColor = 'darkgrey'
9.9173 	EXP 	blk1: color = 'darkgrey'
9.9340 	EXP 	blk1: fillColor = 'darkgrey'
9.9340 	EXP 	blk1: lineColor = 'darkgrey'
9.9340 	EXP 	blk1: color = 'darkgrey'
9.9340 	EXP 	blk1: fillColor = 'darkgrey'
9.9340 	EXP 	blk1: lineColor = 'darkgrey'
9.9340 	EXP 	blk1: color = 'darkgrey'
9.9507 	EXP 	blk1: fillColor = 'darkgrey'
9.9507 	EXP 	blk1: lineColor = 'darkgrey'
9.9507 	EXP 	blk1: color = 'darkgrey'
9.9507 	EXP 	blk1: fillColor = 'darkgrey'
9.9507 	EXP 	blk1: lineColor = 'darkgrey'
9.9507 	EXP 	blk1: color = 'darkgrey'
9.9674 	EXP 	blk1: fillColor = 'darkgrey'
9.9674 	EXP 	blk1: lineColor = 'darkgrey'
9.9674 	EXP 	blk1: color = 'darkgrey'
9.9674 	EXP 	blk1: fillColor = 'darkgrey'
9.9674 	EXP 	blk1: lineColor = 'darkgrey'
9.9674 	EXP 	blk1: color = 'darkgrey'
9.9681 	DATA 	Mouse: Left button down, pos=(1334,859)
9.9842 	EXP 	blk1: fillColor = 'darkgrey'
9.9842 	EXP 	blk1: lineColor = 'darkgrey'
9.9842 	EXP 	blk1: color = 'darkgrey'
9.9842 	EXP 	blk1: fillColor = 'darkgrey'
9.9842 	EXP 	blk1: lineColor = 'darkgrey'
9.9842 	EXP 	blk1: color = 'darkgrey'
9.9842 	EXP 	blk1: fillColor = 'darkgrey'
9.9842 	EXP 	blk1: lineColor = 'darkgrey'
9.9842 	EXP 	blk1: color = 'darkgrey'
10.0008 	EXP 	blk1: fillColor = 'darkgrey'
10.0008 	EXP 	blk1: lineColor = 'darkgrey'
10.0008 	EXP 	blk1: color = 'darkgrey'
10.0008 	EXP 	blk1: fillColor = 'darkgrey'
10.0008 	EXP 	blk1: lineColor = 'darkgrey'
10.0008 	EXP 	blk1: color = 'darkgrey'
10.0008 	EXP 	blk1: fillColor = 'darkgrey'
10.0008 	EXP 	blk1: lineColor = 'darkgrey'
10.0008 	EXP 	blk1: color = 'darkgrey'
10.0174 	EXP 	blk1: fillColor = 'darkgrey'
10.0174 	EXP 	blk1: lineColor = 'darkgrey'
10.0174 	EXP 	blk1: color = 'darkgrey'
10.0174 	EXP 	blk1: fillColor = 'darkgrey'
10.0174 	EXP 	blk1: lineColor = 'darkgrey'
10.0174 	EXP 	blk1: color = 'darkgrey'
10.0174 	EXP 	blk1: fillColor = 'darkgrey'
10.0174 	EXP 	blk1: lineColor = 'darkgrey'
10.0174 	EXP 	blk1: color = 'darkgrey'
10.0343 	EXP 	blk1: fillColor = 'darkgrey'
10.0343 	EXP 	blk1: lineColor = 'darkgrey'
10.0343 	EXP 	blk1: color = 'darkgrey'
10.0343 	EXP 	blk1: fillColor = 'darkgrey'
10.0343 	EXP 	blk1: lineColor = 'darkgrey'
10.0343 	EXP 	blk1: color = 'darkgrey'
10.0343 	EXP 	blk1: fillColor = 'darkgrey'
10.0343 	EXP 	blk1: lineColor = 'darkgrey'
10.0343 	EXP 	blk1: color = 'darkgrey'
10.0509 	EXP 	blk1: fillColor = 'darkgrey'
10.0509 	EXP 	blk1: lineColor = 'darkgrey'
10.0509 	EXP 	blk1: color = 'darkgrey'
10.0509 	EXP 	blk1: fillColor = 'darkgrey'
10.0509 	EXP 	blk1: lineColor = 'darkgrey'
10.0509 	EXP 	blk1: color = 'darkgrey'
10.0509 	EXP 	blk1: fillColor = 'darkgrey'
10.0509 	EXP 	blk1: lineColor = 'darkgrey'
10.0509 	EXP 	blk1: color = 'darkgrey'
10.0673 	EXP 	blk1: fillColor = 'darkgrey'
10.0673 	EXP 	blk1: lineColor = 'darkgrey'
10.0673 	EXP 	blk1: color = 'darkgrey'
10.0673 	EXP 	blk1: fillColor = 'darkgrey'
10.0673 	EXP 	blk1: lineColor = 'darkgrey'
10.0673 	EXP 	blk1: color = 'darkgrey'
10.0673 	EXP 	blk1: fillColor = 'darkgrey'
10.0673 	EXP 	blk1: lineColor = 'darkgrey'
10.0673 	EXP 	blk1: color = 'darkgrey'
10.0678 	DATA 	Mouse:  Left button up, pos=(1334,859)
10.0844 	EXP 	blk1: fillColor = 'darkgrey'
10.0844 	EXP 	blk1: lineColor = 'darkgrey'
10.0844 	EXP 	blk1: color = 'darkgrey'
10.0844 	EXP 	blk1: fillColor = 'darkgrey'
10.0844 	EXP 	blk1: lineColor = 'darkgrey'
10.0844 	EXP 	blk1: color = 'darkgrey'
10.0844 	EXP 	blk1: fillColor = 'darkgrey'
10.0844 	EXP 	blk1: lineColor = 'darkgrey'
10.0844 	EXP 	blk1: color = 'darkgrey'
10.1007 	EXP 	blk1: fillColor = 'darkgrey'
10.1007 	EXP 	blk1: lineColor = 'darkgrey'
10.1007 	EXP 	blk1: color = 'darkgrey'
10.1007 	EXP 	blk1: fillColor = 'darkgrey'
10.1007 	EXP 	blk1: lineColor = 'darkgrey'
10.1007 	EXP 	blk1: color = 'darkgrey'
10.1007 	EXP 	blk1: fillColor = 'darkgrey'
10.1007 	EXP 	blk1: lineColor = 'darkgrey'
10.1007 	EXP 	blk1: color = 'darkgrey'
10.1176 	EXP 	blk1: fillColor = 'darkgrey'
10.1176 	EXP 	blk1: lineColor = 'darkgrey'
10.1176 	EXP 	blk1: color = 'darkgrey'
10.1176 	EXP 	blk1: fillColor = 'darkgrey'
10.1176 	EXP 	blk1: lineColor = 'darkgrey'
10.1176 	EXP 	blk1: color = 'darkgrey'
10.1176 	EXP 	blk1: fillColor = 'darkgrey'
10.1176 	EXP 	blk1: lineColor = 'darkgrey'
10.1176 	EXP 	blk1: color = 'darkgrey'
10.1342 	EXP 	blk1: fillColor = 'darkgrey'
10.1342 	EXP 	blk1: lineColor = 'darkgrey'
10.1342 	EXP 	blk1: color = 'darkgrey'
10.1342 	EXP 	blk1: fillColor = 'darkgrey'
10.1342 	EXP 	blk1: lineColor = 'darkgrey'
10.1342 	EXP 	blk1: color = 'darkgrey'
10.1342 	EXP 	blk1: fillColor = 'darkgrey'
10.1342 	EXP 	blk1: lineColor = 'darkgrey'
10.1342 	EXP 	blk1: color = 'darkgrey'
10.1509 	EXP 	blk1: fillColor = 'darkgrey'
10.1509 	EXP 	blk1: lineColor = 'darkgrey'
10.1509 	EXP 	blk1: color = 'darkgrey'
10.1509 	EXP 	blk1: fillColor = 'darkgrey'
10.1509 	EXP 	blk1: lineColor = 'darkgrey'
10.1509 	EXP 	blk1: color = 'darkgrey'
10.1509 	EXP 	blk1: fillColor = 'darkgrey'
10.1509 	EXP 	blk1: lineColor = 'darkgrey'
10.1509 	EXP 	blk1: color = 'darkgrey'
10.1675 	EXP 	blk1: fillColor = 'darkgrey'
10.1675 	EXP 	blk1: lineColor = 'darkgrey'
10.1675 	EXP 	blk1: color = 'darkgrey'
10.1675 	EXP 	blk1: fillColor = 'darkgrey'
10.1675 	EXP 	blk1: lineColor = 'darkgrey'
10.1675 	EXP 	blk1: color = 'darkgrey'
10.1675 	EXP 	blk1: fillColor = 'darkgrey'
10.1675 	EXP 	blk1: lineColor = 'darkgrey'
10.1675 	EXP 	blk1: color = 'darkgrey'
10.1843 	EXP 	blk1: fillColor = 'darkgrey'
10.1843 	EXP 	blk1: lineColor = 'darkgrey'
10.1843 	EXP 	blk1: color = 'darkgrey'
10.1843 	EXP 	blk1: fillColor = 'darkgrey'
10.1843 	EXP 	blk1: lineColor = 'darkgrey'
10.1843 	EXP 	blk1: color = 'darkgrey'
10.1843 	EXP 	blk1: fillColor = 'darkgrey'
10.1843 	EXP 	blk1: lineColor = 'darkgrey'
10.1843 	EXP 	blk1: color = 'darkgrey'
10.1848 	DATA 	Mouse: Left button down, pos=(1334,859)
10.2008 	EXP 	blk1: fillColor = 'darkgrey'
10.2008 	EXP 	blk1: lineColor = 'darkgrey'
10.2008 	EXP 	blk1: color = 'darkgrey'
10.2008 	EXP 	blk1: fillColor = 'darkgrey'
10.2008 	EXP 	blk1: lineColor = 'darkgrey'
10.2008 	EXP 	blk1: color = 'darkgrey'
10.2008 	EXP 	blk1: fillColor = 'darkgrey'
10.2008 	EXP 	blk1: lineColor = 'darkgrey'
10.2008 	EXP 	blk1: color = 'darkgrey'
10.2008 	EXP 	blk1: fillColor = 'darkgrey'
10.2008 	EXP 	blk1: lineColor = 'darkgrey'
10.2008 	EXP 	blk1: color = 'darkgrey'
10.2178 	EXP 	blk1: fillColor = 'darkgrey'
10.2178 	EXP 	blk1: lineColor = 'darkgrey'
10.2178 	EXP 	blk1: color = 'darkgrey'
10.2178 	EXP 	blk1: fillColor = 'darkgrey'
10.2178 	EXP 	blk1: lineColor = 'darkgrey'
10.2178 	EXP 	blk1: color = 'darkgrey'
10.2178 	EXP 	blk1: fillColor = 'darkgrey'
10.2178 	EXP 	blk1: lineColor = 'darkgrey'
10.2178 	EXP 	blk1: color = 'darkgrey'
10.2178 	EXP 	blk1: fillColor = 'darkgrey'
10.2178 	EXP 	blk1: lineColor = 'darkgrey'
10.2178 	EXP 	blk1: color = 'darkgrey'
10.2342 	EXP 	blk1: fillColor = 'darkgrey'
10.2342 	EXP 	blk1: lineColor = 'darkgrey'
10.2342 	EXP 	blk1: color = 'darkgrey'
10.2342 	EXP 	blk1: fillColor = 'darkgrey'
10.2342 	EXP 	blk1: lineColor = 'darkgrey'
10.2342 	EXP 	blk1: color = 'darkgrey'
10.2342 	EXP 	blk1: fillColor = 'darkgrey'
10.2342 	EXP 	blk1: lineColor = 'darkgrey'
10.2342 	EXP 	blk1: color = 'darkgrey'
10.2342 	EXP 	blk1: fillColor = 'darkgrey'
10.2342 	EXP 	blk1: lineColor = 'darkgrey'
10.2342 	EXP 	blk1: color = 'darkgrey'
10.2508 	EXP 	blk1: fillColor = 'darkgrey'
10.2508 	EXP 	blk1: lineColor = 'darkgrey'
10.2508 	EXP 	blk1: color = 'darkgrey'
10.2508 	EXP 	blk1: fillColor = 'darkgrey'
10.2508 	EXP 	blk1: lineColor = 'darkgrey'
10.2508 	EXP 	blk1: color = 'darkgrey'
10.2508 	EXP 	blk1: fillColor = 'darkgrey'
10.2508 	EXP 	blk1: lineColor = 'darkgrey'
10.2508 	EXP 	blk1: color = 'darkgrey'
10.2508 	EXP 	blk1: fillColor = 'darkgrey'
10.2508 	EXP 	blk1: lineColor = 'darkgrey'
10.2508 	EXP 	blk1: color = 'darkgrey'
10.2679 	EXP 	blk1: fillColor = 'darkgrey'
10.2679 	EXP 	blk1: lineColor = 'darkgrey'
10.2679 	EXP 	blk1: color = 'darkgrey'
10.2679 	EXP 	blk1: fillColor = 'darkgrey'
10.2679 	EXP 	blk1: lineColor = 'darkgrey'
10.2679 	EXP 	blk1: color = 'darkgrey'
10.2679 	EXP 	blk1: fillColor = 'darkgrey'
10.2679 	EXP 	blk1: lineColor = 'darkgrey'
10.2679 	EXP 	blk1: color = 'darkgrey'
10.2679 	EXP 	blk1: fillColor = 'darkgrey'
10.2679 	EXP 	blk1: lineColor = 'darkgrey'
10.2679 	EXP 	blk1: color = 'darkgrey'
10.2842 	EXP 	blk1: fillColor = 'darkgrey'
10.2842 	EXP 	blk1: lineColor = 'darkgrey'
10.2842 	EXP 	blk1: color = 'darkgrey'
10.2842 	EXP 	blk1: fillColor = 'darkgrey'
10.2842 	EXP 	blk1: lineColor = 'darkgrey'
10.2842 	EXP 	blk1: color = 'darkgrey'
10.2842 	EXP 	blk1: fillColor = 'darkgrey'
10.2842 	EXP 	blk1: lineColor = 'darkgrey'
10.2842 	EXP 	blk1: color = 'darkgrey'
10.2842 	EXP 	blk1: fillColor = 'darkgrey'
10.2842 	EXP 	blk1: lineColor = 'darkgrey'
10.2842 	EXP 	blk1: color = 'darkgrey'
10.3010 	EXP 	blk1: fillColor = 'darkgrey'
10.3010 	EXP 	blk1: lineColor = 'darkgrey'
10.3010 	EXP 	blk1: color = 'darkgrey'
10.3010 	EXP 	blk1: fillColor = 'darkgrey'
10.3010 	EXP 	blk1: lineColor = 'darkgrey'
10.3010 	EXP 	blk1: color = 'darkgrey'
10.3010 	EXP 	blk1: fillColor = 'darkgrey'
10.3010 	EXP 	blk1: lineColor = 'darkgrey'
10.3010 	EXP 	blk1: color = 'darkgrey'
10.3010 	EXP 	blk1: fillColor = 'darkgrey'
10.3010 	EXP 	blk1: lineColor = 'darkgrey'
10.3010 	EXP 	blk1: color = 'darkgrey'
10.3015 	DATA 	Mouse:  Left button up, pos=(1334,859)
10.3178 	EXP 	blk1: fillColor = 'darkgrey'
10.3178 	EXP 	blk1: lineColor = 'darkgrey'
10.3178 	EXP 	blk1: color = 'darkgrey'
10.3178 	EXP 	blk1: fillColor = 'darkgrey'
10.3178 	EXP 	blk1: lineColor = 'darkgrey'
10.3178 	EXP 	blk1: color = 'darkgrey'
10.3178 	EXP 	blk1: fillColor = 'darkgrey'
10.3178 	EXP 	blk1: lineColor = 'darkgrey'
10.3178 	EXP 	blk1: color = 'darkgrey'
10.3178 	EXP 	blk1: fillColor = 'darkgrey'
10.3178 	EXP 	blk1: lineColor = 'darkgrey'
10.3178 	EXP 	blk1: color = 'darkgrey'
10.3344 	EXP 	blk1: fillColor = 'darkgrey'
10.3344 	EXP 	blk1: lineColor = 'darkgrey'
10.3344 	EXP 	blk1: color = 'darkgrey'
10.3344 	EXP 	blk1: fillColor = 'darkgrey'
10.3344 	EXP 	blk1: lineColor = 'darkgrey'
10.3344 	EXP 	blk1: color = 'darkgrey'
10.3344 	EXP 	blk1: fillColor = 'darkgrey'
10.3344 	EXP 	blk1: lineColor = 'darkgrey'
10.3344 	EXP 	blk1: color = 'darkgrey'
10.3344 	EXP 	blk1: fillColor = 'darkgrey'
10.3344 	EXP 	blk1: lineColor = 'darkgrey'
10.3344 	EXP 	blk1: color = 'darkgrey'
10.3513 	EXP 	blk1: fillColor = 'darkgrey'
10.3513 	EXP 	blk1: lineColor = 'darkgrey'
10.3513 	EXP 	blk1: color = 'darkgrey'
10.3513 	EXP 	blk1: fillColor = 'darkgrey'
10.3513 	EXP 	blk1: lineColor = 'darkgrey'
10.3513 	EXP 	blk1: color = 'darkgrey'
10.3513 	EXP 	blk1: fillColor = 'darkgrey'
10.3513 	EXP 	blk1: lineColor = 'darkgrey'
10.3513 	EXP 	blk1: color = 'darkgrey'
10.3513 	EXP 	blk1: fillColor = 'darkgrey'
10.3513 	EXP 	blk1: lineColor = 'darkgrey'
10.3513 	EXP 	blk1: color = 'darkgrey'
10.3678 	EXP 	blk1: fillColor = 'darkgrey'
10.3678 	EXP 	blk1: lineColor = 'darkgrey'
10.3678 	EXP 	blk1: color = 'darkgrey'
10.3678 	EXP 	blk1: fillColor = 'darkgrey'
10.3678 	EXP 	blk1: lineColor = 'darkgrey'
10.3678 	EXP 	blk1: color = 'darkgrey'
10.3678 	EXP 	blk1: fillColor = 'darkgrey'
10.3678 	EXP 	blk1: lineColor = 'darkgrey'
10.3678 	EXP 	blk1: color = 'darkgrey'
10.3678 	EXP 	blk1: fillColor = 'darkgrey'
10.3678 	EXP 	blk1: lineColor = 'darkgrey'
10.3678 	EXP 	blk1: color = 'darkgrey'
10.3844 	EXP 	blk1: fillColor = 'darkgrey'
10.3844 	EXP 	blk1: lineColor = 'darkgrey'
10.3844 	EXP 	blk1: color = 'darkgrey'
10.3844 	EXP 	blk1: fillColor = 'darkgrey'
10.3844 	EXP 	blk1: lineColor = 'darkgrey'
10.3844 	EXP 	blk1: color = 'darkgrey'
10.3844 	EXP 	blk1: fillColor = 'darkgrey'
10.3844 	EXP 	blk1: lineColor = 'darkgrey'
10.3844 	EXP 	blk1: color = 'darkgrey'
10.3844 	EXP 	blk1: fillColor = 'darkgrey'
10.3844 	EXP 	blk1: lineColor = 'darkgrey'
10.3844 	EXP 	blk1: color = 'darkgrey'
10.4010 	EXP 	blk1: fillColor = 'darkgrey'
10.4010 	EXP 	blk1: lineColor = 'darkgrey'
10.4010 	EXP 	blk1: color = 'darkgrey'
10.4010 	EXP 	blk1: fillColor = 'darkgrey'
10.4010 	EXP 	blk1: lineColor = 'darkgrey'
10.4010 	EXP 	blk1: color = 'darkgrey'
10.4010 	EXP 	blk1: fillColor = 'darkgrey'
10.4010 	EXP 	blk1: lineColor = 'darkgrey'
10.4010 	EXP 	blk1: color = 'darkgrey'
10.4010 	EXP 	blk1: fillColor = 'darkgrey'
10.4010 	EXP 	blk1: lineColor = 'darkgrey'
10.4010 	EXP 	blk1: color = 'darkgrey'
10.4015 	DATA 	Mouse: Left button down, pos=(1334,859)
10.4034 	EXP 	New trial (rep=1, index=0): OrderedDict([('sequence', ['blk1', 'blk2', 'blk3', 'blk4', 'blk5']), ('blockDuration', 0.5)])
10.4180 	EXP 	blk1: fillColor = 'darkgrey'
10.4180 	EXP 	blk1: lineColor = 'darkgrey'
10.4180 	EXP 	blk1: color = 'darkgrey'
10.4180 	EXP 	blk1: fillColor = 'darkgrey'
10.4180 	EXP 	blk1: lineColor = 'darkgrey'
10.4180 	EXP 	blk1: color = 'darkgrey'
10.4180 	EXP 	blk1: fillColor = 'darkgrey'
10.4180 	EXP 	blk1: lineColor = 'darkgrey'
10.4180 	EXP 	blk1: color = 'darkgrey'
10.4180 	EXP 	blk1: fillColor = 'darkgrey'
10.4180 	EXP 	blk1: lineColor = 'darkgrey'
10.4180 	EXP 	blk1: color = 'darkgrey'
10.4180 	EXP 	blk1: fillColor = 'darkgrey'
10.4180 	EXP 	blk1: lineColor = 'darkgrey'
10.4180 	EXP 	blk1: color = 'darkgrey'
10.4180 	EXP 	blk1: autoDraw = False
10.4180 	EXP 	blk2: autoDraw = False
10.4180 	EXP 	blk3: autoDraw = False
10.4180 	EXP 	blk4: autoDraw = False
10.4180 	EXP 	blk5: autoDraw = False
10.4180 	EXP 	blank: autoDraw = True
10.5352 	DATA 	Mouse:  Left button up, pos=(1334,859)
10.9183 	EXP 	blank: autoDraw = False
10.9183 	EXP 	blank: autoDraw = False
10.9183 	EXP 	blk1: pos = array([ 0.23167792, -0.14129204])
10.9183 	EXP 	blk1: fillColor = 'white'
10.9183 	EXP 	blk1: lineColor = 'white'
10.9183 	EXP 	blk1: color = 'white'
10.9183 	EXP 	blk2: pos = array([-0.07848657, -0.11543027])
10.9183 	EXP 	blk2: fillColor = 'white'
10.9183 	EXP 	blk2: lineColor = 'white'
10.9183 	EXP 	blk2: color = 'white'
10.9183 	EXP 	blk3: pos = array([0.3527369 , 0.16021288])
10.9183 	EXP 	blk3: fillColor = 'white'
10.9183 	EXP 	blk3: lineColor = 'white'
10.9183 	EXP 	blk3: color = 'white'
10.9183 	EXP 	blk4: pos = array([-0.15040003, -0.08322343])
10.9183 	EXP 	blk4: fillColor = 'white'
10.9183 	EXP 	blk4: lineColor = 'white'
10.9183 	EXP 	blk4: color = 'white'
10.9183 	EXP 	blk5: pos = array([-0.13142839, -0.2396547 ])
10.9183 	EXP 	blk5: fillColor = 'white'
10.9183 	EXP 	blk5: lineColor = 'white'
10.9183 	EXP 	blk5: color = 'white'
10.9183 	EXP 	blk1: autoDraw = True
10.9183 	EXP 	blk2: autoDraw = True
10.9183 	EXP 	blk3: autoDraw = True
10.9183 	EXP 	blk4: autoDraw = True
10.9183 	EXP 	blk5: autoDraw = True
11.4188 	EXP 	blk1: fillColor = 'red'
11.4188 	EXP 	blk1: lineColor = 'red'
11.4188 	EXP 	blk1: color = 'red'
11.9193 	EXP 	blk1: fillColor = 'white'
11.9193 	EXP 	blk1: lineColor = 'white'
11.9193 	EXP 	blk1: color = 'white'
11.9193 	EXP 	blk2: fillColor = 'red'
11.9193 	EXP 	blk2: lineColor = 'red'
11.9193 	EXP 	blk2: color = 'red'
12.4198 	EXP 	blk2: fillColor = 'white'
12.4198 	EXP 	blk2: lineColor = 'white'
12.4198 	EXP 	blk2: color = 'white'
12.4198 	EXP 	blk3: fillColor = 'red'
12.4198 	EXP 	blk3: lineColor = 'red'
12.4198 	EXP 	blk3: color = 'red'
12.9204 	EXP 	blk3: fillColor = 'white'
12.9204 	EXP 	blk3: lineColor = 'white'
12.9204 	EXP 	blk3: color = 'white'
12.9204 	EXP 	blk4: fillColor = 'red'
12.9204 	EXP 	blk4: lineColor = 'red'
12.9204 	EXP 	blk4: color = 'red'
13.4208 	EXP 	blk4: fillColor = 'white'
13.4208 	EXP 	blk4: lineColor = 'white'
13.4208 	EXP 	blk4: color = 'white'
13.4208 	EXP 	blk5: fillColor = 'red'
13.4208 	EXP 	blk5: lineColor = 'red'
13.4208 	EXP 	blk5: color = 'red'
13.9213 	EXP 	blk5: fillColor = 'white'
13.9213 	EXP 	blk5: lineColor = 'white'
13.9213 	EXP 	blk5: color = 'white'
14.1223 	DATA 	Mouse: Left button down, pos=(1341,683)
14.1383 	EXP 	blk3: fillColor = 'darkgrey'
14.1383 	EXP 	blk3: lineColor = 'darkgrey'
14.1383 	EXP 	blk3: color = 'darkgrey'
14.1549 	EXP 	blk3: fillColor = 'darkgrey'
14.1549 	EXP 	blk3: lineColor = 'darkgrey'
14.1549 	EXP 	blk3: color = 'darkgrey'
14.1717 	EXP 	blk3: fillColor = 'darkgrey'
14.1717 	EXP 	blk3: lineColor = 'darkgrey'
14.1717 	EXP 	blk3: color = 'darkgrey'
14.1883 	EXP 	blk3: fillColor = 'darkgrey'
14.1883 	EXP 	blk3: lineColor = 'darkgrey'
14.1883 	EXP 	blk3: color = 'darkgrey'
14.2050 	EXP 	blk3: fillColor = 'darkgrey'
14.2050 	EXP 	blk3: lineColor = 'darkgrey'
14.2050 	EXP 	blk3: color = 'darkgrey'
14.2218 	EXP 	blk3: fillColor = 'darkgrey'
14.2218 	EXP 	blk3: lineColor = 'darkgrey'
14.2218 	EXP 	blk3: color = 'darkgrey'
14.2230 	DATA 	Mouse:  Left button up, pos=(1340,684)
14.2385 	EXP 	blk3: fillColor = 'darkgrey'
14.2385 	EXP 	blk3: lineColor = 'darkgrey'
14.2385 	EXP 	blk3: color = 'darkgrey'
14.2551 	EXP 	blk3: fillColor = 'darkgrey'
14.2551 	EXP 	blk3: lineColor = 'darkgrey'
14.2551 	EXP 	blk3: color = 'darkgrey'
14.2716 	EXP 	blk3: fillColor = 'darkgrey'
14.2716 	EXP 	blk3: lineColor = 'darkgrey'
14.2716 	EXP 	blk3: color = 'darkgrey'
14.2885 	EXP 	blk3: fillColor = 'darkgrey'
14.2885 	EXP 	blk3: lineColor = 'darkgrey'
14.2885 	EXP 	blk3: color = 'darkgrey'
14.3053 	EXP 	blk3: fillColor = 'darkgrey'
14.3053 	EXP 	blk3: lineColor = 'darkgrey'
14.3053 	EXP 	blk3: color = 'darkgrey'
14.3219 	EXP 	blk3: fillColor = 'darkgrey'
14.3219 	EXP 	blk3: lineColor = 'darkgrey'
14.3219 	EXP 	blk3: color = 'darkgrey'
14.3385 	EXP 	blk3: fillColor = 'darkgrey'
14.3385 	EXP 	blk3: lineColor = 'darkgrey'
14.3385 	EXP 	blk3: color = 'darkgrey'
14.3552 	EXP 	blk3: fillColor = 'darkgrey'
14.3552 	EXP 	blk3: lineColor = 'darkgrey'
14.3552 	EXP 	blk3: color = 'darkgrey'
14.3717 	EXP 	blk3: fillColor = 'darkgrey'
14.3717 	EXP 	blk3: lineColor = 'darkgrey'
14.3717 	EXP 	blk3: color = 'darkgrey'
14.3886 	EXP 	blk3: fillColor = 'darkgrey'
14.3886 	EXP 	blk3: lineColor = 'darkgrey'
14.3886 	EXP 	blk3: color = 'darkgrey'
14.4052 	EXP 	blk3: fillColor = 'darkgrey'
14.4052 	EXP 	blk3: lineColor = 'darkgrey'
14.4052 	EXP 	blk3: color = 'darkgrey'
14.4219 	EXP 	blk3: fillColor = 'darkgrey'
14.4219 	EXP 	blk3: lineColor = 'darkgrey'
14.4219 	EXP 	blk3: color = 'darkgrey'
14.4385 	EXP 	blk3: fillColor = 'darkgrey'
14.4385 	EXP 	blk3: lineColor = 'darkgrey'
14.4385 	EXP 	blk3: color = 'darkgrey'
14.4553 	EXP 	blk3: fillColor = 'darkgrey'
14.4553 	EXP 	blk3: lineColor = 'darkgrey'
14.4553 	EXP 	blk3: color = 'darkgrey'
14.4721 	EXP 	blk3: fillColor = 'darkgrey'
14.4721 	EXP 	blk3: lineColor = 'darkgrey'
14.4721 	EXP 	blk3: color = 'darkgrey'
14.4887 	EXP 	blk3: fillColor = 'darkgrey'
14.4887 	EXP 	blk3: lineColor = 'darkgrey'
14.4887 	EXP 	blk3: color = 'darkgrey'
14.5054 	EXP 	blk3: fillColor = 'darkgrey'
14.5054 	EXP 	blk3: lineColor = 'darkgrey'
14.5054 	EXP 	blk3: color = 'darkgrey'
14.5221 	EXP 	blk3: fillColor = 'darkgrey'
14.5221 	EXP 	blk3: lineColor = 'darkgrey'
14.5221 	EXP 	blk3: color = 'darkgrey'
14.5385 	EXP 	blk3: fillColor = 'darkgrey'
14.5385 	EXP 	blk3: lineColor = 'darkgrey'
14.5385 	EXP 	blk3: color = 'darkgrey'
14.5556 	EXP 	blk3: fillColor = 'darkgrey'
14.5556 	EXP 	blk3: lineColor = 'darkgrey'
14.5556 	EXP 	blk3: color = 'darkgrey'
14.5719 	EXP 	blk3: fillColor = 'darkgrey'
14.5719 	EXP 	blk3: lineColor = 'darkgrey'
14.5719 	EXP 	blk3: color = 'darkgrey'
14.5887 	EXP 	blk3: fillColor = 'darkgrey'
14.5887 	EXP 	blk3: lineColor = 'darkgrey'
14.5887 	EXP 	blk3: color = 'darkgrey'
14.6054 	EXP 	blk3: fillColor = 'darkgrey'
14.6054 	EXP 	blk3: lineColor = 'darkgrey'
14.6054 	EXP 	blk3: color = 'darkgrey'
14.6220 	EXP 	blk3: fillColor = 'darkgrey'
14.6220 	EXP 	blk3: lineColor = 'darkgrey'
14.6220 	EXP 	blk3: color = 'darkgrey'
14.6387 	EXP 	blk3: fillColor = 'darkgrey'
14.6387 	EXP 	blk3: lineColor = 'darkgrey'
14.6387 	EXP 	blk3: color = 'darkgrey'
14.6554 	EXP 	blk3: fillColor = 'darkgrey'
14.6554 	EXP 	blk3: lineColor = 'darkgrey'
14.6554 	EXP 	blk3: color = 'darkgrey'
14.6722 	EXP 	blk3: fillColor = 'darkgrey'
14.6722 	EXP 	blk3: lineColor = 'darkgrey'
14.6722 	EXP 	blk3: color = 'darkgrey'
14.6887 	EXP 	blk3: fillColor = 'darkgrey'
14.6887 	EXP 	blk3: lineColor = 'darkgrey'
14.6887 	EXP 	blk3: color = 'darkgrey'
14.6892 	DATA 	Mouse: Left button down, pos=(919,395)
14.7054 	EXP 	blk3: fillColor = 'darkgrey'
14.7054 	EXP 	blk3: lineColor = 'darkgrey'
14.7054 	EXP 	blk3: color = 'darkgrey'
14.7054 	EXP 	blk2: fillColor = 'darkgrey'
14.7054 	EXP 	blk2: lineColor = 'darkgrey'
14.7054 	EXP 	blk2: color = 'darkgrey'
14.7222 	EXP 	blk3: fillColor = 'darkgrey'
14.7222 	EXP 	blk3: lineColor = 'darkgrey'
14.7222 	EXP 	blk3: color = 'darkgrey'
14.7222 	EXP 	blk2: fillColor = 'darkgrey'
14.7222 	EXP 	blk2: lineColor = 'darkgrey'
14.7222 	EXP 	blk2: color = 'darkgrey'
14.7390 	EXP 	blk3: fillColor = 'darkgrey'
14.7390 	EXP 	blk3: lineColor = 'darkgrey'
14.7390 	EXP 	blk3: color = 'darkgrey'
14.7390 	EXP 	blk2: fillColor = 'darkgrey'
14.7390 	EXP 	blk2: lineColor = 'darkgrey'
14.7390 	EXP 	blk2: color = 'darkgrey'
14.7555 	EXP 	blk3: fillColor = 'darkgrey'
14.7555 	EXP 	blk3: lineColor = 'darkgrey'
14.7555 	EXP 	blk3: color = 'darkgrey'
14.7555 	EXP 	blk2: fillColor = 'darkgrey'
14.7555 	EXP 	blk2: lineColor = 'darkgrey'
14.7555 	EXP 	blk2: color = 'darkgrey'
14.7724 	EXP 	blk3: fillColor = 'darkgrey'
14.7724 	EXP 	blk3: lineColor = 'darkgrey'
14.7724 	EXP 	blk3: color = 'darkgrey'
14.7724 	EXP 	blk2: fillColor = 'darkgrey'
14.7724 	EXP 	blk2: lineColor = 'darkgrey'
14.7724 	EXP 	blk2: color = 'darkgrey'
14.7888 	EXP 	blk3: fillColor = 'darkgrey'
14.7888 	EXP 	blk3: lineColor = 'darkgrey'
14.7888 	EXP 	blk3: color = 'darkgrey'
14.7888 	EXP 	blk2: fillColor = 'darkgrey'
14.7888 	EXP 	blk2: lineColor = 'darkgrey'
14.7888 	EXP 	blk2: color = 'darkgrey'
14.8055 	EXP 	blk3: fillColor = 'darkgrey'
14.8055 	EXP 	blk3: lineColor = 'darkgrey'
14.8055 	EXP 	blk3: color = 'darkgrey'
14.8055 	EXP 	blk2: fillColor = 'darkgrey'
14.8055 	EXP 	blk2: lineColor = 'darkgrey'
14.8055 	EXP 	blk2: color = 'darkgrey'
14.8069 	DATA 	Mouse:  Left button up, pos=(919,395)
14.8225 	EXP 	blk3: fillColor = 'darkgrey'
14.8225 	EXP 	blk3: lineColor = 'darkgrey'
14.8225 	EXP 	blk3: color = 'darkgrey'
14.8225 	EXP 	blk2: fillColor = 'darkgrey'
14.8225 	EXP 	blk2: lineColor = 'darkgrey'
14.8225 	EXP 	blk2: color = 'darkgrey'
14.8389 	EXP 	blk3: fillColor = 'darkgrey'
14.8389 	EXP 	blk3: lineColor = 'darkgrey'
14.8389 	EXP 	blk3: color = 'darkgrey'
14.8389 	EXP 	blk2: fillColor = 'darkgrey'
14.8389 	EXP 	blk2: lineColor = 'darkgrey'
14.8389 	EXP 	blk2: color = 'darkgrey'
14.8556 	EXP 	blk3: fillColor = 'darkgrey'
14.8556 	EXP 	blk3: lineColor = 'darkgrey'
14.8556 	EXP 	blk3: color = 'darkgrey'
14.8556 	EXP 	blk2: fillColor = 'darkgrey'
14.8556 	EXP 	blk2: lineColor = 'darkgrey'
14.8556 	EXP 	blk2: color = 'darkgrey'
14.8723 	EXP 	blk3: fillColor = 'darkgrey'
14.8723 	EXP 	blk3: lineColor = 'darkgrey'
14.8723 	EXP 	blk3: color = 'darkgrey'
14.8723 	EXP 	blk2: fillColor = 'darkgrey'
14.8723 	EXP 	blk2: lineColor = 'darkgrey'
14.8723 	EXP 	blk2: color = 'darkgrey'
14.8890 	EXP 	blk3: fillColor = 'darkgrey'
14.8890 	EXP 	blk3: lineColor = 'darkgrey'
14.8890 	EXP 	blk3: color = 'darkgrey'
14.8890 	EXP 	blk2: fillColor = 'darkgrey'
14.8890 	EXP 	blk2: lineColor = 'darkgrey'
14.8890 	EXP 	blk2: color = 'darkgrey'
14.9058 	EXP 	blk3: fillColor = 'darkgrey'
14.9058 	EXP 	blk3: lineColor = 'darkgrey'
14.9058 	EXP 	blk3: color = 'darkgrey'
14.9058 	EXP 	blk2: fillColor = 'darkgrey'
14.9058 	EXP 	blk2: lineColor = 'darkgrey'
14.9058 	EXP 	blk2: color = 'darkgrey'
14.9224 	EXP 	blk3: fillColor = 'darkgrey'
14.9224 	EXP 	blk3: lineColor = 'darkgrey'
14.9224 	EXP 	blk3: color = 'darkgrey'
14.9224 	EXP 	blk2: fillColor = 'darkgrey'
14.9224 	EXP 	blk2: lineColor = 'darkgrey'
14.9224 	EXP 	blk2: color = 'darkgrey'
14.9390 	EXP 	blk3: fillColor = 'darkgrey'
14.9390 	EXP 	blk3: lineColor = 'darkgrey'
14.9390 	EXP 	blk3: color = 'darkgrey'
14.9390 	EXP 	blk2: fillColor = 'darkgrey'
14.9390 	EXP 	blk2: lineColor = 'darkgrey'
14.9390 	EXP 	blk2: color = 'darkgrey'
14.9555 	EXP 	blk3: fillColor = 'darkgrey'
14.9555 	EXP 	blk3: lineColor = 'darkgrey'
14.9555 	EXP 	blk3: color = 'darkgrey'
14.9555 	EXP 	blk2: fillColor = 'darkgrey'
14.9555 	EXP 	blk2: lineColor = 'darkgrey'
14.9555 	EXP 	blk2: color = 'darkgrey'
14.9724 	EXP 	blk3: fillColor = 'darkgrey'
14.9724 	EXP 	blk3: lineColor = 'darkgrey'
14.9724 	EXP 	blk3: color = 'darkgrey'
14.9724 	EXP 	blk2: fillColor = 'darkgrey'
14.9724 	EXP 	blk2: lineColor = 'darkgrey'
14.9724 	EXP 	blk2: color = 'darkgrey'
14.9890 	EXP 	blk3: fillColor = 'darkgrey'
14.9890 	EXP 	blk3: lineColor = 'darkgrey'
14.9890 	EXP 	blk3: color = 'darkgrey'
14.9890 	EXP 	blk2: fillColor = 'darkgrey'
14.9890 	EXP 	blk2: lineColor = 'darkgrey'
14.9890 	EXP 	blk2: color = 'darkgrey'
15.0057 	EXP 	blk3: fillColor = 'darkgrey'
15.0057 	EXP 	blk3: lineColor = 'darkgrey'
15.0057 	EXP 	blk3: color = 'darkgrey'
15.0057 	EXP 	blk2: fillColor = 'darkgrey'
15.0057 	EXP 	blk2: lineColor = 'darkgrey'
15.0057 	EXP 	blk2: color = 'darkgrey'
15.0224 	EXP 	blk3: fillColor = 'darkgrey'
15.0224 	EXP 	blk3: lineColor = 'darkgrey'
15.0224 	EXP 	blk3: color = 'darkgrey'
15.0224 	EXP 	blk2: fillColor = 'darkgrey'
15.0224 	EXP 	blk2: lineColor = 'darkgrey'
15.0224 	EXP 	blk2: color = 'darkgrey'
15.0229 	DATA 	Mouse: Left button down, pos=(1120,588)
15.0391 	EXP 	blk3: fillColor = 'darkgrey'
15.0391 	EXP 	blk3: lineColor = 'darkgrey'
15.0391 	EXP 	blk3: color = 'darkgrey'
15.0391 	EXP 	blk2: fillColor = 'darkgrey'
15.0391 	EXP 	blk2: lineColor = 'darkgrey'
15.0391 	EXP 	blk2: color = 'darkgrey'
15.0558 	EXP 	blk3: fillColor = 'darkgrey'
15.0558 	EXP 	blk3: lineColor = 'darkgrey'
15.0558 	EXP 	blk3: color = 'darkgrey'
15.0558 	EXP 	blk2: fillColor = 'darkgrey'
15.0558 	EXP 	blk2: lineColor = 'darkgrey'
15.0558 	EXP 	blk2: color = 'darkgrey'
15.0725 	EXP 	blk3: fillColor = 'darkgrey'
15.0725 	EXP 	blk3: lineColor = 'darkgrey'
15.0725 	EXP 	blk3: color = 'darkgrey'
15.0725 	EXP 	blk2: fillColor = 'darkgrey'
15.0725 	EXP 	blk2: lineColor = 'darkgrey'
15.0725 	EXP 	blk2: color = 'darkgrey'
15.0891 	EXP 	blk3: fillColor = 'darkgrey'
15.0891 	EXP 	blk3: lineColor = 'darkgrey'
15.0891 	EXP 	blk3: color = 'darkgrey'
15.0891 	EXP 	blk2: fillColor = 'darkgrey'
15.0891 	EXP 	blk2: lineColor = 'darkgrey'
15.0891 	EXP 	blk2: color = 'darkgrey'
15.1057 	EXP 	blk3: fillColor = 'darkgrey'
15.1057 	EXP 	blk3: lineColor = 'darkgrey'
15.1057 	EXP 	blk3: color = 'darkgrey'
15.1057 	EXP 	blk2: fillColor = 'darkgrey'
15.1057 	EXP 	blk2: lineColor = 'darkgrey'
15.1057 	EXP 	blk2: color = 'darkgrey'
15.1227 	EXP 	blk3: fillColor = 'darkgrey'
15.1227 	EXP 	blk3: lineColor = 'darkgrey'
15.1227 	EXP 	blk3: color = 'darkgrey'
15.1227 	EXP 	blk2: fillColor = 'darkgrey'
15.1227 	EXP 	blk2: lineColor = 'darkgrey'
15.1227 	EXP 	blk2: color = 'darkgrey'
15.1392 	EXP 	blk3: fillColor = 'darkgrey'
15.1392 	EXP 	blk3: lineColor = 'darkgrey'
15.1392 	EXP 	blk3: color = 'darkgrey'
15.1392 	EXP 	blk2: fillColor = 'darkgrey'
15.1392 	EXP 	blk2: lineColor = 'darkgrey'
15.1392 	EXP 	blk2: color = 'darkgrey'
15.1397 	DATA 	Mouse:  Left button up, pos=(1112,585)
15.1558 	EXP 	blk3: fillColor = 'darkgrey'
15.1558 	EXP 	blk3: lineColor = 'darkgrey'
15.1558 	EXP 	blk3: color = 'darkgrey'
15.1558 	EXP 	blk2: fillColor = 'darkgrey'
15.1558 	EXP 	blk2: lineColor = 'darkgrey'
15.1558 	EXP 	blk2: color = 'darkgrey'
15.1726 	EXP 	blk3: fillColor = 'darkgrey'
15.1726 	EXP 	blk3: lineColor = 'darkgrey'
15.1726 	EXP 	blk3: color = 'darkgrey'
15.1726 	EXP 	blk2: fillColor = 'darkgrey'
15.1726 	EXP 	blk2: lineColor = 'darkgrey'
15.1726 	EXP 	blk2: color = 'darkgrey'
15.1891 	EXP 	blk3: fillColor = 'darkgrey'
15.1891 	EXP 	blk3: lineColor = 'darkgrey'
15.1891 	EXP 	blk3: color = 'darkgrey'
15.1891 	EXP 	blk2: fillColor = 'darkgrey'
15.1891 	EXP 	blk2: lineColor = 'darkgrey'
15.1891 	EXP 	blk2: color = 'darkgrey'
15.2059 	EXP 	blk3: fillColor = 'darkgrey'
15.2059 	EXP 	blk3: lineColor = 'darkgrey'
15.2059 	EXP 	blk3: color = 'darkgrey'
15.2059 	EXP 	blk2: fillColor = 'darkgrey'
15.2059 	EXP 	blk2: lineColor = 'darkgrey'
15.2059 	EXP 	blk2: color = 'darkgrey'
15.2226 	EXP 	blk3: fillColor = 'darkgrey'
15.2226 	EXP 	blk3: lineColor = 'darkgrey'
15.2226 	EXP 	blk3: color = 'darkgrey'
15.2226 	EXP 	blk2: fillColor = 'darkgrey'
15.2226 	EXP 	blk2: lineColor = 'darkgrey'
15.2226 	EXP 	blk2: color = 'darkgrey'
15.2393 	EXP 	blk3: fillColor = 'darkgrey'
15.2393 	EXP 	blk3: lineColor = 'darkgrey'
15.2393 	EXP 	blk3: color = 'darkgrey'
15.2393 	EXP 	blk2: fillColor = 'darkgrey'
15.2393 	EXP 	blk2: lineColor = 'darkgrey'
15.2393 	EXP 	blk2: color = 'darkgrey'
15.2560 	EXP 	blk3: fillColor = 'darkgrey'
15.2560 	EXP 	blk3: lineColor = 'darkgrey'
15.2560 	EXP 	blk3: color = 'darkgrey'
15.2560 	EXP 	blk2: fillColor = 'darkgrey'
15.2560 	EXP 	blk2: lineColor = 'darkgrey'
15.2560 	EXP 	blk2: color = 'darkgrey'
15.2727 	EXP 	blk3: fillColor = 'darkgrey'
15.2727 	EXP 	blk3: lineColor = 'darkgrey'
15.2727 	EXP 	blk3: color = 'darkgrey'
15.2727 	EXP 	blk2: fillColor = 'darkgrey'
15.2727 	EXP 	blk2: lineColor = 'darkgrey'
15.2727 	EXP 	blk2: color = 'darkgrey'
15.2893 	EXP 	blk3: fillColor = 'darkgrey'
15.2893 	EXP 	blk3: lineColor = 'darkgrey'
15.2893 	EXP 	blk3: color = 'darkgrey'
15.2893 	EXP 	blk2: fillColor = 'darkgrey'
15.2893 	EXP 	blk2: lineColor = 'darkgrey'
15.2893 	EXP 	blk2: color = 'darkgrey'
15.3060 	EXP 	blk3: fillColor = 'darkgrey'
15.3060 	EXP 	blk3: lineColor = 'darkgrey'
15.3060 	EXP 	blk3: color = 'darkgrey'
15.3060 	EXP 	blk2: fillColor = 'darkgrey'
15.3060 	EXP 	blk2: lineColor = 'darkgrey'
15.3060 	EXP 	blk2: color = 'darkgrey'
15.3227 	EXP 	blk3: fillColor = 'darkgrey'
15.3227 	EXP 	blk3: lineColor = 'darkgrey'
15.3227 	EXP 	blk3: color = 'darkgrey'
15.3227 	EXP 	blk2: fillColor = 'darkgrey'
15.3227 	EXP 	blk2: lineColor = 'darkgrey'
15.3227 	EXP 	blk2: color = 'darkgrey'
15.3394 	EXP 	blk3: fillColor = 'darkgrey'
15.3394 	EXP 	blk3: lineColor = 'darkgrey'
15.3394 	EXP 	blk3: color = 'darkgrey'
15.3394 	EXP 	blk2: fillColor = 'darkgrey'
15.3394 	EXP 	blk2: lineColor = 'darkgrey'
15.3394 	EXP 	blk2: color = 'darkgrey'
15.3560 	EXP 	blk3: fillColor = 'darkgrey'
15.3560 	EXP 	blk3: lineColor = 'darkgrey'
15.3560 	EXP 	blk3: color = 'darkgrey'
15.3560 	EXP 	blk2: fillColor = 'darkgrey'
15.3560 	EXP 	blk2: lineColor = 'darkgrey'
15.3560 	EXP 	blk2: color = 'darkgrey'
15.3727 	EXP 	blk3: fillColor = 'darkgrey'
15.3727 	EXP 	blk3: lineColor = 'darkgrey'
15.3727 	EXP 	blk3: color = 'darkgrey'
15.3727 	EXP 	blk2: fillColor = 'darkgrey'
15.3727 	EXP 	blk2: lineColor = 'darkgrey'
15.3727 	EXP 	blk2: color = 'darkgrey'
15.3898 	EXP 	blk3: fillColor = 'darkgrey'
15.3898 	EXP 	blk3: lineColor = 'darkgrey'
15.3898 	EXP 	blk3: color = 'darkgrey'
15.3898 	EXP 	blk2: fillColor = 'darkgrey'
15.3898 	EXP 	blk2: lineColor = 'darkgrey'
15.3898 	EXP 	blk2: color = 'darkgrey'
15.4062 	EXP 	blk3: fillColor = 'darkgrey'
15.4062 	EXP 	blk3: lineColor = 'darkgrey'
15.4062 	EXP 	blk3: color = 'darkgrey'
15.4062 	EXP 	blk2: fillColor = 'darkgrey'
15.4062 	EXP 	blk2: lineColor = 'darkgrey'
15.4062 	EXP 	blk2: color = 'darkgrey'
15.4229 	EXP 	blk3: fillColor = 'darkgrey'
15.4229 	EXP 	blk3: lineColor = 'darkgrey'
15.4229 	EXP 	blk3: color = 'darkgrey'
15.4229 	EXP 	blk2: fillColor = 'darkgrey'
15.4229 	EXP 	blk2: lineColor = 'darkgrey'
15.4229 	EXP 	blk2: color = 'darkgrey'
15.4238 	DATA 	Mouse: Left button down, pos=(747,446)
15.4397 	EXP 	blk3: fillColor = 'darkgrey'
15.4397 	EXP 	blk3: lineColor = 'darkgrey'
15.4397 	EXP 	blk3: color = 'darkgrey'
15.4397 	EXP 	blk2: fillColor = 'darkgrey'
15.4397 	EXP 	blk2: lineColor = 'darkgrey'
15.4397 	EXP 	blk2: color = 'darkgrey'
15.4397 	EXP 	blk4: fillColor = 'darkgrey'
15.4397 	EXP 	blk4: lineColor = 'darkgrey'
15.4397 	EXP 	blk4: color = 'darkgrey'
15.4562 	EXP 	blk3: fillColor = 'darkgrey'
15.4562 	EXP 	blk3: lineColor = 'darkgrey'
15.4562 	EXP 	blk3: color = 'darkgrey'
15.4562 	EXP 	blk2: fillColor = 'darkgrey'
15.4562 	EXP 	blk2: lineColor = 'darkgrey'
15.4562 	EXP 	blk2: color = 'darkgrey'
15.4562 	EXP 	blk4: fillColor = 'darkgrey'
15.4562 	EXP 	blk4: lineColor = 'darkgrey'
15.4562 	EXP 	blk4: color = 'darkgrey'
15.4728 	EXP 	blk3: fillColor = 'darkgrey'
15.4728 	EXP 	blk3: lineColor = 'darkgrey'
15.4728 	EXP 	blk3: color = 'darkgrey'
15.4728 	EXP 	blk2: fillColor = 'darkgrey'
15.4728 	EXP 	blk2: lineColor = 'darkgrey'
15.4728 	EXP 	blk2: color = 'darkgrey'
15.4728 	EXP 	blk4: fillColor = 'darkgrey'
15.4728 	EXP 	blk4: lineColor = 'darkgrey'
15.4728 	EXP 	blk4: color = 'darkgrey'
15.4896 	EXP 	blk3: fillColor = 'darkgrey'
15.4896 	EXP 	blk3: lineColor = 'darkgrey'
15.4896 	EXP 	blk3: color = 'darkgrey'
15.4896 	EXP 	blk2: fillColor = 'darkgrey'
15.4896 	EXP 	blk2: lineColor = 'darkgrey'
15.4896 	EXP 	blk2: color = 'darkgrey'
15.4896 	EXP 	blk4: fillColor = 'darkgrey'
15.4896 	EXP 	blk4: lineColor = 'darkgrey'
15.4896 	EXP 	blk4: color = 'darkgrey'
15.5062 	EXP 	blk3: fillColor = 'darkgrey'
15.5062 	EXP 	blk3: lineColor = 'darkgrey'
15.5062 	EXP 	blk3: color = 'darkgrey'
15.5062 	EXP 	blk2: fillColor = 'darkgrey'
15.5062 	EXP 	blk2: lineColor = 'darkgrey'
15.5062 	EXP 	blk2: color = 'darkgrey'
15.5062 	EXP 	blk4: fillColor = 'darkgrey'
15.5062 	EXP 	blk4: lineColor = 'darkgrey'
15.5062 	EXP 	blk4: color = 'darkgrey'
15.5229 	EXP 	blk3: fillColor = 'darkgrey'
15.5229 	EXP 	blk3: lineColor = 'darkgrey'
15.5229 	EXP 	blk3: color = 'darkgrey'
15.5229 	EXP 	blk2: fillColor = 'darkgrey'
15.5229 	EXP 	blk2: lineColor = 'darkgrey'
15.5229 	EXP 	blk2: color = 'darkgrey'
15.5229 	EXP 	blk4: fillColor = 'darkgrey'
15.5229 	EXP 	blk4: lineColor = 'darkgrey'
15.5229 	EXP 	blk4: color = 'darkgrey'
15.5396 	EXP 	blk3: fillColor = 'darkgrey'
15.5396 	EXP 	blk3: lineColor = 'darkgrey'
15.5396 	EXP 	blk3: color = 'darkgrey'
15.5396 	EXP 	blk2: fillColor = 'darkgrey'
15.5396 	EXP 	blk2: lineColor = 'darkgrey'
15.5396 	EXP 	blk2: color = 'darkgrey'
15.5396 	EXP 	blk4: fillColor = 'darkgrey'
15.5396 	EXP 	blk4: lineColor = 'darkgrey'
15.5396 	EXP 	blk4: color = 'darkgrey'
15.5401 	DATA 	Mouse:  Left button up, pos=(748,443)
15.5564 	EXP 	blk3: fillColor = 'darkgrey'
15.5564 	EXP 	blk3: lineColor = 'darkgrey'
15.5564 	EXP 	blk3: color = 'darkgrey'
15.5564 	EXP 	blk2: fillColor = 'darkgrey'
15.5564 	EXP 	blk2: lineColor = 'darkgrey'
15.5564 	EXP 	blk2: color = 'darkgrey'
15.5564 	EXP 	blk4: fillColor = 'darkgrey'
15.5564 	EXP 	blk4: lineColor = 'darkgrey'
15.5564 	EXP 	blk4: color = 'darkgrey'
15.5730 	EXP 	blk3: fillColor = 'darkgrey'
15.5730 	EXP 	blk3: lineColor = 'darkgrey'
15.5730 	EXP 	blk3: color = 'darkgrey'
15.5730 	EXP 	blk2: fillColor = 'darkgrey'
15.5730 	EXP 	blk2: lineColor = 'darkgrey'
15.5730 	EXP 	blk2: color = 'darkgrey'
15.5730 	EXP 	blk4: fillColor = 'darkgrey'
15.5730 	EXP 	blk4: lineColor = 'darkgrey'
15.5730 	EXP 	blk4: color = 'darkgrey'
15.5896 	EXP 	blk3: fillColor = 'darkgrey'
15.5896 	EXP 	blk3: lineColor = 'darkgrey'
15.5896 	EXP 	blk3: color = 'darkgrey'
15.5896 	EXP 	blk2: fillColor = 'darkgrey'
15.5896 	EXP 	blk2: lineColor = 'darkgrey'
15.5896 	EXP 	blk2: color = 'darkgrey'
15.5896 	EXP 	blk4: fillColor = 'darkgrey'
15.5896 	EXP 	blk4: lineColor = 'darkgrey'
15.5896 	EXP 	blk4: color = 'darkgrey'
15.6065 	EXP 	blk3: fillColor = 'darkgrey'
15.6065 	EXP 	blk3: lineColor = 'darkgrey'
15.6065 	EXP 	blk3: color = 'darkgrey'
15.6065 	EXP 	blk2: fillColor = 'darkgrey'
15.6065 	EXP 	blk2: lineColor = 'darkgrey'
15.6065 	EXP 	blk2: color = 'darkgrey'
15.6065 	EXP 	blk4: fillColor = 'darkgrey'
15.6065 	EXP 	blk4: lineColor = 'darkgrey'
15.6065 	EXP 	blk4: color = 'darkgrey'
15.6232 	EXP 	blk3: fillColor = 'darkgrey'
15.6232 	EXP 	blk3: lineColor = 'darkgrey'
15.6232 	EXP 	blk3: color = 'darkgrey'
15.6232 	EXP 	blk2: fillColor = 'darkgrey'
15.6232 	EXP 	blk2: lineColor = 'darkgrey'
15.6232 	EXP 	blk2: color = 'darkgrey'
15.6232 	EXP 	blk4: fillColor = 'darkgrey'
15.6232 	EXP 	blk4: lineColor = 'darkgrey'
15.6232 	EXP 	blk4: color = 'darkgrey'
15.6396 	EXP 	blk3: fillColor = 'darkgrey'
15.6396 	EXP 	blk3: lineColor = 'darkgrey'
15.6396 	EXP 	blk3: color = 'darkgrey'
15.6396 	EXP 	blk2: fillColor = 'darkgrey'
15.6396 	EXP 	blk2: lineColor = 'darkgrey'
15.6396 	EXP 	blk2: color = 'darkgrey'
15.6396 	EXP 	blk4: fillColor = 'darkgrey'
15.6396 	EXP 	blk4: lineColor = 'darkgrey'
15.6396 	EXP 	blk4: color = 'darkgrey'
15.6564 	EXP 	blk3: fillColor = 'darkgrey'
15.6564 	EXP 	blk3: lineColor = 'darkgrey'
15.6564 	EXP 	blk3: color = 'darkgrey'
15.6564 	EXP 	blk2: fillColor = 'darkgrey'
15.6564 	EXP 	blk2: lineColor = 'darkgrey'
15.6564 	EXP 	blk2: color = 'darkgrey'
15.6564 	EXP 	blk4: fillColor = 'darkgrey'
15.6564 	EXP 	blk4: lineColor = 'darkgrey'
15.6564 	EXP 	blk4: color = 'darkgrey'
15.6733 	EXP 	blk3: fillColor = 'darkgrey'
15.6733 	EXP 	blk3: lineColor = 'darkgrey'
15.6733 	EXP 	blk3: color = 'darkgrey'
15.6733 	EXP 	blk2: fillColor = 'darkgrey'
15.6733 	EXP 	blk2: lineColor = 'darkgrey'
15.6733 	EXP 	blk2: color = 'darkgrey'
15.6733 	EXP 	blk4: fillColor = 'darkgrey'
15.6733 	EXP 	blk4: lineColor = 'darkgrey'
15.6733 	EXP 	blk4: color = 'darkgrey'
15.6897 	EXP 	blk3: fillColor = 'darkgrey'
15.6897 	EXP 	blk3: lineColor = 'darkgrey'
15.6897 	EXP 	blk3: color = 'darkgrey'
15.6897 	EXP 	blk2: fillColor = 'darkgrey'
15.6897 	EXP 	blk2: lineColor = 'darkgrey'
15.6897 	EXP 	blk2: color = 'darkgrey'
15.6897 	EXP 	blk4: fillColor = 'darkgrey'
15.6897 	EXP 	blk4: lineColor = 'darkgrey'
15.6897 	EXP 	blk4: color = 'darkgrey'
15.7065 	EXP 	blk3: fillColor = 'darkgrey'
15.7065 	EXP 	blk3: lineColor = 'darkgrey'
15.7065 	EXP 	blk3: color = 'darkgrey'
15.7065 	EXP 	blk2: fillColor = 'darkgrey'
15.7065 	EXP 	blk2: lineColor = 'darkgrey'
15.7065 	EXP 	blk2: color = 'darkgrey'
15.7065 	EXP 	blk4: fillColor = 'darkgrey'
15.7065 	EXP 	blk4: lineColor = 'darkgrey'
15.7065 	EXP 	blk4: color = 'darkgrey'
15.7231 	EXP 	blk3: fillColor = 'darkgrey'
15.7231 	EXP 	blk3: lineColor = 'darkgrey'
15.7231 	EXP 	blk3: color = 'darkgrey'
15.7231 	EXP 	blk2: fillColor = 'darkgrey'
15.7231 	EXP 	blk2: lineColor = 'darkgrey'
15.7231 	EXP 	blk2: color = 'darkgrey'
15.7231 	EXP 	blk4: fillColor = 'darkgrey'
15.7231 	EXP 	blk4: lineColor = 'darkgrey'
15.7231 	EXP 	blk4: color = 'darkgrey'
15.7399 	EXP 	blk3: fillColor = 'darkgrey'
15.7399 	EXP 	blk3: lineColor = 'darkgrey'
15.7399 	EXP 	blk3: color = 'darkgrey'
15.7399 	EXP 	blk2: fillColor = 'darkgrey'
15.7399 	EXP 	blk2: lineColor = 'darkgrey'
15.7399 	EXP 	blk2: color = 'darkgrey'
15.7399 	EXP 	blk4: fillColor = 'darkgrey'
15.7399 	EXP 	blk4: lineColor = 'darkgrey'
15.7399 	EXP 	blk4: color = 'darkgrey'
15.7564 	EXP 	blk3: fillColor = 'darkgrey'
15.7564 	EXP 	blk3: lineColor = 'darkgrey'
15.7564 	EXP 	blk3: color = 'darkgrey'
15.7564 	EXP 	blk2: fillColor = 'darkgrey'
15.7564 	EXP 	blk2: lineColor = 'darkgrey'
15.7564 	EXP 	blk2: color = 'darkgrey'
15.7564 	EXP 	blk4: fillColor = 'darkgrey'
15.7564 	EXP 	blk4: lineColor = 'darkgrey'
15.7564 	EXP 	blk4: color = 'darkgrey'
15.7731 	EXP 	blk3: fillColor = 'darkgrey'
15.7731 	EXP 	blk3: lineColor = 'darkgrey'
15.7731 	EXP 	blk3: color = 'darkgrey'
15.7731 	EXP 	blk2: fillColor = 'darkgrey'
15.7731 	EXP 	blk2: lineColor = 'darkgrey'
15.7731 	EXP 	blk2: color = 'darkgrey'
15.7731 	EXP 	blk4: fillColor = 'darkgrey'
15.7731 	EXP 	blk4: lineColor = 'darkgrey'
15.7731 	EXP 	blk4: color = 'darkgrey'
15.7736 	DATA 	Mouse: Left button down, pos=(809,239)
15.7900 	EXP 	blk3: fillColor = 'darkgrey'
15.7900 	EXP 	blk3: lineColor = 'darkgrey'
15.7900 	EXP 	blk3: color = 'darkgrey'
15.7900 	EXP 	blk2: fillColor = 'darkgrey'
15.7900 	EXP 	blk2: lineColor = 'darkgrey'
15.7900 	EXP 	blk2: color = 'darkgrey'
15.7900 	EXP 	blk4: fillColor = 'darkgrey'
15.7900 	EXP 	blk4: lineColor = 'darkgrey'
15.7900 	EXP 	blk4: color = 'darkgrey'
15.7900 	EXP 	blk5: fillColor = 'darkgrey'
15.7900 	EXP 	blk5: lineColor = 'darkgrey'
15.7900 	EXP 	blk5: color = 'darkgrey'
15.8066 	EXP 	blk3: fillColor = 'darkgrey'
15.8066 	EXP 	blk3: lineColor = 'darkgrey'
15.8066 	EXP 	blk3: color = 'darkgrey'
15.8066 	EXP 	blk2: fillColor = 'darkgrey'
15.8066 	EXP 	blk2: lineColor = 'darkgrey'
15.8066 	EXP 	blk2: color = 'darkgrey'
15.8066 	EXP 	blk4: fillColor = 'darkgrey'
15.8066 	EXP 	blk4: lineColor = 'darkgrey'
15.8066 	EXP 	blk4: color = 'darkgrey'
15.8066 	EXP 	blk5: fillColor = 'darkgrey'
15.8066 	EXP 	blk5: lineColor = 'darkgrey'
15.8066 	EXP 	blk5: color = 'darkgrey'
15.8232 	EXP 	blk3: fillColor = 'darkgrey'
15.8232 	EXP 	blk3: lineColor = 'darkgrey'
15.8232 	EXP 	blk3: color = 'darkgrey'
15.8232 	EXP 	blk2: fillColor = 'darkgrey'
15.8232 	EXP 	blk2: lineColor = 'darkgrey'
15.8232 	EXP 	blk2: color = 'darkgrey'
15.8232 	EXP 	blk4: fillColor = 'darkgrey'
15.8232 	EXP 	blk4: lineColor = 'darkgrey'
15.8232 	EXP 	blk4: color = 'darkgrey'
15.8232 	EXP 	blk5: fillColor = 'darkgrey'
15.8232 	EXP 	blk5: lineColor = 'darkgrey'
15.8232 	EXP 	blk5: color = 'darkgrey'
15.8398 	EXP 	blk3: fillColor = 'darkgrey'
15.8398 	EXP 	blk3: lineColor = 'darkgrey'
15.8398 	EXP 	blk3: color = 'darkgrey'
15.8398 	EXP 	blk2: fillColor = 'darkgrey'
15.8398 	EXP 	blk2: lineColor = 'darkgrey'
15.8398 	EXP 	blk2: color = 'darkgrey'
15.8398 	EXP 	blk4: fillColor = 'darkgrey'
15.8398 	EXP 	blk4: lineColor = 'darkgrey'
15.8398 	EXP 	blk4: color = 'darkgrey'
15.8398 	EXP 	blk5: fillColor = 'darkgrey'
15.8398 	EXP 	blk5: lineColor = 'darkgrey'
15.8398 	EXP 	blk5: color = 'darkgrey'
15.8566 	EXP 	blk3: fillColor = 'darkgrey'
15.8566 	EXP 	blk3: lineColor = 'darkgrey'
15.8566 	EXP 	blk3: color = 'darkgrey'
15.8566 	EXP 	blk2: fillColor = 'darkgrey'
15.8566 	EXP 	blk2: lineColor = 'darkgrey'
15.8566 	EXP 	blk2: color = 'darkgrey'
15.8566 	EXP 	blk4: fillColor = 'darkgrey'
15.8566 	EXP 	blk4: lineColor = 'darkgrey'
15.8566 	EXP 	blk4: color = 'darkgrey'
15.8566 	EXP 	blk5: fillColor = 'darkgrey'
15.8566 	EXP 	blk5: lineColor = 'darkgrey'
15.8566 	EXP 	blk5: color = 'darkgrey'
15.8733 	EXP 	blk3: fillColor = 'darkgrey'
15.8733 	EXP 	blk3: lineColor = 'darkgrey'
15.8733 	EXP 	blk3: color = 'darkgrey'
15.8733 	EXP 	blk2: fillColor = 'darkgrey'
15.8733 	EXP 	blk2: lineColor = 'darkgrey'
15.8733 	EXP 	blk2: color = 'darkgrey'
15.8733 	EXP 	blk4: fillColor = 'darkgrey'
15.8733 	EXP 	blk4: lineColor = 'darkgrey'
15.8733 	EXP 	blk4: color = 'darkgrey'
15.8733 	EXP 	blk5: fillColor = 'darkgrey'
15.8733 	EXP 	blk5: lineColor = 'darkgrey'
15.8733 	EXP 	blk5: color = 'darkgrey'
15.8901 	EXP 	blk3: fillColor = 'darkgrey'
15.8901 	EXP 	blk3: lineColor = 'darkgrey'
15.8901 	EXP 	blk3: color = 'darkgrey'
15.8901 	EXP 	blk2: fillColor = 'darkgrey'
15.8901 	EXP 	blk2: lineColor = 'darkgrey'
15.8901 	EXP 	blk2: color = 'darkgrey'
15.8901 	EXP 	blk4: fillColor = 'darkgrey'
15.8901 	EXP 	blk4: lineColor = 'darkgrey'
15.8901 	EXP 	blk4: color = 'darkgrey'
15.8901 	EXP 	blk5: fillColor = 'darkgrey'
15.8901 	EXP 	blk5: lineColor = 'darkgrey'
15.8901 	EXP 	blk5: color = 'darkgrey'
15.9065 	EXP 	blk3: fillColor = 'darkgrey'
15.9065 	EXP 	blk3: lineColor = 'darkgrey'
15.9065 	EXP 	blk3: color = 'darkgrey'
15.9065 	EXP 	blk2: fillColor = 'darkgrey'
15.9065 	EXP 	blk2: lineColor = 'darkgrey'
15.9065 	EXP 	blk2: color = 'darkgrey'
15.9065 	EXP 	blk4: fillColor = 'darkgrey'
15.9065 	EXP 	blk4: lineColor = 'darkgrey'
15.9065 	EXP 	blk4: color = 'darkgrey'
15.9065 	EXP 	blk5: fillColor = 'darkgrey'
15.9065 	EXP 	blk5: lineColor = 'darkgrey'
15.9065 	EXP 	blk5: color = 'darkgrey'
15.9070 	DATA 	Mouse:  Left button up, pos=(809,239)
15.9232 	EXP 	blk3: fillColor = 'darkgrey'
15.9232 	EXP 	blk3: lineColor = 'darkgrey'
15.9232 	EXP 	blk3: color = 'darkgrey'
15.9232 	EXP 	blk2: fillColor = 'darkgrey'
15.9232 	EXP 	blk2: lineColor = 'darkgrey'
15.9232 	EXP 	blk2: color = 'darkgrey'
15.9232 	EXP 	blk4: fillColor = 'darkgrey'
15.9232 	EXP 	blk4: lineColor = 'darkgrey'
15.9232 	EXP 	blk4: color = 'darkgrey'
15.9232 	EXP 	blk5: fillColor = 'darkgrey'
15.9232 	EXP 	blk5: lineColor = 'darkgrey'
15.9232 	EXP 	blk5: color = 'darkgrey'
15.9400 	EXP 	blk3: fillColor = 'darkgrey'
15.9400 	EXP 	blk3: lineColor = 'darkgrey'
15.9400 	EXP 	blk3: color = 'darkgrey'
15.9400 	EXP 	blk2: fillColor = 'darkgrey'
15.9400 	EXP 	blk2: lineColor = 'darkgrey'
15.9400 	EXP 	blk2: color = 'darkgrey'
15.9400 	EXP 	blk4: fillColor = 'darkgrey'
15.9400 	EXP 	blk4: lineColor = 'darkgrey'
15.9400 	EXP 	blk4: color = 'darkgrey'
15.9400 	EXP 	blk5: fillColor = 'darkgrey'
15.9400 	EXP 	blk5: lineColor = 'darkgrey'
15.9400 	EXP 	blk5: color = 'darkgrey'
15.9567 	EXP 	blk3: fillColor = 'darkgrey'
15.9567 	EXP 	blk3: lineColor = 'darkgrey'
15.9567 	EXP 	blk3: color = 'darkgrey'
15.9567 	EXP 	blk2: fillColor = 'darkgrey'
15.9567 	EXP 	blk2: lineColor = 'darkgrey'
15.9567 	EXP 	blk2: color = 'darkgrey'
15.9567 	EXP 	blk4: fillColor = 'darkgrey'
15.9567 	EXP 	blk4: lineColor = 'darkgrey'
15.9567 	EXP 	blk4: color = 'darkgrey'
15.9567 	EXP 	blk5: fillColor = 'darkgrey'
15.9567 	EXP 	blk5: lineColor = 'darkgrey'
15.9567 	EXP 	blk5: color = 'darkgrey'
15.9734 	EXP 	blk3: fillColor = 'darkgrey'
15.9734 	EXP 	blk3: lineColor = 'darkgrey'
15.9734 	EXP 	blk3: color = 'darkgrey'
15.9734 	EXP 	blk2: fillColor = 'darkgrey'
15.9734 	EXP 	blk2: lineColor = 'darkgrey'
15.9734 	EXP 	blk2: color = 'darkgrey'
15.9734 	EXP 	blk4: fillColor = 'darkgrey'
15.9734 	EXP 	blk4: lineColor = 'darkgrey'
15.9734 	EXP 	blk4: color = 'darkgrey'
15.9734 	EXP 	blk5: fillColor = 'darkgrey'
15.9734 	EXP 	blk5: lineColor = 'darkgrey'
15.9734 	EXP 	blk5: color = 'darkgrey'
15.9900 	EXP 	blk3: fillColor = 'darkgrey'
15.9900 	EXP 	blk3: lineColor = 'darkgrey'
15.9900 	EXP 	blk3: color = 'darkgrey'
15.9900 	EXP 	blk2: fillColor = 'darkgrey'
15.9900 	EXP 	blk2: lineColor = 'darkgrey'
15.9900 	EXP 	blk2: color = 'darkgrey'
15.9900 	EXP 	blk4: fillColor = 'darkgrey'
15.9900 	EXP 	blk4: lineColor = 'darkgrey'
15.9900 	EXP 	blk4: color = 'darkgrey'
15.9900 	EXP 	blk5: fillColor = 'darkgrey'
15.9900 	EXP 	blk5: lineColor = 'darkgrey'
15.9900 	EXP 	blk5: color = 'darkgrey'
16.0067 	EXP 	blk3: fillColor = 'darkgrey'
16.0067 	EXP 	blk3: lineColor = 'darkgrey'
16.0067 	EXP 	blk3: color = 'darkgrey'
16.0067 	EXP 	blk2: fillColor = 'darkgrey'
16.0067 	EXP 	blk2: lineColor = 'darkgrey'
16.0067 	EXP 	blk2: color = 'darkgrey'
16.0067 	EXP 	blk4: fillColor = 'darkgrey'
16.0067 	EXP 	blk4: lineColor = 'darkgrey'
16.0067 	EXP 	blk4: color = 'darkgrey'
16.0067 	EXP 	blk5: fillColor = 'darkgrey'
16.0067 	EXP 	blk5: lineColor = 'darkgrey'
16.0067 	EXP 	blk5: color = 'darkgrey'
16.0235 	EXP 	blk3: fillColor = 'darkgrey'
16.0235 	EXP 	blk3: lineColor = 'darkgrey'
16.0235 	EXP 	blk3: color = 'darkgrey'
16.0235 	EXP 	blk2: fillColor = 'darkgrey'
16.0235 	EXP 	blk2: lineColor = 'darkgrey'
16.0235 	EXP 	blk2: color = 'darkgrey'
16.0235 	EXP 	blk4: fillColor = 'darkgrey'
16.0235 	EXP 	blk4: lineColor = 'darkgrey'
16.0235 	EXP 	blk4: color = 'darkgrey'
16.0235 	EXP 	blk5: fillColor = 'darkgrey'
16.0235 	EXP 	blk5: lineColor = 'darkgrey'
16.0235 	EXP 	blk5: color = 'darkgrey'
16.0401 	EXP 	blk3: fillColor = 'darkgrey'
16.0401 	EXP 	blk3: lineColor = 'darkgrey'
16.0401 	EXP 	blk3: color = 'darkgrey'
16.0401 	EXP 	blk2: fillColor = 'darkgrey'
16.0401 	EXP 	blk2: lineColor = 'darkgrey'
16.0401 	EXP 	blk2: color = 'darkgrey'
16.0401 	EXP 	blk4: fillColor = 'darkgrey'
16.0401 	EXP 	blk4: lineColor = 'darkgrey'
16.0401 	EXP 	blk4: color = 'darkgrey'
16.0401 	EXP 	blk5: fillColor = 'darkgrey'
16.0401 	EXP 	blk5: lineColor = 'darkgrey'
16.0401 	EXP 	blk5: color = 'darkgrey'
16.0567 	EXP 	blk3: fillColor = 'darkgrey'
16.0567 	EXP 	blk3: lineColor = 'darkgrey'
16.0567 	EXP 	blk3: color = 'darkgrey'
16.0567 	EXP 	blk2: fillColor = 'darkgrey'
16.0567 	EXP 	blk2: lineColor = 'darkgrey'
16.0567 	EXP 	blk2: color = 'darkgrey'
16.0567 	EXP 	blk4: fillColor = 'darkgrey'
16.0567 	EXP 	blk4: lineColor = 'darkgrey'
16.0567 	EXP 	blk4: color = 'darkgrey'
16.0567 	EXP 	blk5: fillColor = 'darkgrey'
16.0567 	EXP 	blk5: lineColor = 'darkgrey'
16.0567 	EXP 	blk5: color = 'darkgrey'
16.0735 	EXP 	blk3: fillColor = 'darkgrey'
16.0735 	EXP 	blk3: lineColor = 'darkgrey'
16.0735 	EXP 	blk3: color = 'darkgrey'
16.0735 	EXP 	blk2: fillColor = 'darkgrey'
16.0735 	EXP 	blk2: lineColor = 'darkgrey'
16.0735 	EXP 	blk2: color = 'darkgrey'
16.0735 	EXP 	blk4: fillColor = 'darkgrey'
16.0735 	EXP 	blk4: lineColor = 'darkgrey'
16.0735 	EXP 	blk4: color = 'darkgrey'
16.0735 	EXP 	blk5: fillColor = 'darkgrey'
16.0735 	EXP 	blk5: lineColor = 'darkgrey'
16.0735 	EXP 	blk5: color = 'darkgrey'
16.1074 	EXP 	blk3: fillColor = 'darkgrey'
16.1074 	EXP 	blk3: lineColor = 'darkgrey'
16.1074 	EXP 	blk3: color = 'darkgrey'
16.1074 	EXP 	blk2: fillColor = 'darkgrey'
16.1074 	EXP 	blk2: lineColor = 'darkgrey'
16.1074 	EXP 	blk2: color = 'darkgrey'
16.1074 	EXP 	blk4: fillColor = 'darkgrey'
16.1074 	EXP 	blk4: lineColor = 'darkgrey'
16.1074 	EXP 	blk4: color = 'darkgrey'
16.1074 	EXP 	blk5: fillColor = 'darkgrey'
16.1074 	EXP 	blk5: lineColor = 'darkgrey'
16.1074 	EXP 	blk5: color = 'darkgrey'
16.1235 	EXP 	blk3: fillColor = 'darkgrey'
16.1235 	EXP 	blk3: lineColor = 'darkgrey'
16.1235 	EXP 	blk3: color = 'darkgrey'
16.1235 	EXP 	blk2: fillColor = 'darkgrey'
16.1235 	EXP 	blk2: lineColor = 'darkgrey'
16.1235 	EXP 	blk2: color = 'darkgrey'
16.1235 	EXP 	blk4: fillColor = 'darkgrey'
16.1235 	EXP 	blk4: lineColor = 'darkgrey'
16.1235 	EXP 	blk4: color = 'darkgrey'
16.1235 	EXP 	blk5: fillColor = 'darkgrey'
16.1235 	EXP 	blk5: lineColor = 'darkgrey'
16.1235 	EXP 	blk5: color = 'darkgrey'
16.1402 	EXP 	blk3: fillColor = 'darkgrey'
16.1402 	EXP 	blk3: lineColor = 'darkgrey'
16.1402 	EXP 	blk3: color = 'darkgrey'
16.1402 	EXP 	blk2: fillColor = 'darkgrey'
16.1402 	EXP 	blk2: lineColor = 'darkgrey'
16.1402 	EXP 	blk2: color = 'darkgrey'
16.1402 	EXP 	blk4: fillColor = 'darkgrey'
16.1402 	EXP 	blk4: lineColor = 'darkgrey'
16.1402 	EXP 	blk4: color = 'darkgrey'
16.1402 	EXP 	blk5: fillColor = 'darkgrey'
16.1402 	EXP 	blk5: lineColor = 'darkgrey'
16.1402 	EXP 	blk5: color = 'darkgrey'
16.1568 	EXP 	blk3: fillColor = 'darkgrey'
16.1568 	EXP 	blk3: lineColor = 'darkgrey'
16.1568 	EXP 	blk3: color = 'darkgrey'
16.1568 	EXP 	blk2: fillColor = 'darkgrey'
16.1568 	EXP 	blk2: lineColor = 'darkgrey'
16.1568 	EXP 	blk2: color = 'darkgrey'
16.1568 	EXP 	blk4: fillColor = 'darkgrey'
16.1568 	EXP 	blk4: lineColor = 'darkgrey'
16.1568 	EXP 	blk4: color = 'darkgrey'
16.1568 	EXP 	blk5: fillColor = 'darkgrey'
16.1568 	EXP 	blk5: lineColor = 'darkgrey'
16.1568 	EXP 	blk5: color = 'darkgrey'
16.1734 	EXP 	blk3: fillColor = 'darkgrey'
16.1734 	EXP 	blk3: lineColor = 'darkgrey'
16.1734 	EXP 	blk3: color = 'darkgrey'
16.1734 	EXP 	blk2: fillColor = 'darkgrey'
16.1734 	EXP 	blk2: lineColor = 'darkgrey'
16.1734 	EXP 	blk2: color = 'darkgrey'
16.1734 	EXP 	blk4: fillColor = 'darkgrey'
16.1734 	EXP 	blk4: lineColor = 'darkgrey'
16.1734 	EXP 	blk4: color = 'darkgrey'
16.1734 	EXP 	blk5: fillColor = 'darkgrey'
16.1734 	EXP 	blk5: lineColor = 'darkgrey'
16.1734 	EXP 	blk5: color = 'darkgrey'
16.1903 	EXP 	blk3: fillColor = 'darkgrey'
16.1903 	EXP 	blk3: lineColor = 'darkgrey'
16.1903 	EXP 	blk3: color = 'darkgrey'
16.1903 	EXP 	blk2: fillColor = 'darkgrey'
16.1903 	EXP 	blk2: lineColor = 'darkgrey'
16.1903 	EXP 	blk2: color = 'darkgrey'
16.1903 	EXP 	blk4: fillColor = 'darkgrey'
16.1903 	EXP 	blk4: lineColor = 'darkgrey'
16.1903 	EXP 	blk4: color = 'darkgrey'
16.1903 	EXP 	blk5: fillColor = 'darkgrey'
16.1903 	EXP 	blk5: lineColor = 'darkgrey'
16.1903 	EXP 	blk5: color = 'darkgrey'
16.2070 	EXP 	blk3: fillColor = 'darkgrey'
16.2070 	EXP 	blk3: lineColor = 'darkgrey'
16.2070 	EXP 	blk3: color = 'darkgrey'
16.2070 	EXP 	blk2: fillColor = 'darkgrey'
16.2070 	EXP 	blk2: lineColor = 'darkgrey'
16.2070 	EXP 	blk2: color = 'darkgrey'
16.2070 	EXP 	blk4: fillColor = 'darkgrey'
16.2070 	EXP 	blk4: lineColor = 'darkgrey'
16.2070 	EXP 	blk4: color = 'darkgrey'
16.2070 	EXP 	blk5: fillColor = 'darkgrey'
16.2070 	EXP 	blk5: lineColor = 'darkgrey'
16.2070 	EXP 	blk5: color = 'darkgrey'
16.2237 	EXP 	blk3: fillColor = 'darkgrey'
16.2237 	EXP 	blk3: lineColor = 'darkgrey'
16.2237 	EXP 	blk3: color = 'darkgrey'
16.2237 	EXP 	blk2: fillColor = 'darkgrey'
16.2237 	EXP 	blk2: lineColor = 'darkgrey'
16.2237 	EXP 	blk2: color = 'darkgrey'
16.2237 	EXP 	blk4: fillColor = 'darkgrey'
16.2237 	EXP 	blk4: lineColor = 'darkgrey'
16.2237 	EXP 	blk4: color = 'darkgrey'
16.2237 	EXP 	blk5: fillColor = 'darkgrey'
16.2237 	EXP 	blk5: lineColor = 'darkgrey'
16.2237 	EXP 	blk5: color = 'darkgrey'
16.2405 	EXP 	blk3: fillColor = 'darkgrey'
16.2405 	EXP 	blk3: lineColor = 'darkgrey'
16.2405 	EXP 	blk3: color = 'darkgrey'
16.2405 	EXP 	blk2: fillColor = 'darkgrey'
16.2405 	EXP 	blk2: lineColor = 'darkgrey'
16.2405 	EXP 	blk2: color = 'darkgrey'
16.2405 	EXP 	blk4: fillColor = 'darkgrey'
16.2405 	EXP 	blk4: lineColor = 'darkgrey'
16.2405 	EXP 	blk4: color = 'darkgrey'
16.2405 	EXP 	blk5: fillColor = 'darkgrey'
16.2405 	EXP 	blk5: lineColor = 'darkgrey'
16.2405 	EXP 	blk5: color = 'darkgrey'
16.2572 	EXP 	blk3: fillColor = 'darkgrey'
16.2572 	EXP 	blk3: lineColor = 'darkgrey'
16.2572 	EXP 	blk3: color = 'darkgrey'
16.2572 	EXP 	blk2: fillColor = 'darkgrey'
16.2572 	EXP 	blk2: lineColor = 'darkgrey'
16.2572 	EXP 	blk2: color = 'darkgrey'
16.2572 	EXP 	blk4: fillColor = 'darkgrey'
16.2572 	EXP 	blk4: lineColor = 'darkgrey'
16.2572 	EXP 	blk4: color = 'darkgrey'
16.2572 	EXP 	blk5: fillColor = 'darkgrey'
16.2572 	EXP 	blk5: lineColor = 'darkgrey'
16.2572 	EXP 	blk5: color = 'darkgrey'
16.2739 	EXP 	blk3: fillColor = 'darkgrey'
16.2739 	EXP 	blk3: lineColor = 'darkgrey'
16.2739 	EXP 	blk3: color = 'darkgrey'
16.2739 	EXP 	blk2: fillColor = 'darkgrey'
16.2739 	EXP 	blk2: lineColor = 'darkgrey'
16.2739 	EXP 	blk2: color = 'darkgrey'
16.2739 	EXP 	blk4: fillColor = 'darkgrey'
16.2739 	EXP 	blk4: lineColor = 'darkgrey'
16.2739 	EXP 	blk4: color = 'darkgrey'
16.2739 	EXP 	blk5: fillColor = 'darkgrey'
16.2739 	EXP 	blk5: lineColor = 'darkgrey'
16.2739 	EXP 	blk5: color = 'darkgrey'
16.2902 	EXP 	blk3: fillColor = 'darkgrey'
16.2902 	EXP 	blk3: lineColor = 'darkgrey'
16.2902 	EXP 	blk3: color = 'darkgrey'
16.2902 	EXP 	blk2: fillColor = 'darkgrey'
16.2902 	EXP 	blk2: lineColor = 'darkgrey'
16.2902 	EXP 	blk2: color = 'darkgrey'
16.2902 	EXP 	blk4: fillColor = 'darkgrey'
16.2902 	EXP 	blk4: lineColor = 'darkgrey'
16.2902 	EXP 	blk4: color = 'darkgrey'
16.2902 	EXP 	blk5: fillColor = 'darkgrey'
16.2902 	EXP 	blk5: lineColor = 'darkgrey'
16.2902 	EXP 	blk5: color = 'darkgrey'
16.3070 	EXP 	blk3: fillColor = 'darkgrey'
16.3070 	EXP 	blk3: lineColor = 'darkgrey'
16.3070 	EXP 	blk3: color = 'darkgrey'
16.3070 	EXP 	blk2: fillColor = 'darkgrey'
16.3070 	EXP 	blk2: lineColor = 'darkgrey'
16.3070 	EXP 	blk2: color = 'darkgrey'
16.3070 	EXP 	blk4: fillColor = 'darkgrey'
16.3070 	EXP 	blk4: lineColor = 'darkgrey'
16.3070 	EXP 	blk4: color = 'darkgrey'
16.3070 	EXP 	blk5: fillColor = 'darkgrey'
16.3070 	EXP 	blk5: lineColor = 'darkgrey'
16.3070 	EXP 	blk5: color = 'darkgrey'
16.3236 	EXP 	blk3: fillColor = 'darkgrey'
16.3236 	EXP 	blk3: lineColor = 'darkgrey'
16.3236 	EXP 	blk3: color = 'darkgrey'
16.3236 	EXP 	blk2: fillColor = 'darkgrey'
16.3236 	EXP 	blk2: lineColor = 'darkgrey'
16.3236 	EXP 	blk2: color = 'darkgrey'
16.3236 	EXP 	blk4: fillColor = 'darkgrey'
16.3236 	EXP 	blk4: lineColor = 'darkgrey'
16.3236 	EXP 	blk4: color = 'darkgrey'
16.3236 	EXP 	blk5: fillColor = 'darkgrey'
16.3236 	EXP 	blk5: lineColor = 'darkgrey'
16.3236 	EXP 	blk5: color = 'darkgrey'
16.3406 	EXP 	blk3: fillColor = 'darkgrey'
16.3406 	EXP 	blk3: lineColor = 'darkgrey'
16.3406 	EXP 	blk3: color = 'darkgrey'
16.3406 	EXP 	blk2: fillColor = 'darkgrey'
16.3406 	EXP 	blk2: lineColor = 'darkgrey'
16.3406 	EXP 	blk2: color = 'darkgrey'
16.3406 	EXP 	blk4: fillColor = 'darkgrey'
16.3406 	EXP 	blk4: lineColor = 'darkgrey'
16.3406 	EXP 	blk4: color = 'darkgrey'
16.3406 	EXP 	blk5: fillColor = 'darkgrey'
16.3406 	EXP 	blk5: lineColor = 'darkgrey'
16.3406 	EXP 	blk5: color = 'darkgrey'
16.3571 	EXP 	blk3: fillColor = 'darkgrey'
16.3571 	EXP 	blk3: lineColor = 'darkgrey'
16.3571 	EXP 	blk3: color = 'darkgrey'
16.3571 	EXP 	blk2: fillColor = 'darkgrey'
16.3571 	EXP 	blk2: lineColor = 'darkgrey'
16.3571 	EXP 	blk2: color = 'darkgrey'
16.3571 	EXP 	blk4: fillColor = 'darkgrey'
16.3571 	EXP 	blk4: lineColor = 'darkgrey'
16.3571 	EXP 	blk4: color = 'darkgrey'
16.3571 	EXP 	blk5: fillColor = 'darkgrey'
16.3571 	EXP 	blk5: lineColor = 'darkgrey'
16.3571 	EXP 	blk5: color = 'darkgrey'
16.3738 	EXP 	blk3: fillColor = 'darkgrey'
16.3738 	EXP 	blk3: lineColor = 'darkgrey'
16.3738 	EXP 	blk3: color = 'darkgrey'
16.3738 	EXP 	blk2: fillColor = 'darkgrey'
16.3738 	EXP 	blk2: lineColor = 'darkgrey'
16.3738 	EXP 	blk2: color = 'darkgrey'
16.3738 	EXP 	blk4: fillColor = 'darkgrey'
16.3738 	EXP 	blk4: lineColor = 'darkgrey'
16.3738 	EXP 	blk4: color = 'darkgrey'
16.3738 	EXP 	blk5: fillColor = 'darkgrey'
16.3738 	EXP 	blk5: lineColor = 'darkgrey'
16.3738 	EXP 	blk5: color = 'darkgrey'
16.3904 	EXP 	blk3: fillColor = 'darkgrey'
16.3904 	EXP 	blk3: lineColor = 'darkgrey'
16.3904 	EXP 	blk3: color = 'darkgrey'
16.3904 	EXP 	blk2: fillColor = 'darkgrey'
16.3904 	EXP 	blk2: lineColor = 'darkgrey'
16.3904 	EXP 	blk2: color = 'darkgrey'
16.3904 	EXP 	blk4: fillColor = 'darkgrey'
16.3904 	EXP 	blk4: lineColor = 'darkgrey'
16.3904 	EXP 	blk4: color = 'darkgrey'
16.3904 	EXP 	blk5: fillColor = 'darkgrey'
16.3904 	EXP 	blk5: lineColor = 'darkgrey'
16.3904 	EXP 	blk5: color = 'darkgrey'
16.4072 	EXP 	blk3: fillColor = 'darkgrey'
16.4072 	EXP 	blk3: lineColor = 'darkgrey'
16.4072 	EXP 	blk3: color = 'darkgrey'
16.4072 	EXP 	blk2: fillColor = 'darkgrey'
16.4072 	EXP 	blk2: lineColor = 'darkgrey'
16.4072 	EXP 	blk2: color = 'darkgrey'
16.4072 	EXP 	blk4: fillColor = 'darkgrey'
16.4072 	EXP 	blk4: lineColor = 'darkgrey'
16.4072 	EXP 	blk4: color = 'darkgrey'
16.4072 	EXP 	blk5: fillColor = 'darkgrey'
16.4072 	EXP 	blk5: lineColor = 'darkgrey'
16.4072 	EXP 	blk5: color = 'darkgrey'
16.4238 	EXP 	blk3: fillColor = 'darkgrey'
16.4238 	EXP 	blk3: lineColor = 'darkgrey'
16.4238 	EXP 	blk3: color = 'darkgrey'
16.4238 	EXP 	blk2: fillColor = 'darkgrey'
16.4238 	EXP 	blk2: lineColor = 'darkgrey'
16.4238 	EXP 	blk2: color = 'darkgrey'
16.4238 	EXP 	blk4: fillColor = 'darkgrey'
16.4238 	EXP 	blk4: lineColor = 'darkgrey'
16.4238 	EXP 	blk4: color = 'darkgrey'
16.4238 	EXP 	blk5: fillColor = 'darkgrey'
16.4238 	EXP 	blk5: lineColor = 'darkgrey'
16.4238 	EXP 	blk5: color = 'darkgrey'
16.4403 	EXP 	blk3: fillColor = 'darkgrey'
16.4403 	EXP 	blk3: lineColor = 'darkgrey'
16.4403 	EXP 	blk3: color = 'darkgrey'
16.4403 	EXP 	blk2: fillColor = 'darkgrey'
16.4403 	EXP 	blk2: lineColor = 'darkgrey'
16.4403 	EXP 	blk2: color = 'darkgrey'
16.4403 	EXP 	blk4: fillColor = 'darkgrey'
16.4403 	EXP 	blk4: lineColor = 'darkgrey'
16.4403 	EXP 	blk4: color = 'darkgrey'
16.4403 	EXP 	blk5: fillColor = 'darkgrey'
16.4403 	EXP 	blk5: lineColor = 'darkgrey'
16.4403 	EXP 	blk5: color = 'darkgrey'
16.4409 	DATA 	Mouse: Left button down, pos=(1140,548)
16.4572 	EXP 	blk3: fillColor = 'darkgrey'
16.4572 	EXP 	blk3: lineColor = 'darkgrey'
16.4572 	EXP 	blk3: color = 'darkgrey'
16.4572 	EXP 	blk2: fillColor = 'darkgrey'
16.4572 	EXP 	blk2: lineColor = 'darkgrey'
16.4572 	EXP 	blk2: color = 'darkgrey'
16.4572 	EXP 	blk4: fillColor = 'darkgrey'
16.4572 	EXP 	blk4: lineColor = 'darkgrey'
16.4572 	EXP 	blk4: color = 'darkgrey'
16.4572 	EXP 	blk5: fillColor = 'darkgrey'
16.4572 	EXP 	blk5: lineColor = 'darkgrey'
16.4572 	EXP 	blk5: color = 'darkgrey'
16.4741 	EXP 	blk3: fillColor = 'darkgrey'
16.4741 	EXP 	blk3: lineColor = 'darkgrey'
16.4741 	EXP 	blk3: color = 'darkgrey'
16.4741 	EXP 	blk2: fillColor = 'darkgrey'
16.4741 	EXP 	blk2: lineColor = 'darkgrey'
16.4741 	EXP 	blk2: color = 'darkgrey'
16.4741 	EXP 	blk4: fillColor = 'darkgrey'
16.4741 	EXP 	blk4: lineColor = 'darkgrey'
16.4741 	EXP 	blk4: color = 'darkgrey'
16.4741 	EXP 	blk5: fillColor = 'darkgrey'
16.4741 	EXP 	blk5: lineColor = 'darkgrey'
16.4741 	EXP 	blk5: color = 'darkgrey'
16.4905 	EXP 	blk3: fillColor = 'darkgrey'
16.4905 	EXP 	blk3: lineColor = 'darkgrey'
16.4905 	EXP 	blk3: color = 'darkgrey'
16.4905 	EXP 	blk2: fillColor = 'darkgrey'
16.4905 	EXP 	blk2: lineColor = 'darkgrey'
16.4905 	EXP 	blk2: color = 'darkgrey'
16.4905 	EXP 	blk4: fillColor = 'darkgrey'
16.4905 	EXP 	blk4: lineColor = 'darkgrey'
16.4905 	EXP 	blk4: color = 'darkgrey'
16.4905 	EXP 	blk5: fillColor = 'darkgrey'
16.4905 	EXP 	blk5: lineColor = 'darkgrey'
16.4905 	EXP 	blk5: color = 'darkgrey'
16.5072 	EXP 	blk3: fillColor = 'darkgrey'
16.5072 	EXP 	blk3: lineColor = 'darkgrey'
16.5072 	EXP 	blk3: color = 'darkgrey'
16.5072 	EXP 	blk2: fillColor = 'darkgrey'
16.5072 	EXP 	blk2: lineColor = 'darkgrey'
16.5072 	EXP 	blk2: color = 'darkgrey'
16.5072 	EXP 	blk4: fillColor = 'darkgrey'
16.5072 	EXP 	blk4: lineColor = 'darkgrey'
16.5072 	EXP 	blk4: color = 'darkgrey'
16.5072 	EXP 	blk5: fillColor = 'darkgrey'
16.5072 	EXP 	blk5: lineColor = 'darkgrey'
16.5072 	EXP 	blk5: color = 'darkgrey'
16.5240 	EXP 	blk3: fillColor = 'darkgrey'
16.5240 	EXP 	blk3: lineColor = 'darkgrey'
16.5240 	EXP 	blk3: color = 'darkgrey'
16.5240 	EXP 	blk2: fillColor = 'darkgrey'
16.5240 	EXP 	blk2: lineColor = 'darkgrey'
16.5240 	EXP 	blk2: color = 'darkgrey'
16.5240 	EXP 	blk4: fillColor = 'darkgrey'
16.5240 	EXP 	blk4: lineColor = 'darkgrey'
16.5240 	EXP 	blk4: color = 'darkgrey'
16.5240 	EXP 	blk5: fillColor = 'darkgrey'
16.5240 	EXP 	blk5: lineColor = 'darkgrey'
16.5240 	EXP 	blk5: color = 'darkgrey'
16.5406 	EXP 	blk3: fillColor = 'darkgrey'
16.5406 	EXP 	blk3: lineColor = 'darkgrey'
16.5406 	EXP 	blk3: color = 'darkgrey'
16.5406 	EXP 	blk2: fillColor = 'darkgrey'
16.5406 	EXP 	blk2: lineColor = 'darkgrey'
16.5406 	EXP 	blk2: color = 'darkgrey'
16.5406 	EXP 	blk4: fillColor = 'darkgrey'
16.5406 	EXP 	blk4: lineColor = 'darkgrey'
16.5406 	EXP 	blk4: color = 'darkgrey'
16.5406 	EXP 	blk5: fillColor = 'darkgrey'
16.5406 	EXP 	blk5: lineColor = 'darkgrey'
16.5406 	EXP 	blk5: color = 'darkgrey'
16.5573 	EXP 	blk3: fillColor = 'darkgrey'
16.5573 	EXP 	blk3: lineColor = 'darkgrey'
16.5573 	EXP 	blk3: color = 'darkgrey'
16.5573 	EXP 	blk2: fillColor = 'darkgrey'
16.5573 	EXP 	blk2: lineColor = 'darkgrey'
16.5573 	EXP 	blk2: color = 'darkgrey'
16.5573 	EXP 	blk4: fillColor = 'darkgrey'
16.5573 	EXP 	blk4: lineColor = 'darkgrey'
16.5573 	EXP 	blk4: color = 'darkgrey'
16.5573 	EXP 	blk5: fillColor = 'darkgrey'
16.5573 	EXP 	blk5: lineColor = 'darkgrey'
16.5573 	EXP 	blk5: color = 'darkgrey'
16.5588 	DATA 	Mouse:  Left button up, pos=(1142,549)
16.5740 	EXP 	blk3: fillColor = 'darkgrey'
16.5740 	EXP 	blk3: lineColor = 'darkgrey'
16.5740 	EXP 	blk3: color = 'darkgrey'
16.5740 	EXP 	blk2: fillColor = 'darkgrey'
16.5740 	EXP 	blk2: lineColor = 'darkgrey'
16.5740 	EXP 	blk2: color = 'darkgrey'
16.5740 	EXP 	blk4: fillColor = 'darkgrey'
16.5740 	EXP 	blk4: lineColor = 'darkgrey'
16.5740 	EXP 	blk4: color = 'darkgrey'
16.5740 	EXP 	blk5: fillColor = 'darkgrey'
16.5740 	EXP 	blk5: lineColor = 'darkgrey'
16.5740 	EXP 	blk5: color = 'darkgrey'
16.5908 	EXP 	blk3: fillColor = 'darkgrey'
16.5908 	EXP 	blk3: lineColor = 'darkgrey'
16.5908 	EXP 	blk3: color = 'darkgrey'
16.5908 	EXP 	blk2: fillColor = 'darkgrey'
16.5908 	EXP 	blk2: lineColor = 'darkgrey'
16.5908 	EXP 	blk2: color = 'darkgrey'
16.5908 	EXP 	blk4: fillColor = 'darkgrey'
16.5908 	EXP 	blk4: lineColor = 'darkgrey'
16.5908 	EXP 	blk4: color = 'darkgrey'
16.5908 	EXP 	blk5: fillColor = 'darkgrey'
16.5908 	EXP 	blk5: lineColor = 'darkgrey'
16.5908 	EXP 	blk5: color = 'darkgrey'
16.6074 	EXP 	blk3: fillColor = 'darkgrey'
16.6074 	EXP 	blk3: lineColor = 'darkgrey'
16.6074 	EXP 	blk3: color = 'darkgrey'
16.6074 	EXP 	blk2: fillColor = 'darkgrey'
16.6074 	EXP 	blk2: lineColor = 'darkgrey'
16.6074 	EXP 	blk2: color = 'darkgrey'
16.6074 	EXP 	blk4: fillColor = 'darkgrey'
16.6074 	EXP 	blk4: lineColor = 'darkgrey'
16.6074 	EXP 	blk4: color = 'darkgrey'
16.6074 	EXP 	blk5: fillColor = 'darkgrey'
16.6074 	EXP 	blk5: lineColor = 'darkgrey'
16.6074 	EXP 	blk5: color = 'darkgrey'
16.6239 	EXP 	blk3: fillColor = 'darkgrey'
16.6239 	EXP 	blk3: lineColor = 'darkgrey'
16.6239 	EXP 	blk3: color = 'darkgrey'
16.6239 	EXP 	blk2: fillColor = 'darkgrey'
16.6239 	EXP 	blk2: lineColor = 'darkgrey'
16.6239 	EXP 	blk2: color = 'darkgrey'
16.6239 	EXP 	blk4: fillColor = 'darkgrey'
16.6239 	EXP 	blk4: lineColor = 'darkgrey'
16.6239 	EXP 	blk4: color = 'darkgrey'
16.6239 	EXP 	blk5: fillColor = 'darkgrey'
16.6239 	EXP 	blk5: lineColor = 'darkgrey'
16.6239 	EXP 	blk5: color = 'darkgrey'
16.6409 	EXP 	blk3: fillColor = 'darkgrey'
16.6409 	EXP 	blk3: lineColor = 'darkgrey'
16.6409 	EXP 	blk3: color = 'darkgrey'
16.6409 	EXP 	blk2: fillColor = 'darkgrey'
16.6409 	EXP 	blk2: lineColor = 'darkgrey'
16.6409 	EXP 	blk2: color = 'darkgrey'
16.6409 	EXP 	blk4: fillColor = 'darkgrey'
16.6409 	EXP 	blk4: lineColor = 'darkgrey'
16.6409 	EXP 	blk4: color = 'darkgrey'
16.6409 	EXP 	blk5: fillColor = 'darkgrey'
16.6409 	EXP 	blk5: lineColor = 'darkgrey'
16.6409 	EXP 	blk5: color = 'darkgrey'
16.6574 	EXP 	blk3: fillColor = 'darkgrey'
16.6574 	EXP 	blk3: lineColor = 'darkgrey'
16.6574 	EXP 	blk3: color = 'darkgrey'
16.6574 	EXP 	blk2: fillColor = 'darkgrey'
16.6574 	EXP 	blk2: lineColor = 'darkgrey'
16.6574 	EXP 	blk2: color = 'darkgrey'
16.6574 	EXP 	blk4: fillColor = 'darkgrey'
16.6574 	EXP 	blk4: lineColor = 'darkgrey'
16.6574 	EXP 	blk4: color = 'darkgrey'
16.6574 	EXP 	blk5: fillColor = 'darkgrey'
16.6574 	EXP 	blk5: lineColor = 'darkgrey'
16.6574 	EXP 	blk5: color = 'darkgrey'
16.6579 	DATA 	Mouse: Left button down, pos=(1167,521)
16.6740 	EXP 	blk3: fillColor = 'darkgrey'
16.6740 	EXP 	blk3: lineColor = 'darkgrey'
16.6740 	EXP 	blk3: color = 'darkgrey'
16.6740 	EXP 	blk2: fillColor = 'darkgrey'
16.6740 	EXP 	blk2: lineColor = 'darkgrey'
16.6740 	EXP 	blk2: color = 'darkgrey'
16.6740 	EXP 	blk4: fillColor = 'darkgrey'
16.6740 	EXP 	blk4: lineColor = 'darkgrey'
16.6740 	EXP 	blk4: color = 'darkgrey'
16.6740 	EXP 	blk5: fillColor = 'darkgrey'
16.6740 	EXP 	blk5: lineColor = 'darkgrey'
16.6740 	EXP 	blk5: color = 'darkgrey'
16.6907 	EXP 	blk3: fillColor = 'darkgrey'
16.6907 	EXP 	blk3: lineColor = 'darkgrey'
16.6907 	EXP 	blk3: color = 'darkgrey'
16.6907 	EXP 	blk2: fillColor = 'darkgrey'
16.6907 	EXP 	blk2: lineColor = 'darkgrey'
16.6907 	EXP 	blk2: color = 'darkgrey'
16.6907 	EXP 	blk4: fillColor = 'darkgrey'
16.6907 	EXP 	blk4: lineColor = 'darkgrey'
16.6907 	EXP 	blk4: color = 'darkgrey'
16.6907 	EXP 	blk5: fillColor = 'darkgrey'
16.6907 	EXP 	blk5: lineColor = 'darkgrey'
16.6907 	EXP 	blk5: color = 'darkgrey'
16.7074 	EXP 	blk3: fillColor = 'darkgrey'
16.7074 	EXP 	blk3: lineColor = 'darkgrey'
16.7074 	EXP 	blk3: color = 'darkgrey'
16.7074 	EXP 	blk2: fillColor = 'darkgrey'
16.7074 	EXP 	blk2: lineColor = 'darkgrey'
16.7074 	EXP 	blk2: color = 'darkgrey'
16.7074 	EXP 	blk4: fillColor = 'darkgrey'
16.7074 	EXP 	blk4: lineColor = 'darkgrey'
16.7074 	EXP 	blk4: color = 'darkgrey'
16.7074 	EXP 	blk5: fillColor = 'darkgrey'
16.7074 	EXP 	blk5: lineColor = 'darkgrey'
16.7074 	EXP 	blk5: color = 'darkgrey'
16.7242 	EXP 	blk3: fillColor = 'darkgrey'
16.7242 	EXP 	blk3: lineColor = 'darkgrey'
16.7242 	EXP 	blk3: color = 'darkgrey'
16.7242 	EXP 	blk2: fillColor = 'darkgrey'
16.7242 	EXP 	blk2: lineColor = 'darkgrey'
16.7242 	EXP 	blk2: color = 'darkgrey'
16.7242 	EXP 	blk4: fillColor = 'darkgrey'
16.7242 	EXP 	blk4: lineColor = 'darkgrey'
16.7242 	EXP 	blk4: color = 'darkgrey'
16.7242 	EXP 	blk5: fillColor = 'darkgrey'
16.7242 	EXP 	blk5: lineColor = 'darkgrey'
16.7242 	EXP 	blk5: color = 'darkgrey'
16.7408 	EXP 	blk3: fillColor = 'darkgrey'
16.7408 	EXP 	blk3: lineColor = 'darkgrey'
16.7408 	EXP 	blk3: color = 'darkgrey'
16.7408 	EXP 	blk2: fillColor = 'darkgrey'
16.7408 	EXP 	blk2: lineColor = 'darkgrey'
16.7408 	EXP 	blk2: color = 'darkgrey'
16.7408 	EXP 	blk4: fillColor = 'darkgrey'
16.7408 	EXP 	blk4: lineColor = 'darkgrey'
16.7408 	EXP 	blk4: color = 'darkgrey'
16.7408 	EXP 	blk5: fillColor = 'darkgrey'
16.7408 	EXP 	blk5: lineColor = 'darkgrey'
16.7408 	EXP 	blk5: color = 'darkgrey'
16.7575 	EXP 	blk3: fillColor = 'darkgrey'
16.7575 	EXP 	blk3: lineColor = 'darkgrey'
16.7575 	EXP 	blk3: color = 'darkgrey'
16.7575 	EXP 	blk2: fillColor = 'darkgrey'
16.7575 	EXP 	blk2: lineColor = 'darkgrey'
16.7575 	EXP 	blk2: color = 'darkgrey'
16.7575 	EXP 	blk4: fillColor = 'darkgrey'
16.7575 	EXP 	blk4: lineColor = 'darkgrey'
16.7575 	EXP 	blk4: color = 'darkgrey'
16.7575 	EXP 	blk5: fillColor = 'darkgrey'
16.7575 	EXP 	blk5: lineColor = 'darkgrey'
16.7575 	EXP 	blk5: color = 'darkgrey'
16.7743 	EXP 	blk3: fillColor = 'darkgrey'
16.7743 	EXP 	blk3: lineColor = 'darkgrey'
16.7743 	EXP 	blk3: color = 'darkgrey'
16.7743 	EXP 	blk2: fillColor = 'darkgrey'
16.7743 	EXP 	blk2: lineColor = 'darkgrey'
16.7743 	EXP 	blk2: color = 'darkgrey'
16.7743 	EXP 	blk4: fillColor = 'darkgrey'
16.7743 	EXP 	blk4: lineColor = 'darkgrey'
16.7743 	EXP 	blk4: color = 'darkgrey'
16.7743 	EXP 	blk5: fillColor = 'darkgrey'
16.7743 	EXP 	blk5: lineColor = 'darkgrey'
16.7743 	EXP 	blk5: color = 'darkgrey'
16.7909 	EXP 	blk3: fillColor = 'darkgrey'
16.7909 	EXP 	blk3: lineColor = 'darkgrey'
16.7909 	EXP 	blk3: color = 'darkgrey'
16.7909 	EXP 	blk2: fillColor = 'darkgrey'
16.7909 	EXP 	blk2: lineColor = 'darkgrey'
16.7909 	EXP 	blk2: color = 'darkgrey'
16.7909 	EXP 	blk4: fillColor = 'darkgrey'
16.7909 	EXP 	blk4: lineColor = 'darkgrey'
16.7909 	EXP 	blk4: color = 'darkgrey'
16.7909 	EXP 	blk5: fillColor = 'darkgrey'
16.7909 	EXP 	blk5: lineColor = 'darkgrey'
16.7909 	EXP 	blk5: color = 'darkgrey'
16.7914 	DATA 	Mouse:  Left button up, pos=(1181,513)
16.8074 	EXP 	blk3: fillColor = 'darkgrey'
16.8074 	EXP 	blk3: lineColor = 'darkgrey'
16.8074 	EXP 	blk3: color = 'darkgrey'
16.8074 	EXP 	blk2: fillColor = 'darkgrey'
16.8074 	EXP 	blk2: lineColor = 'darkgrey'
16.8074 	EXP 	blk2: color = 'darkgrey'
16.8074 	EXP 	blk4: fillColor = 'darkgrey'
16.8074 	EXP 	blk4: lineColor = 'darkgrey'
16.8074 	EXP 	blk4: color = 'darkgrey'
16.8074 	EXP 	blk5: fillColor = 'darkgrey'
16.8074 	EXP 	blk5: lineColor = 'darkgrey'
16.8074 	EXP 	blk5: color = 'darkgrey'
16.8242 	EXP 	blk3: fillColor = 'darkgrey'
16.8242 	EXP 	blk3: lineColor = 'darkgrey'
16.8242 	EXP 	blk3: color = 'darkgrey'
16.8242 	EXP 	blk2: fillColor = 'darkgrey'
16.8242 	EXP 	blk2: lineColor = 'darkgrey'
16.8242 	EXP 	blk2: color = 'darkgrey'
16.8242 	EXP 	blk4: fillColor = 'darkgrey'
16.8242 	EXP 	blk4: lineColor = 'darkgrey'
16.8242 	EXP 	blk4: color = 'darkgrey'
16.8242 	EXP 	blk5: fillColor = 'darkgrey'
16.8242 	EXP 	blk5: lineColor = 'darkgrey'
16.8242 	EXP 	blk5: color = 'darkgrey'
16.8409 	EXP 	blk3: fillColor = 'darkgrey'
16.8409 	EXP 	blk3: lineColor = 'darkgrey'
16.8409 	EXP 	blk3: color = 'darkgrey'
16.8409 	EXP 	blk2: fillColor = 'darkgrey'
16.8409 	EXP 	blk2: lineColor = 'darkgrey'
16.8409 	EXP 	blk2: color = 'darkgrey'
16.8409 	EXP 	blk4: fillColor = 'darkgrey'
16.8409 	EXP 	blk4: lineColor = 'darkgrey'
16.8409 	EXP 	blk4: color = 'darkgrey'
16.8409 	EXP 	blk5: fillColor = 'darkgrey'
16.8409 	EXP 	blk5: lineColor = 'darkgrey'
16.8409 	EXP 	blk5: color = 'darkgrey'
16.8578 	EXP 	blk3: fillColor = 'darkgrey'
16.8578 	EXP 	blk3: lineColor = 'darkgrey'
16.8578 	EXP 	blk3: color = 'darkgrey'
16.8578 	EXP 	blk2: fillColor = 'darkgrey'
16.8578 	EXP 	blk2: lineColor = 'darkgrey'
16.8578 	EXP 	blk2: color = 'darkgrey'
16.8578 	EXP 	blk4: fillColor = 'darkgrey'
16.8578 	EXP 	blk4: lineColor = 'darkgrey'
16.8578 	EXP 	blk4: color = 'darkgrey'
16.8578 	EXP 	blk5: fillColor = 'darkgrey'
16.8578 	EXP 	blk5: lineColor = 'darkgrey'
16.8578 	EXP 	blk5: color = 'darkgrey'
16.8743 	EXP 	blk3: fillColor = 'darkgrey'
16.8743 	EXP 	blk3: lineColor = 'darkgrey'
16.8743 	EXP 	blk3: color = 'darkgrey'
16.8743 	EXP 	blk2: fillColor = 'darkgrey'
16.8743 	EXP 	blk2: lineColor = 'darkgrey'
16.8743 	EXP 	blk2: color = 'darkgrey'
16.8743 	EXP 	blk4: fillColor = 'darkgrey'
16.8743 	EXP 	blk4: lineColor = 'darkgrey'
16.8743 	EXP 	blk4: color = 'darkgrey'
16.8743 	EXP 	blk5: fillColor = 'darkgrey'
16.8743 	EXP 	blk5: lineColor = 'darkgrey'
16.8743 	EXP 	blk5: color = 'darkgrey'
16.8910 	EXP 	blk3: fillColor = 'darkgrey'
16.8910 	EXP 	blk3: lineColor = 'darkgrey'
16.8910 	EXP 	blk3: color = 'darkgrey'
16.8910 	EXP 	blk2: fillColor = 'darkgrey'
16.8910 	EXP 	blk2: lineColor = 'darkgrey'
16.8910 	EXP 	blk2: color = 'darkgrey'
16.8910 	EXP 	blk4: fillColor = 'darkgrey'
16.8910 	EXP 	blk4: lineColor = 'darkgrey'
16.8910 	EXP 	blk4: color = 'darkgrey'
16.8910 	EXP 	blk5: fillColor = 'darkgrey'
16.8910 	EXP 	blk5: lineColor = 'darkgrey'
16.8910 	EXP 	blk5: color = 'darkgrey'
16.9077 	EXP 	blk3: fillColor = 'darkgrey'
16.9077 	EXP 	blk3: lineColor = 'darkgrey'
16.9077 	EXP 	blk3: color = 'darkgrey'
16.9077 	EXP 	blk2: fillColor = 'darkgrey'
16.9077 	EXP 	blk2: lineColor = 'darkgrey'
16.9077 	EXP 	blk2: color = 'darkgrey'
16.9077 	EXP 	blk4: fillColor = 'darkgrey'
16.9077 	EXP 	blk4: lineColor = 'darkgrey'
16.9077 	EXP 	blk4: color = 'darkgrey'
16.9077 	EXP 	blk5: fillColor = 'darkgrey'
16.9077 	EXP 	blk5: lineColor = 'darkgrey'
16.9077 	EXP 	blk5: color = 'darkgrey'
16.9082 	DATA 	Mouse: Left button down, pos=(1219,373)
16.9097 	EXP 	New trial (rep=2, index=0): OrderedDict([('sequence', ['blk1', 'blk2', 'blk3', 'blk4', 'blk5']), ('blockDuration', 0.5)])
16.9243 	EXP 	blk3: fillColor = 'darkgrey'
16.9243 	EXP 	blk3: lineColor = 'darkgrey'
16.9243 	EXP 	blk3: color = 'darkgrey'
16.9243 	EXP 	blk2: fillColor = 'darkgrey'
16.9243 	EXP 	blk2: lineColor = 'darkgrey'
16.9243 	EXP 	blk2: color = 'darkgrey'
16.9243 	EXP 	blk4: fillColor = 'darkgrey'
16.9243 	EXP 	blk4: lineColor = 'darkgrey'
16.9243 	EXP 	blk4: color = 'darkgrey'
16.9243 	EXP 	blk5: fillColor = 'darkgrey'
16.9243 	EXP 	blk5: lineColor = 'darkgrey'
16.9243 	EXP 	blk5: color = 'darkgrey'
16.9243 	EXP 	blk1: fillColor = 'darkgrey'
16.9243 	EXP 	blk1: lineColor = 'darkgrey'
16.9243 	EXP 	blk1: color = 'darkgrey'
16.9243 	EXP 	blk1: autoDraw = False
16.9243 	EXP 	blk2: autoDraw = False
16.9243 	EXP 	blk3: autoDraw = False
16.9243 	EXP 	blk4: autoDraw = False
16.9243 	EXP 	blk5: autoDraw = False
16.9243 	EXP 	blank: autoDraw = True
17.0252 	DATA 	Mouse:  Left button up, pos=(1219,373)
17.4250 	EXP 	blank: autoDraw = False
17.4250 	EXP 	blank: autoDraw = False
17.4250 	EXP 	blk1: pos = array([-0.03990229, -0.28383135])
17.4250 	EXP 	blk1: fillColor = 'white'
17.4250 	EXP 	blk1: lineColor = 'white'
17.4250 	EXP 	blk1: color = 'white'
17.4250 	EXP 	blk2: pos = array([-0.15373353, -0.26112217])
17.4250 	EXP 	blk2: fillColor = 'white'
17.4250 	EXP 	blk2: lineColor = 'white'
17.4250 	EXP 	blk2: color = 'white'
17.4250 	EXP 	blk3: pos = array([ 0.14181189, -0.11048803])
17.4250 	EXP 	blk3: fillColor = 'white'
17.4250 	EXP 	blk3: lineColor = 'white'
17.4250 	EXP 	blk3: color = 'white'
17.4250 	EXP 	blk4: pos = array([0.19476169, 0.28734109])
17.4250 	EXP 	blk4: fillColor = 'white'
17.4250 	EXP 	blk4: lineColor = 'white'
17.4250 	EXP 	blk4: color = 'white'
17.4250 	EXP 	blk5: pos = array([ 0.26633162, -0.07988832])
17.4250 	EXP 	blk5: fillColor = 'white'
17.4250 	EXP 	blk5: lineColor = 'white'
17.4250 	EXP 	blk5: color = 'white'
17.4250 	EXP 	blk1: autoDraw = True
17.4250 	EXP 	blk2: autoDraw = True
17.4250 	EXP 	blk3: autoDraw = True
17.4250 	EXP 	blk4: autoDraw = True
17.4250 	EXP 	blk5: autoDraw = True
17.9255 	EXP 	blk1: fillColor = 'red'
17.9255 	EXP 	blk1: lineColor = 'red'
17.9255 	EXP 	blk1: color = 'red'
18.4258 	EXP 	blk1: fillColor = 'white'
18.4258 	EXP 	blk1: lineColor = 'white'
18.4258 	EXP 	blk1: color = 'white'
18.4258 	EXP 	blk2: fillColor = 'red'
18.4258 	EXP 	blk2: lineColor = 'red'
18.4258 	EXP 	blk2: color = 'red'
18.5766 	DATA 	Keypress: escape
18.6361 	EXP 	window1: mouseVisible = True
