6.1218 	EXP 	Created window1 = Window(allowGUI=False, allowStencil=False, args=UNKNOWN, autoLog=True, bitsMode=UNKNOWN, blendMode='avg', color=array([0., 0., 0.]), colorSpace='rgb', fullscr=<method-wrapper '__getattribute__' of attributeSetter object at 0x14E78490>, gamma=None, kwargs=UNKNOWN, lms=UNKNOWN, monitor=<psychopy.monitors.calibTools.Monitor object at 0x165515F0>, multiSample=False, name='window1', numSamples=2, pos=[0.0, 0.0], screen=0, size=array([1920, 1080]), stereo=False, units='height', useFBO=True, useRetina=False, viewOri=0.0, viewPos=None, viewScale=None, waitBlanking=True, winType='pyglet')
6.1218 	EXP 	window1: recordFrameIntervals = False
6.2880 	EXP 	window1: recordFrameIntervals = True
6.4714 	EXP 	window1: recordFrameIntervals = False
6.5804 	EXP 	Created instrText = TextStim(__class__=<class 'psychopy.visual.text.TextStim'>, alignHoriz='center', alignVert='center', antialias=True, autoLog=True, bold=False, color='white', colorSpace='named', contrast=1.0, depth=0.0, flipHoriz=False, flipVert=False, font='Arial', fontFiles=[], height=0.05, italic=False, languageStyle='LTR', name='instrText', opacity=1.0, ori=0, pos=array([0., 0.]), rgb=array([255., 255., 255.]), text=str(...), units='height', win=Window(...), wrapWidth=1.5)
6.5980 	EXP 	Created blank = TextStim(__class__=<class 'psychopy.visual.text.TextStim'>, alignHoriz='center', alignVert='center', antialias=True, autoLog=True, bold=False, color='white', colorSpace='named', contrast=1.0, depth=0.0, flipHoriz=False, flipVert=False, font='Arial', fontFiles=[], height=0.2, italic=False, languageStyle='LTR', name='blank', opacity=1.0, ori=0, pos=array([0., 0.]), rgb=array([255., 255., 255.]), text='+', units='height', win=Window(...), wrapWidth=1)
6.6010 	EXP 	Created blk1 = Rect(__class__=<class 'psychopy.visual.rect.Rect'>, autoDraw=False, autoLog=True, closeShape=True, color=method-wrapper(...), colorSpace=None, contrast=1.0, depth=0.0, fillColor=array([1., 1., 1.]), fillColorSpace='rgb', fillRGB=array([1., 1., 1.]), interpolate=True, lineColor=array([1., 1., 1.]), lineColorSpace='rgb', lineRGB=array([1., 1., 1.]), lineWidth=1, name='blk1', opacity=1.0, ori=array(0.), pos=array([0., 0.]), size=array([1., 1.]), units='height', vertices=ndarray(...), win=Window(...))
6.6020 	EXP 	Created blk2 = Rect(__class__=<class 'psychopy.visual.rect.Rect'>, autoDraw=False, autoLog=True, closeShape=True, color=method-wrapper(...), colorSpace=None, contrast=1.0, depth=-1.0, fillColor=array([1., 1., 1.]), fillColorSpace='rgb', fillRGB=array([1., 1., 1.]), interpolate=True, lineColor=array([1., 1., 1.]), lineColorSpace='rgb', lineRGB=array([1., 1., 1.]), lineWidth=1, name='blk2', opacity=1.0, ori=array(0.), pos=array([0., 0.]), size=array([1., 1.]), units='height', vertices=ndarray(...), win=Window(...))
6.6030 	EXP 	Created blk3 = Rect(__class__=<class 'psychopy.visual.rect.Rect'>, autoDraw=False, autoLog=True, closeShape=True, color=method-wrapper(...), colorSpace=None, contrast=1.0, depth=-2.0, fillColor=array([1., 1., 1.]), fillColorSpace='rgb', fillRGB=array([1., 1., 1.]), interpolate=True, lineColor=array([1., 1., 1.]), lineColorSpace='rgb', lineRGB=array([1., 1., 1.]), lineWidth=1, name='blk3', opacity=1.0, ori=array(0.), pos=array([0., 0.]), size=array([1., 1.]), units='height', vertices=ndarray(...), win=Window(...))
6.6039 	EXP 	Created blk4 = Rect(__class__=<class 'psychopy.visual.rect.Rect'>, autoDraw=False, autoLog=True, closeShape=True, color=method-wrapper(...), colorSpace=None, contrast=1.0, depth=-3.0, fillColor=array([1., 1., 1.]), fillColorSpace='rgb', fillRGB=array([1., 1., 1.]), interpolate=True, lineColor=array([1., 1., 1.]), lineColorSpace='rgb', lineRGB=array([1., 1., 1.]), lineWidth=1, name='blk4', opacity=1.0, ori=array(0.), pos=array([0., 0.]), size=array([1., 1.]), units='height', vertices=ndarray(...), win=Window(...))
6.6049 	EXP 	Created blk5 = Rect(__class__=<class 'psychopy.visual.rect.Rect'>, autoDraw=False, autoLog=True, closeShape=True, color=method-wrapper(...), colorSpace=None, contrast=1.0, depth=-4.0, fillColor=array([1., 1., 1.]), fillColorSpace='rgb', fillRGB=array([1., 1., 1.]), interpolate=True, lineColor=array([1., 1., 1.]), lineColorSpace='rgb', lineRGB=array([1., 1., 1.]), lineWidth=1, name='blk5', opacity=1.0, ori=array(0.), pos=array([0., 0.]), size=array([1., 1.]), units='height', vertices=ndarray(...), win=Window(...))
6.6373 	EXP 	Created thanksText = TextStim(__class__=<class 'psychopy.visual.text.TextStim'>, alignHoriz='center', alignVert='center', antialias=True, autoLog=True, bold=False, color='white', colorSpace='named', contrast=1.0, depth=0.0, flipHoriz=False, flipVert=False, font='Arial', fontFiles=[], height=0.07, italic=False, languageStyle='LTR', name='thanksText', opacity=1.0, ori=0, pos=array([0., 0.]), rgb=array([255., 255., 255.]), text='Great! Thanks for your help!\n\nAll done!', units='height', win=Window(...), wrapWidth=1)
6.6440 	EXP 	instrText: autoDraw = True
7.2390 	DATA 	Mouse: Left button down, pos=(870,541)
7.4059 	DATA 	Mouse:  Left button up, pos=(870,541)
8.2914 	DATA 	Keypress: space
8.2916 	DATA 	Keypress: lctrl
8.2916 	DATA 	Keypress: ralt
8.3121 	EXP 	Imported conditions.xlsx as conditions, 1 conditions, 2 params
8.3123 	EXP 	Created sequence: random, trialTypes=1, nReps=5, seed=None
8.3126 	EXP 	New trial (rep=0, index=0): OrderedDict([('sequence', ['blk1', 'blk2', 'blk3', 'blk4', 'blk5']), ('blockDuration', 0.5)])
8.3181 	EXP 	instrText: autoDraw = False
8.3181 	EXP 	blank: autoDraw = True
8.8236 	EXP 	blank: autoDraw = False
8.8236 	EXP 	blk1: pos = array([ 0.02791403, -0.15066423])
8.8236 	EXP 	blk1: fillColor = 'white'
8.8236 	EXP 	blk1: lineColor = 'white'
8.8236 	EXP 	blk1: color = 'white'
8.8236 	EXP 	blk2: pos = array([ 0.21236237, -0.04409969])
8.8236 	EXP 	blk2: fillColor = 'white'
8.8236 	EXP 	blk2: lineColor = 'white'
8.8236 	EXP 	blk2: color = 'white'
8.8236 	EXP 	blk3: pos = array([-0.33724207, -0.11617449])
8.8236 	EXP 	blk3: fillColor = 'white'
8.8236 	EXP 	blk3: lineColor = 'white'
8.8236 	EXP 	blk3: color = 'white'
8.8236 	EXP 	blk4: pos = array([-0.0946267 ,  0.38362023])
8.8236 	EXP 	blk4: fillColor = 'white'
8.8236 	EXP 	blk4: lineColor = 'white'
8.8236 	EXP 	blk4: color = 'white'
8.8236 	EXP 	blk5: pos = array([-0.05535398,  0.00341794])
8.8236 	EXP 	blk5: fillColor = 'white'
8.8236 	EXP 	blk5: lineColor = 'white'
8.8236 	EXP 	blk5: color = 'white'
8.8236 	EXP 	blk1: autoDraw = True
8.8236 	EXP 	blk2: autoDraw = True
8.8236 	EXP 	blk3: autoDraw = True
8.8236 	EXP 	blk4: autoDraw = True
8.8236 	EXP 	blk5: autoDraw = True
9.3239 	EXP 	blk1: fillColor = 'red'
9.3239 	EXP 	blk1: lineColor = 'red'
9.3239 	EXP 	blk1: color = 'red'
9.8245 	EXP 	blk1: fillColor = 'white'
9.8245 	EXP 	blk1: lineColor = 'white'
9.8245 	EXP 	blk1: color = 'white'
9.8245 	EXP 	blk2: fillColor = 'red'
9.8245 	EXP 	blk2: lineColor = 'red'
9.8245 	EXP 	blk2: color = 'red'
10.3251 	EXP 	blk2: fillColor = 'white'
10.3251 	EXP 	blk2: lineColor = 'white'
10.3251 	EXP 	blk2: color = 'white'
10.3251 	EXP 	blk3: fillColor = 'red'
10.3251 	EXP 	blk3: lineColor = 'red'
10.3251 	EXP 	blk3: color = 'red'
10.8256 	EXP 	blk3: fillColor = 'white'
10.8256 	EXP 	blk3: lineColor = 'white'
10.8256 	EXP 	blk3: color = 'white'
10.8256 	EXP 	blk4: fillColor = 'red'
10.8256 	EXP 	blk4: lineColor = 'red'
10.8256 	EXP 	blk4: color = 'red'
11.3260 	EXP 	blk4: fillColor = 'white'
11.3260 	EXP 	blk4: lineColor = 'white'
11.3260 	EXP 	blk4: color = 'white'
11.3260 	EXP 	blk5: fillColor = 'red'
11.3260 	EXP 	blk5: lineColor = 'red'
11.3260 	EXP 	blk5: color = 'red'
11.8265 	EXP 	blk5: fillColor = 'white'
11.8265 	EXP 	blk5: lineColor = 'white'
11.8265 	EXP 	blk5: color = 'white'
12.0610 	DATA 	Mouse: Left button down, pos=(1019,361)
12.0627 	EXP 	New trial (rep=1, index=0): OrderedDict([('sequence', ['blk1', 'blk2', 'blk3', 'blk4', 'blk5']), ('blockDuration', 0.5)])
12.0770 	EXP 	blk1: fillColor = 'darkgrey'
12.0770 	EXP 	blk1: lineColor = 'darkgrey'
12.0770 	EXP 	blk1: color = 'darkgrey'
12.0770 	EXP 	blk1: autoDraw = False
12.0770 	EXP 	blk2: autoDraw = False
12.0770 	EXP 	blk3: autoDraw = False
12.0770 	EXP 	blk4: autoDraw = False
12.0770 	EXP 	blk5: autoDraw = False
12.0770 	EXP 	blank: autoDraw = True
12.1941 	DATA 	Mouse:  Left button up, pos=(1019,361)
12.5773 	EXP 	blank: autoDraw = False
12.5773 	EXP 	blank: autoDraw = False
12.5773 	EXP 	blk1: pos = array([ 0.27523151, -0.3376095 ])
12.5773 	EXP 	blk1: fillColor = 'white'
12.5773 	EXP 	blk1: lineColor = 'white'
12.5773 	EXP 	blk1: color = 'white'
12.5773 	EXP 	blk2: pos = array([0.25593658, 0.01053422])
12.5773 	EXP 	blk2: fillColor = 'white'
12.5773 	EXP 	blk2: lineColor = 'white'
12.5773 	EXP 	blk2: color = 'white'
12.5773 	EXP 	blk3: pos = array([ 0.24001378, -0.03459314])
12.5773 	EXP 	blk3: fillColor = 'white'
12.5773 	EXP 	blk3: lineColor = 'white'
12.5773 	EXP 	blk3: color = 'white'
12.5773 	EXP 	blk4: pos = array([ 0.13943281, -0.07298031])
12.5773 	EXP 	blk4: fillColor = 'white'
12.5773 	EXP 	blk4: lineColor = 'white'
12.5773 	EXP 	blk4: color = 'white'
12.5773 	EXP 	blk5: pos = array([-0.20681049, -0.07161512])
12.5773 	EXP 	blk5: fillColor = 'white'
12.5773 	EXP 	blk5: lineColor = 'white'
12.5773 	EXP 	blk5: color = 'white'
12.5773 	EXP 	blk1: autoDraw = True
12.5773 	EXP 	blk2: autoDraw = True
12.5773 	EXP 	blk3: autoDraw = True
12.5773 	EXP 	blk4: autoDraw = True
12.5773 	EXP 	blk5: autoDraw = True
13.0779 	EXP 	blk1: fillColor = 'red'
13.0779 	EXP 	blk1: lineColor = 'red'
13.0779 	EXP 	blk1: color = 'red'
13.5784 	EXP 	blk1: fillColor = 'white'
13.5784 	EXP 	blk1: lineColor = 'white'
13.5784 	EXP 	blk1: color = 'white'
13.5784 	EXP 	blk2: fillColor = 'red'
13.5784 	EXP 	blk2: lineColor = 'red'
13.5784 	EXP 	blk2: color = 'red'
13.6955 	DATA 	Keypress: escape
13.7341 	EXP 	window1: mouseVisible = True
4.1208 	EXP 	Created window1 = Window(allowGUI=False, allowStencil=False, args=UNKNOWN, autoLog=True, bitsMode=UNKNOWN, blendMode='avg', color=array([0., 0., 0.]), colorSpace='rgb', fullscr=<method-wrapper '__getattribute__' of attributeSetter object at 0x14F984D0>, gamma=None, kwargs=UNKNOWN, lms=UNKNOWN, monitor=<psychopy.monitors.calibTools.Monitor object at 0x16651630>, multiSample=False, name='window1', numSamples=2, pos=[0.0, 0.0], screen=0, size=array([1920, 1080]), stereo=False, units='height', useFBO=True, useRetina=False, viewOri=0.0, viewPos=None, viewScale=None, waitBlanking=True, winType='pyglet')
4.1209 	EXP 	window1: recordFrameIntervals = False
4.2874 	EXP 	window1: recordFrameIntervals = True
4.4708 	EXP 	window1: recordFrameIntervals = False
4.5854 	EXP 	Created instrText = TextStim(__class__=<class 'psychopy.visual.text.TextStim'>, alignHoriz='center', alignVert='center', antialias=True, autoLog=True, bold=False, color='white', colorSpace='named', contrast=1.0, depth=0.0, flipHoriz=False, flipVert=False, font='Arial', fontFiles=[], height=0.05, italic=False, languageStyle='LTR', name='instrText', opacity=1.0, ori=0, pos=array([0., 0.]), rgb=array([255., 255., 255.]), text=str(...), units='height', win=Window(...), wrapWidth=1.5)
4.6034 	EXP 	Created blank = TextStim(__class__=<class 'psychopy.visual.text.TextStim'>, alignHoriz='center', alignVert='center', antialias=True, autoLog=True, bold=False, color='white', colorSpace='named', contrast=1.0, depth=0.0, flipHoriz=False, flipVert=False, font='Arial', fontFiles=[], height=0.2, italic=False, languageStyle='LTR', name='blank', opacity=1.0, ori=0, pos=array([0., 0.]), rgb=array([255., 255., 255.]), text='+', units='height', win=Window(...), wrapWidth=1)
4.6067 	EXP 	Created blk1 = Rect(__class__=<class 'psychopy.visual.rect.Rect'>, autoDraw=False, autoLog=True, closeShape=True, color=method-wrapper(...), colorSpace=None, contrast=1.0, depth=0.0, fillColor=array([1., 1., 1.]), fillColorSpace='rgb', fillRGB=array([1., 1., 1.]), interpolate=True, lineColor=array([1., 1., 1.]), lineColorSpace='rgb', lineRGB=array([1., 1., 1.]), lineWidth=1, name='blk1', opacity=1.0, ori=array(0.), pos=array([0., 0.]), size=array([1., 1.]), units='height', vertices=ndarray(...), win=Window(...))
4.6077 	EXP 	Created blk2 = Rect(__class__=<class 'psychopy.visual.rect.Rect'>, autoDraw=False, autoLog=True, closeShape=True, color=method-wrapper(...), colorSpace=None, contrast=1.0, depth=-1.0, fillColor=array([1., 1., 1.]), fillColorSpace='rgb', fillRGB=array([1., 1., 1.]), interpolate=True, lineColor=array([1., 1., 1.]), lineColorSpace='rgb', lineRGB=array([1., 1., 1.]), lineWidth=1, name='blk2', opacity=1.0, ori=array(0.), pos=array([0., 0.]), size=array([1., 1.]), units='height', vertices=ndarray(...), win=Window(...))
4.6087 	EXP 	Created blk3 = Rect(__class__=<class 'psychopy.visual.rect.Rect'>, autoDraw=False, autoLog=True, closeShape=True, color=method-wrapper(...), colorSpace=None, contrast=1.0, depth=-2.0, fillColor=array([1., 1., 1.]), fillColorSpace='rgb', fillRGB=array([1., 1., 1.]), interpolate=True, lineColor=array([1., 1., 1.]), lineColorSpace='rgb', lineRGB=array([1., 1., 1.]), lineWidth=1, name='blk3', opacity=1.0, ori=array(0.), pos=array([0., 0.]), size=array([1., 1.]), units='height', vertices=ndarray(...), win=Window(...))
4.6096 	EXP 	Created blk4 = Rect(__class__=<class 'psychopy.visual.rect.Rect'>, autoDraw=False, autoLog=True, closeShape=True, color=method-wrapper(...), colorSpace=None, contrast=1.0, depth=-3.0, fillColor=array([1., 1., 1.]), fillColorSpace='rgb', fillRGB=array([1., 1., 1.]), interpolate=True, lineColor=array([1., 1., 1.]), lineColorSpace='rgb', lineRGB=array([1., 1., 1.]), lineWidth=1, name='blk4', opacity=1.0, ori=array(0.), pos=array([0., 0.]), size=array([1., 1.]), units='height', vertices=ndarray(...), win=Window(...))
4.6106 	EXP 	Created blk5 = Rect(__class__=<class 'psychopy.visual.rect.Rect'>, autoDraw=False, autoLog=True, closeShape=True, color=method-wrapper(...), colorSpace=None, contrast=1.0, depth=-4.0, fillColor=array([1., 1., 1.]), fillColorSpace='rgb', fillRGB=array([1., 1., 1.]), interpolate=True, lineColor=array([1., 1., 1.]), lineColorSpace='rgb', lineRGB=array([1., 1., 1.]), lineWidth=1, name='blk5', opacity=1.0, ori=array(0.), pos=array([0., 0.]), size=array([1., 1.]), units='height', vertices=ndarray(...), win=Window(...))
4.6426 	EXP 	Created thanksText = TextStim(__class__=<class 'psychopy.visual.text.TextStim'>, alignHoriz='center', alignVert='center', antialias=True, autoLog=True, bold=False, color='white', colorSpace='named', contrast=1.0, depth=0.0, flipHoriz=False, flipVert=False, font='Arial', fontFiles=[], height=0.07, italic=False, languageStyle='LTR', name='thanksText', opacity=1.0, ori=0, pos=array([0., 0.]), rgb=array([255., 255., 255.]), text='Great! Thanks for your help!\n\nAll done!', units='height', win=Window(...), wrapWidth=1)
4.6493 	EXP 	instrText: autoDraw = True
5.3900 	DATA 	Keypress: return
5.4388 	EXP 	Imported conditions.xlsx as conditions, 1 conditions, 2 params
5.4392 	EXP 	Created sequence: random, trialTypes=1, nReps=5, seed=None
5.4396 	EXP 	New trial (rep=0, index=0): OrderedDict([('sequence', ['blk1', 'blk2', 'blk3', 'blk4', 'blk5']), ('blockDuration', 0.5)])
5.4445 	EXP 	instrText: autoDraw = False
5.4445 	EXP 	blank: autoDraw = True
5.9386 	EXP 	blank: autoDraw = False
5.9386 	EXP 	blk1: pos = array([-0.32706195,  0.2924933 ])
5.9386 	EXP 	blk1: fillColor = 'white'
5.9386 	EXP 	blk1: lineColor = 'white'
5.9386 	EXP 	blk1: color = 'white'
5.9386 	EXP 	blk2: pos = array([0.34043736, 0.14943503])
5.9386 	EXP 	blk2: fillColor = 'white'
5.9386 	EXP 	blk2: lineColor = 'white'
5.9386 	EXP 	blk2: color = 'white'
5.9386 	EXP 	blk3: pos = array([0.3238168 , 0.01051187])
5.9386 	EXP 	blk3: fillColor = 'white'
5.9386 	EXP 	blk3: lineColor = 'white'
5.9386 	EXP 	blk3: color = 'white'
5.9386 	EXP 	blk4: pos = array([ 0.25143139, -0.01478916])
5.9386 	EXP 	blk4: fillColor = 'white'
5.9386 	EXP 	blk4: lineColor = 'white'
5.9386 	EXP 	blk4: color = 'white'
5.9386 	EXP 	blk5: pos = array([-0.02633286,  0.10518644])
5.9386 	EXP 	blk5: fillColor = 'white'
5.9386 	EXP 	blk5: lineColor = 'white'
5.9386 	EXP 	blk5: color = 'white'
5.9386 	EXP 	blk1: autoDraw = True
5.9386 	EXP 	blk2: autoDraw = True
5.9386 	EXP 	blk3: autoDraw = True
5.9386 	EXP 	blk4: autoDraw = True
5.9386 	EXP 	blk5: autoDraw = True
6.4393 	EXP 	blk1: fillColor = 'red'
6.4393 	EXP 	blk1: lineColor = 'red'
6.4393 	EXP 	blk1: color = 'red'
6.9398 	EXP 	blk1: fillColor = 'white'
6.9398 	EXP 	blk1: lineColor = 'white'
6.9398 	EXP 	blk1: color = 'white'
6.9398 	EXP 	blk2: fillColor = 'red'
6.9398 	EXP 	blk2: lineColor = 'red'
6.9398 	EXP 	blk2: color = 'red'
7.4402 	EXP 	blk2: fillColor = 'white'
7.4402 	EXP 	blk2: lineColor = 'white'
7.4402 	EXP 	blk2: color = 'white'
7.4402 	EXP 	blk3: fillColor = 'red'
7.4402 	EXP 	blk3: lineColor = 'red'
7.4402 	EXP 	blk3: color = 'red'
7.9407 	EXP 	blk3: fillColor = 'white'
7.9407 	EXP 	blk3: lineColor = 'white'
7.9407 	EXP 	blk3: color = 'white'
7.9407 	EXP 	blk4: fillColor = 'red'
7.9407 	EXP 	blk4: lineColor = 'red'
7.9407 	EXP 	blk4: color = 'red'
8.4411 	EXP 	blk4: fillColor = 'white'
8.4411 	EXP 	blk4: lineColor = 'white'
8.4411 	EXP 	blk4: color = 'white'
8.4411 	EXP 	blk5: fillColor = 'red'
8.4411 	EXP 	blk5: lineColor = 'red'
8.4411 	EXP 	blk5: color = 'red'
8.9419 	EXP 	blk5: fillColor = 'white'
8.9419 	EXP 	blk5: lineColor = 'white'
8.9419 	EXP 	blk5: color = 'white'
9.7597 	DATA 	Mouse: Left button down, pos=(618,831)
9.7760 	EXP 	blk1: fillColor = 'darkgrey'
9.7760 	EXP 	blk1: lineColor = 'darkgrey'
9.7760 	EXP 	blk1: color = 'darkgrey'
9.7926 	EXP 	blk1: fillColor = 'darkgrey'
9.7926 	EXP 	blk1: lineColor = 'darkgrey'
9.7926 	EXP 	blk1: color = 'darkgrey'
9.8094 	EXP 	blk1: fillColor = 'darkgrey'
9.8094 	EXP 	blk1: lineColor = 'darkgrey'
9.8094 	EXP 	blk1: color = 'darkgrey'
9.8261 	EXP 	blk1: fillColor = 'darkgrey'
9.8261 	EXP 	blk1: lineColor = 'darkgrey'
9.8261 	EXP 	blk1: color = 'darkgrey'
9.8427 	EXP 	blk1: fillColor = 'darkgrey'
9.8427 	EXP 	blk1: lineColor = 'darkgrey'
9.8427 	EXP 	blk1: color = 'darkgrey'
9.8595 	EXP 	blk1: fillColor = 'darkgrey'
9.8595 	EXP 	blk1: lineColor = 'darkgrey'
9.8595 	EXP 	blk1: color = 'darkgrey'
9.8599 	DATA 	Mouse:  Left button up, pos=(618,831)
9.8761 	EXP 	blk1: fillColor = 'darkgrey'
9.8761 	EXP 	blk1: lineColor = 'darkgrey'
9.8761 	EXP 	blk1: color = 'darkgrey'
9.8927 	EXP 	blk1: fillColor = 'darkgrey'
9.8927 	EXP 	blk1: lineColor = 'darkgrey'
9.8927 	EXP 	blk1: color = 'darkgrey'
9.9093 	EXP 	blk1: fillColor = 'darkgrey'
9.9093 	EXP 	blk1: lineColor = 'darkgrey'
9.9093 	EXP 	blk1: color = 'darkgrey'
9.9260 	EXP 	blk1: fillColor = 'darkgrey'
9.9260 	EXP 	blk1: lineColor = 'darkgrey'
9.9260 	EXP 	blk1: color = 'darkgrey'
9.9427 	EXP 	blk1: fillColor = 'darkgrey'
9.9427 	EXP 	blk1: lineColor = 'darkgrey'
9.9427 	EXP 	blk1: color = 'darkgrey'
9.9595 	EXP 	blk1: fillColor = 'darkgrey'
9.9595 	EXP 	blk1: lineColor = 'darkgrey'
9.9595 	EXP 	blk1: color = 'darkgrey'
9.9760 	EXP 	blk1: fillColor = 'darkgrey'
9.9760 	EXP 	blk1: lineColor = 'darkgrey'
9.9760 	EXP 	blk1: color = 'darkgrey'
9.9927 	EXP 	blk1: fillColor = 'darkgrey'
9.9927 	EXP 	blk1: lineColor = 'darkgrey'
9.9927 	EXP 	blk1: color = 'darkgrey'
10.0096 	EXP 	blk1: fillColor = 'darkgrey'
10.0096 	EXP 	blk1: lineColor = 'darkgrey'
10.0096 	EXP 	blk1: color = 'darkgrey'
10.0263 	EXP 	blk1: fillColor = 'darkgrey'
10.0263 	EXP 	blk1: lineColor = 'darkgrey'
10.0263 	EXP 	blk1: color = 'darkgrey'
10.0428 	EXP 	blk1: fillColor = 'darkgrey'
10.0428 	EXP 	blk1: lineColor = 'darkgrey'
10.0428 	EXP 	blk1: color = 'darkgrey'
10.0594 	EXP 	blk1: fillColor = 'darkgrey'
10.0594 	EXP 	blk1: lineColor = 'darkgrey'
10.0594 	EXP 	blk1: color = 'darkgrey'
10.0763 	EXP 	blk1: fillColor = 'darkgrey'
10.0763 	EXP 	blk1: lineColor = 'darkgrey'
10.0763 	EXP 	blk1: color = 'darkgrey'
10.0932 	EXP 	blk1: fillColor = 'darkgrey'
10.0932 	EXP 	blk1: lineColor = 'darkgrey'
10.0932 	EXP 	blk1: color = 'darkgrey'
10.1094 	EXP 	blk1: fillColor = 'darkgrey'
10.1094 	EXP 	blk1: lineColor = 'darkgrey'
10.1094 	EXP 	blk1: color = 'darkgrey'
10.1263 	EXP 	blk1: fillColor = 'darkgrey'
10.1263 	EXP 	blk1: lineColor = 'darkgrey'
10.1263 	EXP 	blk1: color = 'darkgrey'
10.1430 	EXP 	blk1: fillColor = 'darkgrey'
10.1430 	EXP 	blk1: lineColor = 'darkgrey'
10.1430 	EXP 	blk1: color = 'darkgrey'
10.1596 	EXP 	blk1: fillColor = 'darkgrey'
10.1596 	EXP 	blk1: lineColor = 'darkgrey'
10.1596 	EXP 	blk1: color = 'darkgrey'
10.1766 	EXP 	blk1: fillColor = 'darkgrey'
10.1766 	EXP 	blk1: lineColor = 'darkgrey'
10.1766 	EXP 	blk1: color = 'darkgrey'
10.1933 	EXP 	blk1: fillColor = 'darkgrey'
10.1933 	EXP 	blk1: lineColor = 'darkgrey'
10.1933 	EXP 	blk1: color = 'darkgrey'
10.2099 	EXP 	blk1: fillColor = 'darkgrey'
10.2099 	EXP 	blk1: lineColor = 'darkgrey'
10.2099 	EXP 	blk1: color = 'darkgrey'
10.2266 	EXP 	blk1: fillColor = 'darkgrey'
10.2266 	EXP 	blk1: lineColor = 'darkgrey'
10.2266 	EXP 	blk1: color = 'darkgrey'
10.2432 	EXP 	blk1: fillColor = 'darkgrey'
10.2432 	EXP 	blk1: lineColor = 'darkgrey'
10.2432 	EXP 	blk1: color = 'darkgrey'
10.2596 	EXP 	blk1: fillColor = 'darkgrey'
10.2596 	EXP 	blk1: lineColor = 'darkgrey'
10.2596 	EXP 	blk1: color = 'darkgrey'
10.2764 	EXP 	blk1: fillColor = 'darkgrey'
10.2764 	EXP 	blk1: lineColor = 'darkgrey'
10.2764 	EXP 	blk1: color = 'darkgrey'
10.2932 	EXP 	blk1: fillColor = 'darkgrey'
10.2932 	EXP 	blk1: lineColor = 'darkgrey'
10.2932 	EXP 	blk1: color = 'darkgrey'
10.3099 	EXP 	blk1: fillColor = 'darkgrey'
10.3099 	EXP 	blk1: lineColor = 'darkgrey'
10.3099 	EXP 	blk1: color = 'darkgrey'
10.3266 	EXP 	blk1: fillColor = 'darkgrey'
10.3266 	EXP 	blk1: lineColor = 'darkgrey'
10.3266 	EXP 	blk1: color = 'darkgrey'
10.3435 	EXP 	blk1: fillColor = 'darkgrey'
10.3435 	EXP 	blk1: lineColor = 'darkgrey'
10.3435 	EXP 	blk1: color = 'darkgrey'
10.3600 	EXP 	blk1: fillColor = 'darkgrey'
10.3600 	EXP 	blk1: lineColor = 'darkgrey'
10.3600 	EXP 	blk1: color = 'darkgrey'
10.3766 	EXP 	blk1: fillColor = 'darkgrey'
10.3766 	EXP 	blk1: lineColor = 'darkgrey'
10.3766 	EXP 	blk1: color = 'darkgrey'
10.3934 	EXP 	blk1: fillColor = 'darkgrey'
10.3934 	EXP 	blk1: lineColor = 'darkgrey'
10.3934 	EXP 	blk1: color = 'darkgrey'
10.4099 	EXP 	blk1: fillColor = 'darkgrey'
10.4099 	EXP 	blk1: lineColor = 'darkgrey'
10.4099 	EXP 	blk1: color = 'darkgrey'
10.4265 	EXP 	blk1: fillColor = 'darkgrey'
10.4265 	EXP 	blk1: lineColor = 'darkgrey'
10.4265 	EXP 	blk1: color = 'darkgrey'
10.4433 	EXP 	blk1: fillColor = 'darkgrey'
10.4433 	EXP 	blk1: lineColor = 'darkgrey'
10.4433 	EXP 	blk1: color = 'darkgrey'
10.4600 	EXP 	blk1: fillColor = 'darkgrey'
10.4600 	EXP 	blk1: lineColor = 'darkgrey'
10.4600 	EXP 	blk1: color = 'darkgrey'
10.4765 	EXP 	blk1: fillColor = 'darkgrey'
10.4765 	EXP 	blk1: lineColor = 'darkgrey'
10.4765 	EXP 	blk1: color = 'darkgrey'
10.4778 	DATA 	Mouse: Left button down, pos=(1323,741)
10.4935 	EXP 	blk1: fillColor = 'darkgrey'
10.4935 	EXP 	blk1: lineColor = 'darkgrey'
10.4935 	EXP 	blk1: color = 'darkgrey'
10.4935 	EXP 	blk2: fillColor = 'darkgrey'
10.4935 	EXP 	blk2: lineColor = 'darkgrey'
10.4935 	EXP 	blk2: color = 'darkgrey'
10.5101 	EXP 	blk1: fillColor = 'darkgrey'
10.5101 	EXP 	blk1: lineColor = 'darkgrey'
10.5101 	EXP 	blk1: color = 'darkgrey'
10.5101 	EXP 	blk2: fillColor = 'darkgrey'
10.5101 	EXP 	blk2: lineColor = 'darkgrey'
10.5101 	EXP 	blk2: color = 'darkgrey'
10.5268 	EXP 	blk1: fillColor = 'darkgrey'
10.5268 	EXP 	blk1: lineColor = 'darkgrey'
10.5268 	EXP 	blk1: color = 'darkgrey'
10.5268 	EXP 	blk2: fillColor = 'darkgrey'
10.5268 	EXP 	blk2: lineColor = 'darkgrey'
10.5268 	EXP 	blk2: color = 'darkgrey'
10.5435 	EXP 	blk1: fillColor = 'darkgrey'
10.5435 	EXP 	blk1: lineColor = 'darkgrey'
10.5435 	EXP 	blk1: color = 'darkgrey'
10.5435 	EXP 	blk2: fillColor = 'darkgrey'
10.5435 	EXP 	blk2: lineColor = 'darkgrey'
10.5435 	EXP 	blk2: color = 'darkgrey'
10.5598 	EXP 	blk1: fillColor = 'darkgrey'
10.5598 	EXP 	blk1: lineColor = 'darkgrey'
10.5598 	EXP 	blk1: color = 'darkgrey'
10.5598 	EXP 	blk2: fillColor = 'darkgrey'
10.5598 	EXP 	blk2: lineColor = 'darkgrey'
10.5598 	EXP 	blk2: color = 'darkgrey'
10.5768 	EXP 	blk1: fillColor = 'darkgrey'
10.5768 	EXP 	blk1: lineColor = 'darkgrey'
10.5768 	EXP 	blk1: color = 'darkgrey'
10.5768 	EXP 	blk2: fillColor = 'darkgrey'
10.5768 	EXP 	blk2: lineColor = 'darkgrey'
10.5768 	EXP 	blk2: color = 'darkgrey'
10.5773 	DATA 	Mouse:  Left button up, pos=(1323,741)
10.5935 	EXP 	blk1: fillColor = 'darkgrey'
10.5935 	EXP 	blk1: lineColor = 'darkgrey'
10.5935 	EXP 	blk1: color = 'darkgrey'
10.5935 	EXP 	blk2: fillColor = 'darkgrey'
10.5935 	EXP 	blk2: lineColor = 'darkgrey'
10.5935 	EXP 	blk2: color = 'darkgrey'
10.6102 	EXP 	blk1: fillColor = 'darkgrey'
10.6102 	EXP 	blk1: lineColor = 'darkgrey'
10.6102 	EXP 	blk1: color = 'darkgrey'
10.6102 	EXP 	blk2: fillColor = 'darkgrey'
10.6102 	EXP 	blk2: lineColor = 'darkgrey'
10.6102 	EXP 	blk2: color = 'darkgrey'
10.6269 	EXP 	blk1: fillColor = 'darkgrey'
10.6269 	EXP 	blk1: lineColor = 'darkgrey'
10.6269 	EXP 	blk1: color = 'darkgrey'
10.6269 	EXP 	blk2: fillColor = 'darkgrey'
10.6269 	EXP 	blk2: lineColor = 'darkgrey'
10.6269 	EXP 	blk2: color = 'darkgrey'
10.6434 	EXP 	blk1: fillColor = 'darkgrey'
10.6434 	EXP 	blk1: lineColor = 'darkgrey'
10.6434 	EXP 	blk1: color = 'darkgrey'
10.6434 	EXP 	blk2: fillColor = 'darkgrey'
10.6434 	EXP 	blk2: lineColor = 'darkgrey'
10.6434 	EXP 	blk2: color = 'darkgrey'
10.6603 	EXP 	blk1: fillColor = 'darkgrey'
10.6603 	EXP 	blk1: lineColor = 'darkgrey'
10.6603 	EXP 	blk1: color = 'darkgrey'
10.6603 	EXP 	blk2: fillColor = 'darkgrey'
10.6603 	EXP 	blk2: lineColor = 'darkgrey'
10.6603 	EXP 	blk2: color = 'darkgrey'
10.6770 	EXP 	blk1: fillColor = 'darkgrey'
10.6770 	EXP 	blk1: lineColor = 'darkgrey'
10.6770 	EXP 	blk1: color = 'darkgrey'
10.6770 	EXP 	blk2: fillColor = 'darkgrey'
10.6770 	EXP 	blk2: lineColor = 'darkgrey'
10.6770 	EXP 	blk2: color = 'darkgrey'
10.6935 	EXP 	blk1: fillColor = 'darkgrey'
10.6935 	EXP 	blk1: lineColor = 'darkgrey'
10.6935 	EXP 	blk1: color = 'darkgrey'
10.6935 	EXP 	blk2: fillColor = 'darkgrey'
10.6935 	EXP 	blk2: lineColor = 'darkgrey'
10.6935 	EXP 	blk2: color = 'darkgrey'
10.7103 	EXP 	blk1: fillColor = 'darkgrey'
10.7103 	EXP 	blk1: lineColor = 'darkgrey'
10.7103 	EXP 	blk1: color = 'darkgrey'
10.7103 	EXP 	blk2: fillColor = 'darkgrey'
10.7103 	EXP 	blk2: lineColor = 'darkgrey'
10.7103 	EXP 	blk2: color = 'darkgrey'
10.7270 	EXP 	blk1: fillColor = 'darkgrey'
10.7270 	EXP 	blk1: lineColor = 'darkgrey'
10.7270 	EXP 	blk1: color = 'darkgrey'
10.7270 	EXP 	blk2: fillColor = 'darkgrey'
10.7270 	EXP 	blk2: lineColor = 'darkgrey'
10.7270 	EXP 	blk2: color = 'darkgrey'
10.7435 	EXP 	blk1: fillColor = 'darkgrey'
10.7435 	EXP 	blk1: lineColor = 'darkgrey'
10.7435 	EXP 	blk1: color = 'darkgrey'
10.7435 	EXP 	blk2: fillColor = 'darkgrey'
10.7435 	EXP 	blk2: lineColor = 'darkgrey'
10.7435 	EXP 	blk2: color = 'darkgrey'
10.7605 	EXP 	blk1: fillColor = 'darkgrey'
10.7605 	EXP 	blk1: lineColor = 'darkgrey'
10.7605 	EXP 	blk1: color = 'darkgrey'
10.7605 	EXP 	blk2: fillColor = 'darkgrey'
10.7605 	EXP 	blk2: lineColor = 'darkgrey'
10.7605 	EXP 	blk2: color = 'darkgrey'
10.7770 	EXP 	blk1: fillColor = 'darkgrey'
10.7770 	EXP 	blk1: lineColor = 'darkgrey'
10.7770 	EXP 	blk1: color = 'darkgrey'
10.7770 	EXP 	blk2: fillColor = 'darkgrey'
10.7770 	EXP 	blk2: lineColor = 'darkgrey'
10.7770 	EXP 	blk2: color = 'darkgrey'
10.7933 	EXP 	blk1: fillColor = 'darkgrey'
10.7933 	EXP 	blk1: lineColor = 'darkgrey'
10.7933 	EXP 	blk1: color = 'darkgrey'
10.7933 	EXP 	blk2: fillColor = 'darkgrey'
10.7933 	EXP 	blk2: lineColor = 'darkgrey'
10.7933 	EXP 	blk2: color = 'darkgrey'
10.8104 	EXP 	blk1: fillColor = 'darkgrey'
10.8104 	EXP 	blk1: lineColor = 'darkgrey'
10.8104 	EXP 	blk1: color = 'darkgrey'
10.8104 	EXP 	blk2: fillColor = 'darkgrey'
10.8104 	EXP 	blk2: lineColor = 'darkgrey'
10.8104 	EXP 	blk2: color = 'darkgrey'
10.8271 	EXP 	blk1: fillColor = 'darkgrey'
10.8271 	EXP 	blk1: lineColor = 'darkgrey'
10.8271 	EXP 	blk1: color = 'darkgrey'
10.8271 	EXP 	blk2: fillColor = 'darkgrey'
10.8271 	EXP 	blk2: lineColor = 'darkgrey'
10.8271 	EXP 	blk2: color = 'darkgrey'
10.8437 	EXP 	blk1: fillColor = 'darkgrey'
10.8437 	EXP 	blk1: lineColor = 'darkgrey'
10.8437 	EXP 	blk1: color = 'darkgrey'
10.8437 	EXP 	blk2: fillColor = 'darkgrey'
10.8437 	EXP 	blk2: lineColor = 'darkgrey'
10.8437 	EXP 	blk2: color = 'darkgrey'
10.8603 	EXP 	blk1: fillColor = 'darkgrey'
10.8603 	EXP 	blk1: lineColor = 'darkgrey'
10.8603 	EXP 	blk1: color = 'darkgrey'
10.8603 	EXP 	blk2: fillColor = 'darkgrey'
10.8603 	EXP 	blk2: lineColor = 'darkgrey'
10.8603 	EXP 	blk2: color = 'darkgrey'
10.8616 	DATA 	Mouse: Left button down, pos=(979,651)
10.8771 	EXP 	blk1: fillColor = 'darkgrey'
10.8771 	EXP 	blk1: lineColor = 'darkgrey'
10.8771 	EXP 	blk1: color = 'darkgrey'
10.8771 	EXP 	blk2: fillColor = 'darkgrey'
10.8771 	EXP 	blk2: lineColor = 'darkgrey'
10.8771 	EXP 	blk2: color = 'darkgrey'
10.8938 	EXP 	blk1: fillColor = 'darkgrey'
10.8938 	EXP 	blk1: lineColor = 'darkgrey'
10.8938 	EXP 	blk1: color = 'darkgrey'
10.8938 	EXP 	blk2: fillColor = 'darkgrey'
10.8938 	EXP 	blk2: lineColor = 'darkgrey'
10.8938 	EXP 	blk2: color = 'darkgrey'
10.8938 	EXP 	blk5: fillColor = 'darkgrey'
10.8938 	EXP 	blk5: lineColor = 'darkgrey'
10.8938 	EXP 	blk5: color = 'darkgrey'
10.9103 	EXP 	blk1: fillColor = 'darkgrey'
10.9103 	EXP 	blk1: lineColor = 'darkgrey'
10.9103 	EXP 	blk1: color = 'darkgrey'
10.9103 	EXP 	blk2: fillColor = 'darkgrey'
10.9103 	EXP 	blk2: lineColor = 'darkgrey'
10.9103 	EXP 	blk2: color = 'darkgrey'
10.9103 	EXP 	blk5: fillColor = 'darkgrey'
10.9103 	EXP 	blk5: lineColor = 'darkgrey'
10.9103 	EXP 	blk5: color = 'darkgrey'
10.9271 	EXP 	blk1: fillColor = 'darkgrey'
10.9271 	EXP 	blk1: lineColor = 'darkgrey'
10.9271 	EXP 	blk1: color = 'darkgrey'
10.9271 	EXP 	blk2: fillColor = 'darkgrey'
10.9271 	EXP 	blk2: lineColor = 'darkgrey'
10.9271 	EXP 	blk2: color = 'darkgrey'
10.9271 	EXP 	blk5: fillColor = 'darkgrey'
10.9271 	EXP 	blk5: lineColor = 'darkgrey'
10.9271 	EXP 	blk5: color = 'darkgrey'
10.9438 	EXP 	blk1: fillColor = 'darkgrey'
10.9438 	EXP 	blk1: lineColor = 'darkgrey'
10.9438 	EXP 	blk1: color = 'darkgrey'
10.9438 	EXP 	blk2: fillColor = 'darkgrey'
10.9438 	EXP 	blk2: lineColor = 'darkgrey'
10.9438 	EXP 	blk2: color = 'darkgrey'
10.9438 	EXP 	blk5: fillColor = 'darkgrey'
10.9438 	EXP 	blk5: lineColor = 'darkgrey'
10.9438 	EXP 	blk5: color = 'darkgrey'
10.9604 	EXP 	blk1: fillColor = 'darkgrey'
10.9604 	EXP 	blk1: lineColor = 'darkgrey'
10.9604 	EXP 	blk1: color = 'darkgrey'
10.9604 	EXP 	blk2: fillColor = 'darkgrey'
10.9604 	EXP 	blk2: lineColor = 'darkgrey'
10.9604 	EXP 	blk2: color = 'darkgrey'
10.9604 	EXP 	blk5: fillColor = 'darkgrey'
10.9604 	EXP 	blk5: lineColor = 'darkgrey'
10.9604 	EXP 	blk5: color = 'darkgrey'
10.9608 	DATA 	Mouse:  Left button up, pos=(978,651)
10.9772 	EXP 	blk1: fillColor = 'darkgrey'
10.9772 	EXP 	blk1: lineColor = 'darkgrey'
10.9772 	EXP 	blk1: color = 'darkgrey'
10.9772 	EXP 	blk2: fillColor = 'darkgrey'
10.9772 	EXP 	blk2: lineColor = 'darkgrey'
10.9772 	EXP 	blk2: color = 'darkgrey'
10.9772 	EXP 	blk5: fillColor = 'darkgrey'
10.9772 	EXP 	blk5: lineColor = 'darkgrey'
10.9772 	EXP 	blk5: color = 'darkgrey'
10.9939 	EXP 	blk1: fillColor = 'darkgrey'
10.9939 	EXP 	blk1: lineColor = 'darkgrey'
10.9939 	EXP 	blk1: color = 'darkgrey'
10.9939 	EXP 	blk2: fillColor = 'darkgrey'
10.9939 	EXP 	blk2: lineColor = 'darkgrey'
10.9939 	EXP 	blk2: color = 'darkgrey'
10.9939 	EXP 	blk5: fillColor = 'darkgrey'
10.9939 	EXP 	blk5: lineColor = 'darkgrey'
10.9939 	EXP 	blk5: color = 'darkgrey'
11.0106 	EXP 	blk1: fillColor = 'darkgrey'
11.0106 	EXP 	blk1: lineColor = 'darkgrey'
11.0106 	EXP 	blk1: color = 'darkgrey'
11.0106 	EXP 	blk2: fillColor = 'darkgrey'
11.0106 	EXP 	blk2: lineColor = 'darkgrey'
11.0106 	EXP 	blk2: color = 'darkgrey'
11.0106 	EXP 	blk5: fillColor = 'darkgrey'
11.0106 	EXP 	blk5: lineColor = 'darkgrey'
11.0106 	EXP 	blk5: color = 'darkgrey'
11.0274 	EXP 	blk1: fillColor = 'darkgrey'
11.0274 	EXP 	blk1: lineColor = 'darkgrey'
11.0274 	EXP 	blk1: color = 'darkgrey'
11.0274 	EXP 	blk2: fillColor = 'darkgrey'
11.0274 	EXP 	blk2: lineColor = 'darkgrey'
11.0274 	EXP 	blk2: color = 'darkgrey'
11.0274 	EXP 	blk5: fillColor = 'darkgrey'
11.0274 	EXP 	blk5: lineColor = 'darkgrey'
11.0274 	EXP 	blk5: color = 'darkgrey'
11.0439 	EXP 	blk1: fillColor = 'darkgrey'
11.0439 	EXP 	blk1: lineColor = 'darkgrey'
11.0439 	EXP 	blk1: color = 'darkgrey'
11.0439 	EXP 	blk2: fillColor = 'darkgrey'
11.0439 	EXP 	blk2: lineColor = 'darkgrey'
11.0439 	EXP 	blk2: color = 'darkgrey'
11.0439 	EXP 	blk5: fillColor = 'darkgrey'
11.0439 	EXP 	blk5: lineColor = 'darkgrey'
11.0439 	EXP 	blk5: color = 'darkgrey'
11.0606 	EXP 	blk1: fillColor = 'darkgrey'
11.0606 	EXP 	blk1: lineColor = 'darkgrey'
11.0606 	EXP 	blk1: color = 'darkgrey'
11.0606 	EXP 	blk2: fillColor = 'darkgrey'
11.0606 	EXP 	blk2: lineColor = 'darkgrey'
11.0606 	EXP 	blk2: color = 'darkgrey'
11.0606 	EXP 	blk5: fillColor = 'darkgrey'
11.0606 	EXP 	blk5: lineColor = 'darkgrey'
11.0606 	EXP 	blk5: color = 'darkgrey'
11.0771 	EXP 	blk1: fillColor = 'darkgrey'
11.0771 	EXP 	blk1: lineColor = 'darkgrey'
11.0771 	EXP 	blk1: color = 'darkgrey'
11.0771 	EXP 	blk2: fillColor = 'darkgrey'
11.0771 	EXP 	blk2: lineColor = 'darkgrey'
11.0771 	EXP 	blk2: color = 'darkgrey'
11.0771 	EXP 	blk5: fillColor = 'darkgrey'
11.0771 	EXP 	blk5: lineColor = 'darkgrey'
11.0771 	EXP 	blk5: color = 'darkgrey'
11.0941 	EXP 	blk1: fillColor = 'darkgrey'
11.0941 	EXP 	blk1: lineColor = 'darkgrey'
11.0941 	EXP 	blk1: color = 'darkgrey'
11.0941 	EXP 	blk2: fillColor = 'darkgrey'
11.0941 	EXP 	blk2: lineColor = 'darkgrey'
11.0941 	EXP 	blk2: color = 'darkgrey'
11.0941 	EXP 	blk5: fillColor = 'darkgrey'
11.0941 	EXP 	blk5: lineColor = 'darkgrey'
11.0941 	EXP 	blk5: color = 'darkgrey'
11.1107 	EXP 	blk1: fillColor = 'darkgrey'
11.1107 	EXP 	blk1: lineColor = 'darkgrey'
11.1107 	EXP 	blk1: color = 'darkgrey'
11.1107 	EXP 	blk2: fillColor = 'darkgrey'
11.1107 	EXP 	blk2: lineColor = 'darkgrey'
11.1107 	EXP 	blk2: color = 'darkgrey'
11.1107 	EXP 	blk5: fillColor = 'darkgrey'
11.1107 	EXP 	blk5: lineColor = 'darkgrey'
11.1107 	EXP 	blk5: color = 'darkgrey'
11.1271 	EXP 	blk1: fillColor = 'darkgrey'
11.1271 	EXP 	blk1: lineColor = 'darkgrey'
11.1271 	EXP 	blk1: color = 'darkgrey'
11.1271 	EXP 	blk2: fillColor = 'darkgrey'
11.1271 	EXP 	blk2: lineColor = 'darkgrey'
11.1271 	EXP 	blk2: color = 'darkgrey'
11.1271 	EXP 	blk5: fillColor = 'darkgrey'
11.1271 	EXP 	blk5: lineColor = 'darkgrey'
11.1271 	EXP 	blk5: color = 'darkgrey'
11.1441 	EXP 	blk1: fillColor = 'darkgrey'
11.1441 	EXP 	blk1: lineColor = 'darkgrey'
11.1441 	EXP 	blk1: color = 'darkgrey'
11.1441 	EXP 	blk2: fillColor = 'darkgrey'
11.1441 	EXP 	blk2: lineColor = 'darkgrey'
11.1441 	EXP 	blk2: color = 'darkgrey'
11.1441 	EXP 	blk5: fillColor = 'darkgrey'
11.1441 	EXP 	blk5: lineColor = 'darkgrey'
11.1441 	EXP 	blk5: color = 'darkgrey'
11.1607 	EXP 	blk1: fillColor = 'darkgrey'
11.1607 	EXP 	blk1: lineColor = 'darkgrey'
11.1607 	EXP 	blk1: color = 'darkgrey'
11.1607 	EXP 	blk2: fillColor = 'darkgrey'
11.1607 	EXP 	blk2: lineColor = 'darkgrey'
11.1607 	EXP 	blk2: color = 'darkgrey'
11.1607 	EXP 	blk5: fillColor = 'darkgrey'
11.1607 	EXP 	blk5: lineColor = 'darkgrey'
11.1607 	EXP 	blk5: color = 'darkgrey'
11.1774 	EXP 	blk1: fillColor = 'darkgrey'
11.1774 	EXP 	blk1: lineColor = 'darkgrey'
11.1774 	EXP 	blk1: color = 'darkgrey'
11.1774 	EXP 	blk2: fillColor = 'darkgrey'
11.1774 	EXP 	blk2: lineColor = 'darkgrey'
11.1774 	EXP 	blk2: color = 'darkgrey'
11.1774 	EXP 	blk5: fillColor = 'darkgrey'
11.1774 	EXP 	blk5: lineColor = 'darkgrey'
11.1774 	EXP 	blk5: color = 'darkgrey'
11.1942 	EXP 	blk1: fillColor = 'darkgrey'
11.1942 	EXP 	blk1: lineColor = 'darkgrey'
11.1942 	EXP 	blk1: color = 'darkgrey'
11.1942 	EXP 	blk2: fillColor = 'darkgrey'
11.1942 	EXP 	blk2: lineColor = 'darkgrey'
11.1942 	EXP 	blk2: color = 'darkgrey'
11.1942 	EXP 	blk5: fillColor = 'darkgrey'
11.1942 	EXP 	blk5: lineColor = 'darkgrey'
11.1942 	EXP 	blk5: color = 'darkgrey'
11.2107 	EXP 	blk1: fillColor = 'darkgrey'
11.2107 	EXP 	blk1: lineColor = 'darkgrey'
11.2107 	EXP 	blk1: color = 'darkgrey'
11.2107 	EXP 	blk2: fillColor = 'darkgrey'
11.2107 	EXP 	blk2: lineColor = 'darkgrey'
11.2107 	EXP 	blk2: color = 'darkgrey'
11.2107 	EXP 	blk5: fillColor = 'darkgrey'
11.2107 	EXP 	blk5: lineColor = 'darkgrey'
11.2107 	EXP 	blk5: color = 'darkgrey'
11.2274 	EXP 	blk1: fillColor = 'darkgrey'
11.2274 	EXP 	blk1: lineColor = 'darkgrey'
11.2274 	EXP 	blk1: color = 'darkgrey'
11.2274 	EXP 	blk2: fillColor = 'darkgrey'
11.2274 	EXP 	blk2: lineColor = 'darkgrey'
11.2274 	EXP 	blk2: color = 'darkgrey'
11.2274 	EXP 	blk5: fillColor = 'darkgrey'
11.2274 	EXP 	blk5: lineColor = 'darkgrey'
11.2274 	EXP 	blk5: color = 'darkgrey'
11.2439 	EXP 	blk1: fillColor = 'darkgrey'
11.2439 	EXP 	blk1: lineColor = 'darkgrey'
11.2439 	EXP 	blk1: color = 'darkgrey'
11.2439 	EXP 	blk2: fillColor = 'darkgrey'
11.2439 	EXP 	blk2: lineColor = 'darkgrey'
11.2439 	EXP 	blk2: color = 'darkgrey'
11.2439 	EXP 	blk5: fillColor = 'darkgrey'
11.2439 	EXP 	blk5: lineColor = 'darkgrey'
11.2439 	EXP 	blk5: color = 'darkgrey'
11.2608 	EXP 	blk1: fillColor = 'darkgrey'
11.2608 	EXP 	blk1: lineColor = 'darkgrey'
11.2608 	EXP 	blk1: color = 'darkgrey'
11.2608 	EXP 	blk2: fillColor = 'darkgrey'
11.2608 	EXP 	blk2: lineColor = 'darkgrey'
11.2608 	EXP 	blk2: color = 'darkgrey'
11.2608 	EXP 	blk5: fillColor = 'darkgrey'
11.2608 	EXP 	blk5: lineColor = 'darkgrey'
11.2608 	EXP 	blk5: color = 'darkgrey'
11.2774 	EXP 	blk1: fillColor = 'darkgrey'
11.2774 	EXP 	blk1: lineColor = 'darkgrey'
11.2774 	EXP 	blk1: color = 'darkgrey'
11.2774 	EXP 	blk2: fillColor = 'darkgrey'
11.2774 	EXP 	blk2: lineColor = 'darkgrey'
11.2774 	EXP 	blk2: color = 'darkgrey'
11.2774 	EXP 	blk5: fillColor = 'darkgrey'
11.2774 	EXP 	blk5: lineColor = 'darkgrey'
11.2774 	EXP 	blk5: color = 'darkgrey'
11.2942 	EXP 	blk1: fillColor = 'darkgrey'
11.2942 	EXP 	blk1: lineColor = 'darkgrey'
11.2942 	EXP 	blk1: color = 'darkgrey'
11.2942 	EXP 	blk2: fillColor = 'darkgrey'
11.2942 	EXP 	blk2: lineColor = 'darkgrey'
11.2942 	EXP 	blk2: color = 'darkgrey'
11.2942 	EXP 	blk5: fillColor = 'darkgrey'
11.2942 	EXP 	blk5: lineColor = 'darkgrey'
11.2942 	EXP 	blk5: color = 'darkgrey'
11.3108 	EXP 	blk1: fillColor = 'darkgrey'
11.3108 	EXP 	blk1: lineColor = 'darkgrey'
11.3108 	EXP 	blk1: color = 'darkgrey'
11.3108 	EXP 	blk2: fillColor = 'darkgrey'
11.3108 	EXP 	blk2: lineColor = 'darkgrey'
11.3108 	EXP 	blk2: color = 'darkgrey'
11.3108 	EXP 	blk5: fillColor = 'darkgrey'
11.3108 	EXP 	blk5: lineColor = 'darkgrey'
11.3108 	EXP 	blk5: color = 'darkgrey'
11.3113 	DATA 	Mouse: Left button down, pos=(1359,561)
11.3276 	EXP 	blk1: fillColor = 'darkgrey'
11.3276 	EXP 	blk1: lineColor = 'darkgrey'
11.3276 	EXP 	blk1: color = 'darkgrey'
11.3276 	EXP 	blk2: fillColor = 'darkgrey'
11.3276 	EXP 	blk2: lineColor = 'darkgrey'
11.3276 	EXP 	blk2: color = 'darkgrey'
11.3276 	EXP 	blk5: fillColor = 'darkgrey'
11.3276 	EXP 	blk5: lineColor = 'darkgrey'
11.3276 	EXP 	blk5: color = 'darkgrey'
11.3276 	EXP 	blk3: fillColor = 'darkgrey'
11.3276 	EXP 	blk3: lineColor = 'darkgrey'
11.3276 	EXP 	blk3: color = 'darkgrey'
11.3442 	EXP 	blk1: fillColor = 'darkgrey'
11.3442 	EXP 	blk1: lineColor = 'darkgrey'
11.3442 	EXP 	blk1: color = 'darkgrey'
11.3442 	EXP 	blk2: fillColor = 'darkgrey'
11.3442 	EXP 	blk2: lineColor = 'darkgrey'
11.3442 	EXP 	blk2: color = 'darkgrey'
11.3442 	EXP 	blk5: fillColor = 'darkgrey'
11.3442 	EXP 	blk5: lineColor = 'darkgrey'
11.3442 	EXP 	blk5: color = 'darkgrey'
11.3442 	EXP 	blk3: fillColor = 'darkgrey'
11.3442 	EXP 	blk3: lineColor = 'darkgrey'
11.3442 	EXP 	blk3: color = 'darkgrey'
11.3607 	EXP 	blk1: fillColor = 'darkgrey'
11.3607 	EXP 	blk1: lineColor = 'darkgrey'
11.3607 	EXP 	blk1: color = 'darkgrey'
11.3607 	EXP 	blk2: fillColor = 'darkgrey'
11.3607 	EXP 	blk2: lineColor = 'darkgrey'
11.3607 	EXP 	blk2: color = 'darkgrey'
11.3607 	EXP 	blk5: fillColor = 'darkgrey'
11.3607 	EXP 	blk5: lineColor = 'darkgrey'
11.3607 	EXP 	blk5: color = 'darkgrey'
11.3607 	EXP 	blk3: fillColor = 'darkgrey'
11.3607 	EXP 	blk3: lineColor = 'darkgrey'
11.3607 	EXP 	blk3: color = 'darkgrey'
11.3776 	EXP 	blk1: fillColor = 'darkgrey'
11.3776 	EXP 	blk1: lineColor = 'darkgrey'
11.3776 	EXP 	blk1: color = 'darkgrey'
11.3776 	EXP 	blk2: fillColor = 'darkgrey'
11.3776 	EXP 	blk2: lineColor = 'darkgrey'
11.3776 	EXP 	blk2: color = 'darkgrey'
11.3776 	EXP 	blk5: fillColor = 'darkgrey'
11.3776 	EXP 	blk5: lineColor = 'darkgrey'
11.3776 	EXP 	blk5: color = 'darkgrey'
11.3776 	EXP 	blk3: fillColor = 'darkgrey'
11.3776 	EXP 	blk3: lineColor = 'darkgrey'
11.3776 	EXP 	blk3: color = 'darkgrey'
11.3943 	EXP 	blk1: fillColor = 'darkgrey'
11.3943 	EXP 	blk1: lineColor = 'darkgrey'
11.3943 	EXP 	blk1: color = 'darkgrey'
11.3943 	EXP 	blk2: fillColor = 'darkgrey'
11.3943 	EXP 	blk2: lineColor = 'darkgrey'
11.3943 	EXP 	blk2: color = 'darkgrey'
11.3943 	EXP 	blk5: fillColor = 'darkgrey'
11.3943 	EXP 	blk5: lineColor = 'darkgrey'
11.3943 	EXP 	blk5: color = 'darkgrey'
11.3943 	EXP 	blk3: fillColor = 'darkgrey'
11.3943 	EXP 	blk3: lineColor = 'darkgrey'
11.3943 	EXP 	blk3: color = 'darkgrey'
11.4108 	EXP 	blk1: fillColor = 'darkgrey'
11.4108 	EXP 	blk1: lineColor = 'darkgrey'
11.4108 	EXP 	blk1: color = 'darkgrey'
11.4108 	EXP 	blk2: fillColor = 'darkgrey'
11.4108 	EXP 	blk2: lineColor = 'darkgrey'
11.4108 	EXP 	blk2: color = 'darkgrey'
11.4108 	EXP 	blk5: fillColor = 'darkgrey'
11.4108 	EXP 	blk5: lineColor = 'darkgrey'
11.4108 	EXP 	blk5: color = 'darkgrey'
11.4108 	EXP 	blk3: fillColor = 'darkgrey'
11.4108 	EXP 	blk3: lineColor = 'darkgrey'
11.4108 	EXP 	blk3: color = 'darkgrey'
11.4112 	DATA 	Mouse:  Left button up, pos=(1358,561)
11.4276 	EXP 	blk1: fillColor = 'darkgrey'
11.4276 	EXP 	blk1: lineColor = 'darkgrey'
11.4276 	EXP 	blk1: color = 'darkgrey'
11.4276 	EXP 	blk2: fillColor = 'darkgrey'
11.4276 	EXP 	blk2: lineColor = 'darkgrey'
11.4276 	EXP 	blk2: color = 'darkgrey'
11.4276 	EXP 	blk5: fillColor = 'darkgrey'
11.4276 	EXP 	blk5: lineColor = 'darkgrey'
11.4276 	EXP 	blk5: color = 'darkgrey'
11.4276 	EXP 	blk3: fillColor = 'darkgrey'
11.4276 	EXP 	blk3: lineColor = 'darkgrey'
11.4276 	EXP 	blk3: color = 'darkgrey'
11.4443 	EXP 	blk1: fillColor = 'darkgrey'
11.4443 	EXP 	blk1: lineColor = 'darkgrey'
11.4443 	EXP 	blk1: color = 'darkgrey'
11.4443 	EXP 	blk2: fillColor = 'darkgrey'
11.4443 	EXP 	blk2: lineColor = 'darkgrey'
11.4443 	EXP 	blk2: color = 'darkgrey'
11.4443 	EXP 	blk5: fillColor = 'darkgrey'
11.4443 	EXP 	blk5: lineColor = 'darkgrey'
11.4443 	EXP 	blk5: color = 'darkgrey'
11.4443 	EXP 	blk3: fillColor = 'darkgrey'
11.4443 	EXP 	blk3: lineColor = 'darkgrey'
11.4443 	EXP 	blk3: color = 'darkgrey'
11.4612 	EXP 	blk1: fillColor = 'darkgrey'
11.4612 	EXP 	blk1: lineColor = 'darkgrey'
11.4612 	EXP 	blk1: color = 'darkgrey'
11.4612 	EXP 	blk2: fillColor = 'darkgrey'
11.4612 	EXP 	blk2: lineColor = 'darkgrey'
11.4612 	EXP 	blk2: color = 'darkgrey'
11.4612 	EXP 	blk5: fillColor = 'darkgrey'
11.4612 	EXP 	blk5: lineColor = 'darkgrey'
11.4612 	EXP 	blk5: color = 'darkgrey'
11.4612 	EXP 	blk3: fillColor = 'darkgrey'
11.4612 	EXP 	blk3: lineColor = 'darkgrey'
11.4612 	EXP 	blk3: color = 'darkgrey'
11.4775 	EXP 	blk1: fillColor = 'darkgrey'
11.4775 	EXP 	blk1: lineColor = 'darkgrey'
11.4775 	EXP 	blk1: color = 'darkgrey'
11.4775 	EXP 	blk2: fillColor = 'darkgrey'
11.4775 	EXP 	blk2: lineColor = 'darkgrey'
11.4775 	EXP 	blk2: color = 'darkgrey'
11.4775 	EXP 	blk5: fillColor = 'darkgrey'
11.4775 	EXP 	blk5: lineColor = 'darkgrey'
11.4775 	EXP 	blk5: color = 'darkgrey'
11.4775 	EXP 	blk3: fillColor = 'darkgrey'
11.4775 	EXP 	blk3: lineColor = 'darkgrey'
11.4775 	EXP 	blk3: color = 'darkgrey'
11.4943 	EXP 	blk1: fillColor = 'darkgrey'
11.4943 	EXP 	blk1: lineColor = 'darkgrey'
11.4943 	EXP 	blk1: color = 'darkgrey'
11.4943 	EXP 	blk2: fillColor = 'darkgrey'
11.4943 	EXP 	blk2: lineColor = 'darkgrey'
11.4943 	EXP 	blk2: color = 'darkgrey'
11.4943 	EXP 	blk5: fillColor = 'darkgrey'
11.4943 	EXP 	blk5: lineColor = 'darkgrey'
11.4943 	EXP 	blk5: color = 'darkgrey'
11.4943 	EXP 	blk3: fillColor = 'darkgrey'
11.4943 	EXP 	blk3: lineColor = 'darkgrey'
11.4943 	EXP 	blk3: color = 'darkgrey'
11.5109 	EXP 	blk1: fillColor = 'darkgrey'
11.5109 	EXP 	blk1: lineColor = 'darkgrey'
11.5109 	EXP 	blk1: color = 'darkgrey'
11.5109 	EXP 	blk2: fillColor = 'darkgrey'
11.5109 	EXP 	blk2: lineColor = 'darkgrey'
11.5109 	EXP 	blk2: color = 'darkgrey'
11.5109 	EXP 	blk5: fillColor = 'darkgrey'
11.5109 	EXP 	blk5: lineColor = 'darkgrey'
11.5109 	EXP 	blk5: color = 'darkgrey'
11.5109 	EXP 	blk3: fillColor = 'darkgrey'
11.5109 	EXP 	blk3: lineColor = 'darkgrey'
11.5109 	EXP 	blk3: color = 'darkgrey'
11.5278 	EXP 	blk1: fillColor = 'darkgrey'
11.5278 	EXP 	blk1: lineColor = 'darkgrey'
11.5278 	EXP 	blk1: color = 'darkgrey'
11.5278 	EXP 	blk2: fillColor = 'darkgrey'
11.5278 	EXP 	blk2: lineColor = 'darkgrey'
11.5278 	EXP 	blk2: color = 'darkgrey'
11.5278 	EXP 	blk5: fillColor = 'darkgrey'
11.5278 	EXP 	blk5: lineColor = 'darkgrey'
11.5278 	EXP 	blk5: color = 'darkgrey'
11.5278 	EXP 	blk3: fillColor = 'darkgrey'
11.5278 	EXP 	blk3: lineColor = 'darkgrey'
11.5278 	EXP 	blk3: color = 'darkgrey'
11.5444 	EXP 	blk1: fillColor = 'darkgrey'
11.5444 	EXP 	blk1: lineColor = 'darkgrey'
11.5444 	EXP 	blk1: color = 'darkgrey'
11.5444 	EXP 	blk2: fillColor = 'darkgrey'
11.5444 	EXP 	blk2: lineColor = 'darkgrey'
11.5444 	EXP 	blk2: color = 'darkgrey'
11.5444 	EXP 	blk5: fillColor = 'darkgrey'
11.5444 	EXP 	blk5: lineColor = 'darkgrey'
11.5444 	EXP 	blk5: color = 'darkgrey'
11.5444 	EXP 	blk3: fillColor = 'darkgrey'
11.5444 	EXP 	blk3: lineColor = 'darkgrey'
11.5444 	EXP 	blk3: color = 'darkgrey'
11.5611 	EXP 	blk1: fillColor = 'darkgrey'
11.5611 	EXP 	blk1: lineColor = 'darkgrey'
11.5611 	EXP 	blk1: color = 'darkgrey'
11.5611 	EXP 	blk2: fillColor = 'darkgrey'
11.5611 	EXP 	blk2: lineColor = 'darkgrey'
11.5611 	EXP 	blk2: color = 'darkgrey'
11.5611 	EXP 	blk5: fillColor = 'darkgrey'
11.5611 	EXP 	blk5: lineColor = 'darkgrey'
11.5611 	EXP 	blk5: color = 'darkgrey'
11.5611 	EXP 	blk3: fillColor = 'darkgrey'
11.5611 	EXP 	blk3: lineColor = 'darkgrey'
11.5611 	EXP 	blk3: color = 'darkgrey'
11.5779 	EXP 	blk1: fillColor = 'darkgrey'
11.5779 	EXP 	blk1: lineColor = 'darkgrey'
11.5779 	EXP 	blk1: color = 'darkgrey'
11.5779 	EXP 	blk2: fillColor = 'darkgrey'
11.5779 	EXP 	blk2: lineColor = 'darkgrey'
11.5779 	EXP 	blk2: color = 'darkgrey'
11.5779 	EXP 	blk5: fillColor = 'darkgrey'
11.5779 	EXP 	blk5: lineColor = 'darkgrey'
11.5779 	EXP 	blk5: color = 'darkgrey'
11.5779 	EXP 	blk3: fillColor = 'darkgrey'
11.5779 	EXP 	blk3: lineColor = 'darkgrey'
11.5779 	EXP 	blk3: color = 'darkgrey'
11.5943 	EXP 	blk1: fillColor = 'darkgrey'
11.5943 	EXP 	blk1: lineColor = 'darkgrey'
11.5943 	EXP 	blk1: color = 'darkgrey'
11.5943 	EXP 	blk2: fillColor = 'darkgrey'
11.5943 	EXP 	blk2: lineColor = 'darkgrey'
11.5943 	EXP 	blk2: color = 'darkgrey'
11.5943 	EXP 	blk5: fillColor = 'darkgrey'
11.5943 	EXP 	blk5: lineColor = 'darkgrey'
11.5943 	EXP 	blk5: color = 'darkgrey'
11.5943 	EXP 	blk3: fillColor = 'darkgrey'
11.5943 	EXP 	blk3: lineColor = 'darkgrey'
11.5943 	EXP 	blk3: color = 'darkgrey'
11.6112 	EXP 	blk1: fillColor = 'darkgrey'
11.6112 	EXP 	blk1: lineColor = 'darkgrey'
11.6112 	EXP 	blk1: color = 'darkgrey'
11.6112 	EXP 	blk2: fillColor = 'darkgrey'
11.6112 	EXP 	blk2: lineColor = 'darkgrey'
11.6112 	EXP 	blk2: color = 'darkgrey'
11.6112 	EXP 	blk5: fillColor = 'darkgrey'
11.6112 	EXP 	blk5: lineColor = 'darkgrey'
11.6112 	EXP 	blk5: color = 'darkgrey'
11.6112 	EXP 	blk3: fillColor = 'darkgrey'
11.6112 	EXP 	blk3: lineColor = 'darkgrey'
11.6112 	EXP 	blk3: color = 'darkgrey'
11.6116 	DATA 	Mouse: Left button down, pos=(1232,508)
11.6132 	EXP 	New trial (rep=1, index=0): OrderedDict([('sequence', ['blk1', 'blk2', 'blk3', 'blk4', 'blk5']), ('blockDuration', 0.5)])
11.6277 	EXP 	blk1: fillColor = 'darkgrey'
11.6277 	EXP 	blk1: lineColor = 'darkgrey'
11.6277 	EXP 	blk1: color = 'darkgrey'
11.6277 	EXP 	blk2: fillColor = 'darkgrey'
11.6277 	EXP 	blk2: lineColor = 'darkgrey'
11.6277 	EXP 	blk2: color = 'darkgrey'
11.6277 	EXP 	blk5: fillColor = 'darkgrey'
11.6277 	EXP 	blk5: lineColor = 'darkgrey'
11.6277 	EXP 	blk5: color = 'darkgrey'
11.6277 	EXP 	blk3: fillColor = 'darkgrey'
11.6277 	EXP 	blk3: lineColor = 'darkgrey'
11.6277 	EXP 	blk3: color = 'darkgrey'
11.6277 	EXP 	blk4: fillColor = 'darkgrey'
11.6277 	EXP 	blk4: lineColor = 'darkgrey'
11.6277 	EXP 	blk4: color = 'darkgrey'
11.6277 	EXP 	blk1: autoDraw = False
11.6277 	EXP 	blk2: autoDraw = False
11.6277 	EXP 	blk3: autoDraw = False
11.6277 	EXP 	blk4: autoDraw = False
11.6277 	EXP 	blk5: autoDraw = False
11.6277 	EXP 	blank: autoDraw = True
11.6617 	DATA 	Mouse:  Left button up, pos=(1232,508)
12.1284 	EXP 	blank: autoDraw = False
12.1284 	EXP 	blank: autoDraw = False
12.1284 	EXP 	blk1: pos = array([-0.19368963,  0.21623591])
12.1284 	EXP 	blk1: fillColor = 'white'
12.1284 	EXP 	blk1: lineColor = 'white'
12.1284 	EXP 	blk1: color = 'white'
12.1284 	EXP 	blk2: pos = array([ 0.11720991, -0.32600132])
12.1284 	EXP 	blk2: fillColor = 'white'
12.1284 	EXP 	blk2: lineColor = 'white'
12.1284 	EXP 	blk2: color = 'white'
12.1284 	EXP 	blk3: pos = array([ 0.30140283, -0.1765356 ])
12.1284 	EXP 	blk3: fillColor = 'white'
12.1284 	EXP 	blk3: lineColor = 'white'
12.1284 	EXP 	blk3: color = 'white'
12.1284 	EXP 	blk4: pos = array([ 0.30077445, -0.36943056])
12.1284 	EXP 	blk4: fillColor = 'white'
12.1284 	EXP 	blk4: lineColor = 'white'
12.1284 	EXP 	blk4: color = 'white'
12.1284 	EXP 	blk5: pos = array([0.02777588, 0.07965259])
12.1284 	EXP 	blk5: fillColor = 'white'
12.1284 	EXP 	blk5: lineColor = 'white'
12.1284 	EXP 	blk5: color = 'white'
12.1284 	EXP 	blk1: autoDraw = True
12.1284 	EXP 	blk2: autoDraw = True
12.1284 	EXP 	blk3: autoDraw = True
12.1284 	EXP 	blk4: autoDraw = True
12.1284 	EXP 	blk5: autoDraw = True
12.6287 	EXP 	blk1: fillColor = 'red'
12.6287 	EXP 	blk1: lineColor = 'red'
12.6287 	EXP 	blk1: color = 'red'
13.1292 	EXP 	blk1: fillColor = 'white'
13.1292 	EXP 	blk1: lineColor = 'white'
13.1292 	EXP 	blk1: color = 'white'
13.1292 	EXP 	blk2: fillColor = 'red'
13.1292 	EXP 	blk2: lineColor = 'red'
13.1292 	EXP 	blk2: color = 'red'
13.6298 	EXP 	blk2: fillColor = 'white'
13.6298 	EXP 	blk2: lineColor = 'white'
13.6298 	EXP 	blk2: color = 'white'
13.6298 	EXP 	blk3: fillColor = 'red'
13.6298 	EXP 	blk3: lineColor = 'red'
13.6298 	EXP 	blk3: color = 'red'
14.1304 	EXP 	blk3: fillColor = 'white'
14.1304 	EXP 	blk3: lineColor = 'white'
14.1304 	EXP 	blk3: color = 'white'
14.1304 	EXP 	blk4: fillColor = 'red'
14.1304 	EXP 	blk4: lineColor = 'red'
14.1304 	EXP 	blk4: color = 'red'
14.6307 	EXP 	blk4: fillColor = 'white'
14.6307 	EXP 	blk4: lineColor = 'white'
14.6307 	EXP 	blk4: color = 'white'
14.6307 	EXP 	blk5: fillColor = 'red'
14.6307 	EXP 	blk5: lineColor = 'red'
14.6307 	EXP 	blk5: color = 'red'
15.1313 	EXP 	blk5: fillColor = 'white'
15.1313 	EXP 	blk5: lineColor = 'white'
15.1313 	EXP 	blk5: color = 'white'
15.8991 	DATA 	Mouse: Left button down, pos=(737,798)
15.9156 	EXP 	blk1: fillColor = 'darkgrey'
15.9156 	EXP 	blk1: lineColor = 'darkgrey'
15.9156 	EXP 	blk1: color = 'darkgrey'
15.9322 	EXP 	blk1: fillColor = 'darkgrey'
15.9322 	EXP 	blk1: lineColor = 'darkgrey'
15.9322 	EXP 	blk1: color = 'darkgrey'
15.9488 	EXP 	blk1: fillColor = 'darkgrey'
15.9488 	EXP 	blk1: lineColor = 'darkgrey'
15.9488 	EXP 	blk1: color = 'darkgrey'
15.9653 	EXP 	blk1: fillColor = 'darkgrey'
15.9653 	EXP 	blk1: lineColor = 'darkgrey'
15.9653 	EXP 	blk1: color = 'darkgrey'
15.9823 	EXP 	blk1: fillColor = 'darkgrey'
15.9823 	EXP 	blk1: lineColor = 'darkgrey'
15.9823 	EXP 	blk1: color = 'darkgrey'
15.9989 	EXP 	blk1: fillColor = 'darkgrey'
15.9989 	EXP 	blk1: lineColor = 'darkgrey'
15.9989 	EXP 	blk1: color = 'darkgrey'
15.9993 	DATA 	Mouse:  Left button up, pos=(737,798)
16.0153 	EXP 	blk1: fillColor = 'darkgrey'
16.0153 	EXP 	blk1: lineColor = 'darkgrey'
16.0153 	EXP 	blk1: color = 'darkgrey'
16.0324 	EXP 	blk1: fillColor = 'darkgrey'
16.0324 	EXP 	blk1: lineColor = 'darkgrey'
16.0324 	EXP 	blk1: color = 'darkgrey'
16.0490 	EXP 	blk1: fillColor = 'darkgrey'
16.0490 	EXP 	blk1: lineColor = 'darkgrey'
16.0490 	EXP 	blk1: color = 'darkgrey'
16.0655 	EXP 	blk1: fillColor = 'darkgrey'
16.0655 	EXP 	blk1: lineColor = 'darkgrey'
16.0655 	EXP 	blk1: color = 'darkgrey'
16.0823 	EXP 	blk1: fillColor = 'darkgrey'
16.0823 	EXP 	blk1: lineColor = 'darkgrey'
16.0823 	EXP 	blk1: color = 'darkgrey'
16.0988 	EXP 	blk1: fillColor = 'darkgrey'
16.0988 	EXP 	blk1: lineColor = 'darkgrey'
16.0988 	EXP 	blk1: color = 'darkgrey'
16.1155 	EXP 	blk1: fillColor = 'darkgrey'
16.1155 	EXP 	blk1: lineColor = 'darkgrey'
16.1155 	EXP 	blk1: color = 'darkgrey'
16.1324 	EXP 	blk1: fillColor = 'darkgrey'
16.1324 	EXP 	blk1: lineColor = 'darkgrey'
16.1324 	EXP 	blk1: color = 'darkgrey'
16.1489 	EXP 	blk1: fillColor = 'darkgrey'
16.1489 	EXP 	blk1: lineColor = 'darkgrey'
16.1489 	EXP 	blk1: color = 'darkgrey'
16.1657 	EXP 	blk1: fillColor = 'darkgrey'
16.1657 	EXP 	blk1: lineColor = 'darkgrey'
16.1657 	EXP 	blk1: color = 'darkgrey'
16.1823 	EXP 	blk1: fillColor = 'darkgrey'
16.1823 	EXP 	blk1: lineColor = 'darkgrey'
16.1823 	EXP 	blk1: color = 'darkgrey'
16.1992 	EXP 	blk1: fillColor = 'darkgrey'
16.1992 	EXP 	blk1: lineColor = 'darkgrey'
16.1992 	EXP 	blk1: color = 'darkgrey'
16.2160 	EXP 	blk1: fillColor = 'darkgrey'
16.2160 	EXP 	blk1: lineColor = 'darkgrey'
16.2160 	EXP 	blk1: color = 'darkgrey'
16.2326 	EXP 	blk1: fillColor = 'darkgrey'
16.2326 	EXP 	blk1: lineColor = 'darkgrey'
16.2326 	EXP 	blk1: color = 'darkgrey'
16.2489 	EXP 	blk1: fillColor = 'darkgrey'
16.2489 	EXP 	blk1: lineColor = 'darkgrey'
16.2489 	EXP 	blk1: color = 'darkgrey'
16.2656 	EXP 	blk1: fillColor = 'darkgrey'
16.2656 	EXP 	blk1: lineColor = 'darkgrey'
16.2656 	EXP 	blk1: color = 'darkgrey'
16.2823 	EXP 	blk1: fillColor = 'darkgrey'
16.2823 	EXP 	blk1: lineColor = 'darkgrey'
16.2823 	EXP 	blk1: color = 'darkgrey'
16.2993 	EXP 	blk1: fillColor = 'darkgrey'
16.2993 	EXP 	blk1: lineColor = 'darkgrey'
16.2993 	EXP 	blk1: color = 'darkgrey'
16.3157 	EXP 	blk1: fillColor = 'darkgrey'
16.3157 	EXP 	blk1: lineColor = 'darkgrey'
16.3157 	EXP 	blk1: color = 'darkgrey'
16.3324 	EXP 	blk1: fillColor = 'darkgrey'
16.3324 	EXP 	blk1: lineColor = 'darkgrey'
16.3324 	EXP 	blk1: color = 'darkgrey'
16.3491 	EXP 	blk1: fillColor = 'darkgrey'
16.3491 	EXP 	blk1: lineColor = 'darkgrey'
16.3491 	EXP 	blk1: color = 'darkgrey'
16.3659 	EXP 	blk1: fillColor = 'darkgrey'
16.3659 	EXP 	blk1: lineColor = 'darkgrey'
16.3659 	EXP 	blk1: color = 'darkgrey'
16.3824 	EXP 	blk1: fillColor = 'darkgrey'
16.3824 	EXP 	blk1: lineColor = 'darkgrey'
16.3824 	EXP 	blk1: color = 'darkgrey'
16.3994 	EXP 	blk1: fillColor = 'darkgrey'
16.3994 	EXP 	blk1: lineColor = 'darkgrey'
16.3994 	EXP 	blk1: color = 'darkgrey'
16.4160 	EXP 	blk1: fillColor = 'darkgrey'
16.4160 	EXP 	blk1: lineColor = 'darkgrey'
16.4160 	EXP 	blk1: color = 'darkgrey'
16.4326 	EXP 	blk1: fillColor = 'darkgrey'
16.4326 	EXP 	blk1: lineColor = 'darkgrey'
16.4326 	EXP 	blk1: color = 'darkgrey'
16.4494 	EXP 	blk1: fillColor = 'darkgrey'
16.4494 	EXP 	blk1: lineColor = 'darkgrey'
16.4494 	EXP 	blk1: color = 'darkgrey'
16.4661 	EXP 	blk1: fillColor = 'darkgrey'
16.4661 	EXP 	blk1: lineColor = 'darkgrey'
16.4661 	EXP 	blk1: color = 'darkgrey'
16.4824 	EXP 	blk1: fillColor = 'darkgrey'
16.4824 	EXP 	blk1: lineColor = 'darkgrey'
16.4824 	EXP 	blk1: color = 'darkgrey'
16.4993 	EXP 	blk1: fillColor = 'darkgrey'
16.4993 	EXP 	blk1: lineColor = 'darkgrey'
16.4993 	EXP 	blk1: color = 'darkgrey'
16.5160 	EXP 	blk1: fillColor = 'darkgrey'
16.5160 	EXP 	blk1: lineColor = 'darkgrey'
16.5160 	EXP 	blk1: color = 'darkgrey'
16.5328 	EXP 	blk1: fillColor = 'darkgrey'
16.5328 	EXP 	blk1: lineColor = 'darkgrey'
16.5328 	EXP 	blk1: color = 'darkgrey'
16.5335 	DATA 	Mouse: Left button down, pos=(1336,182)
16.5493 	EXP 	blk1: fillColor = 'darkgrey'
16.5493 	EXP 	blk1: lineColor = 'darkgrey'
16.5493 	EXP 	blk1: color = 'darkgrey'
16.5493 	EXP 	blk4: fillColor = 'darkgrey'
16.5493 	EXP 	blk4: lineColor = 'darkgrey'
16.5493 	EXP 	blk4: color = 'darkgrey'
16.5661 	EXP 	blk1: fillColor = 'darkgrey'
16.5661 	EXP 	blk1: lineColor = 'darkgrey'
16.5661 	EXP 	blk1: color = 'darkgrey'
16.5661 	EXP 	blk4: fillColor = 'darkgrey'
16.5661 	EXP 	blk4: lineColor = 'darkgrey'
16.5661 	EXP 	blk4: color = 'darkgrey'
16.5827 	EXP 	blk1: fillColor = 'darkgrey'
16.5827 	EXP 	blk1: lineColor = 'darkgrey'
16.5827 	EXP 	blk1: color = 'darkgrey'
16.5827 	EXP 	blk4: fillColor = 'darkgrey'
16.5827 	EXP 	blk4: lineColor = 'darkgrey'
16.5827 	EXP 	blk4: color = 'darkgrey'
16.5992 	EXP 	blk1: fillColor = 'darkgrey'
16.5992 	EXP 	blk1: lineColor = 'darkgrey'
16.5992 	EXP 	blk1: color = 'darkgrey'
16.5992 	EXP 	blk4: fillColor = 'darkgrey'
16.5992 	EXP 	blk4: lineColor = 'darkgrey'
16.5992 	EXP 	blk4: color = 'darkgrey'
16.6160 	EXP 	blk1: fillColor = 'darkgrey'
16.6160 	EXP 	blk1: lineColor = 'darkgrey'
16.6160 	EXP 	blk1: color = 'darkgrey'
16.6160 	EXP 	blk4: fillColor = 'darkgrey'
16.6160 	EXP 	blk4: lineColor = 'darkgrey'
16.6160 	EXP 	blk4: color = 'darkgrey'
16.6328 	EXP 	blk1: fillColor = 'darkgrey'
16.6328 	EXP 	blk1: lineColor = 'darkgrey'
16.6328 	EXP 	blk1: color = 'darkgrey'
16.6328 	EXP 	blk4: fillColor = 'darkgrey'
16.6328 	EXP 	blk4: lineColor = 'darkgrey'
16.6328 	EXP 	blk4: color = 'darkgrey'
16.6495 	EXP 	blk1: fillColor = 'darkgrey'
16.6495 	EXP 	blk1: lineColor = 'darkgrey'
16.6495 	EXP 	blk1: color = 'darkgrey'
16.6495 	EXP 	blk4: fillColor = 'darkgrey'
16.6495 	EXP 	blk4: lineColor = 'darkgrey'
16.6495 	EXP 	blk4: color = 'darkgrey'
16.6659 	EXP 	blk1: fillColor = 'darkgrey'
16.6659 	EXP 	blk1: lineColor = 'darkgrey'
16.6659 	EXP 	blk1: color = 'darkgrey'
16.6659 	EXP 	blk4: fillColor = 'darkgrey'
16.6659 	EXP 	blk4: lineColor = 'darkgrey'
16.6659 	EXP 	blk4: color = 'darkgrey'
16.6663 	DATA 	Mouse:  Left button up, pos=(1327,144)
16.6829 	EXP 	blk1: fillColor = 'darkgrey'
16.6829 	EXP 	blk1: lineColor = 'darkgrey'
16.6829 	EXP 	blk1: color = 'darkgrey'
16.6829 	EXP 	blk4: fillColor = 'darkgrey'
16.6829 	EXP 	blk4: lineColor = 'darkgrey'
16.6829 	EXP 	blk4: color = 'darkgrey'
16.6996 	EXP 	blk1: fillColor = 'darkgrey'
16.6996 	EXP 	blk1: lineColor = 'darkgrey'
16.6996 	EXP 	blk1: color = 'darkgrey'
16.6996 	EXP 	blk4: fillColor = 'darkgrey'
16.6996 	EXP 	blk4: lineColor = 'darkgrey'
16.6996 	EXP 	blk4: color = 'darkgrey'
16.7163 	EXP 	blk1: fillColor = 'darkgrey'
16.7163 	EXP 	blk1: lineColor = 'darkgrey'
16.7163 	EXP 	blk1: color = 'darkgrey'
16.7163 	EXP 	blk4: fillColor = 'darkgrey'
16.7163 	EXP 	blk4: lineColor = 'darkgrey'
16.7163 	EXP 	blk4: color = 'darkgrey'
16.7331 	EXP 	blk1: fillColor = 'darkgrey'
16.7331 	EXP 	blk1: lineColor = 'darkgrey'
16.7331 	EXP 	blk1: color = 'darkgrey'
16.7331 	EXP 	blk4: fillColor = 'darkgrey'
16.7331 	EXP 	blk4: lineColor = 'darkgrey'
16.7331 	EXP 	blk4: color = 'darkgrey'
16.7496 	EXP 	blk1: fillColor = 'darkgrey'
16.7496 	EXP 	blk1: lineColor = 'darkgrey'
16.7496 	EXP 	blk1: color = 'darkgrey'
16.7496 	EXP 	blk4: fillColor = 'darkgrey'
16.7496 	EXP 	blk4: lineColor = 'darkgrey'
16.7496 	EXP 	blk4: color = 'darkgrey'
16.7661 	EXP 	blk1: fillColor = 'darkgrey'
16.7661 	EXP 	blk1: lineColor = 'darkgrey'
16.7661 	EXP 	blk1: color = 'darkgrey'
16.7661 	EXP 	blk4: fillColor = 'darkgrey'
16.7661 	EXP 	blk4: lineColor = 'darkgrey'
16.7661 	EXP 	blk4: color = 'darkgrey'
16.7830 	EXP 	blk1: fillColor = 'darkgrey'
16.7830 	EXP 	blk1: lineColor = 'darkgrey'
16.7830 	EXP 	blk1: color = 'darkgrey'
16.7830 	EXP 	blk4: fillColor = 'darkgrey'
16.7830 	EXP 	blk4: lineColor = 'darkgrey'
16.7830 	EXP 	blk4: color = 'darkgrey'
16.7997 	EXP 	blk1: fillColor = 'darkgrey'
16.7997 	EXP 	blk1: lineColor = 'darkgrey'
16.7997 	EXP 	blk1: color = 'darkgrey'
16.7997 	EXP 	blk4: fillColor = 'darkgrey'
16.7997 	EXP 	blk4: lineColor = 'darkgrey'
16.7997 	EXP 	blk4: color = 'darkgrey'
16.8162 	EXP 	blk1: fillColor = 'darkgrey'
16.8162 	EXP 	blk1: lineColor = 'darkgrey'
16.8162 	EXP 	blk1: color = 'darkgrey'
16.8162 	EXP 	blk4: fillColor = 'darkgrey'
16.8162 	EXP 	blk4: lineColor = 'darkgrey'
16.8162 	EXP 	blk4: color = 'darkgrey'
16.8331 	EXP 	blk1: fillColor = 'darkgrey'
16.8331 	EXP 	blk1: lineColor = 'darkgrey'
16.8331 	EXP 	blk1: color = 'darkgrey'
16.8331 	EXP 	blk4: fillColor = 'darkgrey'
16.8331 	EXP 	blk4: lineColor = 'darkgrey'
16.8331 	EXP 	blk4: color = 'darkgrey'
16.8499 	EXP 	blk1: fillColor = 'darkgrey'
16.8499 	EXP 	blk1: lineColor = 'darkgrey'
16.8499 	EXP 	blk1: color = 'darkgrey'
16.8499 	EXP 	blk4: fillColor = 'darkgrey'
16.8499 	EXP 	blk4: lineColor = 'darkgrey'
16.8499 	EXP 	blk4: color = 'darkgrey'
16.8663 	EXP 	blk1: fillColor = 'darkgrey'
16.8663 	EXP 	blk1: lineColor = 'darkgrey'
16.8663 	EXP 	blk1: color = 'darkgrey'
16.8663 	EXP 	blk4: fillColor = 'darkgrey'
16.8663 	EXP 	blk4: lineColor = 'darkgrey'
16.8663 	EXP 	blk4: color = 'darkgrey'
16.8831 	EXP 	blk1: fillColor = 'darkgrey'
16.8831 	EXP 	blk1: lineColor = 'darkgrey'
16.8831 	EXP 	blk1: color = 'darkgrey'
16.8831 	EXP 	blk4: fillColor = 'darkgrey'
16.8831 	EXP 	blk4: lineColor = 'darkgrey'
16.8831 	EXP 	blk4: color = 'darkgrey'
16.8998 	EXP 	blk1: fillColor = 'darkgrey'
16.8998 	EXP 	blk1: lineColor = 'darkgrey'
16.8998 	EXP 	blk1: color = 'darkgrey'
16.8998 	EXP 	blk4: fillColor = 'darkgrey'
16.8998 	EXP 	blk4: lineColor = 'darkgrey'
16.8998 	EXP 	blk4: color = 'darkgrey'
16.9163 	EXP 	blk1: fillColor = 'darkgrey'
16.9163 	EXP 	blk1: lineColor = 'darkgrey'
16.9163 	EXP 	blk1: color = 'darkgrey'
16.9163 	EXP 	blk4: fillColor = 'darkgrey'
16.9163 	EXP 	blk4: lineColor = 'darkgrey'
16.9163 	EXP 	blk4: color = 'darkgrey'
16.9331 	EXP 	blk1: fillColor = 'darkgrey'
16.9331 	EXP 	blk1: lineColor = 'darkgrey'
16.9331 	EXP 	blk1: color = 'darkgrey'
16.9331 	EXP 	blk4: fillColor = 'darkgrey'
16.9331 	EXP 	blk4: lineColor = 'darkgrey'
16.9331 	EXP 	blk4: color = 'darkgrey'
16.9335 	DATA 	Mouse: Left button down, pos=(1339,309)
16.9498 	EXP 	blk1: fillColor = 'darkgrey'
16.9498 	EXP 	blk1: lineColor = 'darkgrey'
16.9498 	EXP 	blk1: color = 'darkgrey'
16.9498 	EXP 	blk4: fillColor = 'darkgrey'
16.9498 	EXP 	blk4: lineColor = 'darkgrey'
16.9498 	EXP 	blk4: color = 'darkgrey'
16.9498 	EXP 	blk3: fillColor = 'darkgrey'
16.9498 	EXP 	blk3: lineColor = 'darkgrey'
16.9498 	EXP 	blk3: color = 'darkgrey'
16.9664 	EXP 	blk1: fillColor = 'darkgrey'
16.9664 	EXP 	blk1: lineColor = 'darkgrey'
16.9664 	EXP 	blk1: color = 'darkgrey'
16.9664 	EXP 	blk4: fillColor = 'darkgrey'
16.9664 	EXP 	blk4: lineColor = 'darkgrey'
16.9664 	EXP 	blk4: color = 'darkgrey'
16.9664 	EXP 	blk3: fillColor = 'darkgrey'
16.9664 	EXP 	blk3: lineColor = 'darkgrey'
16.9664 	EXP 	blk3: color = 'darkgrey'
16.9830 	EXP 	blk1: fillColor = 'darkgrey'
16.9830 	EXP 	blk1: lineColor = 'darkgrey'
16.9830 	EXP 	blk1: color = 'darkgrey'
16.9830 	EXP 	blk4: fillColor = 'darkgrey'
16.9830 	EXP 	blk4: lineColor = 'darkgrey'
16.9830 	EXP 	blk4: color = 'darkgrey'
16.9830 	EXP 	blk3: fillColor = 'darkgrey'
16.9830 	EXP 	blk3: lineColor = 'darkgrey'
16.9830 	EXP 	blk3: color = 'darkgrey'
17.0000 	EXP 	blk1: fillColor = 'darkgrey'
17.0000 	EXP 	blk1: lineColor = 'darkgrey'
17.0000 	EXP 	blk1: color = 'darkgrey'
17.0000 	EXP 	blk4: fillColor = 'darkgrey'
17.0000 	EXP 	blk4: lineColor = 'darkgrey'
17.0000 	EXP 	blk4: color = 'darkgrey'
17.0000 	EXP 	blk3: fillColor = 'darkgrey'
17.0000 	EXP 	blk3: lineColor = 'darkgrey'
17.0000 	EXP 	blk3: color = 'darkgrey'
17.0167 	EXP 	blk1: fillColor = 'darkgrey'
17.0167 	EXP 	blk1: lineColor = 'darkgrey'
17.0167 	EXP 	blk1: color = 'darkgrey'
17.0167 	EXP 	blk4: fillColor = 'darkgrey'
17.0167 	EXP 	blk4: lineColor = 'darkgrey'
17.0167 	EXP 	blk4: color = 'darkgrey'
17.0167 	EXP 	blk3: fillColor = 'darkgrey'
17.0167 	EXP 	blk3: lineColor = 'darkgrey'
17.0167 	EXP 	blk3: color = 'darkgrey'
17.0171 	DATA 	Mouse:  Left button up, pos=(1338,309)
17.0333 	EXP 	blk1: fillColor = 'darkgrey'
17.0333 	EXP 	blk1: lineColor = 'darkgrey'
17.0333 	EXP 	blk1: color = 'darkgrey'
17.0333 	EXP 	blk4: fillColor = 'darkgrey'
17.0333 	EXP 	blk4: lineColor = 'darkgrey'
17.0333 	EXP 	blk4: color = 'darkgrey'
17.0333 	EXP 	blk3: fillColor = 'darkgrey'
17.0333 	EXP 	blk3: lineColor = 'darkgrey'
17.0333 	EXP 	blk3: color = 'darkgrey'
17.0499 	EXP 	blk1: fillColor = 'darkgrey'
17.0499 	EXP 	blk1: lineColor = 'darkgrey'
17.0499 	EXP 	blk1: color = 'darkgrey'
17.0499 	EXP 	blk4: fillColor = 'darkgrey'
17.0499 	EXP 	blk4: lineColor = 'darkgrey'
17.0499 	EXP 	blk4: color = 'darkgrey'
17.0499 	EXP 	blk3: fillColor = 'darkgrey'
17.0499 	EXP 	blk3: lineColor = 'darkgrey'
17.0499 	EXP 	blk3: color = 'darkgrey'
17.0664 	EXP 	blk1: fillColor = 'darkgrey'
17.0664 	EXP 	blk1: lineColor = 'darkgrey'
17.0664 	EXP 	blk1: color = 'darkgrey'
17.0664 	EXP 	blk4: fillColor = 'darkgrey'
17.0664 	EXP 	blk4: lineColor = 'darkgrey'
17.0664 	EXP 	blk4: color = 'darkgrey'
17.0664 	EXP 	blk3: fillColor = 'darkgrey'
17.0664 	EXP 	blk3: lineColor = 'darkgrey'
17.0664 	EXP 	blk3: color = 'darkgrey'
17.0833 	EXP 	blk1: fillColor = 'darkgrey'
17.0833 	EXP 	blk1: lineColor = 'darkgrey'
17.0833 	EXP 	blk1: color = 'darkgrey'
17.0833 	EXP 	blk4: fillColor = 'darkgrey'
17.0833 	EXP 	blk4: lineColor = 'darkgrey'
17.0833 	EXP 	blk4: color = 'darkgrey'
17.0833 	EXP 	blk3: fillColor = 'darkgrey'
17.0833 	EXP 	blk3: lineColor = 'darkgrey'
17.0833 	EXP 	blk3: color = 'darkgrey'
17.0998 	EXP 	blk1: fillColor = 'darkgrey'
17.0998 	EXP 	blk1: lineColor = 'darkgrey'
17.0998 	EXP 	blk1: color = 'darkgrey'
17.0998 	EXP 	blk4: fillColor = 'darkgrey'
17.0998 	EXP 	blk4: lineColor = 'darkgrey'
17.0998 	EXP 	blk4: color = 'darkgrey'
17.0998 	EXP 	blk3: fillColor = 'darkgrey'
17.0998 	EXP 	blk3: lineColor = 'darkgrey'
17.0998 	EXP 	blk3: color = 'darkgrey'
17.1165 	EXP 	blk1: fillColor = 'darkgrey'
17.1165 	EXP 	blk1: lineColor = 'darkgrey'
17.1165 	EXP 	blk1: color = 'darkgrey'
17.1165 	EXP 	blk4: fillColor = 'darkgrey'
17.1165 	EXP 	blk4: lineColor = 'darkgrey'
17.1165 	EXP 	blk4: color = 'darkgrey'
17.1165 	EXP 	blk3: fillColor = 'darkgrey'
17.1165 	EXP 	blk3: lineColor = 'darkgrey'
17.1165 	EXP 	blk3: color = 'darkgrey'
17.1334 	EXP 	blk1: fillColor = 'darkgrey'
17.1334 	EXP 	blk1: lineColor = 'darkgrey'
17.1334 	EXP 	blk1: color = 'darkgrey'
17.1334 	EXP 	blk4: fillColor = 'darkgrey'
17.1334 	EXP 	blk4: lineColor = 'darkgrey'
17.1334 	EXP 	blk4: color = 'darkgrey'
17.1334 	EXP 	blk3: fillColor = 'darkgrey'
17.1334 	EXP 	blk3: lineColor = 'darkgrey'
17.1334 	EXP 	blk3: color = 'darkgrey'
17.1501 	EXP 	blk1: fillColor = 'darkgrey'
17.1501 	EXP 	blk1: lineColor = 'darkgrey'
17.1501 	EXP 	blk1: color = 'darkgrey'
17.1501 	EXP 	blk4: fillColor = 'darkgrey'
17.1501 	EXP 	blk4: lineColor = 'darkgrey'
17.1501 	EXP 	blk4: color = 'darkgrey'
17.1501 	EXP 	blk3: fillColor = 'darkgrey'
17.1501 	EXP 	blk3: lineColor = 'darkgrey'
17.1501 	EXP 	blk3: color = 'darkgrey'
17.1666 	EXP 	blk1: fillColor = 'darkgrey'
17.1666 	EXP 	blk1: lineColor = 'darkgrey'
17.1666 	EXP 	blk1: color = 'darkgrey'
17.1666 	EXP 	blk4: fillColor = 'darkgrey'
17.1666 	EXP 	blk4: lineColor = 'darkgrey'
17.1666 	EXP 	blk4: color = 'darkgrey'
17.1666 	EXP 	blk3: fillColor = 'darkgrey'
17.1666 	EXP 	blk3: lineColor = 'darkgrey'
17.1666 	EXP 	blk3: color = 'darkgrey'
17.1834 	EXP 	blk1: fillColor = 'darkgrey'
17.1834 	EXP 	blk1: lineColor = 'darkgrey'
17.1834 	EXP 	blk1: color = 'darkgrey'
17.1834 	EXP 	blk4: fillColor = 'darkgrey'
17.1834 	EXP 	blk4: lineColor = 'darkgrey'
17.1834 	EXP 	blk4: color = 'darkgrey'
17.1834 	EXP 	blk3: fillColor = 'darkgrey'
17.1834 	EXP 	blk3: lineColor = 'darkgrey'
17.1834 	EXP 	blk3: color = 'darkgrey'
17.2003 	EXP 	blk1: fillColor = 'darkgrey'
17.2003 	EXP 	blk1: lineColor = 'darkgrey'
17.2003 	EXP 	blk1: color = 'darkgrey'
17.2003 	EXP 	blk4: fillColor = 'darkgrey'
17.2003 	EXP 	blk4: lineColor = 'darkgrey'
17.2003 	EXP 	blk4: color = 'darkgrey'
17.2003 	EXP 	blk3: fillColor = 'darkgrey'
17.2003 	EXP 	blk3: lineColor = 'darkgrey'
17.2003 	EXP 	blk3: color = 'darkgrey'
17.2168 	EXP 	blk1: fillColor = 'darkgrey'
17.2168 	EXP 	blk1: lineColor = 'darkgrey'
17.2168 	EXP 	blk1: color = 'darkgrey'
17.2168 	EXP 	blk4: fillColor = 'darkgrey'
17.2168 	EXP 	blk4: lineColor = 'darkgrey'
17.2168 	EXP 	blk4: color = 'darkgrey'
17.2168 	EXP 	blk3: fillColor = 'darkgrey'
17.2168 	EXP 	blk3: lineColor = 'darkgrey'
17.2168 	EXP 	blk3: color = 'darkgrey'
17.2336 	EXP 	blk1: fillColor = 'darkgrey'
17.2336 	EXP 	blk1: lineColor = 'darkgrey'
17.2336 	EXP 	blk1: color = 'darkgrey'
17.2336 	EXP 	blk4: fillColor = 'darkgrey'
17.2336 	EXP 	blk4: lineColor = 'darkgrey'
17.2336 	EXP 	blk4: color = 'darkgrey'
17.2336 	EXP 	blk3: fillColor = 'darkgrey'
17.2336 	EXP 	blk3: lineColor = 'darkgrey'
17.2336 	EXP 	blk3: color = 'darkgrey'
17.2504 	EXP 	blk1: fillColor = 'darkgrey'
17.2504 	EXP 	blk1: lineColor = 'darkgrey'
17.2504 	EXP 	blk1: color = 'darkgrey'
17.2504 	EXP 	blk4: fillColor = 'darkgrey'
17.2504 	EXP 	blk4: lineColor = 'darkgrey'
17.2504 	EXP 	blk4: color = 'darkgrey'
17.2504 	EXP 	blk3: fillColor = 'darkgrey'
17.2504 	EXP 	blk3: lineColor = 'darkgrey'
17.2504 	EXP 	blk3: color = 'darkgrey'
17.2667 	EXP 	blk1: fillColor = 'darkgrey'
17.2667 	EXP 	blk1: lineColor = 'darkgrey'
17.2667 	EXP 	blk1: color = 'darkgrey'
17.2667 	EXP 	blk4: fillColor = 'darkgrey'
17.2667 	EXP 	blk4: lineColor = 'darkgrey'
17.2667 	EXP 	blk4: color = 'darkgrey'
17.2667 	EXP 	blk3: fillColor = 'darkgrey'
17.2667 	EXP 	blk3: lineColor = 'darkgrey'
17.2667 	EXP 	blk3: color = 'darkgrey'
17.2835 	EXP 	blk1: fillColor = 'darkgrey'
17.2835 	EXP 	blk1: lineColor = 'darkgrey'
17.2835 	EXP 	blk1: color = 'darkgrey'
17.2835 	EXP 	blk4: fillColor = 'darkgrey'
17.2835 	EXP 	blk4: lineColor = 'darkgrey'
17.2835 	EXP 	blk4: color = 'darkgrey'
17.2835 	EXP 	blk3: fillColor = 'darkgrey'
17.2835 	EXP 	blk3: lineColor = 'darkgrey'
17.2835 	EXP 	blk3: color = 'darkgrey'
17.3002 	EXP 	blk1: fillColor = 'darkgrey'
17.3002 	EXP 	blk1: lineColor = 'darkgrey'
17.3002 	EXP 	blk1: color = 'darkgrey'
17.3002 	EXP 	blk4: fillColor = 'darkgrey'
17.3002 	EXP 	blk4: lineColor = 'darkgrey'
17.3002 	EXP 	blk4: color = 'darkgrey'
17.3002 	EXP 	blk3: fillColor = 'darkgrey'
17.3002 	EXP 	blk3: lineColor = 'darkgrey'
17.3002 	EXP 	blk3: color = 'darkgrey'
17.3276 	DATA 	Mouse: Left button down, pos=(1126,204)
17.3327 	EXP 	blk1: fillColor = 'darkgrey'
17.3327 	EXP 	blk1: lineColor = 'darkgrey'
17.3327 	EXP 	blk1: color = 'darkgrey'
17.3327 	EXP 	blk4: fillColor = 'darkgrey'
17.3327 	EXP 	blk4: lineColor = 'darkgrey'
17.3327 	EXP 	blk4: color = 'darkgrey'
17.3327 	EXP 	blk3: fillColor = 'darkgrey'
17.3327 	EXP 	blk3: lineColor = 'darkgrey'
17.3327 	EXP 	blk3: color = 'darkgrey'
17.3327 	EXP 	blk2: fillColor = 'darkgrey'
17.3327 	EXP 	blk2: lineColor = 'darkgrey'
17.3327 	EXP 	blk2: color = 'darkgrey'
17.3503 	EXP 	blk1: fillColor = 'darkgrey'
17.3503 	EXP 	blk1: lineColor = 'darkgrey'
17.3503 	EXP 	blk1: color = 'darkgrey'
17.3503 	EXP 	blk4: fillColor = 'darkgrey'
17.3503 	EXP 	blk4: lineColor = 'darkgrey'
17.3503 	EXP 	blk4: color = 'darkgrey'
17.3503 	EXP 	blk3: fillColor = 'darkgrey'
17.3503 	EXP 	blk3: lineColor = 'darkgrey'
17.3503 	EXP 	blk3: color = 'darkgrey'
17.3503 	EXP 	blk2: fillColor = 'darkgrey'
17.3503 	EXP 	blk2: lineColor = 'darkgrey'
17.3503 	EXP 	blk2: color = 'darkgrey'
17.3669 	EXP 	blk1: fillColor = 'darkgrey'
17.3669 	EXP 	blk1: lineColor = 'darkgrey'
17.3669 	EXP 	blk1: color = 'darkgrey'
17.3669 	EXP 	blk4: fillColor = 'darkgrey'
17.3669 	EXP 	blk4: lineColor = 'darkgrey'
17.3669 	EXP 	blk4: color = 'darkgrey'
17.3669 	EXP 	blk3: fillColor = 'darkgrey'
17.3669 	EXP 	blk3: lineColor = 'darkgrey'
17.3669 	EXP 	blk3: color = 'darkgrey'
17.3669 	EXP 	blk2: fillColor = 'darkgrey'
17.3669 	EXP 	blk2: lineColor = 'darkgrey'
17.3669 	EXP 	blk2: color = 'darkgrey'
17.3836 	EXP 	blk1: fillColor = 'darkgrey'
17.3836 	EXP 	blk1: lineColor = 'darkgrey'
17.3836 	EXP 	blk1: color = 'darkgrey'
17.3836 	EXP 	blk4: fillColor = 'darkgrey'
17.3836 	EXP 	blk4: lineColor = 'darkgrey'
17.3836 	EXP 	blk4: color = 'darkgrey'
17.3836 	EXP 	blk3: fillColor = 'darkgrey'
17.3836 	EXP 	blk3: lineColor = 'darkgrey'
17.3836 	EXP 	blk3: color = 'darkgrey'
17.3836 	EXP 	blk2: fillColor = 'darkgrey'
17.3836 	EXP 	blk2: lineColor = 'darkgrey'
17.3836 	EXP 	blk2: color = 'darkgrey'
17.4006 	EXP 	blk1: fillColor = 'darkgrey'
17.4006 	EXP 	blk1: lineColor = 'darkgrey'
17.4006 	EXP 	blk1: color = 'darkgrey'
17.4006 	EXP 	blk4: fillColor = 'darkgrey'
17.4006 	EXP 	blk4: lineColor = 'darkgrey'
17.4006 	EXP 	blk4: color = 'darkgrey'
17.4006 	EXP 	blk3: fillColor = 'darkgrey'
17.4006 	EXP 	blk3: lineColor = 'darkgrey'
17.4006 	EXP 	blk3: color = 'darkgrey'
17.4006 	EXP 	blk2: fillColor = 'darkgrey'
17.4006 	EXP 	blk2: lineColor = 'darkgrey'
17.4006 	EXP 	blk2: color = 'darkgrey'
17.4010 	DATA 	Mouse:  Left button up, pos=(1118,221)
17.4169 	EXP 	blk1: fillColor = 'darkgrey'
17.4169 	EXP 	blk1: lineColor = 'darkgrey'
17.4169 	EXP 	blk1: color = 'darkgrey'
17.4169 	EXP 	blk4: fillColor = 'darkgrey'
17.4169 	EXP 	blk4: lineColor = 'darkgrey'
17.4169 	EXP 	blk4: color = 'darkgrey'
17.4169 	EXP 	blk3: fillColor = 'darkgrey'
17.4169 	EXP 	blk3: lineColor = 'darkgrey'
17.4169 	EXP 	blk3: color = 'darkgrey'
17.4169 	EXP 	blk2: fillColor = 'darkgrey'
17.4169 	EXP 	blk2: lineColor = 'darkgrey'
17.4169 	EXP 	blk2: color = 'darkgrey'
17.4336 	EXP 	blk1: fillColor = 'darkgrey'
17.4336 	EXP 	blk1: lineColor = 'darkgrey'
17.4336 	EXP 	blk1: color = 'darkgrey'
17.4336 	EXP 	blk4: fillColor = 'darkgrey'
17.4336 	EXP 	blk4: lineColor = 'darkgrey'
17.4336 	EXP 	blk4: color = 'darkgrey'
17.4336 	EXP 	blk3: fillColor = 'darkgrey'
17.4336 	EXP 	blk3: lineColor = 'darkgrey'
17.4336 	EXP 	blk3: color = 'darkgrey'
17.4336 	EXP 	blk2: fillColor = 'darkgrey'
17.4336 	EXP 	blk2: lineColor = 'darkgrey'
17.4336 	EXP 	blk2: color = 'darkgrey'
17.4502 	EXP 	blk1: fillColor = 'darkgrey'
17.4502 	EXP 	blk1: lineColor = 'darkgrey'
17.4502 	EXP 	blk1: color = 'darkgrey'
17.4502 	EXP 	blk4: fillColor = 'darkgrey'
17.4502 	EXP 	blk4: lineColor = 'darkgrey'
17.4502 	EXP 	blk4: color = 'darkgrey'
17.4502 	EXP 	blk3: fillColor = 'darkgrey'
17.4502 	EXP 	blk3: lineColor = 'darkgrey'
17.4502 	EXP 	blk3: color = 'darkgrey'
17.4502 	EXP 	blk2: fillColor = 'darkgrey'
17.4502 	EXP 	blk2: lineColor = 'darkgrey'
17.4502 	EXP 	blk2: color = 'darkgrey'
17.4670 	EXP 	blk1: fillColor = 'darkgrey'
17.4670 	EXP 	blk1: lineColor = 'darkgrey'
17.4670 	EXP 	blk1: color = 'darkgrey'
17.4670 	EXP 	blk4: fillColor = 'darkgrey'
17.4670 	EXP 	blk4: lineColor = 'darkgrey'
17.4670 	EXP 	blk4: color = 'darkgrey'
17.4670 	EXP 	blk3: fillColor = 'darkgrey'
17.4670 	EXP 	blk3: lineColor = 'darkgrey'
17.4670 	EXP 	blk3: color = 'darkgrey'
17.4670 	EXP 	blk2: fillColor = 'darkgrey'
17.4670 	EXP 	blk2: lineColor = 'darkgrey'
17.4670 	EXP 	blk2: color = 'darkgrey'
17.4836 	EXP 	blk1: fillColor = 'darkgrey'
17.4836 	EXP 	blk1: lineColor = 'darkgrey'
17.4836 	EXP 	blk1: color = 'darkgrey'
17.4836 	EXP 	blk4: fillColor = 'darkgrey'
17.4836 	EXP 	blk4: lineColor = 'darkgrey'
17.4836 	EXP 	blk4: color = 'darkgrey'
17.4836 	EXP 	blk3: fillColor = 'darkgrey'
17.4836 	EXP 	blk3: lineColor = 'darkgrey'
17.4836 	EXP 	blk3: color = 'darkgrey'
17.4836 	EXP 	blk2: fillColor = 'darkgrey'
17.4836 	EXP 	blk2: lineColor = 'darkgrey'
17.4836 	EXP 	blk2: color = 'darkgrey'
17.5002 	EXP 	blk1: fillColor = 'darkgrey'
17.5002 	EXP 	blk1: lineColor = 'darkgrey'
17.5002 	EXP 	blk1: color = 'darkgrey'
17.5002 	EXP 	blk4: fillColor = 'darkgrey'
17.5002 	EXP 	blk4: lineColor = 'darkgrey'
17.5002 	EXP 	blk4: color = 'darkgrey'
17.5002 	EXP 	blk3: fillColor = 'darkgrey'
17.5002 	EXP 	blk3: lineColor = 'darkgrey'
17.5002 	EXP 	blk3: color = 'darkgrey'
17.5002 	EXP 	blk2: fillColor = 'darkgrey'
17.5002 	EXP 	blk2: lineColor = 'darkgrey'
17.5002 	EXP 	blk2: color = 'darkgrey'
17.5171 	EXP 	blk1: fillColor = 'darkgrey'
17.5171 	EXP 	blk1: lineColor = 'darkgrey'
17.5171 	EXP 	blk1: color = 'darkgrey'
17.5171 	EXP 	blk4: fillColor = 'darkgrey'
17.5171 	EXP 	blk4: lineColor = 'darkgrey'
17.5171 	EXP 	blk4: color = 'darkgrey'
17.5171 	EXP 	blk3: fillColor = 'darkgrey'
17.5171 	EXP 	blk3: lineColor = 'darkgrey'
17.5171 	EXP 	blk3: color = 'darkgrey'
17.5171 	EXP 	blk2: fillColor = 'darkgrey'
17.5171 	EXP 	blk2: lineColor = 'darkgrey'
17.5171 	EXP 	blk2: color = 'darkgrey'
17.5339 	EXP 	blk1: fillColor = 'darkgrey'
17.5339 	EXP 	blk1: lineColor = 'darkgrey'
17.5339 	EXP 	blk1: color = 'darkgrey'
17.5339 	EXP 	blk4: fillColor = 'darkgrey'
17.5339 	EXP 	blk4: lineColor = 'darkgrey'
17.5339 	EXP 	blk4: color = 'darkgrey'
17.5339 	EXP 	blk3: fillColor = 'darkgrey'
17.5339 	EXP 	blk3: lineColor = 'darkgrey'
17.5339 	EXP 	blk3: color = 'darkgrey'
17.5339 	EXP 	blk2: fillColor = 'darkgrey'
17.5339 	EXP 	blk2: lineColor = 'darkgrey'
17.5339 	EXP 	blk2: color = 'darkgrey'
17.5505 	EXP 	blk1: fillColor = 'darkgrey'
17.5505 	EXP 	blk1: lineColor = 'darkgrey'
17.5505 	EXP 	blk1: color = 'darkgrey'
17.5505 	EXP 	blk4: fillColor = 'darkgrey'
17.5505 	EXP 	blk4: lineColor = 'darkgrey'
17.5505 	EXP 	blk4: color = 'darkgrey'
17.5505 	EXP 	blk3: fillColor = 'darkgrey'
17.5505 	EXP 	blk3: lineColor = 'darkgrey'
17.5505 	EXP 	blk3: color = 'darkgrey'
17.5505 	EXP 	blk2: fillColor = 'darkgrey'
17.5505 	EXP 	blk2: lineColor = 'darkgrey'
17.5505 	EXP 	blk2: color = 'darkgrey'
17.5672 	EXP 	blk1: fillColor = 'darkgrey'
17.5672 	EXP 	blk1: lineColor = 'darkgrey'
17.5672 	EXP 	blk1: color = 'darkgrey'
17.5672 	EXP 	blk4: fillColor = 'darkgrey'
17.5672 	EXP 	blk4: lineColor = 'darkgrey'
17.5672 	EXP 	blk4: color = 'darkgrey'
17.5672 	EXP 	blk3: fillColor = 'darkgrey'
17.5672 	EXP 	blk3: lineColor = 'darkgrey'
17.5672 	EXP 	blk3: color = 'darkgrey'
17.5672 	EXP 	blk2: fillColor = 'darkgrey'
17.5672 	EXP 	blk2: lineColor = 'darkgrey'
17.5672 	EXP 	blk2: color = 'darkgrey'
17.5839 	EXP 	blk1: fillColor = 'darkgrey'
17.5839 	EXP 	blk1: lineColor = 'darkgrey'
17.5839 	EXP 	blk1: color = 'darkgrey'
17.5839 	EXP 	blk4: fillColor = 'darkgrey'
17.5839 	EXP 	blk4: lineColor = 'darkgrey'
17.5839 	EXP 	blk4: color = 'darkgrey'
17.5839 	EXP 	blk3: fillColor = 'darkgrey'
17.5839 	EXP 	blk3: lineColor = 'darkgrey'
17.5839 	EXP 	blk3: color = 'darkgrey'
17.5839 	EXP 	blk2: fillColor = 'darkgrey'
17.5839 	EXP 	blk2: lineColor = 'darkgrey'
17.5839 	EXP 	blk2: color = 'darkgrey'
17.6005 	EXP 	blk1: fillColor = 'darkgrey'
17.6005 	EXP 	blk1: lineColor = 'darkgrey'
17.6005 	EXP 	blk1: color = 'darkgrey'
17.6005 	EXP 	blk4: fillColor = 'darkgrey'
17.6005 	EXP 	blk4: lineColor = 'darkgrey'
17.6005 	EXP 	blk4: color = 'darkgrey'
17.6005 	EXP 	blk3: fillColor = 'darkgrey'
17.6005 	EXP 	blk3: lineColor = 'darkgrey'
17.6005 	EXP 	blk3: color = 'darkgrey'
17.6005 	EXP 	blk2: fillColor = 'darkgrey'
17.6005 	EXP 	blk2: lineColor = 'darkgrey'
17.6005 	EXP 	blk2: color = 'darkgrey'
17.6170 	EXP 	blk1: fillColor = 'darkgrey'
17.6170 	EXP 	blk1: lineColor = 'darkgrey'
17.6170 	EXP 	blk1: color = 'darkgrey'
17.6170 	EXP 	blk4: fillColor = 'darkgrey'
17.6170 	EXP 	blk4: lineColor = 'darkgrey'
17.6170 	EXP 	blk4: color = 'darkgrey'
17.6170 	EXP 	blk3: fillColor = 'darkgrey'
17.6170 	EXP 	blk3: lineColor = 'darkgrey'
17.6170 	EXP 	blk3: color = 'darkgrey'
17.6170 	EXP 	blk2: fillColor = 'darkgrey'
17.6170 	EXP 	blk2: lineColor = 'darkgrey'
17.6170 	EXP 	blk2: color = 'darkgrey'
17.6337 	EXP 	blk1: fillColor = 'darkgrey'
17.6337 	EXP 	blk1: lineColor = 'darkgrey'
17.6337 	EXP 	blk1: color = 'darkgrey'
17.6337 	EXP 	blk4: fillColor = 'darkgrey'
17.6337 	EXP 	blk4: lineColor = 'darkgrey'
17.6337 	EXP 	blk4: color = 'darkgrey'
17.6337 	EXP 	blk3: fillColor = 'darkgrey'
17.6337 	EXP 	blk3: lineColor = 'darkgrey'
17.6337 	EXP 	blk3: color = 'darkgrey'
17.6337 	EXP 	blk2: fillColor = 'darkgrey'
17.6337 	EXP 	blk2: lineColor = 'darkgrey'
17.6337 	EXP 	blk2: color = 'darkgrey'
17.6506 	EXP 	blk1: fillColor = 'darkgrey'
17.6506 	EXP 	blk1: lineColor = 'darkgrey'
17.6506 	EXP 	blk1: color = 'darkgrey'
17.6506 	EXP 	blk4: fillColor = 'darkgrey'
17.6506 	EXP 	blk4: lineColor = 'darkgrey'
17.6506 	EXP 	blk4: color = 'darkgrey'
17.6506 	EXP 	blk3: fillColor = 'darkgrey'
17.6506 	EXP 	blk3: lineColor = 'darkgrey'
17.6506 	EXP 	blk3: color = 'darkgrey'
17.6506 	EXP 	blk2: fillColor = 'darkgrey'
17.6506 	EXP 	blk2: lineColor = 'darkgrey'
17.6506 	EXP 	blk2: color = 'darkgrey'
17.6672 	EXP 	blk1: fillColor = 'darkgrey'
17.6672 	EXP 	blk1: lineColor = 'darkgrey'
17.6672 	EXP 	blk1: color = 'darkgrey'
17.6672 	EXP 	blk4: fillColor = 'darkgrey'
17.6672 	EXP 	blk4: lineColor = 'darkgrey'
17.6672 	EXP 	blk4: color = 'darkgrey'
17.6672 	EXP 	blk3: fillColor = 'darkgrey'
17.6672 	EXP 	blk3: lineColor = 'darkgrey'
17.6672 	EXP 	blk3: color = 'darkgrey'
17.6672 	EXP 	blk2: fillColor = 'darkgrey'
17.6672 	EXP 	blk2: lineColor = 'darkgrey'
17.6672 	EXP 	blk2: color = 'darkgrey'
17.6837 	EXP 	blk1: fillColor = 'darkgrey'
17.6837 	EXP 	blk1: lineColor = 'darkgrey'
17.6837 	EXP 	blk1: color = 'darkgrey'
17.6837 	EXP 	blk4: fillColor = 'darkgrey'
17.6837 	EXP 	blk4: lineColor = 'darkgrey'
17.6837 	EXP 	blk4: color = 'darkgrey'
17.6837 	EXP 	blk3: fillColor = 'darkgrey'
17.6837 	EXP 	blk3: lineColor = 'darkgrey'
17.6837 	EXP 	blk3: color = 'darkgrey'
17.6837 	EXP 	blk2: fillColor = 'darkgrey'
17.6837 	EXP 	blk2: lineColor = 'darkgrey'
17.6837 	EXP 	blk2: color = 'darkgrey'
17.7004 	EXP 	blk1: fillColor = 'darkgrey'
17.7004 	EXP 	blk1: lineColor = 'darkgrey'
17.7004 	EXP 	blk1: color = 'darkgrey'
17.7004 	EXP 	blk4: fillColor = 'darkgrey'
17.7004 	EXP 	blk4: lineColor = 'darkgrey'
17.7004 	EXP 	blk4: color = 'darkgrey'
17.7004 	EXP 	blk3: fillColor = 'darkgrey'
17.7004 	EXP 	blk3: lineColor = 'darkgrey'
17.7004 	EXP 	blk3: color = 'darkgrey'
17.7004 	EXP 	blk2: fillColor = 'darkgrey'
17.7004 	EXP 	blk2: lineColor = 'darkgrey'
17.7004 	EXP 	blk2: color = 'darkgrey'
17.7174 	EXP 	blk1: fillColor = 'darkgrey'
17.7174 	EXP 	blk1: lineColor = 'darkgrey'
17.7174 	EXP 	blk1: color = 'darkgrey'
17.7174 	EXP 	blk4: fillColor = 'darkgrey'
17.7174 	EXP 	blk4: lineColor = 'darkgrey'
17.7174 	EXP 	blk4: color = 'darkgrey'
17.7174 	EXP 	blk3: fillColor = 'darkgrey'
17.7174 	EXP 	blk3: lineColor = 'darkgrey'
17.7174 	EXP 	blk3: color = 'darkgrey'
17.7174 	EXP 	blk2: fillColor = 'darkgrey'
17.7174 	EXP 	blk2: lineColor = 'darkgrey'
17.7174 	EXP 	blk2: color = 'darkgrey'
17.7179 	DATA 	Mouse: Left button down, pos=(1019,655)
17.7192 	EXP 	New trial (rep=2, index=0): OrderedDict([('sequence', ['blk1', 'blk2', 'blk3', 'blk4', 'blk5']), ('blockDuration', 0.5)])
17.7339 	EXP 	blk1: fillColor = 'darkgrey'
17.7339 	EXP 	blk1: lineColor = 'darkgrey'
17.7339 	EXP 	blk1: color = 'darkgrey'
17.7339 	EXP 	blk4: fillColor = 'darkgrey'
17.7339 	EXP 	blk4: lineColor = 'darkgrey'
17.7339 	EXP 	blk4: color = 'darkgrey'
17.7339 	EXP 	blk3: fillColor = 'darkgrey'
17.7339 	EXP 	blk3: lineColor = 'darkgrey'
17.7339 	EXP 	blk3: color = 'darkgrey'
17.7339 	EXP 	blk2: fillColor = 'darkgrey'
17.7339 	EXP 	blk2: lineColor = 'darkgrey'
17.7339 	EXP 	blk2: color = 'darkgrey'
17.7339 	EXP 	blk5: fillColor = 'darkgrey'
17.7339 	EXP 	blk5: lineColor = 'darkgrey'
17.7339 	EXP 	blk5: color = 'darkgrey'
17.7339 	EXP 	blk1: autoDraw = False
17.7339 	EXP 	blk2: autoDraw = False
17.7339 	EXP 	blk3: autoDraw = False
17.7339 	EXP 	blk4: autoDraw = False
17.7339 	EXP 	blk5: autoDraw = False
17.7339 	EXP 	blank: autoDraw = True
17.8343 	DATA 	Mouse:  Left button up, pos=(1019,655)
18.2345 	EXP 	blank: autoDraw = False
18.2345 	EXP 	blank: autoDraw = False
18.2345 	EXP 	blk1: pos = array([0.09580835, 0.28633552])
18.2345 	EXP 	blk1: fillColor = 'white'
18.2345 	EXP 	blk1: lineColor = 'white'
18.2345 	EXP 	blk1: color = 'white'
18.2345 	EXP 	blk2: pos = array([-0.20959167,  0.32772002])
18.2345 	EXP 	blk2: fillColor = 'white'
18.2345 	EXP 	blk2: lineColor = 'white'
18.2345 	EXP 	blk2: color = 'white'
18.2345 	EXP 	blk3: pos = array([ 0.2572929 , -0.34462107])
18.2345 	EXP 	blk3: fillColor = 'white'
18.2345 	EXP 	blk3: lineColor = 'white'
18.2345 	EXP 	blk3: color = 'white'
18.2345 	EXP 	blk4: pos = array([ 0.09120622, -0.03648395])
18.2345 	EXP 	blk4: fillColor = 'white'
18.2345 	EXP 	blk4: lineColor = 'white'
18.2345 	EXP 	blk4: color = 'white'
18.2345 	EXP 	blk5: pos = array([-0.15330525, -0.24716378])
18.2345 	EXP 	blk5: fillColor = 'white'
18.2345 	EXP 	blk5: lineColor = 'white'
18.2345 	EXP 	blk5: color = 'white'
18.2345 	EXP 	blk1: autoDraw = True
18.2345 	EXP 	blk2: autoDraw = True
18.2345 	EXP 	blk3: autoDraw = True
18.2345 	EXP 	blk4: autoDraw = True
18.2345 	EXP 	blk5: autoDraw = True
18.7350 	EXP 	blk1: fillColor = 'red'
18.7350 	EXP 	blk1: lineColor = 'red'
18.7350 	EXP 	blk1: color = 'red'
18.7520 	DATA 	Keypress: escape
18.8245 	EXP 	window1: mouseVisible = True
