3.6793 	EXP 	Created window1 = Window(allowGUI=False, allowStencil=False, args=UNKNOWN, autoLog=True, bitsMode=UNKNOWN, blendMode='avg', color=array([0., 0., 0.]), colorSpace='rgb', fullscr=<method-wrapper '__getattribute__' of attributeSetter object at 0x14F484B0>, gamma=None, kwargs=UNKNOWN, lms=UNKNOWN, monitor=<psychopy.monitors.calibTools.Monitor object at 0x16620630>, multiSample=False, name='window1', numSamples=2, pos=[0.0, 0.0], screen=0, size=array([1920, 1080]), stereo=False, units='height', useFBO=True, useRetina=False, viewOri=0.0, viewPos=None, viewScale=None, waitBlanking=True, winType='pyglet')
3.6793 	EXP 	window1: recordFrameIntervals = False
3.8458 	EXP 	window1: recordFrameIntervals = True
4.0295 	EXP 	window1: recordFrameIntervals = False
4.1404 	EXP 	Created instrText = TextStim(__class__=<class 'psychopy.visual.text.TextStim'>, alignHoriz='center', alignVert='center', antialias=True, autoLog=True, bold=False, color='white', colorSpace='named', contrast=1.0, depth=0.0, flipHoriz=False, flipVert=False, font='Arial', fontFiles=[], height=0.05, italic=False, languageStyle='LTR', name='instrText', opacity=1.0, ori=0, pos=array([0., 0.]), rgb=array([255., 255., 255.]), text=str(...), units='height', win=Window(...), wrapWidth=1.5)
4.1582 	EXP 	Created blank = TextStim(__class__=<class 'psychopy.visual.text.TextStim'>, alignHoriz='center', alignVert='center', antialias=True, autoLog=True, bold=False, color='white', colorSpace='named', contrast=1.0, depth=0.0, flipHoriz=False, flipVert=False, font='Arial', fontFiles=[], height=0.2, italic=False, languageStyle='LTR', name='blank', opacity=1.0, ori=0, pos=array([0., 0.]), rgb=array([255., 255., 255.]), text='+', units='height', win=Window(...), wrapWidth=1)
4.1615 	EXP 	Created blk1 = Rect(__class__=<class 'psychopy.visual.rect.Rect'>, autoDraw=False, autoLog=True, closeShape=True, color=method-wrapper(...), colorSpace=None, contrast=1.0, depth=0.0, fillColor=array([1., 1., 1.]), fillColorSpace='rgb', fillRGB=array([1., 1., 1.]), interpolate=True, lineColor=array([1., 1., 1.]), lineColorSpace='rgb', lineRGB=array([1., 1., 1.]), lineWidth=1, name='blk1', opacity=1.0, ori=array(0.), pos=array([0., 0.]), size=array([1., 1.]), units='height', vertices=ndarray(...), win=Window(...))
4.1625 	EXP 	Created blk2 = Rect(__class__=<class 'psychopy.visual.rect.Rect'>, autoDraw=False, autoLog=True, closeShape=True, color=method-wrapper(...), colorSpace=None, contrast=1.0, depth=-1.0, fillColor=array([1., 1., 1.]), fillColorSpace='rgb', fillRGB=array([1., 1., 1.]), interpolate=True, lineColor=array([1., 1., 1.]), lineColorSpace='rgb', lineRGB=array([1., 1., 1.]), lineWidth=1, name='blk2', opacity=1.0, ori=array(0.), pos=array([0., 0.]), size=array([1., 1.]), units='height', vertices=ndarray(...), win=Window(...))
4.1635 	EXP 	Created blk3 = Rect(__class__=<class 'psychopy.visual.rect.Rect'>, autoDraw=False, autoLog=True, closeShape=True, color=method-wrapper(...), colorSpace=None, contrast=1.0, depth=-2.0, fillColor=array([1., 1., 1.]), fillColorSpace='rgb', fillRGB=array([1., 1., 1.]), interpolate=True, lineColor=array([1., 1., 1.]), lineColorSpace='rgb', lineRGB=array([1., 1., 1.]), lineWidth=1, name='blk3', opacity=1.0, ori=array(0.), pos=array([0., 0.]), size=array([1., 1.]), units='height', vertices=ndarray(...), win=Window(...))
4.1644 	EXP 	Created blk4 = Rect(__class__=<class 'psychopy.visual.rect.Rect'>, autoDraw=False, autoLog=True, closeShape=True, color=method-wrapper(...), colorSpace=None, contrast=1.0, depth=-3.0, fillColor=array([1., 1., 1.]), fillColorSpace='rgb', fillRGB=array([1., 1., 1.]), interpolate=True, lineColor=array([1., 1., 1.]), lineColorSpace='rgb', lineRGB=array([1., 1., 1.]), lineWidth=1, name='blk4', opacity=1.0, ori=array(0.), pos=array([0., 0.]), size=array([1., 1.]), units='height', vertices=ndarray(...), win=Window(...))
4.1654 	EXP 	Created blk5 = Rect(__class__=<class 'psychopy.visual.rect.Rect'>, autoDraw=False, autoLog=True, closeShape=True, color=method-wrapper(...), colorSpace=None, contrast=1.0, depth=-4.0, fillColor=array([1., 1., 1.]), fillColorSpace='rgb', fillRGB=array([1., 1., 1.]), interpolate=True, lineColor=array([1., 1., 1.]), lineColorSpace='rgb', lineRGB=array([1., 1., 1.]), lineWidth=1, name='blk5', opacity=1.0, ori=array(0.), pos=array([0., 0.]), size=array([1., 1.]), units='height', vertices=ndarray(...), win=Window(...))
4.1979 	EXP 	Created thanksText = TextStim(__class__=<class 'psychopy.visual.text.TextStim'>, alignHoriz='center', alignVert='center', antialias=True, autoLog=True, bold=False, color='white', colorSpace='named', contrast=1.0, depth=0.0, flipHoriz=False, flipVert=False, font='Arial', fontFiles=[], height=0.07, italic=False, languageStyle='LTR', name='thanksText', opacity=1.0, ori=0, pos=array([0., 0.]), rgb=array([255., 255., 255.]), text='Great! Thanks for your help!\n\nAll done!', units='height', win=Window(...), wrapWidth=1)
4.2061 	EXP 	instrText: autoDraw = True
5.1640 	DATA 	Keypress: num_0
5.1866 	EXP 	Imported conditions.xlsx as conditions, 1 conditions, 2 params
5.1868 	EXP 	Created sequence: random, trialTypes=1, nReps=5, seed=None
5.1871 	EXP 	New trial (rep=0, index=0): OrderedDict([('sequence', ['blk1', 'blk2', 'blk3', 'blk4', 'blk5']), ('blockDuration', 0.5)])
5.1918 	EXP 	instrText: autoDraw = False
5.1918 	EXP 	blank: autoDraw = True
5.6973 	EXP 	blank: autoDraw = False
5.6973 	EXP 	blk1: pos = array([-0.07096115, -0.30706807])
5.6973 	EXP 	blk1: fillColor = 'white'
5.6973 	EXP 	blk1: lineColor = 'white'
5.6973 	EXP 	blk1: color = 'white'
5.6973 	EXP 	blk2: pos = array([0.02470318, 0.11923008])
5.6973 	EXP 	blk2: fillColor = 'white'
5.6973 	EXP 	blk2: lineColor = 'white'
5.6973 	EXP 	blk2: color = 'white'
5.6973 	EXP 	blk3: pos = array([0.32081869, 0.18330308])
5.6973 	EXP 	blk3: fillColor = 'white'
5.6973 	EXP 	blk3: lineColor = 'white'
5.6973 	EXP 	blk3: color = 'white'
5.6973 	EXP 	blk4: pos = array([0.20126922, 0.16231281])
5.6973 	EXP 	blk4: fillColor = 'white'
5.6973 	EXP 	blk4: lineColor = 'white'
5.6973 	EXP 	blk4: color = 'white'
5.6973 	EXP 	blk5: pos = array([-0.22713026, -0.08894707])
5.6973 	EXP 	blk5: fillColor = 'white'
5.6973 	EXP 	blk5: lineColor = 'white'
5.6973 	EXP 	blk5: color = 'white'
5.6973 	EXP 	blk1: autoDraw = True
5.6973 	EXP 	blk2: autoDraw = True
5.6973 	EXP 	blk3: autoDraw = True
5.6973 	EXP 	blk4: autoDraw = True
5.6973 	EXP 	blk5: autoDraw = True
6.1978 	EXP 	blk1: fillColor = 'red'
6.1978 	EXP 	blk1: lineColor = 'red'
6.1978 	EXP 	blk1: color = 'red'
6.6984 	EXP 	blk1: fillColor = 'white'
6.6984 	EXP 	blk1: lineColor = 'white'
6.6984 	EXP 	blk1: color = 'white'
6.6984 	EXP 	blk2: fillColor = 'red'
6.6984 	EXP 	blk2: lineColor = 'red'
6.6984 	EXP 	blk2: color = 'red'
7.1990 	EXP 	blk2: fillColor = 'white'
7.1990 	EXP 	blk2: lineColor = 'white'
7.1990 	EXP 	blk2: color = 'white'
7.1990 	EXP 	blk3: fillColor = 'red'
7.1990 	EXP 	blk3: lineColor = 'red'
7.1990 	EXP 	blk3: color = 'red'
7.6994 	EXP 	blk3: fillColor = 'white'
7.6994 	EXP 	blk3: lineColor = 'white'
7.6994 	EXP 	blk3: color = 'white'
7.6994 	EXP 	blk4: fillColor = 'red'
7.6994 	EXP 	blk4: lineColor = 'red'
7.6994 	EXP 	blk4: color = 'red'
8.2001 	EXP 	blk4: fillColor = 'white'
8.2001 	EXP 	blk4: lineColor = 'white'
8.2001 	EXP 	blk4: color = 'white'
8.2001 	EXP 	blk5: fillColor = 'red'
8.2001 	EXP 	blk5: lineColor = 'red'
8.2001 	EXP 	blk5: color = 'red'
8.7005 	EXP 	blk5: fillColor = 'white'
8.7005 	EXP 	blk5: lineColor = 'white'
8.7005 	EXP 	blk5: color = 'white'
8.9677 	DATA 	Mouse: Left button down, pos=(899,214)
8.9840 	EXP 	blk1: fillColor = 'darkgrey'
8.9840 	EXP 	blk1: lineColor = 'darkgrey'
8.9840 	EXP 	blk1: color = 'darkgrey'
9.0009 	EXP 	blk1: fillColor = 'darkgrey'
9.0009 	EXP 	blk1: lineColor = 'darkgrey'
9.0009 	EXP 	blk1: color = 'darkgrey'
9.0174 	EXP 	blk1: fillColor = 'darkgrey'
9.0174 	EXP 	blk1: lineColor = 'darkgrey'
9.0174 	EXP 	blk1: color = 'darkgrey'
9.0341 	EXP 	blk1: fillColor = 'darkgrey'
9.0341 	EXP 	blk1: lineColor = 'darkgrey'
9.0341 	EXP 	blk1: color = 'darkgrey'
9.0347 	DATA 	Mouse:  Left button up, pos=(901,221)
9.0508 	EXP 	blk1: fillColor = 'darkgrey'
9.0508 	EXP 	blk1: lineColor = 'darkgrey'
9.0508 	EXP 	blk1: color = 'darkgrey'
9.0674 	EXP 	blk1: fillColor = 'darkgrey'
9.0674 	EXP 	blk1: lineColor = 'darkgrey'
9.0674 	EXP 	blk1: color = 'darkgrey'
9.0842 	EXP 	blk1: fillColor = 'darkgrey'
9.0842 	EXP 	blk1: lineColor = 'darkgrey'
9.0842 	EXP 	blk1: color = 'darkgrey'
9.1009 	EXP 	blk1: fillColor = 'darkgrey'
9.1009 	EXP 	blk1: lineColor = 'darkgrey'
9.1009 	EXP 	blk1: color = 'darkgrey'
9.1177 	EXP 	blk1: fillColor = 'darkgrey'
9.1177 	EXP 	blk1: lineColor = 'darkgrey'
9.1177 	EXP 	blk1: color = 'darkgrey'
9.1342 	EXP 	blk1: fillColor = 'darkgrey'
9.1342 	EXP 	blk1: lineColor = 'darkgrey'
9.1342 	EXP 	blk1: color = 'darkgrey'
9.1510 	EXP 	blk1: fillColor = 'darkgrey'
9.1510 	EXP 	blk1: lineColor = 'darkgrey'
9.1510 	EXP 	blk1: color = 'darkgrey'
9.1677 	EXP 	blk1: fillColor = 'darkgrey'
9.1677 	EXP 	blk1: lineColor = 'darkgrey'
9.1677 	EXP 	blk1: color = 'darkgrey'
9.1843 	EXP 	blk1: fillColor = 'darkgrey'
9.1843 	EXP 	blk1: lineColor = 'darkgrey'
9.1843 	EXP 	blk1: color = 'darkgrey'
9.2009 	EXP 	blk1: fillColor = 'darkgrey'
9.2009 	EXP 	blk1: lineColor = 'darkgrey'
9.2009 	EXP 	blk1: color = 'darkgrey'
9.2176 	EXP 	blk1: fillColor = 'darkgrey'
9.2176 	EXP 	blk1: lineColor = 'darkgrey'
9.2176 	EXP 	blk1: color = 'darkgrey'
9.2343 	EXP 	blk1: fillColor = 'darkgrey'
9.2343 	EXP 	blk1: lineColor = 'darkgrey'
9.2343 	EXP 	blk1: color = 'darkgrey'
9.2511 	EXP 	blk1: fillColor = 'darkgrey'
9.2511 	EXP 	blk1: lineColor = 'darkgrey'
9.2511 	EXP 	blk1: color = 'darkgrey'
9.2676 	EXP 	blk1: fillColor = 'darkgrey'
9.2676 	EXP 	blk1: lineColor = 'darkgrey'
9.2676 	EXP 	blk1: color = 'darkgrey'
9.2845 	EXP 	blk1: fillColor = 'darkgrey'
9.2845 	EXP 	blk1: lineColor = 'darkgrey'
9.2845 	EXP 	blk1: color = 'darkgrey'
9.3012 	EXP 	blk1: fillColor = 'darkgrey'
9.3012 	EXP 	blk1: lineColor = 'darkgrey'
9.3012 	EXP 	blk1: color = 'darkgrey'
9.3177 	EXP 	blk1: fillColor = 'darkgrey'
9.3177 	EXP 	blk1: lineColor = 'darkgrey'
9.3177 	EXP 	blk1: color = 'darkgrey'
9.3343 	EXP 	blk1: fillColor = 'darkgrey'
9.3343 	EXP 	blk1: lineColor = 'darkgrey'
9.3343 	EXP 	blk1: color = 'darkgrey'
9.3511 	EXP 	blk1: fillColor = 'darkgrey'
9.3511 	EXP 	blk1: lineColor = 'darkgrey'
9.3511 	EXP 	blk1: color = 'darkgrey'
9.3677 	EXP 	blk1: fillColor = 'darkgrey'
9.3677 	EXP 	blk1: lineColor = 'darkgrey'
9.3677 	EXP 	blk1: color = 'darkgrey'
9.3844 	EXP 	blk1: fillColor = 'darkgrey'
9.3844 	EXP 	blk1: lineColor = 'darkgrey'
9.3844 	EXP 	blk1: color = 'darkgrey'
9.4011 	EXP 	blk1: fillColor = 'darkgrey'
9.4011 	EXP 	blk1: lineColor = 'darkgrey'
9.4011 	EXP 	blk1: color = 'darkgrey'
9.4179 	EXP 	blk1: fillColor = 'darkgrey'
9.4179 	EXP 	blk1: lineColor = 'darkgrey'
9.4179 	EXP 	blk1: color = 'darkgrey'
9.4344 	EXP 	blk1: fillColor = 'darkgrey'
9.4344 	EXP 	blk1: lineColor = 'darkgrey'
9.4344 	EXP 	blk1: color = 'darkgrey'
9.4512 	EXP 	blk1: fillColor = 'darkgrey'
9.4512 	EXP 	blk1: lineColor = 'darkgrey'
9.4512 	EXP 	blk1: color = 'darkgrey'
9.4679 	EXP 	blk1: fillColor = 'darkgrey'
9.4679 	EXP 	blk1: lineColor = 'darkgrey'
9.4679 	EXP 	blk1: color = 'darkgrey'
9.4683 	DATA 	Mouse: Left button down, pos=(989,665)
9.4846 	EXP 	blk1: fillColor = 'darkgrey'
9.4846 	EXP 	blk1: lineColor = 'darkgrey'
9.4846 	EXP 	blk1: color = 'darkgrey'
9.4846 	EXP 	blk2: fillColor = 'darkgrey'
9.4846 	EXP 	blk2: lineColor = 'darkgrey'
9.4846 	EXP 	blk2: color = 'darkgrey'
9.5011 	EXP 	blk1: fillColor = 'darkgrey'
9.5011 	EXP 	blk1: lineColor = 'darkgrey'
9.5011 	EXP 	blk1: color = 'darkgrey'
9.5011 	EXP 	blk2: fillColor = 'darkgrey'
9.5011 	EXP 	blk2: lineColor = 'darkgrey'
9.5011 	EXP 	blk2: color = 'darkgrey'
9.5179 	EXP 	blk1: fillColor = 'darkgrey'
9.5179 	EXP 	blk1: lineColor = 'darkgrey'
9.5179 	EXP 	blk1: color = 'darkgrey'
9.5179 	EXP 	blk2: fillColor = 'darkgrey'
9.5179 	EXP 	blk2: lineColor = 'darkgrey'
9.5179 	EXP 	blk2: color = 'darkgrey'
9.5345 	EXP 	blk1: fillColor = 'darkgrey'
9.5345 	EXP 	blk1: lineColor = 'darkgrey'
9.5345 	EXP 	blk1: color = 'darkgrey'
9.5345 	EXP 	blk2: fillColor = 'darkgrey'
9.5345 	EXP 	blk2: lineColor = 'darkgrey'
9.5345 	EXP 	blk2: color = 'darkgrey'
9.5512 	EXP 	blk1: fillColor = 'darkgrey'
9.5512 	EXP 	blk1: lineColor = 'darkgrey'
9.5512 	EXP 	blk1: color = 'darkgrey'
9.5512 	EXP 	blk2: fillColor = 'darkgrey'
9.5512 	EXP 	blk2: lineColor = 'darkgrey'
9.5512 	EXP 	blk2: color = 'darkgrey'
9.5518 	DATA 	Mouse:  Left button up, pos=(989,666)
9.5680 	EXP 	blk1: fillColor = 'darkgrey'
9.5680 	EXP 	blk1: lineColor = 'darkgrey'
9.5680 	EXP 	blk1: color = 'darkgrey'
9.5680 	EXP 	blk2: fillColor = 'darkgrey'
9.5680 	EXP 	blk2: lineColor = 'darkgrey'
9.5680 	EXP 	blk2: color = 'darkgrey'
9.5845 	EXP 	blk1: fillColor = 'darkgrey'
9.5845 	EXP 	blk1: lineColor = 'darkgrey'
9.5845 	EXP 	blk1: color = 'darkgrey'
9.5845 	EXP 	blk2: fillColor = 'darkgrey'
9.5845 	EXP 	blk2: lineColor = 'darkgrey'
9.5845 	EXP 	blk2: color = 'darkgrey'
9.6013 	EXP 	blk1: fillColor = 'darkgrey'
9.6013 	EXP 	blk1: lineColor = 'darkgrey'
9.6013 	EXP 	blk1: color = 'darkgrey'
9.6013 	EXP 	blk2: fillColor = 'darkgrey'
9.6013 	EXP 	blk2: lineColor = 'darkgrey'
9.6013 	EXP 	blk2: color = 'darkgrey'
9.6181 	EXP 	blk1: fillColor = 'darkgrey'
9.6181 	EXP 	blk1: lineColor = 'darkgrey'
9.6181 	EXP 	blk1: color = 'darkgrey'
9.6181 	EXP 	blk2: fillColor = 'darkgrey'
9.6181 	EXP 	blk2: lineColor = 'darkgrey'
9.6181 	EXP 	blk2: color = 'darkgrey'
9.6346 	EXP 	blk1: fillColor = 'darkgrey'
9.6346 	EXP 	blk1: lineColor = 'darkgrey'
9.6346 	EXP 	blk1: color = 'darkgrey'
9.6346 	EXP 	blk2: fillColor = 'darkgrey'
9.6346 	EXP 	blk2: lineColor = 'darkgrey'
9.6346 	EXP 	blk2: color = 'darkgrey'
9.6514 	EXP 	blk1: fillColor = 'darkgrey'
9.6514 	EXP 	blk1: lineColor = 'darkgrey'
9.6514 	EXP 	blk1: color = 'darkgrey'
9.6514 	EXP 	blk2: fillColor = 'darkgrey'
9.6514 	EXP 	blk2: lineColor = 'darkgrey'
9.6514 	EXP 	blk2: color = 'darkgrey'
9.6680 	EXP 	blk1: fillColor = 'darkgrey'
9.6680 	EXP 	blk1: lineColor = 'darkgrey'
9.6680 	EXP 	blk1: color = 'darkgrey'
9.6680 	EXP 	blk2: fillColor = 'darkgrey'
9.6680 	EXP 	blk2: lineColor = 'darkgrey'
9.6680 	EXP 	blk2: color = 'darkgrey'
9.6848 	EXP 	blk1: fillColor = 'darkgrey'
9.6848 	EXP 	blk1: lineColor = 'darkgrey'
9.6848 	EXP 	blk1: color = 'darkgrey'
9.6848 	EXP 	blk2: fillColor = 'darkgrey'
9.6848 	EXP 	blk2: lineColor = 'darkgrey'
9.6848 	EXP 	blk2: color = 'darkgrey'
9.7017 	EXP 	blk1: fillColor = 'darkgrey'
9.7017 	EXP 	blk1: lineColor = 'darkgrey'
9.7017 	EXP 	blk1: color = 'darkgrey'
9.7017 	EXP 	blk2: fillColor = 'darkgrey'
9.7017 	EXP 	blk2: lineColor = 'darkgrey'
9.7017 	EXP 	blk2: color = 'darkgrey'
9.7179 	EXP 	blk1: fillColor = 'darkgrey'
9.7179 	EXP 	blk1: lineColor = 'darkgrey'
9.7179 	EXP 	blk1: color = 'darkgrey'
9.7179 	EXP 	blk2: fillColor = 'darkgrey'
9.7179 	EXP 	blk2: lineColor = 'darkgrey'
9.7179 	EXP 	blk2: color = 'darkgrey'
9.7348 	EXP 	blk1: fillColor = 'darkgrey'
9.7348 	EXP 	blk1: lineColor = 'darkgrey'
9.7348 	EXP 	blk1: color = 'darkgrey'
9.7348 	EXP 	blk2: fillColor = 'darkgrey'
9.7348 	EXP 	blk2: lineColor = 'darkgrey'
9.7348 	EXP 	blk2: color = 'darkgrey'
9.7517 	EXP 	blk1: fillColor = 'darkgrey'
9.7517 	EXP 	blk1: lineColor = 'darkgrey'
9.7517 	EXP 	blk1: color = 'darkgrey'
9.7517 	EXP 	blk2: fillColor = 'darkgrey'
9.7517 	EXP 	blk2: lineColor = 'darkgrey'
9.7517 	EXP 	blk2: color = 'darkgrey'
9.7683 	EXP 	blk1: fillColor = 'darkgrey'
9.7683 	EXP 	blk1: lineColor = 'darkgrey'
9.7683 	EXP 	blk1: color = 'darkgrey'
9.7683 	EXP 	blk2: fillColor = 'darkgrey'
9.7683 	EXP 	blk2: lineColor = 'darkgrey'
9.7683 	EXP 	blk2: color = 'darkgrey'
9.7688 	DATA 	Mouse: Left button down, pos=(1159,727)
9.7849 	EXP 	blk1: fillColor = 'darkgrey'
9.7849 	EXP 	blk1: lineColor = 'darkgrey'
9.7849 	EXP 	blk1: color = 'darkgrey'
9.7849 	EXP 	blk2: fillColor = 'darkgrey'
9.7849 	EXP 	blk2: lineColor = 'darkgrey'
9.7849 	EXP 	blk2: color = 'darkgrey'
9.7849 	EXP 	blk4: fillColor = 'darkgrey'
9.7849 	EXP 	blk4: lineColor = 'darkgrey'
9.7849 	EXP 	blk4: color = 'darkgrey'
9.8016 	EXP 	blk1: fillColor = 'darkgrey'
9.8016 	EXP 	blk1: lineColor = 'darkgrey'
9.8016 	EXP 	blk1: color = 'darkgrey'
9.8016 	EXP 	blk2: fillColor = 'darkgrey'
9.8016 	EXP 	blk2: lineColor = 'darkgrey'
9.8016 	EXP 	blk2: color = 'darkgrey'
9.8016 	EXP 	blk4: fillColor = 'darkgrey'
9.8016 	EXP 	blk4: lineColor = 'darkgrey'
9.8016 	EXP 	blk4: color = 'darkgrey'
9.8181 	EXP 	blk1: fillColor = 'darkgrey'
9.8181 	EXP 	blk1: lineColor = 'darkgrey'
9.8181 	EXP 	blk1: color = 'darkgrey'
9.8181 	EXP 	blk2: fillColor = 'darkgrey'
9.8181 	EXP 	blk2: lineColor = 'darkgrey'
9.8181 	EXP 	blk2: color = 'darkgrey'
9.8181 	EXP 	blk4: fillColor = 'darkgrey'
9.8181 	EXP 	blk4: lineColor = 'darkgrey'
9.8181 	EXP 	blk4: color = 'darkgrey'
9.8348 	EXP 	blk1: fillColor = 'darkgrey'
9.8348 	EXP 	blk1: lineColor = 'darkgrey'
9.8348 	EXP 	blk1: color = 'darkgrey'
9.8348 	EXP 	blk2: fillColor = 'darkgrey'
9.8348 	EXP 	blk2: lineColor = 'darkgrey'
9.8348 	EXP 	blk2: color = 'darkgrey'
9.8348 	EXP 	blk4: fillColor = 'darkgrey'
9.8348 	EXP 	blk4: lineColor = 'darkgrey'
9.8348 	EXP 	blk4: color = 'darkgrey'
9.8517 	EXP 	blk1: fillColor = 'darkgrey'
9.8517 	EXP 	blk1: lineColor = 'darkgrey'
9.8517 	EXP 	blk1: color = 'darkgrey'
9.8517 	EXP 	blk2: fillColor = 'darkgrey'
9.8517 	EXP 	blk2: lineColor = 'darkgrey'
9.8517 	EXP 	blk2: color = 'darkgrey'
9.8517 	EXP 	blk4: fillColor = 'darkgrey'
9.8517 	EXP 	blk4: lineColor = 'darkgrey'
9.8517 	EXP 	blk4: color = 'darkgrey'
9.8683 	EXP 	blk1: fillColor = 'darkgrey'
9.8683 	EXP 	blk1: lineColor = 'darkgrey'
9.8683 	EXP 	blk1: color = 'darkgrey'
9.8683 	EXP 	blk2: fillColor = 'darkgrey'
9.8683 	EXP 	blk2: lineColor = 'darkgrey'
9.8683 	EXP 	blk2: color = 'darkgrey'
9.8683 	EXP 	blk4: fillColor = 'darkgrey'
9.8683 	EXP 	blk4: lineColor = 'darkgrey'
9.8683 	EXP 	blk4: color = 'darkgrey'
9.8688 	DATA 	Mouse:  Left button up, pos=(1159,727)
9.8849 	EXP 	blk1: fillColor = 'darkgrey'
9.8849 	EXP 	blk1: lineColor = 'darkgrey'
9.8849 	EXP 	blk1: color = 'darkgrey'
9.8849 	EXP 	blk2: fillColor = 'darkgrey'
9.8849 	EXP 	blk2: lineColor = 'darkgrey'
9.8849 	EXP 	blk2: color = 'darkgrey'
9.8849 	EXP 	blk4: fillColor = 'darkgrey'
9.8849 	EXP 	blk4: lineColor = 'darkgrey'
9.8849 	EXP 	blk4: color = 'darkgrey'
9.9015 	EXP 	blk1: fillColor = 'darkgrey'
9.9015 	EXP 	blk1: lineColor = 'darkgrey'
9.9015 	EXP 	blk1: color = 'darkgrey'
9.9015 	EXP 	blk2: fillColor = 'darkgrey'
9.9015 	EXP 	blk2: lineColor = 'darkgrey'
9.9015 	EXP 	blk2: color = 'darkgrey'
9.9015 	EXP 	blk4: fillColor = 'darkgrey'
9.9015 	EXP 	blk4: lineColor = 'darkgrey'
9.9015 	EXP 	blk4: color = 'darkgrey'
9.9185 	EXP 	blk1: fillColor = 'darkgrey'
9.9185 	EXP 	blk1: lineColor = 'darkgrey'
9.9185 	EXP 	blk1: color = 'darkgrey'
9.9185 	EXP 	blk2: fillColor = 'darkgrey'
9.9185 	EXP 	blk2: lineColor = 'darkgrey'
9.9185 	EXP 	blk2: color = 'darkgrey'
9.9185 	EXP 	blk4: fillColor = 'darkgrey'
9.9185 	EXP 	blk4: lineColor = 'darkgrey'
9.9185 	EXP 	blk4: color = 'darkgrey'
9.9350 	EXP 	blk1: fillColor = 'darkgrey'
9.9350 	EXP 	blk1: lineColor = 'darkgrey'
9.9350 	EXP 	blk1: color = 'darkgrey'
9.9350 	EXP 	blk2: fillColor = 'darkgrey'
9.9350 	EXP 	blk2: lineColor = 'darkgrey'
9.9350 	EXP 	blk2: color = 'darkgrey'
9.9350 	EXP 	blk4: fillColor = 'darkgrey'
9.9350 	EXP 	blk4: lineColor = 'darkgrey'
9.9350 	EXP 	blk4: color = 'darkgrey'
9.9519 	EXP 	blk1: fillColor = 'darkgrey'
9.9519 	EXP 	blk1: lineColor = 'darkgrey'
9.9519 	EXP 	blk1: color = 'darkgrey'
9.9519 	EXP 	blk2: fillColor = 'darkgrey'
9.9519 	EXP 	blk2: lineColor = 'darkgrey'
9.9519 	EXP 	blk2: color = 'darkgrey'
9.9519 	EXP 	blk4: fillColor = 'darkgrey'
9.9519 	EXP 	blk4: lineColor = 'darkgrey'
9.9519 	EXP 	blk4: color = 'darkgrey'
9.9684 	EXP 	blk1: fillColor = 'darkgrey'
9.9684 	EXP 	blk1: lineColor = 'darkgrey'
9.9684 	EXP 	blk1: color = 'darkgrey'
9.9684 	EXP 	blk2: fillColor = 'darkgrey'
9.9684 	EXP 	blk2: lineColor = 'darkgrey'
9.9684 	EXP 	blk2: color = 'darkgrey'
9.9684 	EXP 	blk4: fillColor = 'darkgrey'
9.9684 	EXP 	blk4: lineColor = 'darkgrey'
9.9684 	EXP 	blk4: color = 'darkgrey'
9.9849 	EXP 	blk1: fillColor = 'darkgrey'
9.9849 	EXP 	blk1: lineColor = 'darkgrey'
9.9849 	EXP 	blk1: color = 'darkgrey'
9.9849 	EXP 	blk2: fillColor = 'darkgrey'
9.9849 	EXP 	blk2: lineColor = 'darkgrey'
9.9849 	EXP 	blk2: color = 'darkgrey'
9.9849 	EXP 	blk4: fillColor = 'darkgrey'
9.9849 	EXP 	blk4: lineColor = 'darkgrey'
9.9849 	EXP 	blk4: color = 'darkgrey'
10.0017 	EXP 	blk1: fillColor = 'darkgrey'
10.0017 	EXP 	blk1: lineColor = 'darkgrey'
10.0017 	EXP 	blk1: color = 'darkgrey'
10.0017 	EXP 	blk2: fillColor = 'darkgrey'
10.0017 	EXP 	blk2: lineColor = 'darkgrey'
10.0017 	EXP 	blk2: color = 'darkgrey'
10.0017 	EXP 	blk4: fillColor = 'darkgrey'
10.0017 	EXP 	blk4: lineColor = 'darkgrey'
10.0017 	EXP 	blk4: color = 'darkgrey'
10.0183 	EXP 	blk1: fillColor = 'darkgrey'
10.0183 	EXP 	blk1: lineColor = 'darkgrey'
10.0183 	EXP 	blk1: color = 'darkgrey'
10.0183 	EXP 	blk2: fillColor = 'darkgrey'
10.0183 	EXP 	blk2: lineColor = 'darkgrey'
10.0183 	EXP 	blk2: color = 'darkgrey'
10.0183 	EXP 	blk4: fillColor = 'darkgrey'
10.0183 	EXP 	blk4: lineColor = 'darkgrey'
10.0183 	EXP 	blk4: color = 'darkgrey'
10.0351 	EXP 	blk1: fillColor = 'darkgrey'
10.0351 	EXP 	blk1: lineColor = 'darkgrey'
10.0351 	EXP 	blk1: color = 'darkgrey'
10.0351 	EXP 	blk2: fillColor = 'darkgrey'
10.0351 	EXP 	blk2: lineColor = 'darkgrey'
10.0351 	EXP 	blk2: color = 'darkgrey'
10.0351 	EXP 	blk4: fillColor = 'darkgrey'
10.0351 	EXP 	blk4: lineColor = 'darkgrey'
10.0351 	EXP 	blk4: color = 'darkgrey'
10.0517 	EXP 	blk1: fillColor = 'darkgrey'
10.0517 	EXP 	blk1: lineColor = 'darkgrey'
10.0517 	EXP 	blk1: color = 'darkgrey'
10.0517 	EXP 	blk2: fillColor = 'darkgrey'
10.0517 	EXP 	blk2: lineColor = 'darkgrey'
10.0517 	EXP 	blk2: color = 'darkgrey'
10.0517 	EXP 	blk4: fillColor = 'darkgrey'
10.0517 	EXP 	blk4: lineColor = 'darkgrey'
10.0517 	EXP 	blk4: color = 'darkgrey'
10.0686 	EXP 	blk1: fillColor = 'darkgrey'
10.0686 	EXP 	blk1: lineColor = 'darkgrey'
10.0686 	EXP 	blk1: color = 'darkgrey'
10.0686 	EXP 	blk2: fillColor = 'darkgrey'
10.0686 	EXP 	blk2: lineColor = 'darkgrey'
10.0686 	EXP 	blk2: color = 'darkgrey'
10.0686 	EXP 	blk4: fillColor = 'darkgrey'
10.0686 	EXP 	blk4: lineColor = 'darkgrey'
10.0686 	EXP 	blk4: color = 'darkgrey'
10.0853 	EXP 	blk1: fillColor = 'darkgrey'
10.0853 	EXP 	blk1: lineColor = 'darkgrey'
10.0853 	EXP 	blk1: color = 'darkgrey'
10.0853 	EXP 	blk2: fillColor = 'darkgrey'
10.0853 	EXP 	blk2: lineColor = 'darkgrey'
10.0853 	EXP 	blk2: color = 'darkgrey'
10.0853 	EXP 	blk4: fillColor = 'darkgrey'
10.0853 	EXP 	blk4: lineColor = 'darkgrey'
10.0853 	EXP 	blk4: color = 'darkgrey'
10.1018 	EXP 	blk1: fillColor = 'darkgrey'
10.1018 	EXP 	blk1: lineColor = 'darkgrey'
10.1018 	EXP 	blk1: color = 'darkgrey'
10.1018 	EXP 	blk2: fillColor = 'darkgrey'
10.1018 	EXP 	blk2: lineColor = 'darkgrey'
10.1018 	EXP 	blk2: color = 'darkgrey'
10.1018 	EXP 	blk4: fillColor = 'darkgrey'
10.1018 	EXP 	blk4: lineColor = 'darkgrey'
10.1018 	EXP 	blk4: color = 'darkgrey'
10.1187 	EXP 	blk1: fillColor = 'darkgrey'
10.1187 	EXP 	blk1: lineColor = 'darkgrey'
10.1187 	EXP 	blk1: color = 'darkgrey'
10.1187 	EXP 	blk2: fillColor = 'darkgrey'
10.1187 	EXP 	blk2: lineColor = 'darkgrey'
10.1187 	EXP 	blk2: color = 'darkgrey'
10.1187 	EXP 	blk4: fillColor = 'darkgrey'
10.1187 	EXP 	blk4: lineColor = 'darkgrey'
10.1187 	EXP 	blk4: color = 'darkgrey'
10.1352 	EXP 	blk1: fillColor = 'darkgrey'
10.1352 	EXP 	blk1: lineColor = 'darkgrey'
10.1352 	EXP 	blk1: color = 'darkgrey'
10.1352 	EXP 	blk2: fillColor = 'darkgrey'
10.1352 	EXP 	blk2: lineColor = 'darkgrey'
10.1352 	EXP 	blk2: color = 'darkgrey'
10.1352 	EXP 	blk4: fillColor = 'darkgrey'
10.1352 	EXP 	blk4: lineColor = 'darkgrey'
10.1352 	EXP 	blk4: color = 'darkgrey'
10.1520 	EXP 	blk1: fillColor = 'darkgrey'
10.1520 	EXP 	blk1: lineColor = 'darkgrey'
10.1520 	EXP 	blk1: color = 'darkgrey'
10.1520 	EXP 	blk2: fillColor = 'darkgrey'
10.1520 	EXP 	blk2: lineColor = 'darkgrey'
10.1520 	EXP 	blk2: color = 'darkgrey'
10.1520 	EXP 	blk4: fillColor = 'darkgrey'
10.1520 	EXP 	blk4: lineColor = 'darkgrey'
10.1520 	EXP 	blk4: color = 'darkgrey'
10.1686 	EXP 	blk1: fillColor = 'darkgrey'
10.1686 	EXP 	blk1: lineColor = 'darkgrey'
10.1686 	EXP 	blk1: color = 'darkgrey'
10.1686 	EXP 	blk2: fillColor = 'darkgrey'
10.1686 	EXP 	blk2: lineColor = 'darkgrey'
10.1686 	EXP 	blk2: color = 'darkgrey'
10.1686 	EXP 	blk4: fillColor = 'darkgrey'
10.1686 	EXP 	blk4: lineColor = 'darkgrey'
10.1686 	EXP 	blk4: color = 'darkgrey'
10.1854 	EXP 	blk1: fillColor = 'darkgrey'
10.1854 	EXP 	blk1: lineColor = 'darkgrey'
10.1854 	EXP 	blk1: color = 'darkgrey'
10.1854 	EXP 	blk2: fillColor = 'darkgrey'
10.1854 	EXP 	blk2: lineColor = 'darkgrey'
10.1854 	EXP 	blk2: color = 'darkgrey'
10.1854 	EXP 	blk4: fillColor = 'darkgrey'
10.1854 	EXP 	blk4: lineColor = 'darkgrey'
10.1854 	EXP 	blk4: color = 'darkgrey'
10.2020 	EXP 	blk1: fillColor = 'darkgrey'
10.2020 	EXP 	blk1: lineColor = 'darkgrey'
10.2020 	EXP 	blk1: color = 'darkgrey'
10.2020 	EXP 	blk2: fillColor = 'darkgrey'
10.2020 	EXP 	blk2: lineColor = 'darkgrey'
10.2020 	EXP 	blk2: color = 'darkgrey'
10.2020 	EXP 	blk4: fillColor = 'darkgrey'
10.2020 	EXP 	blk4: lineColor = 'darkgrey'
10.2020 	EXP 	blk4: color = 'darkgrey'
10.2186 	EXP 	blk1: fillColor = 'darkgrey'
10.2186 	EXP 	blk1: lineColor = 'darkgrey'
10.2186 	EXP 	blk1: color = 'darkgrey'
10.2186 	EXP 	blk2: fillColor = 'darkgrey'
10.2186 	EXP 	blk2: lineColor = 'darkgrey'
10.2186 	EXP 	blk2: color = 'darkgrey'
10.2186 	EXP 	blk4: fillColor = 'darkgrey'
10.2186 	EXP 	blk4: lineColor = 'darkgrey'
10.2186 	EXP 	blk4: color = 'darkgrey'
10.2352 	EXP 	blk1: fillColor = 'darkgrey'
10.2352 	EXP 	blk1: lineColor = 'darkgrey'
10.2352 	EXP 	blk1: color = 'darkgrey'
10.2352 	EXP 	blk2: fillColor = 'darkgrey'
10.2352 	EXP 	blk2: lineColor = 'darkgrey'
10.2352 	EXP 	blk2: color = 'darkgrey'
10.2352 	EXP 	blk4: fillColor = 'darkgrey'
10.2352 	EXP 	blk4: lineColor = 'darkgrey'
10.2352 	EXP 	blk4: color = 'darkgrey'
10.2358 	DATA 	Mouse: Left button down, pos=(645,422)
10.2520 	EXP 	blk1: fillColor = 'darkgrey'
10.2520 	EXP 	blk1: lineColor = 'darkgrey'
10.2520 	EXP 	blk1: color = 'darkgrey'
10.2520 	EXP 	blk2: fillColor = 'darkgrey'
10.2520 	EXP 	blk2: lineColor = 'darkgrey'
10.2520 	EXP 	blk2: color = 'darkgrey'
10.2520 	EXP 	blk4: fillColor = 'darkgrey'
10.2520 	EXP 	blk4: lineColor = 'darkgrey'
10.2520 	EXP 	blk4: color = 'darkgrey'
10.2688 	EXP 	blk1: fillColor = 'darkgrey'
10.2688 	EXP 	blk1: lineColor = 'darkgrey'
10.2688 	EXP 	blk1: color = 'darkgrey'
10.2688 	EXP 	blk2: fillColor = 'darkgrey'
10.2688 	EXP 	blk2: lineColor = 'darkgrey'
10.2688 	EXP 	blk2: color = 'darkgrey'
10.2688 	EXP 	blk4: fillColor = 'darkgrey'
10.2688 	EXP 	blk4: lineColor = 'darkgrey'
10.2688 	EXP 	blk4: color = 'darkgrey'
10.2854 	EXP 	blk1: fillColor = 'darkgrey'
10.2854 	EXP 	blk1: lineColor = 'darkgrey'
10.2854 	EXP 	blk1: color = 'darkgrey'
10.2854 	EXP 	blk2: fillColor = 'darkgrey'
10.2854 	EXP 	blk2: lineColor = 'darkgrey'
10.2854 	EXP 	blk2: color = 'darkgrey'
10.2854 	EXP 	blk4: fillColor = 'darkgrey'
10.2854 	EXP 	blk4: lineColor = 'darkgrey'
10.2854 	EXP 	blk4: color = 'darkgrey'
10.3019 	EXP 	blk1: fillColor = 'darkgrey'
10.3019 	EXP 	blk1: lineColor = 'darkgrey'
10.3019 	EXP 	blk1: color = 'darkgrey'
10.3019 	EXP 	blk2: fillColor = 'darkgrey'
10.3019 	EXP 	blk2: lineColor = 'darkgrey'
10.3019 	EXP 	blk2: color = 'darkgrey'
10.3019 	EXP 	blk4: fillColor = 'darkgrey'
10.3019 	EXP 	blk4: lineColor = 'darkgrey'
10.3019 	EXP 	blk4: color = 'darkgrey'
10.3024 	DATA 	Mouse:  Left button up, pos=(647,422)
10.3188 	EXP 	blk1: fillColor = 'darkgrey'
10.3188 	EXP 	blk1: lineColor = 'darkgrey'
10.3188 	EXP 	blk1: color = 'darkgrey'
10.3188 	EXP 	blk2: fillColor = 'darkgrey'
10.3188 	EXP 	blk2: lineColor = 'darkgrey'
10.3188 	EXP 	blk2: color = 'darkgrey'
10.3188 	EXP 	blk4: fillColor = 'darkgrey'
10.3188 	EXP 	blk4: lineColor = 'darkgrey'
10.3188 	EXP 	blk4: color = 'darkgrey'
10.3354 	EXP 	blk1: fillColor = 'darkgrey'
10.3354 	EXP 	blk1: lineColor = 'darkgrey'
10.3354 	EXP 	blk1: color = 'darkgrey'
10.3354 	EXP 	blk2: fillColor = 'darkgrey'
10.3354 	EXP 	blk2: lineColor = 'darkgrey'
10.3354 	EXP 	blk2: color = 'darkgrey'
10.3354 	EXP 	blk4: fillColor = 'darkgrey'
10.3354 	EXP 	blk4: lineColor = 'darkgrey'
10.3354 	EXP 	blk4: color = 'darkgrey'
10.3521 	EXP 	blk1: fillColor = 'darkgrey'
10.3521 	EXP 	blk1: lineColor = 'darkgrey'
10.3521 	EXP 	blk1: color = 'darkgrey'
10.3521 	EXP 	blk2: fillColor = 'darkgrey'
10.3521 	EXP 	blk2: lineColor = 'darkgrey'
10.3521 	EXP 	blk2: color = 'darkgrey'
10.3521 	EXP 	blk4: fillColor = 'darkgrey'
10.3521 	EXP 	blk4: lineColor = 'darkgrey'
10.3521 	EXP 	blk4: color = 'darkgrey'
10.3687 	EXP 	blk1: fillColor = 'darkgrey'
10.3687 	EXP 	blk1: lineColor = 'darkgrey'
10.3687 	EXP 	blk1: color = 'darkgrey'
10.3687 	EXP 	blk2: fillColor = 'darkgrey'
10.3687 	EXP 	blk2: lineColor = 'darkgrey'
10.3687 	EXP 	blk2: color = 'darkgrey'
10.3687 	EXP 	blk4: fillColor = 'darkgrey'
10.3687 	EXP 	blk4: lineColor = 'darkgrey'
10.3687 	EXP 	blk4: color = 'darkgrey'
10.3854 	EXP 	blk1: fillColor = 'darkgrey'
10.3854 	EXP 	blk1: lineColor = 'darkgrey'
10.3854 	EXP 	blk1: color = 'darkgrey'
10.3854 	EXP 	blk2: fillColor = 'darkgrey'
10.3854 	EXP 	blk2: lineColor = 'darkgrey'
10.3854 	EXP 	blk2: color = 'darkgrey'
10.3854 	EXP 	blk4: fillColor = 'darkgrey'
10.3854 	EXP 	blk4: lineColor = 'darkgrey'
10.3854 	EXP 	blk4: color = 'darkgrey'
10.4023 	EXP 	blk1: fillColor = 'darkgrey'
10.4023 	EXP 	blk1: lineColor = 'darkgrey'
10.4023 	EXP 	blk1: color = 'darkgrey'
10.4023 	EXP 	blk2: fillColor = 'darkgrey'
10.4023 	EXP 	blk2: lineColor = 'darkgrey'
10.4023 	EXP 	blk2: color = 'darkgrey'
10.4023 	EXP 	blk4: fillColor = 'darkgrey'
10.4023 	EXP 	blk4: lineColor = 'darkgrey'
10.4023 	EXP 	blk4: color = 'darkgrey'
10.4189 	EXP 	blk1: fillColor = 'darkgrey'
10.4189 	EXP 	blk1: lineColor = 'darkgrey'
10.4189 	EXP 	blk1: color = 'darkgrey'
10.4189 	EXP 	blk2: fillColor = 'darkgrey'
10.4189 	EXP 	blk2: lineColor = 'darkgrey'
10.4189 	EXP 	blk2: color = 'darkgrey'
10.4189 	EXP 	blk4: fillColor = 'darkgrey'
10.4189 	EXP 	blk4: lineColor = 'darkgrey'
10.4189 	EXP 	blk4: color = 'darkgrey'
10.4354 	EXP 	blk1: fillColor = 'darkgrey'
10.4354 	EXP 	blk1: lineColor = 'darkgrey'
10.4354 	EXP 	blk1: color = 'darkgrey'
10.4354 	EXP 	blk2: fillColor = 'darkgrey'
10.4354 	EXP 	blk2: lineColor = 'darkgrey'
10.4354 	EXP 	blk2: color = 'darkgrey'
10.4354 	EXP 	blk4: fillColor = 'darkgrey'
10.4354 	EXP 	blk4: lineColor = 'darkgrey'
10.4354 	EXP 	blk4: color = 'darkgrey'
10.4523 	EXP 	blk1: fillColor = 'darkgrey'
10.4523 	EXP 	blk1: lineColor = 'darkgrey'
10.4523 	EXP 	blk1: color = 'darkgrey'
10.4523 	EXP 	blk2: fillColor = 'darkgrey'
10.4523 	EXP 	blk2: lineColor = 'darkgrey'
10.4523 	EXP 	blk2: color = 'darkgrey'
10.4523 	EXP 	blk4: fillColor = 'darkgrey'
10.4523 	EXP 	blk4: lineColor = 'darkgrey'
10.4523 	EXP 	blk4: color = 'darkgrey'
10.4691 	EXP 	blk1: fillColor = 'darkgrey'
10.4691 	EXP 	blk1: lineColor = 'darkgrey'
10.4691 	EXP 	blk1: color = 'darkgrey'
10.4691 	EXP 	blk2: fillColor = 'darkgrey'
10.4691 	EXP 	blk2: lineColor = 'darkgrey'
10.4691 	EXP 	blk2: color = 'darkgrey'
10.4691 	EXP 	blk4: fillColor = 'darkgrey'
10.4691 	EXP 	blk4: lineColor = 'darkgrey'
10.4691 	EXP 	blk4: color = 'darkgrey'
10.4856 	EXP 	blk1: fillColor = 'darkgrey'
10.4856 	EXP 	blk1: lineColor = 'darkgrey'
10.4856 	EXP 	blk1: color = 'darkgrey'
10.4856 	EXP 	blk2: fillColor = 'darkgrey'
10.4856 	EXP 	blk2: lineColor = 'darkgrey'
10.4856 	EXP 	blk2: color = 'darkgrey'
10.4856 	EXP 	blk4: fillColor = 'darkgrey'
10.4856 	EXP 	blk4: lineColor = 'darkgrey'
10.4856 	EXP 	blk4: color = 'darkgrey'
10.5022 	EXP 	blk1: fillColor = 'darkgrey'
10.5022 	EXP 	blk1: lineColor = 'darkgrey'
10.5022 	EXP 	blk1: color = 'darkgrey'
10.5022 	EXP 	blk2: fillColor = 'darkgrey'
10.5022 	EXP 	blk2: lineColor = 'darkgrey'
10.5022 	EXP 	blk2: color = 'darkgrey'
10.5022 	EXP 	blk4: fillColor = 'darkgrey'
10.5022 	EXP 	blk4: lineColor = 'darkgrey'
10.5022 	EXP 	blk4: color = 'darkgrey'
10.5189 	EXP 	blk1: fillColor = 'darkgrey'
10.5189 	EXP 	blk1: lineColor = 'darkgrey'
10.5189 	EXP 	blk1: color = 'darkgrey'
10.5189 	EXP 	blk2: fillColor = 'darkgrey'
10.5189 	EXP 	blk2: lineColor = 'darkgrey'
10.5189 	EXP 	blk2: color = 'darkgrey'
10.5189 	EXP 	blk4: fillColor = 'darkgrey'
10.5189 	EXP 	blk4: lineColor = 'darkgrey'
10.5189 	EXP 	blk4: color = 'darkgrey'
10.5354 	EXP 	blk1: fillColor = 'darkgrey'
10.5354 	EXP 	blk1: lineColor = 'darkgrey'
10.5354 	EXP 	blk1: color = 'darkgrey'
10.5354 	EXP 	blk2: fillColor = 'darkgrey'
10.5354 	EXP 	blk2: lineColor = 'darkgrey'
10.5354 	EXP 	blk2: color = 'darkgrey'
10.5354 	EXP 	blk4: fillColor = 'darkgrey'
10.5354 	EXP 	blk4: lineColor = 'darkgrey'
10.5354 	EXP 	blk4: color = 'darkgrey'
10.5522 	EXP 	blk1: fillColor = 'darkgrey'
10.5522 	EXP 	blk1: lineColor = 'darkgrey'
10.5522 	EXP 	blk1: color = 'darkgrey'
10.5522 	EXP 	blk2: fillColor = 'darkgrey'
10.5522 	EXP 	blk2: lineColor = 'darkgrey'
10.5522 	EXP 	blk2: color = 'darkgrey'
10.5522 	EXP 	blk4: fillColor = 'darkgrey'
10.5522 	EXP 	blk4: lineColor = 'darkgrey'
10.5522 	EXP 	blk4: color = 'darkgrey'
10.5689 	EXP 	blk1: fillColor = 'darkgrey'
10.5689 	EXP 	blk1: lineColor = 'darkgrey'
10.5689 	EXP 	blk1: color = 'darkgrey'
10.5689 	EXP 	blk2: fillColor = 'darkgrey'
10.5689 	EXP 	blk2: lineColor = 'darkgrey'
10.5689 	EXP 	blk2: color = 'darkgrey'
10.5689 	EXP 	blk4: fillColor = 'darkgrey'
10.5689 	EXP 	blk4: lineColor = 'darkgrey'
10.5689 	EXP 	blk4: color = 'darkgrey'
10.5856 	EXP 	blk1: fillColor = 'darkgrey'
10.5856 	EXP 	blk1: lineColor = 'darkgrey'
10.5856 	EXP 	blk1: color = 'darkgrey'
10.5856 	EXP 	blk2: fillColor = 'darkgrey'
10.5856 	EXP 	blk2: lineColor = 'darkgrey'
10.5856 	EXP 	blk2: color = 'darkgrey'
10.5856 	EXP 	blk4: fillColor = 'darkgrey'
10.5856 	EXP 	blk4: lineColor = 'darkgrey'
10.5856 	EXP 	blk4: color = 'darkgrey'
10.6022 	EXP 	blk1: fillColor = 'darkgrey'
10.6022 	EXP 	blk1: lineColor = 'darkgrey'
10.6022 	EXP 	blk1: color = 'darkgrey'
10.6022 	EXP 	blk2: fillColor = 'darkgrey'
10.6022 	EXP 	blk2: lineColor = 'darkgrey'
10.6022 	EXP 	blk2: color = 'darkgrey'
10.6022 	EXP 	blk4: fillColor = 'darkgrey'
10.6022 	EXP 	blk4: lineColor = 'darkgrey'
10.6022 	EXP 	blk4: color = 'darkgrey'
10.6191 	EXP 	blk1: fillColor = 'darkgrey'
10.6191 	EXP 	blk1: lineColor = 'darkgrey'
10.6191 	EXP 	blk1: color = 'darkgrey'
10.6191 	EXP 	blk2: fillColor = 'darkgrey'
10.6191 	EXP 	blk2: lineColor = 'darkgrey'
10.6191 	EXP 	blk2: color = 'darkgrey'
10.6191 	EXP 	blk4: fillColor = 'darkgrey'
10.6191 	EXP 	blk4: lineColor = 'darkgrey'
10.6191 	EXP 	blk4: color = 'darkgrey'
10.6357 	EXP 	blk1: fillColor = 'darkgrey'
10.6357 	EXP 	blk1: lineColor = 'darkgrey'
10.6357 	EXP 	blk1: color = 'darkgrey'
10.6357 	EXP 	blk2: fillColor = 'darkgrey'
10.6357 	EXP 	blk2: lineColor = 'darkgrey'
10.6357 	EXP 	blk2: color = 'darkgrey'
10.6357 	EXP 	blk4: fillColor = 'darkgrey'
10.6357 	EXP 	blk4: lineColor = 'darkgrey'
10.6357 	EXP 	blk4: color = 'darkgrey'
10.6523 	EXP 	blk1: fillColor = 'darkgrey'
10.6523 	EXP 	blk1: lineColor = 'darkgrey'
10.6523 	EXP 	blk1: color = 'darkgrey'
10.6523 	EXP 	blk2: fillColor = 'darkgrey'
10.6523 	EXP 	blk2: lineColor = 'darkgrey'
10.6523 	EXP 	blk2: color = 'darkgrey'
10.6523 	EXP 	blk4: fillColor = 'darkgrey'
10.6523 	EXP 	blk4: lineColor = 'darkgrey'
10.6523 	EXP 	blk4: color = 'darkgrey'
10.6691 	EXP 	blk1: fillColor = 'darkgrey'
10.6691 	EXP 	blk1: lineColor = 'darkgrey'
10.6691 	EXP 	blk1: color = 'darkgrey'
10.6691 	EXP 	blk2: fillColor = 'darkgrey'
10.6691 	EXP 	blk2: lineColor = 'darkgrey'
10.6691 	EXP 	blk2: color = 'darkgrey'
10.6691 	EXP 	blk4: fillColor = 'darkgrey'
10.6691 	EXP 	blk4: lineColor = 'darkgrey'
10.6691 	EXP 	blk4: color = 'darkgrey'
10.6858 	EXP 	blk1: fillColor = 'darkgrey'
10.6858 	EXP 	blk1: lineColor = 'darkgrey'
10.6858 	EXP 	blk1: color = 'darkgrey'
10.6858 	EXP 	blk2: fillColor = 'darkgrey'
10.6858 	EXP 	blk2: lineColor = 'darkgrey'
10.6858 	EXP 	blk2: color = 'darkgrey'
10.6858 	EXP 	blk4: fillColor = 'darkgrey'
10.6858 	EXP 	blk4: lineColor = 'darkgrey'
10.6858 	EXP 	blk4: color = 'darkgrey'
10.7024 	EXP 	blk1: fillColor = 'darkgrey'
10.7024 	EXP 	blk1: lineColor = 'darkgrey'
10.7024 	EXP 	blk1: color = 'darkgrey'
10.7024 	EXP 	blk2: fillColor = 'darkgrey'
10.7024 	EXP 	blk2: lineColor = 'darkgrey'
10.7024 	EXP 	blk2: color = 'darkgrey'
10.7024 	EXP 	blk4: fillColor = 'darkgrey'
10.7024 	EXP 	blk4: lineColor = 'darkgrey'
10.7024 	EXP 	blk4: color = 'darkgrey'
10.7191 	EXP 	blk1: fillColor = 'darkgrey'
10.7191 	EXP 	blk1: lineColor = 'darkgrey'
10.7191 	EXP 	blk1: color = 'darkgrey'
10.7191 	EXP 	blk2: fillColor = 'darkgrey'
10.7191 	EXP 	blk2: lineColor = 'darkgrey'
10.7191 	EXP 	blk2: color = 'darkgrey'
10.7191 	EXP 	blk4: fillColor = 'darkgrey'
10.7191 	EXP 	blk4: lineColor = 'darkgrey'
10.7191 	EXP 	blk4: color = 'darkgrey'
10.7357 	EXP 	blk1: fillColor = 'darkgrey'
10.7357 	EXP 	blk1: lineColor = 'darkgrey'
10.7357 	EXP 	blk1: color = 'darkgrey'
10.7357 	EXP 	blk2: fillColor = 'darkgrey'
10.7357 	EXP 	blk2: lineColor = 'darkgrey'
10.7357 	EXP 	blk2: color = 'darkgrey'
10.7357 	EXP 	blk4: fillColor = 'darkgrey'
10.7357 	EXP 	blk4: lineColor = 'darkgrey'
10.7357 	EXP 	blk4: color = 'darkgrey'
10.7525 	EXP 	blk1: fillColor = 'darkgrey'
10.7525 	EXP 	blk1: lineColor = 'darkgrey'
10.7525 	EXP 	blk1: color = 'darkgrey'
10.7525 	EXP 	blk2: fillColor = 'darkgrey'
10.7525 	EXP 	blk2: lineColor = 'darkgrey'
10.7525 	EXP 	blk2: color = 'darkgrey'
10.7525 	EXP 	blk4: fillColor = 'darkgrey'
10.7525 	EXP 	blk4: lineColor = 'darkgrey'
10.7525 	EXP 	blk4: color = 'darkgrey'
10.7691 	EXP 	blk1: fillColor = 'darkgrey'
10.7691 	EXP 	blk1: lineColor = 'darkgrey'
10.7691 	EXP 	blk1: color = 'darkgrey'
10.7691 	EXP 	blk2: fillColor = 'darkgrey'
10.7691 	EXP 	blk2: lineColor = 'darkgrey'
10.7691 	EXP 	blk2: color = 'darkgrey'
10.7691 	EXP 	blk4: fillColor = 'darkgrey'
10.7691 	EXP 	blk4: lineColor = 'darkgrey'
10.7691 	EXP 	blk4: color = 'darkgrey'
10.7858 	EXP 	blk1: fillColor = 'darkgrey'
10.7858 	EXP 	blk1: lineColor = 'darkgrey'
10.7858 	EXP 	blk1: color = 'darkgrey'
10.7858 	EXP 	blk2: fillColor = 'darkgrey'
10.7858 	EXP 	blk2: lineColor = 'darkgrey'
10.7858 	EXP 	blk2: color = 'darkgrey'
10.7858 	EXP 	blk4: fillColor = 'darkgrey'
10.7858 	EXP 	blk4: lineColor = 'darkgrey'
10.7858 	EXP 	blk4: color = 'darkgrey'
10.8025 	EXP 	blk1: fillColor = 'darkgrey'
10.8025 	EXP 	blk1: lineColor = 'darkgrey'
10.8025 	EXP 	blk1: color = 'darkgrey'
10.8025 	EXP 	blk2: fillColor = 'darkgrey'
10.8025 	EXP 	blk2: lineColor = 'darkgrey'
10.8025 	EXP 	blk2: color = 'darkgrey'
10.8025 	EXP 	blk4: fillColor = 'darkgrey'
10.8025 	EXP 	blk4: lineColor = 'darkgrey'
10.8025 	EXP 	blk4: color = 'darkgrey'
10.8192 	EXP 	blk1: fillColor = 'darkgrey'
10.8192 	EXP 	blk1: lineColor = 'darkgrey'
10.8192 	EXP 	blk1: color = 'darkgrey'
10.8192 	EXP 	blk2: fillColor = 'darkgrey'
10.8192 	EXP 	blk2: lineColor = 'darkgrey'
10.8192 	EXP 	blk2: color = 'darkgrey'
10.8192 	EXP 	blk4: fillColor = 'darkgrey'
10.8192 	EXP 	blk4: lineColor = 'darkgrey'
10.8192 	EXP 	blk4: color = 'darkgrey'
10.8358 	EXP 	blk1: fillColor = 'darkgrey'
10.8358 	EXP 	blk1: lineColor = 'darkgrey'
10.8358 	EXP 	blk1: color = 'darkgrey'
10.8358 	EXP 	blk2: fillColor = 'darkgrey'
10.8358 	EXP 	blk2: lineColor = 'darkgrey'
10.8358 	EXP 	blk2: color = 'darkgrey'
10.8358 	EXP 	blk4: fillColor = 'darkgrey'
10.8358 	EXP 	blk4: lineColor = 'darkgrey'
10.8358 	EXP 	blk4: color = 'darkgrey'
10.8527 	EXP 	blk1: fillColor = 'darkgrey'
10.8527 	EXP 	blk1: lineColor = 'darkgrey'
10.8527 	EXP 	blk1: color = 'darkgrey'
10.8527 	EXP 	blk2: fillColor = 'darkgrey'
10.8527 	EXP 	blk2: lineColor = 'darkgrey'
10.8527 	EXP 	blk2: color = 'darkgrey'
10.8527 	EXP 	blk4: fillColor = 'darkgrey'
10.8527 	EXP 	blk4: lineColor = 'darkgrey'
10.8527 	EXP 	blk4: color = 'darkgrey'
10.8693 	EXP 	blk1: fillColor = 'darkgrey'
10.8693 	EXP 	blk1: lineColor = 'darkgrey'
10.8693 	EXP 	blk1: color = 'darkgrey'
10.8693 	EXP 	blk2: fillColor = 'darkgrey'
10.8693 	EXP 	blk2: lineColor = 'darkgrey'
10.8693 	EXP 	blk2: color = 'darkgrey'
10.8693 	EXP 	blk4: fillColor = 'darkgrey'
10.8693 	EXP 	blk4: lineColor = 'darkgrey'
10.8693 	EXP 	blk4: color = 'darkgrey'
10.8859 	EXP 	blk1: fillColor = 'darkgrey'
10.8859 	EXP 	blk1: lineColor = 'darkgrey'
10.8859 	EXP 	blk1: color = 'darkgrey'
10.8859 	EXP 	blk2: fillColor = 'darkgrey'
10.8859 	EXP 	blk2: lineColor = 'darkgrey'
10.8859 	EXP 	blk2: color = 'darkgrey'
10.8859 	EXP 	blk4: fillColor = 'darkgrey'
10.8859 	EXP 	blk4: lineColor = 'darkgrey'
10.8859 	EXP 	blk4: color = 'darkgrey'
10.9028 	EXP 	blk1: fillColor = 'darkgrey'
10.9028 	EXP 	blk1: lineColor = 'darkgrey'
10.9028 	EXP 	blk1: color = 'darkgrey'
10.9028 	EXP 	blk2: fillColor = 'darkgrey'
10.9028 	EXP 	blk2: lineColor = 'darkgrey'
10.9028 	EXP 	blk2: color = 'darkgrey'
10.9028 	EXP 	blk4: fillColor = 'darkgrey'
10.9028 	EXP 	blk4: lineColor = 'darkgrey'
10.9028 	EXP 	blk4: color = 'darkgrey'
10.9194 	EXP 	blk1: fillColor = 'darkgrey'
10.9194 	EXP 	blk1: lineColor = 'darkgrey'
10.9194 	EXP 	blk1: color = 'darkgrey'
10.9194 	EXP 	blk2: fillColor = 'darkgrey'
10.9194 	EXP 	blk2: lineColor = 'darkgrey'
10.9194 	EXP 	blk2: color = 'darkgrey'
10.9194 	EXP 	blk4: fillColor = 'darkgrey'
10.9194 	EXP 	blk4: lineColor = 'darkgrey'
10.9194 	EXP 	blk4: color = 'darkgrey'
10.9360 	EXP 	blk1: fillColor = 'darkgrey'
10.9360 	EXP 	blk1: lineColor = 'darkgrey'
10.9360 	EXP 	blk1: color = 'darkgrey'
10.9360 	EXP 	blk2: fillColor = 'darkgrey'
10.9360 	EXP 	blk2: lineColor = 'darkgrey'
10.9360 	EXP 	blk2: color = 'darkgrey'
10.9360 	EXP 	blk4: fillColor = 'darkgrey'
10.9360 	EXP 	blk4: lineColor = 'darkgrey'
10.9360 	EXP 	blk4: color = 'darkgrey'
10.9528 	EXP 	blk1: fillColor = 'darkgrey'
10.9528 	EXP 	blk1: lineColor = 'darkgrey'
10.9528 	EXP 	blk1: color = 'darkgrey'
10.9528 	EXP 	blk2: fillColor = 'darkgrey'
10.9528 	EXP 	blk2: lineColor = 'darkgrey'
10.9528 	EXP 	blk2: color = 'darkgrey'
10.9528 	EXP 	blk4: fillColor = 'darkgrey'
10.9528 	EXP 	blk4: lineColor = 'darkgrey'
10.9528 	EXP 	blk4: color = 'darkgrey'
10.9548 	DATA 	Mouse: Left button down, pos=(1313,756)
10.9695 	EXP 	blk1: fillColor = 'darkgrey'
10.9695 	EXP 	blk1: lineColor = 'darkgrey'
10.9695 	EXP 	blk1: color = 'darkgrey'
10.9695 	EXP 	blk2: fillColor = 'darkgrey'
10.9695 	EXP 	blk2: lineColor = 'darkgrey'
10.9695 	EXP 	blk2: color = 'darkgrey'
10.9695 	EXP 	blk4: fillColor = 'darkgrey'
10.9695 	EXP 	blk4: lineColor = 'darkgrey'
10.9695 	EXP 	blk4: color = 'darkgrey'
10.9862 	EXP 	blk1: fillColor = 'darkgrey'
10.9862 	EXP 	blk1: lineColor = 'darkgrey'
10.9862 	EXP 	blk1: color = 'darkgrey'
10.9862 	EXP 	blk2: fillColor = 'darkgrey'
10.9862 	EXP 	blk2: lineColor = 'darkgrey'
10.9862 	EXP 	blk2: color = 'darkgrey'
10.9862 	EXP 	blk4: fillColor = 'darkgrey'
10.9862 	EXP 	blk4: lineColor = 'darkgrey'
10.9862 	EXP 	blk4: color = 'darkgrey'
10.9862 	EXP 	blk3: fillColor = 'darkgrey'
10.9862 	EXP 	blk3: lineColor = 'darkgrey'
10.9862 	EXP 	blk3: color = 'darkgrey'
11.0027 	EXP 	blk1: fillColor = 'darkgrey'
11.0027 	EXP 	blk1: lineColor = 'darkgrey'
11.0027 	EXP 	blk1: color = 'darkgrey'
11.0027 	EXP 	blk2: fillColor = 'darkgrey'
11.0027 	EXP 	blk2: lineColor = 'darkgrey'
11.0027 	EXP 	blk2: color = 'darkgrey'
11.0027 	EXP 	blk4: fillColor = 'darkgrey'
11.0027 	EXP 	blk4: lineColor = 'darkgrey'
11.0027 	EXP 	blk4: color = 'darkgrey'
11.0027 	EXP 	blk3: fillColor = 'darkgrey'
11.0027 	EXP 	blk3: lineColor = 'darkgrey'
11.0027 	EXP 	blk3: color = 'darkgrey'
11.0196 	EXP 	blk1: fillColor = 'darkgrey'
11.0196 	EXP 	blk1: lineColor = 'darkgrey'
11.0196 	EXP 	blk1: color = 'darkgrey'
11.0196 	EXP 	blk2: fillColor = 'darkgrey'
11.0196 	EXP 	blk2: lineColor = 'darkgrey'
11.0196 	EXP 	blk2: color = 'darkgrey'
11.0196 	EXP 	blk4: fillColor = 'darkgrey'
11.0196 	EXP 	blk4: lineColor = 'darkgrey'
11.0196 	EXP 	blk4: color = 'darkgrey'
11.0196 	EXP 	blk3: fillColor = 'darkgrey'
11.0196 	EXP 	blk3: lineColor = 'darkgrey'
11.0196 	EXP 	blk3: color = 'darkgrey'
11.0364 	EXP 	blk1: fillColor = 'darkgrey'
11.0364 	EXP 	blk1: lineColor = 'darkgrey'
11.0364 	EXP 	blk1: color = 'darkgrey'
11.0364 	EXP 	blk2: fillColor = 'darkgrey'
11.0364 	EXP 	blk2: lineColor = 'darkgrey'
11.0364 	EXP 	blk2: color = 'darkgrey'
11.0364 	EXP 	blk4: fillColor = 'darkgrey'
11.0364 	EXP 	blk4: lineColor = 'darkgrey'
11.0364 	EXP 	blk4: color = 'darkgrey'
11.0364 	EXP 	blk3: fillColor = 'darkgrey'
11.0364 	EXP 	blk3: lineColor = 'darkgrey'
11.0364 	EXP 	blk3: color = 'darkgrey'
11.0529 	EXP 	blk1: fillColor = 'darkgrey'
11.0529 	EXP 	blk1: lineColor = 'darkgrey'
11.0529 	EXP 	blk1: color = 'darkgrey'
11.0529 	EXP 	blk2: fillColor = 'darkgrey'
11.0529 	EXP 	blk2: lineColor = 'darkgrey'
11.0529 	EXP 	blk2: color = 'darkgrey'
11.0529 	EXP 	blk4: fillColor = 'darkgrey'
11.0529 	EXP 	blk4: lineColor = 'darkgrey'
11.0529 	EXP 	blk4: color = 'darkgrey'
11.0529 	EXP 	blk3: fillColor = 'darkgrey'
11.0529 	EXP 	blk3: lineColor = 'darkgrey'
11.0529 	EXP 	blk3: color = 'darkgrey'
11.0535 	DATA 	Mouse:  Left button up, pos=(1313,756)
11.0695 	EXP 	blk1: fillColor = 'darkgrey'
11.0695 	EXP 	blk1: lineColor = 'darkgrey'
11.0695 	EXP 	blk1: color = 'darkgrey'
11.0695 	EXP 	blk2: fillColor = 'darkgrey'
11.0695 	EXP 	blk2: lineColor = 'darkgrey'
11.0695 	EXP 	blk2: color = 'darkgrey'
11.0695 	EXP 	blk4: fillColor = 'darkgrey'
11.0695 	EXP 	blk4: lineColor = 'darkgrey'
11.0695 	EXP 	blk4: color = 'darkgrey'
11.0695 	EXP 	blk3: fillColor = 'darkgrey'
11.0695 	EXP 	blk3: lineColor = 'darkgrey'
11.0695 	EXP 	blk3: color = 'darkgrey'
11.0861 	EXP 	blk1: fillColor = 'darkgrey'
11.0861 	EXP 	blk1: lineColor = 'darkgrey'
11.0861 	EXP 	blk1: color = 'darkgrey'
11.0861 	EXP 	blk2: fillColor = 'darkgrey'
11.0861 	EXP 	blk2: lineColor = 'darkgrey'
11.0861 	EXP 	blk2: color = 'darkgrey'
11.0861 	EXP 	blk4: fillColor = 'darkgrey'
11.0861 	EXP 	blk4: lineColor = 'darkgrey'
11.0861 	EXP 	blk4: color = 'darkgrey'
11.0861 	EXP 	blk3: fillColor = 'darkgrey'
11.0861 	EXP 	blk3: lineColor = 'darkgrey'
11.0861 	EXP 	blk3: color = 'darkgrey'
11.1028 	EXP 	blk1: fillColor = 'darkgrey'
11.1028 	EXP 	blk1: lineColor = 'darkgrey'
11.1028 	EXP 	blk1: color = 'darkgrey'
11.1028 	EXP 	blk2: fillColor = 'darkgrey'
11.1028 	EXP 	blk2: lineColor = 'darkgrey'
11.1028 	EXP 	blk2: color = 'darkgrey'
11.1028 	EXP 	blk4: fillColor = 'darkgrey'
11.1028 	EXP 	blk4: lineColor = 'darkgrey'
11.1028 	EXP 	blk4: color = 'darkgrey'
11.1028 	EXP 	blk3: fillColor = 'darkgrey'
11.1028 	EXP 	blk3: lineColor = 'darkgrey'
11.1028 	EXP 	blk3: color = 'darkgrey'
11.1196 	EXP 	blk1: fillColor = 'darkgrey'
11.1196 	EXP 	blk1: lineColor = 'darkgrey'
11.1196 	EXP 	blk1: color = 'darkgrey'
11.1196 	EXP 	blk2: fillColor = 'darkgrey'
11.1196 	EXP 	blk2: lineColor = 'darkgrey'
11.1196 	EXP 	blk2: color = 'darkgrey'
11.1196 	EXP 	blk4: fillColor = 'darkgrey'
11.1196 	EXP 	blk4: lineColor = 'darkgrey'
11.1196 	EXP 	blk4: color = 'darkgrey'
11.1196 	EXP 	blk3: fillColor = 'darkgrey'
11.1196 	EXP 	blk3: lineColor = 'darkgrey'
11.1196 	EXP 	blk3: color = 'darkgrey'
11.1362 	EXP 	blk1: fillColor = 'darkgrey'
11.1362 	EXP 	blk1: lineColor = 'darkgrey'
11.1362 	EXP 	blk1: color = 'darkgrey'
11.1362 	EXP 	blk2: fillColor = 'darkgrey'
11.1362 	EXP 	blk2: lineColor = 'darkgrey'
11.1362 	EXP 	blk2: color = 'darkgrey'
11.1362 	EXP 	blk4: fillColor = 'darkgrey'
11.1362 	EXP 	blk4: lineColor = 'darkgrey'
11.1362 	EXP 	blk4: color = 'darkgrey'
11.1362 	EXP 	blk3: fillColor = 'darkgrey'
11.1362 	EXP 	blk3: lineColor = 'darkgrey'
11.1362 	EXP 	blk3: color = 'darkgrey'
11.1530 	EXP 	blk1: fillColor = 'darkgrey'
11.1530 	EXP 	blk1: lineColor = 'darkgrey'
11.1530 	EXP 	blk1: color = 'darkgrey'
11.1530 	EXP 	blk2: fillColor = 'darkgrey'
11.1530 	EXP 	blk2: lineColor = 'darkgrey'
11.1530 	EXP 	blk2: color = 'darkgrey'
11.1530 	EXP 	blk4: fillColor = 'darkgrey'
11.1530 	EXP 	blk4: lineColor = 'darkgrey'
11.1530 	EXP 	blk4: color = 'darkgrey'
11.1530 	EXP 	blk3: fillColor = 'darkgrey'
11.1530 	EXP 	blk3: lineColor = 'darkgrey'
11.1530 	EXP 	blk3: color = 'darkgrey'
11.1698 	EXP 	blk1: fillColor = 'darkgrey'
11.1698 	EXP 	blk1: lineColor = 'darkgrey'
11.1698 	EXP 	blk1: color = 'darkgrey'
11.1698 	EXP 	blk2: fillColor = 'darkgrey'
11.1698 	EXP 	blk2: lineColor = 'darkgrey'
11.1698 	EXP 	blk2: color = 'darkgrey'
11.1698 	EXP 	blk4: fillColor = 'darkgrey'
11.1698 	EXP 	blk4: lineColor = 'darkgrey'
11.1698 	EXP 	blk4: color = 'darkgrey'
11.1698 	EXP 	blk3: fillColor = 'darkgrey'
11.1698 	EXP 	blk3: lineColor = 'darkgrey'
11.1698 	EXP 	blk3: color = 'darkgrey'
11.1862 	EXP 	blk1: fillColor = 'darkgrey'
11.1862 	EXP 	blk1: lineColor = 'darkgrey'
11.1862 	EXP 	blk1: color = 'darkgrey'
11.1862 	EXP 	blk2: fillColor = 'darkgrey'
11.1862 	EXP 	blk2: lineColor = 'darkgrey'
11.1862 	EXP 	blk2: color = 'darkgrey'
11.1862 	EXP 	blk4: fillColor = 'darkgrey'
11.1862 	EXP 	blk4: lineColor = 'darkgrey'
11.1862 	EXP 	blk4: color = 'darkgrey'
11.1862 	EXP 	blk3: fillColor = 'darkgrey'
11.1862 	EXP 	blk3: lineColor = 'darkgrey'
11.1862 	EXP 	blk3: color = 'darkgrey'
11.2031 	EXP 	blk1: fillColor = 'darkgrey'
11.2031 	EXP 	blk1: lineColor = 'darkgrey'
11.2031 	EXP 	blk1: color = 'darkgrey'
11.2031 	EXP 	blk2: fillColor = 'darkgrey'
11.2031 	EXP 	blk2: lineColor = 'darkgrey'
11.2031 	EXP 	blk2: color = 'darkgrey'
11.2031 	EXP 	blk4: fillColor = 'darkgrey'
11.2031 	EXP 	blk4: lineColor = 'darkgrey'
11.2031 	EXP 	blk4: color = 'darkgrey'
11.2031 	EXP 	blk3: fillColor = 'darkgrey'
11.2031 	EXP 	blk3: lineColor = 'darkgrey'
11.2031 	EXP 	blk3: color = 'darkgrey'
11.2195 	EXP 	blk1: fillColor = 'darkgrey'
11.2195 	EXP 	blk1: lineColor = 'darkgrey'
11.2195 	EXP 	blk1: color = 'darkgrey'
11.2195 	EXP 	blk2: fillColor = 'darkgrey'
11.2195 	EXP 	blk2: lineColor = 'darkgrey'
11.2195 	EXP 	blk2: color = 'darkgrey'
11.2195 	EXP 	blk4: fillColor = 'darkgrey'
11.2195 	EXP 	blk4: lineColor = 'darkgrey'
11.2195 	EXP 	blk4: color = 'darkgrey'
11.2195 	EXP 	blk3: fillColor = 'darkgrey'
11.2195 	EXP 	blk3: lineColor = 'darkgrey'
11.2195 	EXP 	blk3: color = 'darkgrey'
11.2363 	EXP 	blk1: fillColor = 'darkgrey'
11.2363 	EXP 	blk1: lineColor = 'darkgrey'
11.2363 	EXP 	blk1: color = 'darkgrey'
11.2363 	EXP 	blk2: fillColor = 'darkgrey'
11.2363 	EXP 	blk2: lineColor = 'darkgrey'
11.2363 	EXP 	blk2: color = 'darkgrey'
11.2363 	EXP 	blk4: fillColor = 'darkgrey'
11.2363 	EXP 	blk4: lineColor = 'darkgrey'
11.2363 	EXP 	blk4: color = 'darkgrey'
11.2363 	EXP 	blk3: fillColor = 'darkgrey'
11.2363 	EXP 	blk3: lineColor = 'darkgrey'
11.2363 	EXP 	blk3: color = 'darkgrey'
11.2527 	EXP 	blk1: fillColor = 'darkgrey'
11.2527 	EXP 	blk1: lineColor = 'darkgrey'
11.2527 	EXP 	blk1: color = 'darkgrey'
11.2527 	EXP 	blk2: fillColor = 'darkgrey'
11.2527 	EXP 	blk2: lineColor = 'darkgrey'
11.2527 	EXP 	blk2: color = 'darkgrey'
11.2527 	EXP 	blk4: fillColor = 'darkgrey'
11.2527 	EXP 	blk4: lineColor = 'darkgrey'
11.2527 	EXP 	blk4: color = 'darkgrey'
11.2527 	EXP 	blk3: fillColor = 'darkgrey'
11.2527 	EXP 	blk3: lineColor = 'darkgrey'
11.2527 	EXP 	blk3: color = 'darkgrey'
11.2697 	EXP 	blk1: fillColor = 'darkgrey'
11.2697 	EXP 	blk1: lineColor = 'darkgrey'
11.2697 	EXP 	blk1: color = 'darkgrey'
11.2697 	EXP 	blk2: fillColor = 'darkgrey'
11.2697 	EXP 	blk2: lineColor = 'darkgrey'
11.2697 	EXP 	blk2: color = 'darkgrey'
11.2697 	EXP 	blk4: fillColor = 'darkgrey'
11.2697 	EXP 	blk4: lineColor = 'darkgrey'
11.2697 	EXP 	blk4: color = 'darkgrey'
11.2697 	EXP 	blk3: fillColor = 'darkgrey'
11.2697 	EXP 	blk3: lineColor = 'darkgrey'
11.2697 	EXP 	blk3: color = 'darkgrey'
11.2863 	EXP 	blk1: fillColor = 'darkgrey'
11.2863 	EXP 	blk1: lineColor = 'darkgrey'
11.2863 	EXP 	blk1: color = 'darkgrey'
11.2863 	EXP 	blk2: fillColor = 'darkgrey'
11.2863 	EXP 	blk2: lineColor = 'darkgrey'
11.2863 	EXP 	blk2: color = 'darkgrey'
11.2863 	EXP 	blk4: fillColor = 'darkgrey'
11.2863 	EXP 	blk4: lineColor = 'darkgrey'
11.2863 	EXP 	blk4: color = 'darkgrey'
11.2863 	EXP 	blk3: fillColor = 'darkgrey'
11.2863 	EXP 	blk3: lineColor = 'darkgrey'
11.2863 	EXP 	blk3: color = 'darkgrey'
11.3029 	EXP 	blk1: fillColor = 'darkgrey'
11.3029 	EXP 	blk1: lineColor = 'darkgrey'
11.3029 	EXP 	blk1: color = 'darkgrey'
11.3029 	EXP 	blk2: fillColor = 'darkgrey'
11.3029 	EXP 	blk2: lineColor = 'darkgrey'
11.3029 	EXP 	blk2: color = 'darkgrey'
11.3029 	EXP 	blk4: fillColor = 'darkgrey'
11.3029 	EXP 	blk4: lineColor = 'darkgrey'
11.3029 	EXP 	blk4: color = 'darkgrey'
11.3029 	EXP 	blk3: fillColor = 'darkgrey'
11.3029 	EXP 	blk3: lineColor = 'darkgrey'
11.3029 	EXP 	blk3: color = 'darkgrey'
11.3198 	EXP 	blk1: fillColor = 'darkgrey'
11.3198 	EXP 	blk1: lineColor = 'darkgrey'
11.3198 	EXP 	blk1: color = 'darkgrey'
11.3198 	EXP 	blk2: fillColor = 'darkgrey'
11.3198 	EXP 	blk2: lineColor = 'darkgrey'
11.3198 	EXP 	blk2: color = 'darkgrey'
11.3198 	EXP 	blk4: fillColor = 'darkgrey'
11.3198 	EXP 	blk4: lineColor = 'darkgrey'
11.3198 	EXP 	blk4: color = 'darkgrey'
11.3198 	EXP 	blk3: fillColor = 'darkgrey'
11.3198 	EXP 	blk3: lineColor = 'darkgrey'
11.3198 	EXP 	blk3: color = 'darkgrey'
11.3364 	EXP 	blk1: fillColor = 'darkgrey'
11.3364 	EXP 	blk1: lineColor = 'darkgrey'
11.3364 	EXP 	blk1: color = 'darkgrey'
11.3364 	EXP 	blk2: fillColor = 'darkgrey'
11.3364 	EXP 	blk2: lineColor = 'darkgrey'
11.3364 	EXP 	blk2: color = 'darkgrey'
11.3364 	EXP 	blk4: fillColor = 'darkgrey'
11.3364 	EXP 	blk4: lineColor = 'darkgrey'
11.3364 	EXP 	blk4: color = 'darkgrey'
11.3364 	EXP 	blk3: fillColor = 'darkgrey'
11.3364 	EXP 	blk3: lineColor = 'darkgrey'
11.3364 	EXP 	blk3: color = 'darkgrey'
11.3533 	EXP 	blk1: fillColor = 'darkgrey'
11.3533 	EXP 	blk1: lineColor = 'darkgrey'
11.3533 	EXP 	blk1: color = 'darkgrey'
11.3533 	EXP 	blk2: fillColor = 'darkgrey'
11.3533 	EXP 	blk2: lineColor = 'darkgrey'
11.3533 	EXP 	blk2: color = 'darkgrey'
11.3533 	EXP 	blk4: fillColor = 'darkgrey'
11.3533 	EXP 	blk4: lineColor = 'darkgrey'
11.3533 	EXP 	blk4: color = 'darkgrey'
11.3533 	EXP 	blk3: fillColor = 'darkgrey'
11.3533 	EXP 	blk3: lineColor = 'darkgrey'
11.3533 	EXP 	blk3: color = 'darkgrey'
11.3698 	EXP 	blk1: fillColor = 'darkgrey'
11.3698 	EXP 	blk1: lineColor = 'darkgrey'
11.3698 	EXP 	blk1: color = 'darkgrey'
11.3698 	EXP 	blk2: fillColor = 'darkgrey'
11.3698 	EXP 	blk2: lineColor = 'darkgrey'
11.3698 	EXP 	blk2: color = 'darkgrey'
11.3698 	EXP 	blk4: fillColor = 'darkgrey'
11.3698 	EXP 	blk4: lineColor = 'darkgrey'
11.3698 	EXP 	blk4: color = 'darkgrey'
11.3698 	EXP 	blk3: fillColor = 'darkgrey'
11.3698 	EXP 	blk3: lineColor = 'darkgrey'
11.3698 	EXP 	blk3: color = 'darkgrey'
11.3864 	EXP 	blk1: fillColor = 'darkgrey'
11.3864 	EXP 	blk1: lineColor = 'darkgrey'
11.3864 	EXP 	blk1: color = 'darkgrey'
11.3864 	EXP 	blk2: fillColor = 'darkgrey'
11.3864 	EXP 	blk2: lineColor = 'darkgrey'
11.3864 	EXP 	blk2: color = 'darkgrey'
11.3864 	EXP 	blk4: fillColor = 'darkgrey'
11.3864 	EXP 	blk4: lineColor = 'darkgrey'
11.3864 	EXP 	blk4: color = 'darkgrey'
11.3864 	EXP 	blk3: fillColor = 'darkgrey'
11.3864 	EXP 	blk3: lineColor = 'darkgrey'
11.3864 	EXP 	blk3: color = 'darkgrey'
11.4031 	EXP 	blk1: fillColor = 'darkgrey'
11.4031 	EXP 	blk1: lineColor = 'darkgrey'
11.4031 	EXP 	blk1: color = 'darkgrey'
11.4031 	EXP 	blk2: fillColor = 'darkgrey'
11.4031 	EXP 	blk2: lineColor = 'darkgrey'
11.4031 	EXP 	blk2: color = 'darkgrey'
11.4031 	EXP 	blk4: fillColor = 'darkgrey'
11.4031 	EXP 	blk4: lineColor = 'darkgrey'
11.4031 	EXP 	blk4: color = 'darkgrey'
11.4031 	EXP 	blk3: fillColor = 'darkgrey'
11.4031 	EXP 	blk3: lineColor = 'darkgrey'
11.4031 	EXP 	blk3: color = 'darkgrey'
11.4198 	EXP 	blk1: fillColor = 'darkgrey'
11.4198 	EXP 	blk1: lineColor = 'darkgrey'
11.4198 	EXP 	blk1: color = 'darkgrey'
11.4198 	EXP 	blk2: fillColor = 'darkgrey'
11.4198 	EXP 	blk2: lineColor = 'darkgrey'
11.4198 	EXP 	blk2: color = 'darkgrey'
11.4198 	EXP 	blk4: fillColor = 'darkgrey'
11.4198 	EXP 	blk4: lineColor = 'darkgrey'
11.4198 	EXP 	blk4: color = 'darkgrey'
11.4198 	EXP 	blk3: fillColor = 'darkgrey'
11.4198 	EXP 	blk3: lineColor = 'darkgrey'
11.4198 	EXP 	blk3: color = 'darkgrey'
11.4364 	EXP 	blk1: fillColor = 'darkgrey'
11.4364 	EXP 	blk1: lineColor = 'darkgrey'
11.4364 	EXP 	blk1: color = 'darkgrey'
11.4364 	EXP 	blk2: fillColor = 'darkgrey'
11.4364 	EXP 	blk2: lineColor = 'darkgrey'
11.4364 	EXP 	blk2: color = 'darkgrey'
11.4364 	EXP 	blk4: fillColor = 'darkgrey'
11.4364 	EXP 	blk4: lineColor = 'darkgrey'
11.4364 	EXP 	blk4: color = 'darkgrey'
11.4364 	EXP 	blk3: fillColor = 'darkgrey'
11.4364 	EXP 	blk3: lineColor = 'darkgrey'
11.4364 	EXP 	blk3: color = 'darkgrey'
11.4531 	EXP 	blk1: fillColor = 'darkgrey'
11.4531 	EXP 	blk1: lineColor = 'darkgrey'
11.4531 	EXP 	blk1: color = 'darkgrey'
11.4531 	EXP 	blk2: fillColor = 'darkgrey'
11.4531 	EXP 	blk2: lineColor = 'darkgrey'
11.4531 	EXP 	blk2: color = 'darkgrey'
11.4531 	EXP 	blk4: fillColor = 'darkgrey'
11.4531 	EXP 	blk4: lineColor = 'darkgrey'
11.4531 	EXP 	blk4: color = 'darkgrey'
11.4531 	EXP 	blk3: fillColor = 'darkgrey'
11.4531 	EXP 	blk3: lineColor = 'darkgrey'
11.4531 	EXP 	blk3: color = 'darkgrey'
11.4537 	DATA 	Mouse: Left button down, pos=(696,455)
11.4560 	EXP 	New trial (rep=1, index=0): OrderedDict([('sequence', ['blk1', 'blk2', 'blk3', 'blk4', 'blk5']), ('blockDuration', 0.5)])
11.4698 	EXP 	blk1: fillColor = 'darkgrey'
11.4698 	EXP 	blk1: lineColor = 'darkgrey'
11.4698 	EXP 	blk1: color = 'darkgrey'
11.4698 	EXP 	blk2: fillColor = 'darkgrey'
11.4698 	EXP 	blk2: lineColor = 'darkgrey'
11.4698 	EXP 	blk2: color = 'darkgrey'
11.4698 	EXP 	blk4: fillColor = 'darkgrey'
11.4698 	EXP 	blk4: lineColor = 'darkgrey'
11.4698 	EXP 	blk4: color = 'darkgrey'
11.4698 	EXP 	blk3: fillColor = 'darkgrey'
11.4698 	EXP 	blk3: lineColor = 'darkgrey'
11.4698 	EXP 	blk3: color = 'darkgrey'
11.4698 	EXP 	blk5: fillColor = 'darkgrey'
11.4698 	EXP 	blk5: lineColor = 'darkgrey'
11.4698 	EXP 	blk5: color = 'darkgrey'
11.4698 	EXP 	blk1: autoDraw = False
11.4698 	EXP 	blk2: autoDraw = False
11.4698 	EXP 	blk3: autoDraw = False
11.4698 	EXP 	blk4: autoDraw = False
11.4698 	EXP 	blk5: autoDraw = False
11.4698 	EXP 	blank: autoDraw = True
11.5204 	DATA 	Mouse:  Left button up, pos=(696,455)
11.9704 	EXP 	blank: autoDraw = False
11.9704 	EXP 	blank: autoDraw = False
11.9704 	EXP 	blk1: pos = array([-0.06590706, -0.23755141])
11.9704 	EXP 	blk1: fillColor = 'white'
11.9704 	EXP 	blk1: lineColor = 'white'
11.9704 	EXP 	blk1: color = 'white'
11.9704 	EXP 	blk2: pos = array([-0.3554196 , -0.02332217])
11.9704 	EXP 	blk2: fillColor = 'white'
11.9704 	EXP 	blk2: lineColor = 'white'
11.9704 	EXP 	blk2: color = 'white'
11.9704 	EXP 	blk3: pos = array([ 0.1051892 , -0.25139132])
11.9704 	EXP 	blk3: fillColor = 'white'
11.9704 	EXP 	blk3: lineColor = 'white'
11.9704 	EXP 	blk3: color = 'white'
11.9704 	EXP 	blk4: pos = array([ 0.38825355, -0.33649268])
11.9704 	EXP 	blk4: fillColor = 'white'
11.9704 	EXP 	blk4: lineColor = 'white'
11.9704 	EXP 	blk4: color = 'white'
11.9704 	EXP 	blk5: pos = array([-0.11410735, -0.04011469])
11.9704 	EXP 	blk5: fillColor = 'white'
11.9704 	EXP 	blk5: lineColor = 'white'
11.9704 	EXP 	blk5: color = 'white'
11.9704 	EXP 	blk1: autoDraw = True
11.9704 	EXP 	blk2: autoDraw = True
11.9704 	EXP 	blk3: autoDraw = True
11.9704 	EXP 	blk4: autoDraw = True
11.9704 	EXP 	blk5: autoDraw = True
12.4716 	EXP 	blk1: fillColor = 'red'
12.4716 	EXP 	blk1: lineColor = 'red'
12.4716 	EXP 	blk1: color = 'red'
12.9713 	EXP 	blk1: fillColor = 'white'
12.9713 	EXP 	blk1: lineColor = 'white'
12.9713 	EXP 	blk1: color = 'white'
12.9713 	EXP 	blk2: fillColor = 'red'
12.9713 	EXP 	blk2: lineColor = 'red'
12.9713 	EXP 	blk2: color = 'red'
13.2723 	DATA 	Mouse: Left button down, pos=(835,319)
13.4057 	DATA 	Mouse:  Left button up, pos=(845,310)
13.4720 	EXP 	blk2: fillColor = 'white'
13.4720 	EXP 	blk2: lineColor = 'white'
13.4720 	EXP 	blk2: color = 'white'
13.4720 	EXP 	blk3: fillColor = 'red'
13.4720 	EXP 	blk3: lineColor = 'red'
13.4720 	EXP 	blk3: color = 'red'
13.5229 	DATA 	Mouse: Left button down, pos=(855,299)
13.6225 	DATA 	Mouse:  Left button up, pos=(855,298)
13.9725 	EXP 	blk3: fillColor = 'white'
13.9725 	EXP 	blk3: lineColor = 'white'
13.9725 	EXP 	blk3: color = 'white'
13.9725 	EXP 	blk4: fillColor = 'red'
13.9725 	EXP 	blk4: lineColor = 'red'
13.9725 	EXP 	blk4: color = 'red'
14.4730 	EXP 	blk4: fillColor = 'white'
14.4730 	EXP 	blk4: lineColor = 'white'
14.4730 	EXP 	blk4: color = 'white'
14.4730 	EXP 	blk5: fillColor = 'red'
14.4730 	EXP 	blk5: lineColor = 'red'
14.4730 	EXP 	blk5: color = 'red'
14.9734 	EXP 	blk5: fillColor = 'white'
14.9734 	EXP 	blk5: lineColor = 'white'
14.9734 	EXP 	blk5: color = 'white'
15.1906 	DATA 	Mouse: Left button down, pos=(894,263)
15.2068 	EXP 	blk1: fillColor = 'darkgrey'
15.2068 	EXP 	blk1: lineColor = 'darkgrey'
15.2068 	EXP 	blk1: color = 'darkgrey'
15.2236 	EXP 	blk1: fillColor = 'darkgrey'
15.2236 	EXP 	blk1: lineColor = 'darkgrey'
15.2236 	EXP 	blk1: color = 'darkgrey'
15.2402 	EXP 	blk1: fillColor = 'darkgrey'
15.2402 	EXP 	blk1: lineColor = 'darkgrey'
15.2402 	EXP 	blk1: color = 'darkgrey'
15.2569 	EXP 	blk1: fillColor = 'darkgrey'
15.2569 	EXP 	blk1: lineColor = 'darkgrey'
15.2569 	EXP 	blk1: color = 'darkgrey'
15.2736 	EXP 	blk1: fillColor = 'darkgrey'
15.2736 	EXP 	blk1: lineColor = 'darkgrey'
15.2736 	EXP 	blk1: color = 'darkgrey'
15.2750 	DATA 	Mouse:  Left button up, pos=(895,284)
15.2903 	EXP 	blk1: fillColor = 'darkgrey'
15.2903 	EXP 	blk1: lineColor = 'darkgrey'
15.2903 	EXP 	blk1: color = 'darkgrey'
15.3070 	EXP 	blk1: fillColor = 'darkgrey'
15.3070 	EXP 	blk1: lineColor = 'darkgrey'
15.3070 	EXP 	blk1: color = 'darkgrey'
15.3236 	EXP 	blk1: fillColor = 'darkgrey'
15.3236 	EXP 	blk1: lineColor = 'darkgrey'
15.3236 	EXP 	blk1: color = 'darkgrey'
15.3403 	EXP 	blk1: fillColor = 'darkgrey'
15.3403 	EXP 	blk1: lineColor = 'darkgrey'
15.3403 	EXP 	blk1: color = 'darkgrey'
15.3572 	EXP 	blk1: fillColor = 'darkgrey'
15.3572 	EXP 	blk1: lineColor = 'darkgrey'
15.3572 	EXP 	blk1: color = 'darkgrey'
15.3737 	EXP 	blk1: fillColor = 'darkgrey'
15.3737 	EXP 	blk1: lineColor = 'darkgrey'
15.3737 	EXP 	blk1: color = 'darkgrey'
15.3905 	EXP 	blk1: fillColor = 'darkgrey'
15.3905 	EXP 	blk1: lineColor = 'darkgrey'
15.3905 	EXP 	blk1: color = 'darkgrey'
15.4072 	EXP 	blk1: fillColor = 'darkgrey'
15.4072 	EXP 	blk1: lineColor = 'darkgrey'
15.4072 	EXP 	blk1: color = 'darkgrey'
15.4238 	EXP 	blk1: fillColor = 'darkgrey'
15.4238 	EXP 	blk1: lineColor = 'darkgrey'
15.4238 	EXP 	blk1: color = 'darkgrey'
15.4406 	EXP 	blk1: fillColor = 'darkgrey'
15.4406 	EXP 	blk1: lineColor = 'darkgrey'
15.4406 	EXP 	blk1: color = 'darkgrey'
15.4571 	EXP 	blk1: fillColor = 'darkgrey'
15.4571 	EXP 	blk1: lineColor = 'darkgrey'
15.4571 	EXP 	blk1: color = 'darkgrey'
15.4579 	DATA 	Mouse: Left button down, pos=(820,509)
15.4739 	EXP 	blk1: fillColor = 'darkgrey'
15.4739 	EXP 	blk1: lineColor = 'darkgrey'
15.4739 	EXP 	blk1: color = 'darkgrey'
15.4739 	EXP 	blk5: fillColor = 'darkgrey'
15.4739 	EXP 	blk5: lineColor = 'darkgrey'
15.4739 	EXP 	blk5: color = 'darkgrey'
15.4904 	EXP 	blk1: fillColor = 'darkgrey'
15.4904 	EXP 	blk1: lineColor = 'darkgrey'
15.4904 	EXP 	blk1: color = 'darkgrey'
15.4904 	EXP 	blk5: fillColor = 'darkgrey'
15.4904 	EXP 	blk5: lineColor = 'darkgrey'
15.4904 	EXP 	blk5: color = 'darkgrey'
15.5073 	EXP 	blk1: fillColor = 'darkgrey'
15.5073 	EXP 	blk1: lineColor = 'darkgrey'
15.5073 	EXP 	blk1: color = 'darkgrey'
15.5073 	EXP 	blk5: fillColor = 'darkgrey'
15.5073 	EXP 	blk5: lineColor = 'darkgrey'
15.5073 	EXP 	blk5: color = 'darkgrey'
15.5241 	EXP 	blk1: fillColor = 'darkgrey'
15.5241 	EXP 	blk1: lineColor = 'darkgrey'
15.5241 	EXP 	blk1: color = 'darkgrey'
15.5241 	EXP 	blk5: fillColor = 'darkgrey'
15.5241 	EXP 	blk5: lineColor = 'darkgrey'
15.5241 	EXP 	blk5: color = 'darkgrey'
15.5407 	EXP 	blk1: fillColor = 'darkgrey'
15.5407 	EXP 	blk1: lineColor = 'darkgrey'
15.5407 	EXP 	blk1: color = 'darkgrey'
15.5407 	EXP 	blk5: fillColor = 'darkgrey'
15.5407 	EXP 	blk5: lineColor = 'darkgrey'
15.5407 	EXP 	blk5: color = 'darkgrey'
15.5575 	EXP 	blk1: fillColor = 'darkgrey'
15.5575 	EXP 	blk1: lineColor = 'darkgrey'
15.5575 	EXP 	blk1: color = 'darkgrey'
15.5575 	EXP 	blk5: fillColor = 'darkgrey'
15.5575 	EXP 	blk5: lineColor = 'darkgrey'
15.5575 	EXP 	blk5: color = 'darkgrey'
15.5579 	DATA 	Mouse:  Left button up, pos=(864,481)
15.5739 	EXP 	blk1: fillColor = 'darkgrey'
15.5739 	EXP 	blk1: lineColor = 'darkgrey'
15.5739 	EXP 	blk1: color = 'darkgrey'
15.5739 	EXP 	blk5: fillColor = 'darkgrey'
15.5739 	EXP 	blk5: lineColor = 'darkgrey'
15.5739 	EXP 	blk5: color = 'darkgrey'
15.5906 	EXP 	blk1: fillColor = 'darkgrey'
15.5906 	EXP 	blk1: lineColor = 'darkgrey'
15.5906 	EXP 	blk1: color = 'darkgrey'
15.5906 	EXP 	blk5: fillColor = 'darkgrey'
15.5906 	EXP 	blk5: lineColor = 'darkgrey'
15.5906 	EXP 	blk5: color = 'darkgrey'
15.6075 	EXP 	blk1: fillColor = 'darkgrey'
15.6075 	EXP 	blk1: lineColor = 'darkgrey'
15.6075 	EXP 	blk1: color = 'darkgrey'
15.6075 	EXP 	blk5: fillColor = 'darkgrey'
15.6075 	EXP 	blk5: lineColor = 'darkgrey'
15.6075 	EXP 	blk5: color = 'darkgrey'
15.6240 	EXP 	blk1: fillColor = 'darkgrey'
15.6240 	EXP 	blk1: lineColor = 'darkgrey'
15.6240 	EXP 	blk1: color = 'darkgrey'
15.6240 	EXP 	blk5: fillColor = 'darkgrey'
15.6240 	EXP 	blk5: lineColor = 'darkgrey'
15.6240 	EXP 	blk5: color = 'darkgrey'
15.6408 	EXP 	blk1: fillColor = 'darkgrey'
15.6408 	EXP 	blk1: lineColor = 'darkgrey'
15.6408 	EXP 	blk1: color = 'darkgrey'
15.6408 	EXP 	blk5: fillColor = 'darkgrey'
15.6408 	EXP 	blk5: lineColor = 'darkgrey'
15.6408 	EXP 	blk5: color = 'darkgrey'
15.6576 	EXP 	blk1: fillColor = 'darkgrey'
15.6576 	EXP 	blk1: lineColor = 'darkgrey'
15.6576 	EXP 	blk1: color = 'darkgrey'
15.6576 	EXP 	blk5: fillColor = 'darkgrey'
15.6576 	EXP 	blk5: lineColor = 'darkgrey'
15.6576 	EXP 	blk5: color = 'darkgrey'
15.6739 	EXP 	blk1: fillColor = 'darkgrey'
15.6739 	EXP 	blk1: lineColor = 'darkgrey'
15.6739 	EXP 	blk1: color = 'darkgrey'
15.6739 	EXP 	blk5: fillColor = 'darkgrey'
15.6739 	EXP 	blk5: lineColor = 'darkgrey'
15.6739 	EXP 	blk5: color = 'darkgrey'
15.6906 	EXP 	blk1: fillColor = 'darkgrey'
15.6906 	EXP 	blk1: lineColor = 'darkgrey'
15.6906 	EXP 	blk1: color = 'darkgrey'
15.6906 	EXP 	blk5: fillColor = 'darkgrey'
15.6906 	EXP 	blk5: lineColor = 'darkgrey'
15.6906 	EXP 	blk5: color = 'darkgrey'
15.7073 	EXP 	blk1: fillColor = 'darkgrey'
15.7073 	EXP 	blk1: lineColor = 'darkgrey'
15.7073 	EXP 	blk1: color = 'darkgrey'
15.7073 	EXP 	blk5: fillColor = 'darkgrey'
15.7073 	EXP 	blk5: lineColor = 'darkgrey'
15.7073 	EXP 	blk5: color = 'darkgrey'
15.7241 	EXP 	blk1: fillColor = 'darkgrey'
15.7241 	EXP 	blk1: lineColor = 'darkgrey'
15.7241 	EXP 	blk1: color = 'darkgrey'
15.7241 	EXP 	blk5: fillColor = 'darkgrey'
15.7241 	EXP 	blk5: lineColor = 'darkgrey'
15.7241 	EXP 	blk5: color = 'darkgrey'
15.7408 	EXP 	blk1: fillColor = 'darkgrey'
15.7408 	EXP 	blk1: lineColor = 'darkgrey'
15.7408 	EXP 	blk1: color = 'darkgrey'
15.7408 	EXP 	blk5: fillColor = 'darkgrey'
15.7408 	EXP 	blk5: lineColor = 'darkgrey'
15.7408 	EXP 	blk5: color = 'darkgrey'
15.7575 	EXP 	blk1: fillColor = 'darkgrey'
15.7575 	EXP 	blk1: lineColor = 'darkgrey'
15.7575 	EXP 	blk1: color = 'darkgrey'
15.7575 	EXP 	blk5: fillColor = 'darkgrey'
15.7575 	EXP 	blk5: lineColor = 'darkgrey'
15.7575 	EXP 	blk5: color = 'darkgrey'
15.7743 	EXP 	blk1: fillColor = 'darkgrey'
15.7743 	EXP 	blk1: lineColor = 'darkgrey'
15.7743 	EXP 	blk1: color = 'darkgrey'
15.7743 	EXP 	blk5: fillColor = 'darkgrey'
15.7743 	EXP 	blk5: lineColor = 'darkgrey'
15.7743 	EXP 	blk5: color = 'darkgrey'
15.7747 	DATA 	Mouse: Left button down, pos=(1045,262)
15.7910 	EXP 	blk1: fillColor = 'darkgrey'
15.7910 	EXP 	blk1: lineColor = 'darkgrey'
15.7910 	EXP 	blk1: color = 'darkgrey'
15.7910 	EXP 	blk5: fillColor = 'darkgrey'
15.7910 	EXP 	blk5: lineColor = 'darkgrey'
15.7910 	EXP 	blk5: color = 'darkgrey'
15.7910 	EXP 	blk3: fillColor = 'darkgrey'
15.7910 	EXP 	blk3: lineColor = 'darkgrey'
15.7910 	EXP 	blk3: color = 'darkgrey'
15.8076 	EXP 	blk1: fillColor = 'darkgrey'
15.8076 	EXP 	blk1: lineColor = 'darkgrey'
15.8076 	EXP 	blk1: color = 'darkgrey'
15.8076 	EXP 	blk5: fillColor = 'darkgrey'
15.8076 	EXP 	blk5: lineColor = 'darkgrey'
15.8076 	EXP 	blk5: color = 'darkgrey'
15.8076 	EXP 	blk3: fillColor = 'darkgrey'
15.8076 	EXP 	blk3: lineColor = 'darkgrey'
15.8076 	EXP 	blk3: color = 'darkgrey'
15.8244 	EXP 	blk1: fillColor = 'darkgrey'
15.8244 	EXP 	blk1: lineColor = 'darkgrey'
15.8244 	EXP 	blk1: color = 'darkgrey'
15.8244 	EXP 	blk5: fillColor = 'darkgrey'
15.8244 	EXP 	blk5: lineColor = 'darkgrey'
15.8244 	EXP 	blk5: color = 'darkgrey'
15.8244 	EXP 	blk3: fillColor = 'darkgrey'
15.8244 	EXP 	blk3: lineColor = 'darkgrey'
15.8244 	EXP 	blk3: color = 'darkgrey'
15.8409 	EXP 	blk1: fillColor = 'darkgrey'
15.8409 	EXP 	blk1: lineColor = 'darkgrey'
15.8409 	EXP 	blk1: color = 'darkgrey'
15.8409 	EXP 	blk5: fillColor = 'darkgrey'
15.8409 	EXP 	blk5: lineColor = 'darkgrey'
15.8409 	EXP 	blk5: color = 'darkgrey'
15.8409 	EXP 	blk3: fillColor = 'darkgrey'
15.8409 	EXP 	blk3: lineColor = 'darkgrey'
15.8409 	EXP 	blk3: color = 'darkgrey'
15.8576 	EXP 	blk1: fillColor = 'darkgrey'
15.8576 	EXP 	blk1: lineColor = 'darkgrey'
15.8576 	EXP 	blk1: color = 'darkgrey'
15.8576 	EXP 	blk5: fillColor = 'darkgrey'
15.8576 	EXP 	blk5: lineColor = 'darkgrey'
15.8576 	EXP 	blk5: color = 'darkgrey'
15.8576 	EXP 	blk3: fillColor = 'darkgrey'
15.8576 	EXP 	blk3: lineColor = 'darkgrey'
15.8576 	EXP 	blk3: color = 'darkgrey'
15.8742 	EXP 	blk1: fillColor = 'darkgrey'
15.8742 	EXP 	blk1: lineColor = 'darkgrey'
15.8742 	EXP 	blk1: color = 'darkgrey'
15.8742 	EXP 	blk5: fillColor = 'darkgrey'
15.8742 	EXP 	blk5: lineColor = 'darkgrey'
15.8742 	EXP 	blk5: color = 'darkgrey'
15.8742 	EXP 	blk3: fillColor = 'darkgrey'
15.8742 	EXP 	blk3: lineColor = 'darkgrey'
15.8742 	EXP 	blk3: color = 'darkgrey'
15.8748 	DATA 	Mouse:  Left button up, pos=(1045,262)
15.8910 	EXP 	blk1: fillColor = 'darkgrey'
15.8910 	EXP 	blk1: lineColor = 'darkgrey'
15.8910 	EXP 	blk1: color = 'darkgrey'
15.8910 	EXP 	blk5: fillColor = 'darkgrey'
15.8910 	EXP 	blk5: lineColor = 'darkgrey'
15.8910 	EXP 	blk5: color = 'darkgrey'
15.8910 	EXP 	blk3: fillColor = 'darkgrey'
15.8910 	EXP 	blk3: lineColor = 'darkgrey'
15.8910 	EXP 	blk3: color = 'darkgrey'
15.9076 	EXP 	blk1: fillColor = 'darkgrey'
15.9076 	EXP 	blk1: lineColor = 'darkgrey'
15.9076 	EXP 	blk1: color = 'darkgrey'
15.9076 	EXP 	blk5: fillColor = 'darkgrey'
15.9076 	EXP 	blk5: lineColor = 'darkgrey'
15.9076 	EXP 	blk5: color = 'darkgrey'
15.9076 	EXP 	blk3: fillColor = 'darkgrey'
15.9076 	EXP 	blk3: lineColor = 'darkgrey'
15.9076 	EXP 	blk3: color = 'darkgrey'
15.9245 	EXP 	blk1: fillColor = 'darkgrey'
15.9245 	EXP 	blk1: lineColor = 'darkgrey'
15.9245 	EXP 	blk1: color = 'darkgrey'
15.9245 	EXP 	blk5: fillColor = 'darkgrey'
15.9245 	EXP 	blk5: lineColor = 'darkgrey'
15.9245 	EXP 	blk5: color = 'darkgrey'
15.9245 	EXP 	blk3: fillColor = 'darkgrey'
15.9245 	EXP 	blk3: lineColor = 'darkgrey'
15.9245 	EXP 	blk3: color = 'darkgrey'
15.9411 	EXP 	blk1: fillColor = 'darkgrey'
15.9411 	EXP 	blk1: lineColor = 'darkgrey'
15.9411 	EXP 	blk1: color = 'darkgrey'
15.9411 	EXP 	blk5: fillColor = 'darkgrey'
15.9411 	EXP 	blk5: lineColor = 'darkgrey'
15.9411 	EXP 	blk5: color = 'darkgrey'
15.9411 	EXP 	blk3: fillColor = 'darkgrey'
15.9411 	EXP 	blk3: lineColor = 'darkgrey'
15.9411 	EXP 	blk3: color = 'darkgrey'
15.9578 	EXP 	blk1: fillColor = 'darkgrey'
15.9578 	EXP 	blk1: lineColor = 'darkgrey'
15.9578 	EXP 	blk1: color = 'darkgrey'
15.9578 	EXP 	blk5: fillColor = 'darkgrey'
15.9578 	EXP 	blk5: lineColor = 'darkgrey'
15.9578 	EXP 	blk5: color = 'darkgrey'
15.9578 	EXP 	blk3: fillColor = 'darkgrey'
15.9578 	EXP 	blk3: lineColor = 'darkgrey'
15.9578 	EXP 	blk3: color = 'darkgrey'
15.9744 	EXP 	blk1: fillColor = 'darkgrey'
15.9744 	EXP 	blk1: lineColor = 'darkgrey'
15.9744 	EXP 	blk1: color = 'darkgrey'
15.9744 	EXP 	blk5: fillColor = 'darkgrey'
15.9744 	EXP 	blk5: lineColor = 'darkgrey'
15.9744 	EXP 	blk5: color = 'darkgrey'
15.9744 	EXP 	blk3: fillColor = 'darkgrey'
15.9744 	EXP 	blk3: lineColor = 'darkgrey'
15.9744 	EXP 	blk3: color = 'darkgrey'
15.9914 	EXP 	blk1: fillColor = 'darkgrey'
15.9914 	EXP 	blk1: lineColor = 'darkgrey'
15.9914 	EXP 	blk1: color = 'darkgrey'
15.9914 	EXP 	blk5: fillColor = 'darkgrey'
15.9914 	EXP 	blk5: lineColor = 'darkgrey'
15.9914 	EXP 	blk5: color = 'darkgrey'
15.9914 	EXP 	blk3: fillColor = 'darkgrey'
15.9914 	EXP 	blk3: lineColor = 'darkgrey'
15.9914 	EXP 	blk3: color = 'darkgrey'
16.0077 	EXP 	blk1: fillColor = 'darkgrey'
16.0077 	EXP 	blk1: lineColor = 'darkgrey'
16.0077 	EXP 	blk1: color = 'darkgrey'
16.0077 	EXP 	blk5: fillColor = 'darkgrey'
16.0077 	EXP 	blk5: lineColor = 'darkgrey'
16.0077 	EXP 	blk5: color = 'darkgrey'
16.0077 	EXP 	blk3: fillColor = 'darkgrey'
16.0077 	EXP 	blk3: lineColor = 'darkgrey'
16.0077 	EXP 	blk3: color = 'darkgrey'
16.0247 	EXP 	blk1: fillColor = 'darkgrey'
16.0247 	EXP 	blk1: lineColor = 'darkgrey'
16.0247 	EXP 	blk1: color = 'darkgrey'
16.0247 	EXP 	blk5: fillColor = 'darkgrey'
16.0247 	EXP 	blk5: lineColor = 'darkgrey'
16.0247 	EXP 	blk5: color = 'darkgrey'
16.0247 	EXP 	blk3: fillColor = 'darkgrey'
16.0247 	EXP 	blk3: lineColor = 'darkgrey'
16.0247 	EXP 	blk3: color = 'darkgrey'
16.0413 	EXP 	blk1: fillColor = 'darkgrey'
16.0413 	EXP 	blk1: lineColor = 'darkgrey'
16.0413 	EXP 	blk1: color = 'darkgrey'
16.0413 	EXP 	blk5: fillColor = 'darkgrey'
16.0413 	EXP 	blk5: lineColor = 'darkgrey'
16.0413 	EXP 	blk5: color = 'darkgrey'
16.0413 	EXP 	blk3: fillColor = 'darkgrey'
16.0413 	EXP 	blk3: lineColor = 'darkgrey'
16.0413 	EXP 	blk3: color = 'darkgrey'
16.0578 	EXP 	blk1: fillColor = 'darkgrey'
16.0578 	EXP 	blk1: lineColor = 'darkgrey'
16.0578 	EXP 	blk1: color = 'darkgrey'
16.0578 	EXP 	blk5: fillColor = 'darkgrey'
16.0578 	EXP 	blk5: lineColor = 'darkgrey'
16.0578 	EXP 	blk5: color = 'darkgrey'
16.0578 	EXP 	blk3: fillColor = 'darkgrey'
16.0578 	EXP 	blk3: lineColor = 'darkgrey'
16.0578 	EXP 	blk3: color = 'darkgrey'
16.0744 	EXP 	blk1: fillColor = 'darkgrey'
16.0744 	EXP 	blk1: lineColor = 'darkgrey'
16.0744 	EXP 	blk1: color = 'darkgrey'
16.0744 	EXP 	blk5: fillColor = 'darkgrey'
16.0744 	EXP 	blk5: lineColor = 'darkgrey'
16.0744 	EXP 	blk5: color = 'darkgrey'
16.0744 	EXP 	blk3: fillColor = 'darkgrey'
16.0744 	EXP 	blk3: lineColor = 'darkgrey'
16.0744 	EXP 	blk3: color = 'darkgrey'
16.0912 	EXP 	blk1: fillColor = 'darkgrey'
16.0912 	EXP 	blk1: lineColor = 'darkgrey'
16.0912 	EXP 	blk1: color = 'darkgrey'
16.0912 	EXP 	blk5: fillColor = 'darkgrey'
16.0912 	EXP 	blk5: lineColor = 'darkgrey'
16.0912 	EXP 	blk5: color = 'darkgrey'
16.0912 	EXP 	blk3: fillColor = 'darkgrey'
16.0912 	EXP 	blk3: lineColor = 'darkgrey'
16.0912 	EXP 	blk3: color = 'darkgrey'
16.1078 	EXP 	blk1: fillColor = 'darkgrey'
16.1078 	EXP 	blk1: lineColor = 'darkgrey'
16.1078 	EXP 	blk1: color = 'darkgrey'
16.1078 	EXP 	blk5: fillColor = 'darkgrey'
16.1078 	EXP 	blk5: lineColor = 'darkgrey'
16.1078 	EXP 	blk5: color = 'darkgrey'
16.1078 	EXP 	blk3: fillColor = 'darkgrey'
16.1078 	EXP 	blk3: lineColor = 'darkgrey'
16.1078 	EXP 	blk3: color = 'darkgrey'
16.1246 	EXP 	blk1: fillColor = 'darkgrey'
16.1246 	EXP 	blk1: lineColor = 'darkgrey'
16.1246 	EXP 	blk1: color = 'darkgrey'
16.1246 	EXP 	blk5: fillColor = 'darkgrey'
16.1246 	EXP 	blk5: lineColor = 'darkgrey'
16.1246 	EXP 	blk5: color = 'darkgrey'
16.1246 	EXP 	blk3: fillColor = 'darkgrey'
16.1246 	EXP 	blk3: lineColor = 'darkgrey'
16.1246 	EXP 	blk3: color = 'darkgrey'
16.1412 	EXP 	blk1: fillColor = 'darkgrey'
16.1412 	EXP 	blk1: lineColor = 'darkgrey'
16.1412 	EXP 	blk1: color = 'darkgrey'
16.1412 	EXP 	blk5: fillColor = 'darkgrey'
16.1412 	EXP 	blk5: lineColor = 'darkgrey'
16.1412 	EXP 	blk5: color = 'darkgrey'
16.1412 	EXP 	blk3: fillColor = 'darkgrey'
16.1412 	EXP 	blk3: lineColor = 'darkgrey'
16.1412 	EXP 	blk3: color = 'darkgrey'
16.1579 	EXP 	blk1: fillColor = 'darkgrey'
16.1579 	EXP 	blk1: lineColor = 'darkgrey'
16.1579 	EXP 	blk1: color = 'darkgrey'
16.1579 	EXP 	blk5: fillColor = 'darkgrey'
16.1579 	EXP 	blk5: lineColor = 'darkgrey'
16.1579 	EXP 	blk5: color = 'darkgrey'
16.1579 	EXP 	blk3: fillColor = 'darkgrey'
16.1579 	EXP 	blk3: lineColor = 'darkgrey'
16.1579 	EXP 	blk3: color = 'darkgrey'
16.1746 	EXP 	blk1: fillColor = 'darkgrey'
16.1746 	EXP 	blk1: lineColor = 'darkgrey'
16.1746 	EXP 	blk1: color = 'darkgrey'
16.1746 	EXP 	blk5: fillColor = 'darkgrey'
16.1746 	EXP 	blk5: lineColor = 'darkgrey'
16.1746 	EXP 	blk5: color = 'darkgrey'
16.1746 	EXP 	blk3: fillColor = 'darkgrey'
16.1746 	EXP 	blk3: lineColor = 'darkgrey'
16.1746 	EXP 	blk3: color = 'darkgrey'
16.1911 	EXP 	blk1: fillColor = 'darkgrey'
16.1911 	EXP 	blk1: lineColor = 'darkgrey'
16.1911 	EXP 	blk1: color = 'darkgrey'
16.1911 	EXP 	blk5: fillColor = 'darkgrey'
16.1911 	EXP 	blk5: lineColor = 'darkgrey'
16.1911 	EXP 	blk5: color = 'darkgrey'
16.1911 	EXP 	blk3: fillColor = 'darkgrey'
16.1911 	EXP 	blk3: lineColor = 'darkgrey'
16.1911 	EXP 	blk3: color = 'darkgrey'
16.1917 	DATA 	Mouse: Left button down, pos=(604,530)
16.2081 	EXP 	blk1: fillColor = 'darkgrey'
16.2081 	EXP 	blk1: lineColor = 'darkgrey'
16.2081 	EXP 	blk1: color = 'darkgrey'
16.2081 	EXP 	blk5: fillColor = 'darkgrey'
16.2081 	EXP 	blk5: lineColor = 'darkgrey'
16.2081 	EXP 	blk5: color = 'darkgrey'
16.2081 	EXP 	blk3: fillColor = 'darkgrey'
16.2081 	EXP 	blk3: lineColor = 'darkgrey'
16.2081 	EXP 	blk3: color = 'darkgrey'
16.2081 	EXP 	blk2: fillColor = 'darkgrey'
16.2081 	EXP 	blk2: lineColor = 'darkgrey'
16.2081 	EXP 	blk2: color = 'darkgrey'
16.2246 	EXP 	blk1: fillColor = 'darkgrey'
16.2246 	EXP 	blk1: lineColor = 'darkgrey'
16.2246 	EXP 	blk1: color = 'darkgrey'
16.2246 	EXP 	blk5: fillColor = 'darkgrey'
16.2246 	EXP 	blk5: lineColor = 'darkgrey'
16.2246 	EXP 	blk5: color = 'darkgrey'
16.2246 	EXP 	blk3: fillColor = 'darkgrey'
16.2246 	EXP 	blk3: lineColor = 'darkgrey'
16.2246 	EXP 	blk3: color = 'darkgrey'
16.2246 	EXP 	blk2: fillColor = 'darkgrey'
16.2246 	EXP 	blk2: lineColor = 'darkgrey'
16.2246 	EXP 	blk2: color = 'darkgrey'
16.2413 	EXP 	blk1: fillColor = 'darkgrey'
16.2413 	EXP 	blk1: lineColor = 'darkgrey'
16.2413 	EXP 	blk1: color = 'darkgrey'
16.2413 	EXP 	blk5: fillColor = 'darkgrey'
16.2413 	EXP 	blk5: lineColor = 'darkgrey'
16.2413 	EXP 	blk5: color = 'darkgrey'
16.2413 	EXP 	blk3: fillColor = 'darkgrey'
16.2413 	EXP 	blk3: lineColor = 'darkgrey'
16.2413 	EXP 	blk3: color = 'darkgrey'
16.2413 	EXP 	blk2: fillColor = 'darkgrey'
16.2413 	EXP 	blk2: lineColor = 'darkgrey'
16.2413 	EXP 	blk2: color = 'darkgrey'
16.2580 	EXP 	blk1: fillColor = 'darkgrey'
16.2580 	EXP 	blk1: lineColor = 'darkgrey'
16.2580 	EXP 	blk1: color = 'darkgrey'
16.2580 	EXP 	blk5: fillColor = 'darkgrey'
16.2580 	EXP 	blk5: lineColor = 'darkgrey'
16.2580 	EXP 	blk5: color = 'darkgrey'
16.2580 	EXP 	blk3: fillColor = 'darkgrey'
16.2580 	EXP 	blk3: lineColor = 'darkgrey'
16.2580 	EXP 	blk3: color = 'darkgrey'
16.2580 	EXP 	blk2: fillColor = 'darkgrey'
16.2580 	EXP 	blk2: lineColor = 'darkgrey'
16.2580 	EXP 	blk2: color = 'darkgrey'
16.2746 	EXP 	blk1: fillColor = 'darkgrey'
16.2746 	EXP 	blk1: lineColor = 'darkgrey'
16.2746 	EXP 	blk1: color = 'darkgrey'
16.2746 	EXP 	blk5: fillColor = 'darkgrey'
16.2746 	EXP 	blk5: lineColor = 'darkgrey'
16.2746 	EXP 	blk5: color = 'darkgrey'
16.2746 	EXP 	blk3: fillColor = 'darkgrey'
16.2746 	EXP 	blk3: lineColor = 'darkgrey'
16.2746 	EXP 	blk3: color = 'darkgrey'
16.2746 	EXP 	blk2: fillColor = 'darkgrey'
16.2746 	EXP 	blk2: lineColor = 'darkgrey'
16.2746 	EXP 	blk2: color = 'darkgrey'
16.2751 	DATA 	Mouse:  Left button up, pos=(632,518)
16.2914 	EXP 	blk1: fillColor = 'darkgrey'
16.2914 	EXP 	blk1: lineColor = 'darkgrey'
16.2914 	EXP 	blk1: color = 'darkgrey'
16.2914 	EXP 	blk5: fillColor = 'darkgrey'
16.2914 	EXP 	blk5: lineColor = 'darkgrey'
16.2914 	EXP 	blk5: color = 'darkgrey'
16.2914 	EXP 	blk3: fillColor = 'darkgrey'
16.2914 	EXP 	blk3: lineColor = 'darkgrey'
16.2914 	EXP 	blk3: color = 'darkgrey'
16.2914 	EXP 	blk2: fillColor = 'darkgrey'
16.2914 	EXP 	blk2: lineColor = 'darkgrey'
16.2914 	EXP 	blk2: color = 'darkgrey'
16.3079 	EXP 	blk1: fillColor = 'darkgrey'
16.3079 	EXP 	blk1: lineColor = 'darkgrey'
16.3079 	EXP 	blk1: color = 'darkgrey'
16.3079 	EXP 	blk5: fillColor = 'darkgrey'
16.3079 	EXP 	blk5: lineColor = 'darkgrey'
16.3079 	EXP 	blk5: color = 'darkgrey'
16.3079 	EXP 	blk3: fillColor = 'darkgrey'
16.3079 	EXP 	blk3: lineColor = 'darkgrey'
16.3079 	EXP 	blk3: color = 'darkgrey'
16.3079 	EXP 	blk2: fillColor = 'darkgrey'
16.3079 	EXP 	blk2: lineColor = 'darkgrey'
16.3079 	EXP 	blk2: color = 'darkgrey'
16.3249 	EXP 	blk1: fillColor = 'darkgrey'
16.3249 	EXP 	blk1: lineColor = 'darkgrey'
16.3249 	EXP 	blk1: color = 'darkgrey'
16.3249 	EXP 	blk5: fillColor = 'darkgrey'
16.3249 	EXP 	blk5: lineColor = 'darkgrey'
16.3249 	EXP 	blk5: color = 'darkgrey'
16.3249 	EXP 	blk3: fillColor = 'darkgrey'
16.3249 	EXP 	blk3: lineColor = 'darkgrey'
16.3249 	EXP 	blk3: color = 'darkgrey'
16.3249 	EXP 	blk2: fillColor = 'darkgrey'
16.3249 	EXP 	blk2: lineColor = 'darkgrey'
16.3249 	EXP 	blk2: color = 'darkgrey'
16.3416 	EXP 	blk1: fillColor = 'darkgrey'
16.3416 	EXP 	blk1: lineColor = 'darkgrey'
16.3416 	EXP 	blk1: color = 'darkgrey'
16.3416 	EXP 	blk5: fillColor = 'darkgrey'
16.3416 	EXP 	blk5: lineColor = 'darkgrey'
16.3416 	EXP 	blk5: color = 'darkgrey'
16.3416 	EXP 	blk3: fillColor = 'darkgrey'
16.3416 	EXP 	blk3: lineColor = 'darkgrey'
16.3416 	EXP 	blk3: color = 'darkgrey'
16.3416 	EXP 	blk2: fillColor = 'darkgrey'
16.3416 	EXP 	blk2: lineColor = 'darkgrey'
16.3416 	EXP 	blk2: color = 'darkgrey'
16.3581 	EXP 	blk1: fillColor = 'darkgrey'
16.3581 	EXP 	blk1: lineColor = 'darkgrey'
16.3581 	EXP 	blk1: color = 'darkgrey'
16.3581 	EXP 	blk5: fillColor = 'darkgrey'
16.3581 	EXP 	blk5: lineColor = 'darkgrey'
16.3581 	EXP 	blk5: color = 'darkgrey'
16.3581 	EXP 	blk3: fillColor = 'darkgrey'
16.3581 	EXP 	blk3: lineColor = 'darkgrey'
16.3581 	EXP 	blk3: color = 'darkgrey'
16.3581 	EXP 	blk2: fillColor = 'darkgrey'
16.3581 	EXP 	blk2: lineColor = 'darkgrey'
16.3581 	EXP 	blk2: color = 'darkgrey'
16.3748 	EXP 	blk1: fillColor = 'darkgrey'
16.3748 	EXP 	blk1: lineColor = 'darkgrey'
16.3748 	EXP 	blk1: color = 'darkgrey'
16.3748 	EXP 	blk5: fillColor = 'darkgrey'
16.3748 	EXP 	blk5: lineColor = 'darkgrey'
16.3748 	EXP 	blk5: color = 'darkgrey'
16.3748 	EXP 	blk3: fillColor = 'darkgrey'
16.3748 	EXP 	blk3: lineColor = 'darkgrey'
16.3748 	EXP 	blk3: color = 'darkgrey'
16.3748 	EXP 	blk2: fillColor = 'darkgrey'
16.3748 	EXP 	blk2: lineColor = 'darkgrey'
16.3748 	EXP 	blk2: color = 'darkgrey'
16.3915 	EXP 	blk1: fillColor = 'darkgrey'
16.3915 	EXP 	blk1: lineColor = 'darkgrey'
16.3915 	EXP 	blk1: color = 'darkgrey'
16.3915 	EXP 	blk5: fillColor = 'darkgrey'
16.3915 	EXP 	blk5: lineColor = 'darkgrey'
16.3915 	EXP 	blk5: color = 'darkgrey'
16.3915 	EXP 	blk3: fillColor = 'darkgrey'
16.3915 	EXP 	blk3: lineColor = 'darkgrey'
16.3915 	EXP 	blk3: color = 'darkgrey'
16.3915 	EXP 	blk2: fillColor = 'darkgrey'
16.3915 	EXP 	blk2: lineColor = 'darkgrey'
16.3915 	EXP 	blk2: color = 'darkgrey'
16.4082 	EXP 	blk1: fillColor = 'darkgrey'
16.4082 	EXP 	blk1: lineColor = 'darkgrey'
16.4082 	EXP 	blk1: color = 'darkgrey'
16.4082 	EXP 	blk5: fillColor = 'darkgrey'
16.4082 	EXP 	blk5: lineColor = 'darkgrey'
16.4082 	EXP 	blk5: color = 'darkgrey'
16.4082 	EXP 	blk3: fillColor = 'darkgrey'
16.4082 	EXP 	blk3: lineColor = 'darkgrey'
16.4082 	EXP 	blk3: color = 'darkgrey'
16.4082 	EXP 	blk2: fillColor = 'darkgrey'
16.4082 	EXP 	blk2: lineColor = 'darkgrey'
16.4082 	EXP 	blk2: color = 'darkgrey'
16.4246 	EXP 	blk1: fillColor = 'darkgrey'
16.4246 	EXP 	blk1: lineColor = 'darkgrey'
16.4246 	EXP 	blk1: color = 'darkgrey'
16.4246 	EXP 	blk5: fillColor = 'darkgrey'
16.4246 	EXP 	blk5: lineColor = 'darkgrey'
16.4246 	EXP 	blk5: color = 'darkgrey'
16.4246 	EXP 	blk3: fillColor = 'darkgrey'
16.4246 	EXP 	blk3: lineColor = 'darkgrey'
16.4246 	EXP 	blk3: color = 'darkgrey'
16.4246 	EXP 	blk2: fillColor = 'darkgrey'
16.4246 	EXP 	blk2: lineColor = 'darkgrey'
16.4246 	EXP 	blk2: color = 'darkgrey'
16.4416 	EXP 	blk1: fillColor = 'darkgrey'
16.4416 	EXP 	blk1: lineColor = 'darkgrey'
16.4416 	EXP 	blk1: color = 'darkgrey'
16.4416 	EXP 	blk5: fillColor = 'darkgrey'
16.4416 	EXP 	blk5: lineColor = 'darkgrey'
16.4416 	EXP 	blk5: color = 'darkgrey'
16.4416 	EXP 	blk3: fillColor = 'darkgrey'
16.4416 	EXP 	blk3: lineColor = 'darkgrey'
16.4416 	EXP 	blk3: color = 'darkgrey'
16.4416 	EXP 	blk2: fillColor = 'darkgrey'
16.4416 	EXP 	blk2: lineColor = 'darkgrey'
16.4416 	EXP 	blk2: color = 'darkgrey'
16.4581 	EXP 	blk1: fillColor = 'darkgrey'
16.4581 	EXP 	blk1: lineColor = 'darkgrey'
16.4581 	EXP 	blk1: color = 'darkgrey'
16.4581 	EXP 	blk5: fillColor = 'darkgrey'
16.4581 	EXP 	blk5: lineColor = 'darkgrey'
16.4581 	EXP 	blk5: color = 'darkgrey'
16.4581 	EXP 	blk3: fillColor = 'darkgrey'
16.4581 	EXP 	blk3: lineColor = 'darkgrey'
16.4581 	EXP 	blk3: color = 'darkgrey'
16.4581 	EXP 	blk2: fillColor = 'darkgrey'
16.4581 	EXP 	blk2: lineColor = 'darkgrey'
16.4581 	EXP 	blk2: color = 'darkgrey'
16.4749 	EXP 	blk1: fillColor = 'darkgrey'
16.4749 	EXP 	blk1: lineColor = 'darkgrey'
16.4749 	EXP 	blk1: color = 'darkgrey'
16.4749 	EXP 	blk5: fillColor = 'darkgrey'
16.4749 	EXP 	blk5: lineColor = 'darkgrey'
16.4749 	EXP 	blk5: color = 'darkgrey'
16.4749 	EXP 	blk3: fillColor = 'darkgrey'
16.4749 	EXP 	blk3: lineColor = 'darkgrey'
16.4749 	EXP 	blk3: color = 'darkgrey'
16.4749 	EXP 	blk2: fillColor = 'darkgrey'
16.4749 	EXP 	blk2: lineColor = 'darkgrey'
16.4749 	EXP 	blk2: color = 'darkgrey'
16.4917 	EXP 	blk1: fillColor = 'darkgrey'
16.4917 	EXP 	blk1: lineColor = 'darkgrey'
16.4917 	EXP 	blk1: color = 'darkgrey'
16.4917 	EXP 	blk5: fillColor = 'darkgrey'
16.4917 	EXP 	blk5: lineColor = 'darkgrey'
16.4917 	EXP 	blk5: color = 'darkgrey'
16.4917 	EXP 	blk3: fillColor = 'darkgrey'
16.4917 	EXP 	blk3: lineColor = 'darkgrey'
16.4917 	EXP 	blk3: color = 'darkgrey'
16.4917 	EXP 	blk2: fillColor = 'darkgrey'
16.4917 	EXP 	blk2: lineColor = 'darkgrey'
16.4917 	EXP 	blk2: color = 'darkgrey'
16.5081 	EXP 	blk1: fillColor = 'darkgrey'
16.5081 	EXP 	blk1: lineColor = 'darkgrey'
16.5081 	EXP 	blk1: color = 'darkgrey'
16.5081 	EXP 	blk5: fillColor = 'darkgrey'
16.5081 	EXP 	blk5: lineColor = 'darkgrey'
16.5081 	EXP 	blk5: color = 'darkgrey'
16.5081 	EXP 	blk3: fillColor = 'darkgrey'
16.5081 	EXP 	blk3: lineColor = 'darkgrey'
16.5081 	EXP 	blk3: color = 'darkgrey'
16.5081 	EXP 	blk2: fillColor = 'darkgrey'
16.5081 	EXP 	blk2: lineColor = 'darkgrey'
16.5081 	EXP 	blk2: color = 'darkgrey'
16.5250 	EXP 	blk1: fillColor = 'darkgrey'
16.5250 	EXP 	blk1: lineColor = 'darkgrey'
16.5250 	EXP 	blk1: color = 'darkgrey'
16.5250 	EXP 	blk5: fillColor = 'darkgrey'
16.5250 	EXP 	blk5: lineColor = 'darkgrey'
16.5250 	EXP 	blk5: color = 'darkgrey'
16.5250 	EXP 	blk3: fillColor = 'darkgrey'
16.5250 	EXP 	blk3: lineColor = 'darkgrey'
16.5250 	EXP 	blk3: color = 'darkgrey'
16.5250 	EXP 	blk2: fillColor = 'darkgrey'
16.5250 	EXP 	blk2: lineColor = 'darkgrey'
16.5250 	EXP 	blk2: color = 'darkgrey'
16.5418 	EXP 	blk1: fillColor = 'darkgrey'
16.5418 	EXP 	blk1: lineColor = 'darkgrey'
16.5418 	EXP 	blk1: color = 'darkgrey'
16.5418 	EXP 	blk5: fillColor = 'darkgrey'
16.5418 	EXP 	blk5: lineColor = 'darkgrey'
16.5418 	EXP 	blk5: color = 'darkgrey'
16.5418 	EXP 	blk3: fillColor = 'darkgrey'
16.5418 	EXP 	blk3: lineColor = 'darkgrey'
16.5418 	EXP 	blk3: color = 'darkgrey'
16.5418 	EXP 	blk2: fillColor = 'darkgrey'
16.5418 	EXP 	blk2: lineColor = 'darkgrey'
16.5418 	EXP 	blk2: color = 'darkgrey'
16.5583 	EXP 	blk1: fillColor = 'darkgrey'
16.5583 	EXP 	blk1: lineColor = 'darkgrey'
16.5583 	EXP 	blk1: color = 'darkgrey'
16.5583 	EXP 	blk5: fillColor = 'darkgrey'
16.5583 	EXP 	blk5: lineColor = 'darkgrey'
16.5583 	EXP 	blk5: color = 'darkgrey'
16.5583 	EXP 	blk3: fillColor = 'darkgrey'
16.5583 	EXP 	blk3: lineColor = 'darkgrey'
16.5583 	EXP 	blk3: color = 'darkgrey'
16.5583 	EXP 	blk2: fillColor = 'darkgrey'
16.5583 	EXP 	blk2: lineColor = 'darkgrey'
16.5583 	EXP 	blk2: color = 'darkgrey'
16.5749 	EXP 	blk1: fillColor = 'darkgrey'
16.5749 	EXP 	blk1: lineColor = 'darkgrey'
16.5749 	EXP 	blk1: color = 'darkgrey'
16.5749 	EXP 	blk5: fillColor = 'darkgrey'
16.5749 	EXP 	blk5: lineColor = 'darkgrey'
16.5749 	EXP 	blk5: color = 'darkgrey'
16.5749 	EXP 	blk3: fillColor = 'darkgrey'
16.5749 	EXP 	blk3: lineColor = 'darkgrey'
16.5749 	EXP 	blk3: color = 'darkgrey'
16.5749 	EXP 	blk2: fillColor = 'darkgrey'
16.5749 	EXP 	blk2: lineColor = 'darkgrey'
16.5749 	EXP 	blk2: color = 'darkgrey'
16.5917 	EXP 	blk1: fillColor = 'darkgrey'
16.5917 	EXP 	blk1: lineColor = 'darkgrey'
16.5917 	EXP 	blk1: color = 'darkgrey'
16.5917 	EXP 	blk5: fillColor = 'darkgrey'
16.5917 	EXP 	blk5: lineColor = 'darkgrey'
16.5917 	EXP 	blk5: color = 'darkgrey'
16.5917 	EXP 	blk3: fillColor = 'darkgrey'
16.5917 	EXP 	blk3: lineColor = 'darkgrey'
16.5917 	EXP 	blk3: color = 'darkgrey'
16.5917 	EXP 	blk2: fillColor = 'darkgrey'
16.5917 	EXP 	blk2: lineColor = 'darkgrey'
16.5917 	EXP 	blk2: color = 'darkgrey'
16.6086 	EXP 	blk1: fillColor = 'darkgrey'
16.6086 	EXP 	blk1: lineColor = 'darkgrey'
16.6086 	EXP 	blk1: color = 'darkgrey'
16.6086 	EXP 	blk5: fillColor = 'darkgrey'
16.6086 	EXP 	blk5: lineColor = 'darkgrey'
16.6086 	EXP 	blk5: color = 'darkgrey'
16.6086 	EXP 	blk3: fillColor = 'darkgrey'
16.6086 	EXP 	blk3: lineColor = 'darkgrey'
16.6086 	EXP 	blk3: color = 'darkgrey'
16.6086 	EXP 	blk2: fillColor = 'darkgrey'
16.6086 	EXP 	blk2: lineColor = 'darkgrey'
16.6086 	EXP 	blk2: color = 'darkgrey'
16.6251 	EXP 	blk1: fillColor = 'darkgrey'
16.6251 	EXP 	blk1: lineColor = 'darkgrey'
16.6251 	EXP 	blk1: color = 'darkgrey'
16.6251 	EXP 	blk5: fillColor = 'darkgrey'
16.6251 	EXP 	blk5: lineColor = 'darkgrey'
16.6251 	EXP 	blk5: color = 'darkgrey'
16.6251 	EXP 	blk3: fillColor = 'darkgrey'
16.6251 	EXP 	blk3: lineColor = 'darkgrey'
16.6251 	EXP 	blk3: color = 'darkgrey'
16.6251 	EXP 	blk2: fillColor = 'darkgrey'
16.6251 	EXP 	blk2: lineColor = 'darkgrey'
16.6251 	EXP 	blk2: color = 'darkgrey'
16.6417 	EXP 	blk1: fillColor = 'darkgrey'
16.6417 	EXP 	blk1: lineColor = 'darkgrey'
16.6417 	EXP 	blk1: color = 'darkgrey'
16.6417 	EXP 	blk5: fillColor = 'darkgrey'
16.6417 	EXP 	blk5: lineColor = 'darkgrey'
16.6417 	EXP 	blk5: color = 'darkgrey'
16.6417 	EXP 	blk3: fillColor = 'darkgrey'
16.6417 	EXP 	blk3: lineColor = 'darkgrey'
16.6417 	EXP 	blk3: color = 'darkgrey'
16.6417 	EXP 	blk2: fillColor = 'darkgrey'
16.6417 	EXP 	blk2: lineColor = 'darkgrey'
16.6417 	EXP 	blk2: color = 'darkgrey'
16.6422 	DATA 	Mouse: Left button down, pos=(1300,206)
16.6584 	EXP 	blk1: fillColor = 'darkgrey'
16.6584 	EXP 	blk1: lineColor = 'darkgrey'
16.6584 	EXP 	blk1: color = 'darkgrey'
16.6584 	EXP 	blk5: fillColor = 'darkgrey'
16.6584 	EXP 	blk5: lineColor = 'darkgrey'
16.6584 	EXP 	blk5: color = 'darkgrey'
16.6584 	EXP 	blk3: fillColor = 'darkgrey'
16.6584 	EXP 	blk3: lineColor = 'darkgrey'
16.6584 	EXP 	blk3: color = 'darkgrey'
16.6584 	EXP 	blk2: fillColor = 'darkgrey'
16.6584 	EXP 	blk2: lineColor = 'darkgrey'
16.6584 	EXP 	blk2: color = 'darkgrey'
16.6752 	EXP 	blk1: fillColor = 'darkgrey'
16.6752 	EXP 	blk1: lineColor = 'darkgrey'
16.6752 	EXP 	blk1: color = 'darkgrey'
16.6752 	EXP 	blk5: fillColor = 'darkgrey'
16.6752 	EXP 	blk5: lineColor = 'darkgrey'
16.6752 	EXP 	blk5: color = 'darkgrey'
16.6752 	EXP 	blk3: fillColor = 'darkgrey'
16.6752 	EXP 	blk3: lineColor = 'darkgrey'
16.6752 	EXP 	blk3: color = 'darkgrey'
16.6752 	EXP 	blk2: fillColor = 'darkgrey'
16.6752 	EXP 	blk2: lineColor = 'darkgrey'
16.6752 	EXP 	blk2: color = 'darkgrey'
16.6917 	EXP 	blk1: fillColor = 'darkgrey'
16.6917 	EXP 	blk1: lineColor = 'darkgrey'
16.6917 	EXP 	blk1: color = 'darkgrey'
16.6917 	EXP 	blk5: fillColor = 'darkgrey'
16.6917 	EXP 	blk5: lineColor = 'darkgrey'
16.6917 	EXP 	blk5: color = 'darkgrey'
16.6917 	EXP 	blk3: fillColor = 'darkgrey'
16.6917 	EXP 	blk3: lineColor = 'darkgrey'
16.6917 	EXP 	blk3: color = 'darkgrey'
16.6917 	EXP 	blk2: fillColor = 'darkgrey'
16.6917 	EXP 	blk2: lineColor = 'darkgrey'
16.6917 	EXP 	blk2: color = 'darkgrey'
16.7083 	EXP 	blk1: fillColor = 'darkgrey'
16.7083 	EXP 	blk1: lineColor = 'darkgrey'
16.7083 	EXP 	blk1: color = 'darkgrey'
16.7083 	EXP 	blk5: fillColor = 'darkgrey'
16.7083 	EXP 	blk5: lineColor = 'darkgrey'
16.7083 	EXP 	blk5: color = 'darkgrey'
16.7083 	EXP 	blk3: fillColor = 'darkgrey'
16.7083 	EXP 	blk3: lineColor = 'darkgrey'
16.7083 	EXP 	blk3: color = 'darkgrey'
16.7083 	EXP 	blk2: fillColor = 'darkgrey'
16.7083 	EXP 	blk2: lineColor = 'darkgrey'
16.7083 	EXP 	blk2: color = 'darkgrey'
16.7251 	EXP 	blk1: fillColor = 'darkgrey'
16.7251 	EXP 	blk1: lineColor = 'darkgrey'
16.7251 	EXP 	blk1: color = 'darkgrey'
16.7251 	EXP 	blk5: fillColor = 'darkgrey'
16.7251 	EXP 	blk5: lineColor = 'darkgrey'
16.7251 	EXP 	blk5: color = 'darkgrey'
16.7251 	EXP 	blk3: fillColor = 'darkgrey'
16.7251 	EXP 	blk3: lineColor = 'darkgrey'
16.7251 	EXP 	blk3: color = 'darkgrey'
16.7251 	EXP 	blk2: fillColor = 'darkgrey'
16.7251 	EXP 	blk2: lineColor = 'darkgrey'
16.7251 	EXP 	blk2: color = 'darkgrey'
16.7256 	DATA 	Mouse:  Left button up, pos=(1311,202)
16.7419 	EXP 	blk1: fillColor = 'darkgrey'
16.7419 	EXP 	blk1: lineColor = 'darkgrey'
16.7419 	EXP 	blk1: color = 'darkgrey'
16.7419 	EXP 	blk5: fillColor = 'darkgrey'
16.7419 	EXP 	blk5: lineColor = 'darkgrey'
16.7419 	EXP 	blk5: color = 'darkgrey'
16.7419 	EXP 	blk3: fillColor = 'darkgrey'
16.7419 	EXP 	blk3: lineColor = 'darkgrey'
16.7419 	EXP 	blk3: color = 'darkgrey'
16.7419 	EXP 	blk2: fillColor = 'darkgrey'
16.7419 	EXP 	blk2: lineColor = 'darkgrey'
16.7419 	EXP 	blk2: color = 'darkgrey'
16.7584 	EXP 	blk1: fillColor = 'darkgrey'
16.7584 	EXP 	blk1: lineColor = 'darkgrey'
16.7584 	EXP 	blk1: color = 'darkgrey'
16.7584 	EXP 	blk5: fillColor = 'darkgrey'
16.7584 	EXP 	blk5: lineColor = 'darkgrey'
16.7584 	EXP 	blk5: color = 'darkgrey'
16.7584 	EXP 	blk3: fillColor = 'darkgrey'
16.7584 	EXP 	blk3: lineColor = 'darkgrey'
16.7584 	EXP 	blk3: color = 'darkgrey'
16.7584 	EXP 	blk2: fillColor = 'darkgrey'
16.7584 	EXP 	blk2: lineColor = 'darkgrey'
16.7584 	EXP 	blk2: color = 'darkgrey'
16.7753 	EXP 	blk1: fillColor = 'darkgrey'
16.7753 	EXP 	blk1: lineColor = 'darkgrey'
16.7753 	EXP 	blk1: color = 'darkgrey'
16.7753 	EXP 	blk5: fillColor = 'darkgrey'
16.7753 	EXP 	blk5: lineColor = 'darkgrey'
16.7753 	EXP 	blk5: color = 'darkgrey'
16.7753 	EXP 	blk3: fillColor = 'darkgrey'
16.7753 	EXP 	blk3: lineColor = 'darkgrey'
16.7753 	EXP 	blk3: color = 'darkgrey'
16.7753 	EXP 	blk2: fillColor = 'darkgrey'
16.7753 	EXP 	blk2: lineColor = 'darkgrey'
16.7753 	EXP 	blk2: color = 'darkgrey'
16.7919 	EXP 	blk1: fillColor = 'darkgrey'
16.7919 	EXP 	blk1: lineColor = 'darkgrey'
16.7919 	EXP 	blk1: color = 'darkgrey'
16.7919 	EXP 	blk5: fillColor = 'darkgrey'
16.7919 	EXP 	blk5: lineColor = 'darkgrey'
16.7919 	EXP 	blk5: color = 'darkgrey'
16.7919 	EXP 	blk3: fillColor = 'darkgrey'
16.7919 	EXP 	blk3: lineColor = 'darkgrey'
16.7919 	EXP 	blk3: color = 'darkgrey'
16.7919 	EXP 	blk2: fillColor = 'darkgrey'
16.7919 	EXP 	blk2: lineColor = 'darkgrey'
16.7919 	EXP 	blk2: color = 'darkgrey'
16.8085 	EXP 	blk1: fillColor = 'darkgrey'
16.8085 	EXP 	blk1: lineColor = 'darkgrey'
16.8085 	EXP 	blk1: color = 'darkgrey'
16.8085 	EXP 	blk5: fillColor = 'darkgrey'
16.8085 	EXP 	blk5: lineColor = 'darkgrey'
16.8085 	EXP 	blk5: color = 'darkgrey'
16.8085 	EXP 	blk3: fillColor = 'darkgrey'
16.8085 	EXP 	blk3: lineColor = 'darkgrey'
16.8085 	EXP 	blk3: color = 'darkgrey'
16.8085 	EXP 	blk2: fillColor = 'darkgrey'
16.8085 	EXP 	blk2: lineColor = 'darkgrey'
16.8085 	EXP 	blk2: color = 'darkgrey'
16.8253 	EXP 	blk1: fillColor = 'darkgrey'
16.8253 	EXP 	blk1: lineColor = 'darkgrey'
16.8253 	EXP 	blk1: color = 'darkgrey'
16.8253 	EXP 	blk5: fillColor = 'darkgrey'
16.8253 	EXP 	blk5: lineColor = 'darkgrey'
16.8253 	EXP 	blk5: color = 'darkgrey'
16.8253 	EXP 	blk3: fillColor = 'darkgrey'
16.8253 	EXP 	blk3: lineColor = 'darkgrey'
16.8253 	EXP 	blk3: color = 'darkgrey'
16.8253 	EXP 	blk2: fillColor = 'darkgrey'
16.8253 	EXP 	blk2: lineColor = 'darkgrey'
16.8253 	EXP 	blk2: color = 'darkgrey'
16.8418 	EXP 	blk1: fillColor = 'darkgrey'
16.8418 	EXP 	blk1: lineColor = 'darkgrey'
16.8418 	EXP 	blk1: color = 'darkgrey'
16.8418 	EXP 	blk5: fillColor = 'darkgrey'
16.8418 	EXP 	blk5: lineColor = 'darkgrey'
16.8418 	EXP 	blk5: color = 'darkgrey'
16.8418 	EXP 	blk3: fillColor = 'darkgrey'
16.8418 	EXP 	blk3: lineColor = 'darkgrey'
16.8418 	EXP 	blk3: color = 'darkgrey'
16.8418 	EXP 	blk2: fillColor = 'darkgrey'
16.8418 	EXP 	blk2: lineColor = 'darkgrey'
16.8418 	EXP 	blk2: color = 'darkgrey'
16.8586 	EXP 	blk1: fillColor = 'darkgrey'
16.8586 	EXP 	blk1: lineColor = 'darkgrey'
16.8586 	EXP 	blk1: color = 'darkgrey'
16.8586 	EXP 	blk5: fillColor = 'darkgrey'
16.8586 	EXP 	blk5: lineColor = 'darkgrey'
16.8586 	EXP 	blk5: color = 'darkgrey'
16.8586 	EXP 	blk3: fillColor = 'darkgrey'
16.8586 	EXP 	blk3: lineColor = 'darkgrey'
16.8586 	EXP 	blk3: color = 'darkgrey'
16.8586 	EXP 	blk2: fillColor = 'darkgrey'
16.8586 	EXP 	blk2: lineColor = 'darkgrey'
16.8586 	EXP 	blk2: color = 'darkgrey'
16.8592 	DATA 	Mouse: Left button down, pos=(1372,190)
16.8607 	EXP 	New trial (rep=2, index=0): OrderedDict([('sequence', ['blk1', 'blk2', 'blk3', 'blk4', 'blk5']), ('blockDuration', 0.5)])
16.8752 	EXP 	blk1: fillColor = 'darkgrey'
16.8752 	EXP 	blk1: lineColor = 'darkgrey'
16.8752 	EXP 	blk1: color = 'darkgrey'
16.8752 	EXP 	blk5: fillColor = 'darkgrey'
16.8752 	EXP 	blk5: lineColor = 'darkgrey'
16.8752 	EXP 	blk5: color = 'darkgrey'
16.8752 	EXP 	blk3: fillColor = 'darkgrey'
16.8752 	EXP 	blk3: lineColor = 'darkgrey'
16.8752 	EXP 	blk3: color = 'darkgrey'
16.8752 	EXP 	blk2: fillColor = 'darkgrey'
16.8752 	EXP 	blk2: lineColor = 'darkgrey'
16.8752 	EXP 	blk2: color = 'darkgrey'
16.8752 	EXP 	blk4: fillColor = 'darkgrey'
16.8752 	EXP 	blk4: lineColor = 'darkgrey'
16.8752 	EXP 	blk4: color = 'darkgrey'
16.8752 	EXP 	blk1: autoDraw = False
16.8752 	EXP 	blk2: autoDraw = False
16.8752 	EXP 	blk3: autoDraw = False
16.8752 	EXP 	blk4: autoDraw = False
16.8752 	EXP 	blk5: autoDraw = False
16.8752 	EXP 	blank: autoDraw = True
16.9591 	DATA 	Mouse:  Left button up, pos=(1374,190)
17.2092 	DATA 	Keypress: escape
17.2805 	EXP 	window1: mouseVisible = True
