3.3589 	EXP 	Created window1 = Window(allowGUI=False, allowStencil=False, args=UNKNOWN, autoLog=True, bitsMode=UNKNOWN, blendMode='avg', color=array([0., 0., 0.]), colorSpace='rgb', fullscr=<method-wrapper '__getattribute__' of attributeSetter object at 0x141184F0>, gamma=None, kwargs=UNKNOWN, lms=UNKNOWN, monitor=<psychopy.monitors.calibTools.Monitor object at 0x15801670>, multiSample=False, name='window1', numSamples=2, pos=[0.0, 0.0], screen=0, size=array([1920, 1080]), stereo=False, units='height', useFBO=True, useRetina=False, viewOri=0.0, viewPos=None, viewScale=None, waitBlanking=True, winType='pyglet')
3.3589 	EXP 	window1: recordFrameIntervals = False
3.5256 	EXP 	window1: recordFrameIntervals = True
3.7088 	EXP 	window1: recordFrameIntervals = False
3.8201 	EXP 	Created instrText = TextStim(__class__=<class 'psychopy.visual.text.TextStim'>, alignHoriz='center', alignVert='center', antialias=True, autoLog=True, bold=False, color='white', colorSpace='named', contrast=1.0, depth=0.0, flipHoriz=False, flipVert=False, font='Arial', fontFiles=[], height=0.05, italic=False, languageStyle='LTR', name='instrText', opacity=1.0, ori=0, pos=array([0., 0.]), rgb=array([255., 255., 255.]), text=str(...), units='height', win=Window(...), wrapWidth=1.5)
3.8374 	EXP 	Created blank = TextStim(__class__=<class 'psychopy.visual.text.TextStim'>, alignHoriz='center', alignVert='center', antialias=True, autoLog=True, bold=False, color='white', colorSpace='named', contrast=1.0, depth=0.0, flipHoriz=False, flipVert=False, font='Arial', fontFiles=[], height=0.2, italic=False, languageStyle='LTR', name='blank', opacity=1.0, ori=0, pos=array([0., 0.]), rgb=array([255., 255., 255.]), text='+', units='height', win=Window(...), wrapWidth=1)
3.8426 	EXP 	Created blk1 = Rect(__class__=<class 'psychopy.visual.rect.Rect'>, autoDraw=False, autoLog=True, closeShape=True, color=method-wrapper(...), colorSpace=None, contrast=1.0, depth=0.0, fillColor=array([1., 1., 1.]), fillColorSpace='rgb', fillRGB=array([1., 1., 1.]), interpolate=True, lineColor=array([1., 1., 1.]), lineColorSpace='rgb', lineRGB=array([1., 1., 1.]), lineWidth=1, name='blk1', opacity=1.0, ori=array(0.), pos=array([0., 0.]), size=array([1., 1.]), units='height', vertices=ndarray(...), win=Window(...))
3.8436 	EXP 	Created blk2 = Rect(__class__=<class 'psychopy.visual.rect.Rect'>, autoDraw=False, autoLog=True, closeShape=True, color=method-wrapper(...), colorSpace=None, contrast=1.0, depth=-1.0, fillColor=array([1., 1., 1.]), fillColorSpace='rgb', fillRGB=array([1., 1., 1.]), interpolate=True, lineColor=array([1., 1., 1.]), lineColorSpace='rgb', lineRGB=array([1., 1., 1.]), lineWidth=1, name='blk2', opacity=1.0, ori=array(0.), pos=array([0., 0.]), size=array([1., 1.]), units='height', vertices=ndarray(...), win=Window(...))
3.8445 	EXP 	Created blk3 = Rect(__class__=<class 'psychopy.visual.rect.Rect'>, autoDraw=False, autoLog=True, closeShape=True, color=method-wrapper(...), colorSpace=None, contrast=1.0, depth=-2.0, fillColor=array([1., 1., 1.]), fillColorSpace='rgb', fillRGB=array([1., 1., 1.]), interpolate=True, lineColor=array([1., 1., 1.]), lineColorSpace='rgb', lineRGB=array([1., 1., 1.]), lineWidth=1, name='blk3', opacity=1.0, ori=array(0.), pos=array([0., 0.]), size=array([1., 1.]), units='height', vertices=ndarray(...), win=Window(...))
3.8455 	EXP 	Created blk4 = Rect(__class__=<class 'psychopy.visual.rect.Rect'>, autoDraw=False, autoLog=True, closeShape=True, color=method-wrapper(...), colorSpace=None, contrast=1.0, depth=-3.0, fillColor=array([1., 1., 1.]), fillColorSpace='rgb', fillRGB=array([1., 1., 1.]), interpolate=True, lineColor=array([1., 1., 1.]), lineColorSpace='rgb', lineRGB=array([1., 1., 1.]), lineWidth=1, name='blk4', opacity=1.0, ori=array(0.), pos=array([0., 0.]), size=array([1., 1.]), units='height', vertices=ndarray(...), win=Window(...))
3.8464 	EXP 	Created blk5 = Rect(__class__=<class 'psychopy.visual.rect.Rect'>, autoDraw=False, autoLog=True, closeShape=True, color=method-wrapper(...), colorSpace=None, contrast=1.0, depth=-4.0, fillColor=array([1., 1., 1.]), fillColorSpace='rgb', fillRGB=array([1., 1., 1.]), interpolate=True, lineColor=array([1., 1., 1.]), lineColorSpace='rgb', lineRGB=array([1., 1., 1.]), lineWidth=1, name='blk5', opacity=1.0, ori=array(0.), pos=array([0., 0.]), size=array([1., 1.]), units='height', vertices=ndarray(...), win=Window(...))
3.8787 	EXP 	Created thanksText = TextStim(__class__=<class 'psychopy.visual.text.TextStim'>, alignHoriz='center', alignVert='center', antialias=True, autoLog=True, bold=False, color='white', colorSpace='named', contrast=1.0, depth=0.0, flipHoriz=False, flipVert=False, font='Arial', fontFiles=[], height=0.07, italic=False, languageStyle='LTR', name='thanksText', opacity=1.0, ori=0, pos=array([0., 0.]), rgb=array([255., 255., 255.]), text='Great! Thanks for your help!\n\nAll done!', units='height', win=Window(...), wrapWidth=1)
3.8853 	EXP 	instrText: autoDraw = True
4.4261 	DATA 	Keypress: return
4.4482 	EXP 	Imported conditions.xlsx as conditions, 1 conditions, 2 params
4.4484 	EXP 	Created sequence: random, trialTypes=1, nReps=5, seed=None
4.4487 	EXP 	New trial (rep=0, index=0): OrderedDict([('sequence', ['blk1', 'blk2', 'blk3', 'blk4', 'blk5']), ('blockDuration', 0.5)])
4.4534 	EXP 	instrText: autoDraw = False
4.4534 	EXP 	blank: autoDraw = True
4.9432 	EXP 	blank: autoDraw = False
4.9432 	EXP 	blk1: pos = array([-0.3401465 , -0.28023532])
4.9432 	EXP 	blk1: fillColor = 'white'
4.9432 	EXP 	blk1: lineColor = 'white'
4.9432 	EXP 	blk1: color = 'white'
4.9432 	EXP 	blk2: pos = array([-0.19053903, -0.09829352])
4.9432 	EXP 	blk2: fillColor = 'white'
4.9432 	EXP 	blk2: lineColor = 'white'
4.9432 	EXP 	blk2: color = 'white'
4.9432 	EXP 	blk3: pos = array([-0.08034543, -0.07552696])
4.9432 	EXP 	blk3: fillColor = 'white'
4.9432 	EXP 	blk3: lineColor = 'white'
4.9432 	EXP 	blk3: color = 'white'
4.9432 	EXP 	blk4: pos = array([0.28827664, 0.27172286])
4.9432 	EXP 	blk4: fillColor = 'white'
4.9432 	EXP 	blk4: lineColor = 'white'
4.9432 	EXP 	blk4: color = 'white'
4.9432 	EXP 	blk5: pos = array([0.31169733, 0.01987439])
4.9432 	EXP 	blk5: fillColor = 'white'
4.9432 	EXP 	blk5: lineColor = 'white'
4.9432 	EXP 	blk5: color = 'white'
4.9432 	EXP 	blk1: autoDraw = True
4.9432 	EXP 	blk2: autoDraw = True
4.9432 	EXP 	blk3: autoDraw = True
4.9432 	EXP 	blk4: autoDraw = True
4.9432 	EXP 	blk5: autoDraw = True
5.4601 	EXP 	blk1: fillColor = 'red'
5.4601 	EXP 	blk1: lineColor = 'red'
5.4601 	EXP 	blk1: color = 'red'
5.9439 	EXP 	blk1: fillColor = 'white'
5.9439 	EXP 	blk1: lineColor = 'white'
5.9439 	EXP 	blk1: color = 'white'
5.9439 	EXP 	blk2: fillColor = 'red'
5.9439 	EXP 	blk2: lineColor = 'red'
5.9439 	EXP 	blk2: color = 'red'
6.4445 	EXP 	blk2: fillColor = 'white'
6.4445 	EXP 	blk2: lineColor = 'white'
6.4445 	EXP 	blk2: color = 'white'
6.4445 	EXP 	blk3: fillColor = 'red'
6.4445 	EXP 	blk3: lineColor = 'red'
6.4445 	EXP 	blk3: color = 'red'
6.9449 	EXP 	blk3: fillColor = 'white'
6.9449 	EXP 	blk3: lineColor = 'white'
6.9449 	EXP 	blk3: color = 'white'
6.9449 	EXP 	blk4: fillColor = 'red'
6.9449 	EXP 	blk4: lineColor = 'red'
6.9449 	EXP 	blk4: color = 'red'
7.4456 	EXP 	blk4: fillColor = 'white'
7.4456 	EXP 	blk4: lineColor = 'white'
7.4456 	EXP 	blk4: color = 'white'
7.4456 	EXP 	blk5: fillColor = 'red'
7.4456 	EXP 	blk5: lineColor = 'red'
7.4456 	EXP 	blk5: color = 'red'
7.9459 	EXP 	blk5: fillColor = 'white'
7.9459 	EXP 	blk5: lineColor = 'white'
7.9459 	EXP 	blk5: color = 'white'
8.4468 	DATA 	Mouse: Left button down, pos=(596,235)
8.4504 	EXP 	New trial (rep=1, index=0): OrderedDict([('sequence', ['blk1', 'blk2', 'blk3', 'blk4', 'blk5']), ('blockDuration', 0.5)])
8.4631 	EXP 	blk1: fillColor = 'darkgrey'
8.4631 	EXP 	blk1: lineColor = 'darkgrey'
8.4631 	EXP 	blk1: color = 'darkgrey'
8.4631 	EXP 	blk1: autoDraw = False
8.4631 	EXP 	blk2: autoDraw = False
8.4631 	EXP 	blk3: autoDraw = False
8.4631 	EXP 	blk4: autoDraw = False
8.4631 	EXP 	blk5: autoDraw = False
8.4631 	EXP 	blank: autoDraw = True
8.5971 	DATA 	Mouse:  Left button up, pos=(596,235)
8.9636 	EXP 	blank: autoDraw = False
8.9636 	EXP 	blank: autoDraw = False
8.9636 	EXP 	blk1: pos = array([-0.21807326,  0.02070771])
8.9636 	EXP 	blk1: fillColor = 'white'
8.9636 	EXP 	blk1: lineColor = 'white'
8.9636 	EXP 	blk1: color = 'white'
8.9636 	EXP 	blk2: pos = array([-0.33112607,  0.29918177])
8.9636 	EXP 	blk2: fillColor = 'white'
8.9636 	EXP 	blk2: lineColor = 'white'
8.9636 	EXP 	blk2: color = 'white'
8.9636 	EXP 	blk3: pos = array([ 0.05567216, -0.30902909])
8.9636 	EXP 	blk3: fillColor = 'white'
8.9636 	EXP 	blk3: lineColor = 'white'
8.9636 	EXP 	blk3: color = 'white'
8.9636 	EXP 	blk4: pos = array([0.23281695, 0.09448724])
8.9636 	EXP 	blk4: fillColor = 'white'
8.9636 	EXP 	blk4: lineColor = 'white'
8.9636 	EXP 	blk4: color = 'white'
8.9636 	EXP 	blk5: pos = array([-0.0612188 , -0.08753474])
8.9636 	EXP 	blk5: fillColor = 'white'
8.9636 	EXP 	blk5: lineColor = 'white'
8.9636 	EXP 	blk5: color = 'white'
8.9636 	EXP 	blk1: autoDraw = True
8.9636 	EXP 	blk2: autoDraw = True
8.9636 	EXP 	blk3: autoDraw = True
8.9636 	EXP 	blk4: autoDraw = True
8.9636 	EXP 	blk5: autoDraw = True
9.4643 	EXP 	blk1: fillColor = 'red'
9.4643 	EXP 	blk1: lineColor = 'red'
9.4643 	EXP 	blk1: color = 'red'
9.9646 	EXP 	blk1: fillColor = 'white'
9.9646 	EXP 	blk1: lineColor = 'white'
9.9646 	EXP 	blk1: color = 'white'
9.9646 	EXP 	blk2: fillColor = 'red'
9.9646 	EXP 	blk2: lineColor = 'red'
9.9646 	EXP 	blk2: color = 'red'
10.4155 	DATA 	Keypress: escape
10.4579 	EXP 	window1: mouseVisible = True
